[0.281s] Invoking command in '/home/mihir/abb_bot_ws/build/bot_remote': AMENT_PREFIX_PATH=/home/mihir/abb_bot_ws/install/bot_msgs:${AMENT_PREFIX_PATH} CMAKE_PREFIX_PATH=/home/mihir/abb_bot_ws/install/bot_msgs:/opt/ros/humble LD_LIBRARY_PATH=/home/mihir/abb_bot_ws/install/bot_msgs/lib:${LD_LIBRARY_PATH} PYTHONPATH=/home/mihir/abb_bot_ws/install/bot_msgs/local/lib/python3.10/dist-packages:${PYTHONPATH} /usr/bin/cmake --build /home/mihir/abb_bot_ws/build/bot_remote -- -j8 -l8
[0.332s] -- Found ament_cmake: 1.3.6 (/opt/ros/humble/share/ament_cmake/cmake)
[0.608s] -- Found rclcpp: 16.0.7 (/opt/ros/humble/share/rclcpp/cmake)
[0.668s] -- Found rosidl_generator_c: 3.1.5 (/opt/ros/humble/share/rosidl_generator_c/cmake)
[0.673s] -- Found rosidl_adapter: 3.1.5 (/opt/ros/humble/share/rosidl_adapter/cmake)
[0.686s] -- Found rosidl_generator_cpp: 3.1.5 (/opt/ros/humble/share/rosidl_generator_cpp/cmake)
[0.710s] -- Using all available rosidl_typesupport_c: rosidl_typesupport_fastrtps_c;rosidl_typesupport_introspection_c
[0.745s] -- Using all available rosidl_typesupport_cpp: rosidl_typesupport_fastrtps_cpp;rosidl_typesupport_introspection_cpp
[0.873s] -- Found rmw_implementation_cmake: 6.1.1 (/opt/ros/humble/share/rmw_implementation_cmake/cmake)
[0.875s] -- Found rmw_fastrtps_cpp: 6.2.5 (/opt/ros/humble/share/rmw_fastrtps_cpp/cmake)
[1.038s] -- Using RMW implementation 'rmw_fastrtps_cpp' as default
[1.251s] -- Found rclcpp_action: 16.0.7 (/opt/ros/humble/share/rclcpp_action/cmake)
[1.368s] -- Found rclcpp_components: 16.0.7 (/opt/ros/humble/share/rclcpp_components/cmake)
[1.447s] -- Found bot_msgs: 0.0.0 (/home/mihir/abb_bot_ws/install/bot_msgs/share/bot_msgs/cmake)
[1.513s] -- Found moveit_ros_planning_interface: 2.5.5 (/opt/ros/humble/share/moveit_ros_planning_interface/cmake)
[1.530s] -- Found Boost: /usr/lib/x86_64-linux-gnu/cmake/Boost-1.74.0/BoostConfig.cmake (found version "1.74.0") found components: date_time filesystem program_options system thread 
[2.515s] -- Found Boost: /usr/lib/x86_64-linux-gnu/cmake/Boost-1.74.0/BoostConfig.cmake (found version "1.74.0") found components: chrono date_time filesystem iostreams program_options regex serialization system thread 
[2.527s] -- Found parameter_traits: 0.3.6 (/opt/ros/humble/share/parameter_traits/cmake)
[2.562s] -- Found rclcpp_lifecycle: 16.0.7 (/opt/ros/humble/share/rclcpp_lifecycle/cmake)
[2.623s] -- Found Boost: /usr/lib/x86_64-linux-gnu/cmake/Boost-1.74.0/BoostConfig.cmake (found version "1.74.0") found components: filesystem 
[2.673s] -- library: /usr/lib/x86_64-linux-gnu/libcurl.so
[2.878s] -- Ensuring Eigen3 include directory is part of orocos-kdl CMake target
[3.332s] -- Found Boost: /usr/lib/x86_64-linux-gnu/cmake/Boost-1.74.0/BoostConfig.cmake (found version "1.74.0") found components: system filesystem date_time program_options thread chrono 
[3.923s] -- Found Boost: /usr/lib/x86_64-linux-gnu/cmake/Boost-1.74.0/BoostConfig.cmake (found version "1.74.0") found components: thread system filesystem regex date_time program_options 
[4.192s] -- Found Boost: /usr/lib/x86_64-linux-gnu/cmake/Boost-1.74.0/BoostConfig.cmake (found version "1.74.0") found components: system filesystem date_time program_options thread 
[4.664s] -- Found ament_lint_auto: 0.12.9 (/opt/ros/humble/share/ament_lint_auto/cmake)
[4.750s] -- Added test 'cppcheck' to perform static code analysis on C / C++ code
[4.750s] -- Configured cppcheck include dirs: $<BUILD_INTERFACE:/home/mihir/abb_bot_ws/src/bot_remote/include>
[4.751s] -- Configured cppcheck exclude dirs and/or files: 
[4.751s] -- Added test 'lint_cmake' to check CMake code style
[4.752s] -- Added test 'uncrustify' to check C / C++ code style
[4.752s] -- Configured uncrustify additional arguments: 
[4.752s] -- Added test 'xmllint' to check XML markup files
[4.753s] -- Configuring done
[4.817s] -- Generating done
[4.819s] -- Build files have been written to: /home/mihir/abb_bot_ws/build/bot_remote
[4.847s] [35m[1mConsolidate compiler generated dependencies of target task_server_node[0m
[4.848s] [35m[1mConsolidate compiler generated dependencies of target task_server[0m
[4.869s] [ 50%] Built target task_server_node
[4.874s] [ 75%] [32mBuilding CXX object CMakeFiles/task_server.dir/src/task_server.cpp.o[0m
[4.893s] [100%] [32m[1mLinking CXX shared library libtask_server.so[0m
[5.126s] [100%] Built target task_server
[5.139s] Invoked command in '/home/mihir/abb_bot_ws/build/bot_remote' returned '0': AMENT_PREFIX_PATH=/home/mihir/abb_bot_ws/install/bot_msgs:${AMENT_PREFIX_PATH} CMAKE_PREFIX_PATH=/home/mihir/abb_bot_ws/install/bot_msgs:/opt/ros/humble LD_LIBRARY_PATH=/home/mihir/abb_bot_ws/install/bot_msgs/lib:${LD_LIBRARY_PATH} PYTHONPATH=/home/mihir/abb_bot_ws/install/bot_msgs/local/lib/python3.10/dist-packages:${PYTHONPATH} /usr/bin/cmake --build /home/mihir/abb_bot_ws/build/bot_remote -- -j8 -l8
[5.165s] Invoking command in '/home/mihir/abb_bot_ws/build/bot_remote': AMENT_PREFIX_PATH=/home/mihir/abb_bot_ws/install/bot_msgs:${AMENT_PREFIX_PATH} CMAKE_PREFIX_PATH=/home/mihir/abb_bot_ws/install/bot_msgs:/opt/ros/humble LD_LIBRARY_PATH=/home/mihir/abb_bot_ws/install/bot_msgs/lib:${LD_LIBRARY_PATH} PYTHONPATH=/home/mihir/abb_bot_ws/install/bot_msgs/local/lib/python3.10/dist-packages:${PYTHONPATH} /usr/bin/cmake --install /home/mihir/abb_bot_ws/build/bot_remote
[5.173s] -- Install configuration: ""
[5.174s] -- Up-to-date: /home/mihir/abb_bot_ws/install/bot_remote/lib/bot_remote/task_server_node
[5.174s] -- Installing: /home/mihir/abb_bot_ws/install/bot_remote/lib/libtask_server.so
[5.174s] -- Set runtime path of "/home/mihir/abb_bot_ws/install/bot_remote/lib/libtask_server.so" to ""
[5.174s] -- Installing: /home/mihir/abb_bot_ws/install/bot_remote/share/ament_index/resource_index/package_run_dependencies/bot_remote
[5.175s] -- Installing: /home/mihir/abb_bot_ws/install/bot_remote/share/ament_index/resource_index/parent_prefix_path/bot_remote
[5.175s] -- Up-to-date: /home/mihir/abb_bot_ws/install/bot_remote/share/bot_remote/environment/ament_prefix_path.sh
[5.175s] -- Installing: /home/mihir/abb_bot_ws/install/bot_remote/share/bot_remote/environment/ament_prefix_path.dsv
[5.175s] -- Up-to-date: /home/mihir/abb_bot_ws/install/bot_remote/share/bot_remote/environment/path.sh
[5.175s] -- Installing: /home/mihir/abb_bot_ws/install/bot_remote/share/bot_remote/environment/path.dsv
[5.176s] -- Up-to-date: /home/mihir/abb_bot_ws/install/bot_remote/share/bot_remote/local_setup.bash
[5.176s] -- Up-to-date: /home/mihir/abb_bot_ws/install/bot_remote/share/bot_remote/local_setup.sh
[5.176s] -- Up-to-date: /home/mihir/abb_bot_ws/install/bot_remote/share/bot_remote/local_setup.zsh
[5.176s] -- Installing: /home/mihir/abb_bot_ws/install/bot_remote/share/bot_remote/local_setup.dsv
[5.176s] -- Installing: /home/mihir/abb_bot_ws/install/bot_remote/share/bot_remote/package.dsv
[5.176s] -- Up-to-date: /home/mihir/abb_bot_ws/install/bot_remote/share/ament_index/resource_index/packages/bot_remote
[5.176s] -- Up-to-date: /home/mihir/abb_bot_ws/install/bot_remote/share/ament_index/resource_index/rclcpp_components/bot_remote
[5.176s] -- Up-to-date: /home/mihir/abb_bot_ws/install/bot_remote/share/bot_remote/cmake/bot_remoteConfig.cmake
[5.177s] -- Up-to-date: /home/mihir/abb_bot_ws/install/bot_remote/share/bot_remote/cmake/bot_remoteConfig-version.cmake
[5.177s] -- Installing: /home/mihir/abb_bot_ws/install/bot_remote/share/bot_remote/package.xml
[5.178s] Invoked command in '/home/mihir/abb_bot_ws/build/bot_remote' returned '0': AMENT_PREFIX_PATH=/home/mihir/abb_bot_ws/install/bot_msgs:${AMENT_PREFIX_PATH} CMAKE_PREFIX_PATH=/home/mihir/abb_bot_ws/install/bot_msgs:/opt/ros/humble LD_LIBRARY_PATH=/home/mihir/abb_bot_ws/install/bot_msgs/lib:${LD_LIBRARY_PATH} PYTHONPATH=/home/mihir/abb_bot_ws/install/bot_msgs/local/lib/python3.10/dist-packages:${PYTHONPATH} /usr/bin/cmake --install /home/mihir/abb_bot_ws/build/bot_remote
