[0.071s] Invoking command in '/home/mihir/abb_bot_ws/build/bot_remote': CMAKE_PREFIX_PATH=/opt/ros/humble /usr/bin/cmake --build /home/mihir/abb_bot_ws/build/bot_remote -- -j8 -l8
[0.127s] Invoked command in '/home/mihir/abb_bot_ws/build/bot_remote' returned '0': CMAKE_PREFIX_PATH=/opt/ros/humble /usr/bin/cmake --build /home/mihir/abb_bot_ws/build/bot_remote -- -j8 -l8
[0.159s] Invoking command in '/home/mihir/abb_bot_ws/build/bot_remote': CMAKE_PREFIX_PATH=/opt/ros/humble /usr/bin/cmake --install /home/mihir/abb_bot_ws/build/bot_remote
[0.169s] -- Install configuration: ""
[0.169s] -- Up-to-date: /home/mihir/abb_bot_ws/install/bot_remote/share/ament_index/resource_index/package_run_dependencies/bot_remote
[0.169s] -- Up-to-date: /home/mihir/abb_bot_ws/install/bot_remote/share/ament_index/resource_index/parent_prefix_path/bot_remote
[0.169s] -- Up-to-date: /home/mihir/abb_bot_ws/install/bot_remote/share/bot_remote/environment/ament_prefix_path.sh
[0.169s] -- Up-to-date: /home/mihir/abb_bot_ws/install/bot_remote/share/bot_remote/environment/ament_prefix_path.dsv
[0.169s] -- Up-to-date: /home/mihir/abb_bot_ws/install/bot_remote/share/bot_remote/environment/path.sh
[0.169s] -- Up-to-date: /home/mihir/abb_bot_ws/install/bot_remote/share/bot_remote/environment/path.dsv
[0.170s] -- Up-to-date: /home/mihir/abb_bot_ws/install/bot_remote/share/bot_remote/local_setup.bash
[0.170s] -- Up-to-date: /home/mihir/abb_bot_ws/install/bot_remote/share/bot_remote/local_setup.sh
[0.171s] -- Up-to-date: /home/mihir/abb_bot_ws/install/bot_remote/share/bot_remote/local_setup.zsh
[0.177s] -- Up-to-date: /home/mihir/abb_bot_ws/install/bot_remote/share/bot_remote/local_setup.dsv
[0.177s] -- Up-to-date: /home/mihir/abb_bot_ws/install/bot_remote/share/bot_remote/package.dsv
[0.177s] -- Up-to-date: /home/mihir/abb_bot_ws/install/bot_remote/share/ament_index/resource_index/packages/bot_remote
[0.178s] -- Up-to-date: /home/mihir/abb_bot_ws/install/bot_remote/share/bot_remote/cmake/bot_remoteConfig.cmake
[0.178s] -- Up-to-date: /home/mihir/abb_bot_ws/install/bot_remote/share/bot_remote/cmake/bot_remoteConfig-version.cmake
[0.178s] -- Up-to-date: /home/mihir/abb_bot_ws/install/bot_remote/share/bot_remote/package.xml
[0.182s] Invoked command in '/home/mihir/abb_bot_ws/build/bot_remote' returned '0': CMAKE_PREFIX_PATH=/opt/ros/humble /usr/bin/cmake --install /home/mihir/abb_bot_ws/build/bot_remote
