[0.119s] Invoking command in '/home/mihir/abb_bot_ws/build/bot_msgs': CMAKE_PREFIX_PATH=/opt/ros/humble /usr/bin/cmake --build /home/mihir/abb_bot_ws/build/bot_msgs -- -j8 -l8
[0.201s] [  3%] Built target bot_msgs__cpp
[0.221s] [ 12%] Built target bot_msgs__rosidl_generator_c
[0.222s] [ 12%] Built target ament_cmake_python_copy_bot_msgs
[0.266s] [ 22%] Built target bot_msgs__rosidl_typesupport_cpp
[0.267s] [ 32%] Built target bot_msgs__rosidl_typesupport_fastrtps_cpp
[0.267s] [ 41%] Built target bot_msgs__rosidl_typesupport_introspection_cpp
[0.269s] [ 51%] Built target bot_msgs__rosidl_typesupport_fastrtps_c
[0.271s] [ 61%] Built target bot_msgs__rosidl_typesupport_c
[0.277s] [ 70%] Built target bot_msgs__rosidl_typesupport_introspection_c
[0.299s] [ 70%] Built target bot_msgs
[0.324s] [ 74%] Built target bot_msgs__py
[0.348s] [ 80%] Built target bot_msgs__rosidl_generator_py
[0.379s] [ 87%] Built target bot_msgs__rosidl_typesupport_c__pyext
[0.383s] [ 93%] Built target bot_msgs__rosidl_typesupport_fastrtps_c__pyext
[0.383s] [100%] Built target bot_msgs__rosidl_typesupport_introspection_c__pyext
[0.687s] running egg_info
[0.688s] writing bot_msgs.egg-info/PKG-INFO
[0.689s] writing dependency_links to bot_msgs.egg-info/dependency_links.txt
[0.689s] writing top-level names to bot_msgs.egg-info/top_level.txt
[0.692s] reading manifest file 'bot_msgs.egg-info/SOURCES.txt'
[0.693s] writing manifest file 'bot_msgs.egg-info/SOURCES.txt'
[0.736s] [100%] Built target ament_cmake_python_build_bot_msgs_egg
[0.971s] Invoked command in '/home/mihir/abb_bot_ws/build/bot_msgs' returned '0': CMAKE_PREFIX_PATH=/opt/ros/humble /usr/bin/cmake --build /home/mihir/abb_bot_ws/build/bot_msgs -- -j8 -l8
[1.031s] Invoking command in '/home/mihir/abb_bot_ws/build/bot_msgs': CMAKE_PREFIX_PATH=/opt/ros/humble /usr/bin/cmake --install /home/mihir/abb_bot_ws/build/bot_msgs
[1.040s] -- Install configuration: ""
[1.041s] -- Up-to-date: /home/mihir/abb_bot_ws/install/bot_msgs/share/ament_index/resource_index/rosidl_interfaces/bot_msgs
[1.041s] -- Up-to-date: /home/mihir/abb_bot_ws/install/bot_msgs/include/bot_msgs/bot_msgs
[1.041s] -- Up-to-date: /home/mihir/abb_bot_ws/install/bot_msgs/include/bot_msgs/bot_msgs/msg
[1.041s] -- Up-to-date: /home/mihir/abb_bot_ws/install/bot_msgs/include/bot_msgs/bot_msgs/msg/rosidl_generator_c__visibility_control.h
[1.041s] -- Up-to-date: /home/mihir/abb_bot_ws/install/bot_msgs/include/bot_msgs/bot_msgs/action
[1.041s] -- Up-to-date: /home/mihir/abb_bot_ws/install/bot_msgs/include/bot_msgs/bot_msgs/action/bot_task.h
[1.042s] -- Up-to-date: /home/mihir/abb_bot_ws/install/bot_msgs/include/bot_msgs/bot_msgs/action/detail
[1.042s] -- Up-to-date: /home/mihir/abb_bot_ws/install/bot_msgs/include/bot_msgs/bot_msgs/action/detail/bot_task__type_support.h
[1.042s] -- Up-to-date: /home/mihir/abb_bot_ws/install/bot_msgs/include/bot_msgs/bot_msgs/action/detail/bot_task__functions.h
[1.042s] -- Up-to-date: /home/mihir/abb_bot_ws/install/bot_msgs/include/bot_msgs/bot_msgs/action/detail/bot_task__functions.c
[1.042s] -- Up-to-date: /home/mihir/abb_bot_ws/install/bot_msgs/include/bot_msgs/bot_msgs/action/detail/bot_task__struct.h
[1.042s] -- Up-to-date: /home/mihir/abb_bot_ws/install/bot_msgs/share/bot_msgs/environment/library_path.sh
[1.043s] -- Up-to-date: /home/mihir/abb_bot_ws/install/bot_msgs/share/bot_msgs/environment/library_path.dsv
[1.043s] -- Up-to-date: /home/mihir/abb_bot_ws/install/bot_msgs/lib/libbot_msgs__rosidl_generator_c.so
[1.043s] -- Up-to-date: /home/mihir/abb_bot_ws/install/bot_msgs/include/bot_msgs/bot_msgs
[1.043s] -- Up-to-date: /home/mihir/abb_bot_ws/install/bot_msgs/include/bot_msgs/bot_msgs/msg
[1.043s] -- Up-to-date: /home/mihir/abb_bot_ws/install/bot_msgs/include/bot_msgs/bot_msgs/msg/rosidl_typesupport_fastrtps_c__visibility_control.h
[1.043s] -- Up-to-date: /home/mihir/abb_bot_ws/install/bot_msgs/include/bot_msgs/bot_msgs/action
[1.043s] -- Up-to-date: /home/mihir/abb_bot_ws/install/bot_msgs/include/bot_msgs/bot_msgs/action/detail
[1.044s] -- Up-to-date: /home/mihir/abb_bot_ws/install/bot_msgs/include/bot_msgs/bot_msgs/action/detail/bot_task__rosidl_typesupport_fastrtps_c.h
[1.044s] -- Up-to-date: /home/mihir/abb_bot_ws/install/bot_msgs/lib/libbot_msgs__rosidl_typesupport_fastrtps_c.so
[1.044s] -- Up-to-date: /home/mihir/abb_bot_ws/install/bot_msgs/include/bot_msgs/bot_msgs
[1.044s] -- Up-to-date: /home/mihir/abb_bot_ws/install/bot_msgs/include/bot_msgs/bot_msgs/action
[1.044s] -- Up-to-date: /home/mihir/abb_bot_ws/install/bot_msgs/include/bot_msgs/bot_msgs/action/bot_task.hpp
[1.044s] -- Up-to-date: /home/mihir/abb_bot_ws/install/bot_msgs/include/bot_msgs/bot_msgs/action/detail
[1.045s] -- Up-to-date: /home/mihir/abb_bot_ws/install/bot_msgs/include/bot_msgs/bot_msgs/action/detail/bot_task__struct.hpp
[1.045s] -- Up-to-date: /home/mihir/abb_bot_ws/install/bot_msgs/include/bot_msgs/bot_msgs/action/detail/bot_task__traits.hpp
[1.045s] -- Up-to-date: /home/mihir/abb_bot_ws/install/bot_msgs/include/bot_msgs/bot_msgs/action/detail/bot_task__builder.hpp
[1.045s] -- Up-to-date: /home/mihir/abb_bot_ws/install/bot_msgs/include/bot_msgs/bot_msgs
[1.045s] -- Up-to-date: /home/mihir/abb_bot_ws/install/bot_msgs/include/bot_msgs/bot_msgs/msg
[1.046s] -- Up-to-date: /home/mihir/abb_bot_ws/install/bot_msgs/include/bot_msgs/bot_msgs/msg/rosidl_typesupport_fastrtps_cpp__visibility_control.h
[1.046s] -- Up-to-date: /home/mihir/abb_bot_ws/install/bot_msgs/include/bot_msgs/bot_msgs/action
[1.046s] -- Up-to-date: /home/mihir/abb_bot_ws/install/bot_msgs/include/bot_msgs/bot_msgs/action/detail
[1.046s] -- Up-to-date: /home/mihir/abb_bot_ws/install/bot_msgs/include/bot_msgs/bot_msgs/action/detail/dds_fastrtps
[1.046s] -- Up-to-date: /home/mihir/abb_bot_ws/install/bot_msgs/include/bot_msgs/bot_msgs/action/detail/bot_task__rosidl_typesupport_fastrtps_cpp.hpp
[1.046s] -- Up-to-date: /home/mihir/abb_bot_ws/install/bot_msgs/lib/libbot_msgs__rosidl_typesupport_fastrtps_cpp.so
[1.046s] -- Up-to-date: /home/mihir/abb_bot_ws/install/bot_msgs/include/bot_msgs/bot_msgs
[1.046s] -- Up-to-date: /home/mihir/abb_bot_ws/install/bot_msgs/include/bot_msgs/bot_msgs/msg
[1.047s] -- Up-to-date: /home/mihir/abb_bot_ws/install/bot_msgs/include/bot_msgs/bot_msgs/msg/rosidl_typesupport_introspection_c__visibility_control.h
[1.047s] -- Up-to-date: /home/mihir/abb_bot_ws/install/bot_msgs/include/bot_msgs/bot_msgs/action
[1.047s] -- Up-to-date: /home/mihir/abb_bot_ws/install/bot_msgs/include/bot_msgs/bot_msgs/action/detail
[1.047s] -- Up-to-date: /home/mihir/abb_bot_ws/install/bot_msgs/include/bot_msgs/bot_msgs/action/detail/bot_task__type_support.c
[1.047s] -- Up-to-date: /home/mihir/abb_bot_ws/install/bot_msgs/include/bot_msgs/bot_msgs/action/detail/bot_task__rosidl_typesupport_introspection_c.h
[1.047s] -- Up-to-date: /home/mihir/abb_bot_ws/install/bot_msgs/lib/libbot_msgs__rosidl_typesupport_introspection_c.so
[1.047s] -- Up-to-date: /home/mihir/abb_bot_ws/install/bot_msgs/lib/libbot_msgs__rosidl_typesupport_c.so
[1.047s] -- Up-to-date: /home/mihir/abb_bot_ws/install/bot_msgs/include/bot_msgs/bot_msgs
[1.048s] -- Up-to-date: /home/mihir/abb_bot_ws/install/bot_msgs/include/bot_msgs/bot_msgs/action
[1.048s] -- Up-to-date: /home/mihir/abb_bot_ws/install/bot_msgs/include/bot_msgs/bot_msgs/action/detail
[1.048s] -- Up-to-date: /home/mihir/abb_bot_ws/install/bot_msgs/include/bot_msgs/bot_msgs/action/detail/bot_task__type_support.cpp
[1.048s] -- Up-to-date: /home/mihir/abb_bot_ws/install/bot_msgs/include/bot_msgs/bot_msgs/action/detail/bot_task__rosidl_typesupport_introspection_cpp.hpp
[1.048s] -- Up-to-date: /home/mihir/abb_bot_ws/install/bot_msgs/lib/libbot_msgs__rosidl_typesupport_introspection_cpp.so
[1.048s] -- Up-to-date: /home/mihir/abb_bot_ws/install/bot_msgs/lib/libbot_msgs__rosidl_typesupport_cpp.so
[1.048s] -- Up-to-date: /home/mihir/abb_bot_ws/install/bot_msgs/share/bot_msgs/environment/pythonpath.sh
[1.048s] -- Up-to-date: /home/mihir/abb_bot_ws/install/bot_msgs/share/bot_msgs/environment/pythonpath.dsv
[1.049s] -- Up-to-date: /home/mihir/abb_bot_ws/install/bot_msgs/local/lib/python3.10/dist-packages/bot_msgs-0.0.0-py3.10.egg-info
[1.049s] -- Installing: /home/mihir/abb_bot_ws/install/bot_msgs/local/lib/python3.10/dist-packages/bot_msgs-0.0.0-py3.10.egg-info/SOURCES.txt
[1.049s] -- Installing: /home/mihir/abb_bot_ws/install/bot_msgs/local/lib/python3.10/dist-packages/bot_msgs-0.0.0-py3.10.egg-info/PKG-INFO
[1.049s] -- Installing: /home/mihir/abb_bot_ws/install/bot_msgs/local/lib/python3.10/dist-packages/bot_msgs-0.0.0-py3.10.egg-info/top_level.txt
[1.049s] -- Installing: /home/mihir/abb_bot_ws/install/bot_msgs/local/lib/python3.10/dist-packages/bot_msgs-0.0.0-py3.10.egg-info/dependency_links.txt
[1.049s] -- Up-to-date: /home/mihir/abb_bot_ws/install/bot_msgs/local/lib/python3.10/dist-packages/bot_msgs
[1.049s] -- Up-to-date: /home/mihir/abb_bot_ws/install/bot_msgs/local/lib/python3.10/dist-packages/bot_msgs/_bot_msgs_s.ep.rosidl_typesupport_c.c
[1.049s] -- Up-to-date: /home/mihir/abb_bot_ws/install/bot_msgs/local/lib/python3.10/dist-packages/bot_msgs/bot_msgs_s__rosidl_typesupport_introspection_c.cpython-310-x86_64-linux-gnu.so
[1.050s] -- Up-to-date: /home/mihir/abb_bot_ws/install/bot_msgs/local/lib/python3.10/dist-packages/bot_msgs/bot_msgs_s__rosidl_typesupport_c.cpython-310-x86_64-linux-gnu.so
[1.050s] -- Up-to-date: /home/mihir/abb_bot_ws/install/bot_msgs/local/lib/python3.10/dist-packages/bot_msgs/action
[1.050s] -- Up-to-date: /home/mihir/abb_bot_ws/install/bot_msgs/local/lib/python3.10/dist-packages/bot_msgs/action/_bot_task.py
[1.050s] -- Up-to-date: /home/mihir/abb_bot_ws/install/bot_msgs/local/lib/python3.10/dist-packages/bot_msgs/action/_bot_task_s.c
[1.050s] -- Up-to-date: /home/mihir/abb_bot_ws/install/bot_msgs/local/lib/python3.10/dist-packages/bot_msgs/action/__init__.py
[1.050s] -- Up-to-date: /home/mihir/abb_bot_ws/install/bot_msgs/local/lib/python3.10/dist-packages/bot_msgs/_bot_msgs_s.ep.rosidl_typesupport_fastrtps_c.c
[1.050s] -- Up-to-date: /home/mihir/abb_bot_ws/install/bot_msgs/local/lib/python3.10/dist-packages/bot_msgs/libbot_msgs__rosidl_generator_py.so
[1.050s] -- Up-to-date: /home/mihir/abb_bot_ws/install/bot_msgs/local/lib/python3.10/dist-packages/bot_msgs/bot_msgs_s__rosidl_typesupport_fastrtps_c.cpython-310-x86_64-linux-gnu.so
[1.050s] -- Up-to-date: /home/mihir/abb_bot_ws/install/bot_msgs/local/lib/python3.10/dist-packages/bot_msgs/__init__.py
[1.051s] -- Up-to-date: /home/mihir/abb_bot_ws/install/bot_msgs/local/lib/python3.10/dist-packages/bot_msgs/_bot_msgs_s.ep.rosidl_typesupport_introspection_c.c
[1.090s] Listing '/home/mihir/abb_bot_ws/install/bot_msgs/local/lib/python3.10/dist-packages/bot_msgs'...
[1.090s] Listing '/home/mihir/abb_bot_ws/install/bot_msgs/local/lib/python3.10/dist-packages/bot_msgs/action'...
[1.100s] -- Up-to-date: /home/mihir/abb_bot_ws/install/bot_msgs/local/lib/python3.10/dist-packages/bot_msgs/bot_msgs_s__rosidl_typesupport_fastrtps_c.cpython-310-x86_64-linux-gnu.so
[1.100s] -- Up-to-date: /home/mihir/abb_bot_ws/install/bot_msgs/local/lib/python3.10/dist-packages/bot_msgs/bot_msgs_s__rosidl_typesupport_introspection_c.cpython-310-x86_64-linux-gnu.so
[1.100s] -- Up-to-date: /home/mihir/abb_bot_ws/install/bot_msgs/local/lib/python3.10/dist-packages/bot_msgs/bot_msgs_s__rosidl_typesupport_c.cpython-310-x86_64-linux-gnu.so
[1.101s] -- Up-to-date: /home/mihir/abb_bot_ws/install/bot_msgs/lib/libbot_msgs__rosidl_generator_py.so
[1.101s] -- Up-to-date: /home/mihir/abb_bot_ws/install/bot_msgs/share/bot_msgs/action/BotTask.idl
[1.101s] -- Up-to-date: /home/mihir/abb_bot_ws/install/bot_msgs/share/bot_msgs/action/BotTask.action
[1.101s] -- Up-to-date: /home/mihir/abb_bot_ws/install/bot_msgs/share/ament_index/resource_index/package_run_dependencies/bot_msgs
[1.102s] -- Up-to-date: /home/mihir/abb_bot_ws/install/bot_msgs/share/ament_index/resource_index/parent_prefix_path/bot_msgs
[1.102s] -- Up-to-date: /home/mihir/abb_bot_ws/install/bot_msgs/share/bot_msgs/environment/ament_prefix_path.sh
[1.102s] -- Up-to-date: /home/mihir/abb_bot_ws/install/bot_msgs/share/bot_msgs/environment/ament_prefix_path.dsv
[1.102s] -- Up-to-date: /home/mihir/abb_bot_ws/install/bot_msgs/share/bot_msgs/environment/path.sh
[1.102s] -- Up-to-date: /home/mihir/abb_bot_ws/install/bot_msgs/share/bot_msgs/environment/path.dsv
[1.102s] -- Up-to-date: /home/mihir/abb_bot_ws/install/bot_msgs/share/bot_msgs/local_setup.bash
[1.103s] -- Up-to-date: /home/mihir/abb_bot_ws/install/bot_msgs/share/bot_msgs/local_setup.sh
[1.103s] -- Up-to-date: /home/mihir/abb_bot_ws/install/bot_msgs/share/bot_msgs/local_setup.zsh
[1.103s] -- Up-to-date: /home/mihir/abb_bot_ws/install/bot_msgs/share/bot_msgs/local_setup.dsv
[1.103s] -- Up-to-date: /home/mihir/abb_bot_ws/install/bot_msgs/share/bot_msgs/package.dsv
[1.103s] -- Up-to-date: /home/mihir/abb_bot_ws/install/bot_msgs/share/ament_index/resource_index/packages/bot_msgs
[1.104s] -- Up-to-date: /home/mihir/abb_bot_ws/install/bot_msgs/share/bot_msgs/cmake/export_bot_msgs__rosidl_generator_cExport.cmake
[1.104s] -- Up-to-date: /home/mihir/abb_bot_ws/install/bot_msgs/share/bot_msgs/cmake/export_bot_msgs__rosidl_generator_cExport-noconfig.cmake
[1.104s] -- Up-to-date: /home/mihir/abb_bot_ws/install/bot_msgs/share/bot_msgs/cmake/export_bot_msgs__rosidl_typesupport_fastrtps_cExport.cmake
[1.104s] -- Up-to-date: /home/mihir/abb_bot_ws/install/bot_msgs/share/bot_msgs/cmake/export_bot_msgs__rosidl_typesupport_fastrtps_cExport-noconfig.cmake
[1.104s] -- Up-to-date: /home/mihir/abb_bot_ws/install/bot_msgs/share/bot_msgs/cmake/export_bot_msgs__rosidl_generator_cppExport.cmake
[1.105s] -- Up-to-date: /home/mihir/abb_bot_ws/install/bot_msgs/share/bot_msgs/cmake/export_bot_msgs__rosidl_typesupport_fastrtps_cppExport.cmake
[1.105s] -- Up-to-date: /home/mihir/abb_bot_ws/install/bot_msgs/share/bot_msgs/cmake/export_bot_msgs__rosidl_typesupport_fastrtps_cppExport-noconfig.cmake
[1.105s] -- Up-to-date: /home/mihir/abb_bot_ws/install/bot_msgs/share/bot_msgs/cmake/bot_msgs__rosidl_typesupport_introspection_cExport.cmake
[1.105s] -- Up-to-date: /home/mihir/abb_bot_ws/install/bot_msgs/share/bot_msgs/cmake/bot_msgs__rosidl_typesupport_introspection_cExport-noconfig.cmake
[1.105s] -- Up-to-date: /home/mihir/abb_bot_ws/install/bot_msgs/share/bot_msgs/cmake/bot_msgs__rosidl_typesupport_cExport.cmake
[1.105s] -- Up-to-date: /home/mihir/abb_bot_ws/install/bot_msgs/share/bot_msgs/cmake/bot_msgs__rosidl_typesupport_cExport-noconfig.cmake
[1.105s] -- Up-to-date: /home/mihir/abb_bot_ws/install/bot_msgs/share/bot_msgs/cmake/bot_msgs__rosidl_typesupport_introspection_cppExport.cmake
[1.106s] -- Up-to-date: /home/mihir/abb_bot_ws/install/bot_msgs/share/bot_msgs/cmake/bot_msgs__rosidl_typesupport_introspection_cppExport-noconfig.cmake
[1.106s] -- Up-to-date: /home/mihir/abb_bot_ws/install/bot_msgs/share/bot_msgs/cmake/bot_msgs__rosidl_typesupport_cppExport.cmake
[1.106s] -- Up-to-date: /home/mihir/abb_bot_ws/install/bot_msgs/share/bot_msgs/cmake/bot_msgs__rosidl_typesupport_cppExport-noconfig.cmake
[1.106s] -- Up-to-date: /home/mihir/abb_bot_ws/install/bot_msgs/share/bot_msgs/cmake/export_bot_msgs__rosidl_generator_pyExport.cmake
[1.106s] -- Up-to-date: /home/mihir/abb_bot_ws/install/bot_msgs/share/bot_msgs/cmake/export_bot_msgs__rosidl_generator_pyExport-noconfig.cmake
[1.106s] -- Up-to-date: /home/mihir/abb_bot_ws/install/bot_msgs/share/bot_msgs/cmake/rosidl_cmake-extras.cmake
[1.106s] -- Up-to-date: /home/mihir/abb_bot_ws/install/bot_msgs/share/bot_msgs/cmake/ament_cmake_export_dependencies-extras.cmake
[1.107s] -- Up-to-date: /home/mihir/abb_bot_ws/install/bot_msgs/share/bot_msgs/cmake/ament_cmake_export_include_directories-extras.cmake
[1.107s] -- Up-to-date: /home/mihir/abb_bot_ws/install/bot_msgs/share/bot_msgs/cmake/ament_cmake_export_libraries-extras.cmake
[1.107s] -- Up-to-date: /home/mihir/abb_bot_ws/install/bot_msgs/share/bot_msgs/cmake/ament_cmake_export_targets-extras.cmake
[1.107s] -- Up-to-date: /home/mihir/abb_bot_ws/install/bot_msgs/share/bot_msgs/cmake/rosidl_cmake_export_typesupport_targets-extras.cmake
[1.108s] -- Up-to-date: /home/mihir/abb_bot_ws/install/bot_msgs/share/bot_msgs/cmake/rosidl_cmake_export_typesupport_libraries-extras.cmake
[1.108s] -- Up-to-date: /home/mihir/abb_bot_ws/install/bot_msgs/share/bot_msgs/cmake/bot_msgsConfig.cmake
[1.108s] -- Up-to-date: /home/mihir/abb_bot_ws/install/bot_msgs/share/bot_msgs/cmake/bot_msgsConfig-version.cmake
[1.108s] -- Up-to-date: /home/mihir/abb_bot_ws/install/bot_msgs/share/bot_msgs/package.xml
[1.109s] Invoked command in '/home/mihir/abb_bot_ws/build/bot_msgs' returned '0': CMAKE_PREFIX_PATH=/opt/ros/humble /usr/bin/cmake --install /home/mihir/abb_bot_ws/build/bot_msgs
