[0.055s] Invoking command in '/home/mihir/abb_bot_ws/build/bot_moveit': CMAKE_PREFIX_PATH=/opt/ros/humble /usr/bin/cmake --build /home/mihir/abb_bot_ws/build/bot_moveit -- -j8 -l8
[0.078s] -- Found ament_cmake: 1.3.6 (/opt/ros/humble/share/ament_cmake/cmake)
[0.213s] -- Found ament_lint_auto: 0.12.9 (/opt/ros/humble/share/ament_lint_auto/cmake)
[0.295s] -- Added test 'lint_cmake' to check CMake code style
[0.296s] -- Added test 'xmllint' to check XML markup files
[0.298s] -- Configuring done
[0.302s] -- Generating done
[0.303s] -- Build files have been written to: /home/mihir/abb_bot_ws/build/bot_moveit
[0.388s] Invoked command in '/home/mihir/abb_bot_ws/build/bot_moveit' returned '0': CMAKE_PREFIX_PATH=/opt/ros/humble /usr/bin/cmake --build /home/mihir/abb_bot_ws/build/bot_moveit -- -j8 -l8
[0.409s] Invoking command in '/home/mihir/abb_bot_ws/build/bot_moveit': CMAKE_PREFIX_PATH=/opt/ros/humble /usr/bin/cmake --install /home/mihir/abb_bot_ws/build/bot_moveit
[0.417s] -- Install configuration: ""
[0.417s] -- Up-to-date: /home/mihir/abb_bot_ws/install/bot_moveit/share/ament_index/resource_index/package_run_dependencies/bot_moveit
[0.417s] -- Up-to-date: /home/mihir/abb_bot_ws/install/bot_moveit/share/ament_index/resource_index/parent_prefix_path/bot_moveit
[0.418s] -- Up-to-date: /home/mihir/abb_bot_ws/install/bot_moveit/share/bot_moveit/environment/ament_prefix_path.sh
[0.418s] -- Installing: /home/mihir/abb_bot_ws/install/bot_moveit/share/bot_moveit/environment/ament_prefix_path.dsv
[0.418s] -- Up-to-date: /home/mihir/abb_bot_ws/install/bot_moveit/share/bot_moveit/environment/path.sh
[0.418s] -- Installing: /home/mihir/abb_bot_ws/install/bot_moveit/share/bot_moveit/environment/path.dsv
[0.418s] -- Up-to-date: /home/mihir/abb_bot_ws/install/bot_moveit/share/bot_moveit/local_setup.bash
[0.418s] -- Up-to-date: /home/mihir/abb_bot_ws/install/bot_moveit/share/bot_moveit/local_setup.sh
[0.418s] -- Up-to-date: /home/mihir/abb_bot_ws/install/bot_moveit/share/bot_moveit/local_setup.zsh
[0.418s] -- Installing: /home/mihir/abb_bot_ws/install/bot_moveit/share/bot_moveit/local_setup.dsv
[0.418s] -- Installing: /home/mihir/abb_bot_ws/install/bot_moveit/share/bot_moveit/package.dsv
[0.418s] -- Up-to-date: /home/mihir/abb_bot_ws/install/bot_moveit/share/ament_index/resource_index/packages/bot_moveit
[0.418s] -- Up-to-date: /home/mihir/abb_bot_ws/install/bot_moveit/share/bot_moveit/cmake/bot_moveitConfig.cmake
[0.418s] -- Up-to-date: /home/mihir/abb_bot_ws/install/bot_moveit/share/bot_moveit/cmake/bot_moveitConfig-version.cmake
[0.418s] -- Installing: /home/mihir/abb_bot_ws/install/bot_moveit/share/bot_moveit/package.xml
[0.420s] Invoked command in '/home/mihir/abb_bot_ws/build/bot_moveit' returned '0': CMAKE_PREFIX_PATH=/opt/ros/humble /usr/bin/cmake --install /home/mihir/abb_bot_ws/build/bot_moveit
