[0.538s] Invoking command in '/home/mihir/abb_bot_ws/build/abb_bot_msgs': CMAKE_PREFIX_PATH=/opt/ros/humble /usr/bin/cmake --build /home/mihir/abb_bot_ws/build/abb_bot_msgs -- -j8 -l8
[0.800s] [  3%] Built target abb_bot_msgs__cpp
[0.866s] [ 12%] Built target abb_bot_msgs__rosidl_generator_c
[0.899s] [ 12%] Built target ament_cmake_python_copy_abb_bot_msgs
[0.983s] [ 22%] Built target abb_bot_msgs__rosidl_typesupport_fastrtps_cpp
[1.004s] [ 32%] Built target abb_bot_msgs__rosidl_typesupport_introspection_cpp
[1.005s] [ 41%] Built target abb_bot_msgs__rosidl_typesupport_cpp
[1.030s] [ 51%] Built target abb_bot_msgs__rosidl_typesupport_introspection_c
[1.034s] [ 61%] Built target abb_bot_msgs__rosidl_typesupport_fastrtps_c
[1.074s] [ 70%] Built target abb_bot_msgs__rosidl_typesupport_c
[1.148s] [ 70%] Built target abb_bot_msgs
[1.205s] [ 74%] Built target abb_bot_msgs__py
[1.289s] [ 80%] Built target abb_bot_msgs__rosidl_generator_py
[1.427s] [ 87%] Built target abb_bot_msgs__rosidl_typesupport_introspection_c__pyext
[1.427s] [ 93%] Built target abb_bot_msgs__rosidl_typesupport_c__pyext
[1.502s] [100%] Built target abb_bot_msgs__rosidl_typesupport_fastrtps_c__pyext
[1.897s] running egg_info
[1.900s] writing abb_bot_msgs.egg-info/PKG-INFO
[1.908s] writing dependency_links to abb_bot_msgs.egg-info/dependency_links.txt
[1.908s] writing top-level names to abb_bot_msgs.egg-info/top_level.txt
[1.915s] reading manifest file 'abb_bot_msgs.egg-info/SOURCES.txt'
[1.919s] writing manifest file 'abb_bot_msgs.egg-info/SOURCES.txt'
[2.081s] [100%] Built target ament_cmake_python_build_abb_bot_msgs_egg
[2.720s] Invoked command in '/home/mihir/abb_bot_ws/build/abb_bot_msgs' returned '0': CMAKE_PREFIX_PATH=/opt/ros/humble /usr/bin/cmake --build /home/mihir/abb_bot_ws/build/abb_bot_msgs -- -j8 -l8
[2.907s] Invoking command in '/home/mihir/abb_bot_ws/build/abb_bot_msgs': CMAKE_PREFIX_PATH=/opt/ros/humble /usr/bin/cmake --install /home/mihir/abb_bot_ws/build/abb_bot_msgs
[2.923s] -- Install configuration: ""
[2.923s] -- Up-to-date: /home/mihir/abb_bot_ws/install/abb_bot_msgs/share/ament_index/resource_index/rosidl_interfaces/abb_bot_msgs
[2.924s] -- Up-to-date: /home/mihir/abb_bot_ws/install/abb_bot_msgs/include/abb_bot_msgs/abb_bot_msgs
[2.924s] -- Up-to-date: /home/mihir/abb_bot_ws/install/abb_bot_msgs/include/abb_bot_msgs/abb_bot_msgs/msg
[2.924s] -- Up-to-date: /home/mihir/abb_bot_ws/install/abb_bot_msgs/include/abb_bot_msgs/abb_bot_msgs/msg/rosidl_generator_c__visibility_control.h
[2.924s] -- Up-to-date: /home/mihir/abb_bot_ws/install/abb_bot_msgs/include/abb_bot_msgs/abb_bot_msgs/action
[2.924s] -- Up-to-date: /home/mihir/abb_bot_ws/install/abb_bot_msgs/include/abb_bot_msgs/abb_bot_msgs/action/abb_bot_task.h
[2.924s] -- Up-to-date: /home/mihir/abb_bot_ws/install/abb_bot_msgs/include/abb_bot_msgs/abb_bot_msgs/action/detail
[2.924s] -- Up-to-date: /home/mihir/abb_bot_ws/install/abb_bot_msgs/include/abb_bot_msgs/abb_bot_msgs/action/detail/abb_bot_task__struct.h
[2.924s] -- Up-to-date: /home/mihir/abb_bot_ws/install/abb_bot_msgs/include/abb_bot_msgs/abb_bot_msgs/action/detail/abb_bot_task__functions.h
[2.925s] -- Up-to-date: /home/mihir/abb_bot_ws/install/abb_bot_msgs/include/abb_bot_msgs/abb_bot_msgs/action/detail/abb_bot_task__type_support.h
[2.925s] -- Up-to-date: /home/mihir/abb_bot_ws/install/abb_bot_msgs/include/abb_bot_msgs/abb_bot_msgs/action/detail/abb_bot_task__functions.c
[2.925s] -- Up-to-date: /home/mihir/abb_bot_ws/install/abb_bot_msgs/share/abb_bot_msgs/environment/library_path.sh
[2.925s] -- Up-to-date: /home/mihir/abb_bot_ws/install/abb_bot_msgs/share/abb_bot_msgs/environment/library_path.dsv
[2.931s] -- Up-to-date: /home/mihir/abb_bot_ws/install/abb_bot_msgs/lib/libabb_bot_msgs__rosidl_generator_c.so
[2.932s] -- Up-to-date: /home/mihir/abb_bot_ws/install/abb_bot_msgs/include/abb_bot_msgs/abb_bot_msgs
[2.933s] -- Up-to-date: /home/mihir/abb_bot_ws/install/abb_bot_msgs/include/abb_bot_msgs/abb_bot_msgs/msg
[2.934s] -- Up-to-date: /home/mihir/abb_bot_ws/install/abb_bot_msgs/include/abb_bot_msgs/abb_bot_msgs/msg/rosidl_typesupport_fastrtps_c__visibility_control.h
[2.934s] -- Up-to-date: /home/mihir/abb_bot_ws/install/abb_bot_msgs/include/abb_bot_msgs/abb_bot_msgs/action
[2.934s] -- Up-to-date: /home/mihir/abb_bot_ws/install/abb_bot_msgs/include/abb_bot_msgs/abb_bot_msgs/action/detail
[2.935s] -- Up-to-date: /home/mihir/abb_bot_ws/install/abb_bot_msgs/include/abb_bot_msgs/abb_bot_msgs/action/detail/abb_bot_task__rosidl_typesupport_fastrtps_c.h
[2.937s] -- Up-to-date: /home/mihir/abb_bot_ws/install/abb_bot_msgs/lib/libabb_bot_msgs__rosidl_typesupport_fastrtps_c.so
[2.938s] -- Up-to-date: /home/mihir/abb_bot_ws/install/abb_bot_msgs/include/abb_bot_msgs/abb_bot_msgs
[2.939s] -- Up-to-date: /home/mihir/abb_bot_ws/install/abb_bot_msgs/include/abb_bot_msgs/abb_bot_msgs/action
[2.940s] -- Up-to-date: /home/mihir/abb_bot_ws/install/abb_bot_msgs/include/abb_bot_msgs/abb_bot_msgs/action/abb_bot_task.hpp
[2.940s] -- Up-to-date: /home/mihir/abb_bot_ws/install/abb_bot_msgs/include/abb_bot_msgs/abb_bot_msgs/action/detail
[2.940s] -- Up-to-date: /home/mihir/abb_bot_ws/install/abb_bot_msgs/include/abb_bot_msgs/abb_bot_msgs/action/detail/abb_bot_task__builder.hpp
[2.940s] -- Up-to-date: /home/mihir/abb_bot_ws/install/abb_bot_msgs/include/abb_bot_msgs/abb_bot_msgs/action/detail/abb_bot_task__traits.hpp
[2.941s] -- Up-to-date: /home/mihir/abb_bot_ws/install/abb_bot_msgs/include/abb_bot_msgs/abb_bot_msgs/action/detail/abb_bot_task__struct.hpp
[2.941s] -- Up-to-date: /home/mihir/abb_bot_ws/install/abb_bot_msgs/include/abb_bot_msgs/abb_bot_msgs
[2.941s] -- Up-to-date: /home/mihir/abb_bot_ws/install/abb_bot_msgs/include/abb_bot_msgs/abb_bot_msgs/msg
[2.941s] -- Up-to-date: /home/mihir/abb_bot_ws/install/abb_bot_msgs/include/abb_bot_msgs/abb_bot_msgs/msg/rosidl_typesupport_fastrtps_cpp__visibility_control.h
[2.941s] -- Up-to-date: /home/mihir/abb_bot_ws/install/abb_bot_msgs/include/abb_bot_msgs/abb_bot_msgs/action
[2.941s] -- Up-to-date: /home/mihir/abb_bot_ws/install/abb_bot_msgs/include/abb_bot_msgs/abb_bot_msgs/action/detail
[2.942s] -- Up-to-date: /home/mihir/abb_bot_ws/install/abb_bot_msgs/include/abb_bot_msgs/abb_bot_msgs/action/detail/abb_bot_task__rosidl_typesupport_fastrtps_cpp.hpp
[2.942s] -- Up-to-date: /home/mihir/abb_bot_ws/install/abb_bot_msgs/include/abb_bot_msgs/abb_bot_msgs/action/detail/dds_fastrtps
[2.945s] -- Up-to-date: /home/mihir/abb_bot_ws/install/abb_bot_msgs/lib/libabb_bot_msgs__rosidl_typesupport_fastrtps_cpp.so
[2.945s] -- Up-to-date: /home/mihir/abb_bot_ws/install/abb_bot_msgs/include/abb_bot_msgs/abb_bot_msgs
[2.946s] -- Up-to-date: /home/mihir/abb_bot_ws/install/abb_bot_msgs/include/abb_bot_msgs/abb_bot_msgs/msg
[2.946s] -- Up-to-date: /home/mihir/abb_bot_ws/install/abb_bot_msgs/include/abb_bot_msgs/abb_bot_msgs/msg/rosidl_typesupport_introspection_c__visibility_control.h
[2.946s] -- Up-to-date: /home/mihir/abb_bot_ws/install/abb_bot_msgs/include/abb_bot_msgs/abb_bot_msgs/action
[2.946s] -- Up-to-date: /home/mihir/abb_bot_ws/install/abb_bot_msgs/include/abb_bot_msgs/abb_bot_msgs/action/detail
[2.946s] -- Up-to-date: /home/mihir/abb_bot_ws/install/abb_bot_msgs/include/abb_bot_msgs/abb_bot_msgs/action/detail/abb_bot_task__type_support.c
[2.946s] -- Up-to-date: /home/mihir/abb_bot_ws/install/abb_bot_msgs/include/abb_bot_msgs/abb_bot_msgs/action/detail/abb_bot_task__rosidl_typesupport_introspection_c.h
[2.946s] -- Up-to-date: /home/mihir/abb_bot_ws/install/abb_bot_msgs/lib/libabb_bot_msgs__rosidl_typesupport_introspection_c.so
[2.947s] -- Up-to-date: /home/mihir/abb_bot_ws/install/abb_bot_msgs/lib/libabb_bot_msgs__rosidl_typesupport_c.so
[2.948s] -- Up-to-date: /home/mihir/abb_bot_ws/install/abb_bot_msgs/include/abb_bot_msgs/abb_bot_msgs
[2.948s] -- Up-to-date: /home/mihir/abb_bot_ws/install/abb_bot_msgs/include/abb_bot_msgs/abb_bot_msgs/action
[2.948s] -- Up-to-date: /home/mihir/abb_bot_ws/install/abb_bot_msgs/include/abb_bot_msgs/abb_bot_msgs/action/detail
[2.948s] -- Up-to-date: /home/mihir/abb_bot_ws/install/abb_bot_msgs/include/abb_bot_msgs/abb_bot_msgs/action/detail/abb_bot_task__rosidl_typesupport_introspection_cpp.hpp
[2.948s] -- Up-to-date: /home/mihir/abb_bot_ws/install/abb_bot_msgs/include/abb_bot_msgs/abb_bot_msgs/action/detail/abb_bot_task__type_support.cpp
[2.950s] -- Up-to-date: /home/mihir/abb_bot_ws/install/abb_bot_msgs/lib/libabb_bot_msgs__rosidl_typesupport_introspection_cpp.so
[2.952s] -- Up-to-date: /home/mihir/abb_bot_ws/install/abb_bot_msgs/lib/libabb_bot_msgs__rosidl_typesupport_cpp.so
[2.954s] -- Up-to-date: /home/mihir/abb_bot_ws/install/abb_bot_msgs/share/abb_bot_msgs/environment/pythonpath.sh
[2.954s] -- Up-to-date: /home/mihir/abb_bot_ws/install/abb_bot_msgs/share/abb_bot_msgs/environment/pythonpath.dsv
[2.954s] -- Up-to-date: /home/mihir/abb_bot_ws/install/abb_bot_msgs/local/lib/python3.10/dist-packages/abb_bot_msgs-0.0.0-py3.10.egg-info
[2.954s] -- Installing: /home/mihir/abb_bot_ws/install/abb_bot_msgs/local/lib/python3.10/dist-packages/abb_bot_msgs-0.0.0-py3.10.egg-info/SOURCES.txt
[2.956s] -- Installing: /home/mihir/abb_bot_ws/install/abb_bot_msgs/local/lib/python3.10/dist-packages/abb_bot_msgs-0.0.0-py3.10.egg-info/PKG-INFO
[2.956s] -- Installing: /home/mihir/abb_bot_ws/install/abb_bot_msgs/local/lib/python3.10/dist-packages/abb_bot_msgs-0.0.0-py3.10.egg-info/top_level.txt
[2.956s] -- Installing: /home/mihir/abb_bot_ws/install/abb_bot_msgs/local/lib/python3.10/dist-packages/abb_bot_msgs-0.0.0-py3.10.egg-info/dependency_links.txt
[2.957s] -- Up-to-date: /home/mihir/abb_bot_ws/install/abb_bot_msgs/local/lib/python3.10/dist-packages/abb_bot_msgs
[2.957s] -- Up-to-date: /home/mihir/abb_bot_ws/install/abb_bot_msgs/local/lib/python3.10/dist-packages/abb_bot_msgs/abb_bot_msgs_s__rosidl_typesupport_introspection_c.cpython-310-x86_64-linux-gnu.so
[2.957s] -- Up-to-date: /home/mihir/abb_bot_ws/install/abb_bot_msgs/local/lib/python3.10/dist-packages/abb_bot_msgs/libabb_bot_msgs__rosidl_generator_py.so
[2.957s] -- Up-to-date: /home/mihir/abb_bot_ws/install/abb_bot_msgs/local/lib/python3.10/dist-packages/abb_bot_msgs/action
[2.957s] -- Up-to-date: /home/mihir/abb_bot_ws/install/abb_bot_msgs/local/lib/python3.10/dist-packages/abb_bot_msgs/action/_abb_bot_task.py
[2.957s] -- Up-to-date: /home/mihir/abb_bot_ws/install/abb_bot_msgs/local/lib/python3.10/dist-packages/abb_bot_msgs/action/_abb_bot_task_s.c
[2.957s] -- Up-to-date: /home/mihir/abb_bot_ws/install/abb_bot_msgs/local/lib/python3.10/dist-packages/abb_bot_msgs/action/__init__.py
[2.957s] -- Up-to-date: /home/mihir/abb_bot_ws/install/abb_bot_msgs/local/lib/python3.10/dist-packages/abb_bot_msgs/abb_bot_msgs_s__rosidl_typesupport_c.cpython-310-x86_64-linux-gnu.so
[2.957s] -- Up-to-date: /home/mihir/abb_bot_ws/install/abb_bot_msgs/local/lib/python3.10/dist-packages/abb_bot_msgs/_abb_bot_msgs_s.ep.rosidl_typesupport_fastrtps_c.c
[2.958s] -- Up-to-date: /home/mihir/abb_bot_ws/install/abb_bot_msgs/local/lib/python3.10/dist-packages/abb_bot_msgs/_abb_bot_msgs_s.ep.rosidl_typesupport_introspection_c.c
[2.958s] -- Up-to-date: /home/mihir/abb_bot_ws/install/abb_bot_msgs/local/lib/python3.10/dist-packages/abb_bot_msgs/__init__.py
[2.958s] -- Up-to-date: /home/mihir/abb_bot_ws/install/abb_bot_msgs/local/lib/python3.10/dist-packages/abb_bot_msgs/abb_bot_msgs_s__rosidl_typesupport_fastrtps_c.cpython-310-x86_64-linux-gnu.so
[2.958s] -- Up-to-date: /home/mihir/abb_bot_ws/install/abb_bot_msgs/local/lib/python3.10/dist-packages/abb_bot_msgs/_abb_bot_msgs_s.ep.rosidl_typesupport_c.c
[3.038s] Listing '/home/mihir/abb_bot_ws/install/abb_bot_msgs/local/lib/python3.10/dist-packages/abb_bot_msgs'...
[3.059s] Listing '/home/mihir/abb_bot_ws/install/abb_bot_msgs/local/lib/python3.10/dist-packages/abb_bot_msgs/action'...
[3.068s] -- Up-to-date: /home/mihir/abb_bot_ws/install/abb_bot_msgs/local/lib/python3.10/dist-packages/abb_bot_msgs/abb_bot_msgs_s__rosidl_typesupport_fastrtps_c.cpython-310-x86_64-linux-gnu.so
[3.069s] -- Up-to-date: /home/mihir/abb_bot_ws/install/abb_bot_msgs/local/lib/python3.10/dist-packages/abb_bot_msgs/abb_bot_msgs_s__rosidl_typesupport_introspection_c.cpython-310-x86_64-linux-gnu.so
[3.070s] -- Up-to-date: /home/mihir/abb_bot_ws/install/abb_bot_msgs/local/lib/python3.10/dist-packages/abb_bot_msgs/abb_bot_msgs_s__rosidl_typesupport_c.cpython-310-x86_64-linux-gnu.so
[3.070s] -- Up-to-date: /home/mihir/abb_bot_ws/install/abb_bot_msgs/lib/libabb_bot_msgs__rosidl_generator_py.so
[3.070s] -- Up-to-date: /home/mihir/abb_bot_ws/install/abb_bot_msgs/share/abb_bot_msgs/action/ABBBotTask.idl
[3.070s] -- Up-to-date: /home/mihir/abb_bot_ws/install/abb_bot_msgs/share/abb_bot_msgs/action/ABBBotTask.action
[3.070s] -- Up-to-date: /home/mihir/abb_bot_ws/install/abb_bot_msgs/share/ament_index/resource_index/package_run_dependencies/abb_bot_msgs
[3.071s] -- Up-to-date: /home/mihir/abb_bot_ws/install/abb_bot_msgs/share/ament_index/resource_index/parent_prefix_path/abb_bot_msgs
[3.071s] -- Up-to-date: /home/mihir/abb_bot_ws/install/abb_bot_msgs/share/abb_bot_msgs/environment/ament_prefix_path.sh
[3.071s] -- Up-to-date: /home/mihir/abb_bot_ws/install/abb_bot_msgs/share/abb_bot_msgs/environment/ament_prefix_path.dsv
[3.071s] -- Up-to-date: /home/mihir/abb_bot_ws/install/abb_bot_msgs/share/abb_bot_msgs/environment/path.sh
[3.071s] -- Up-to-date: /home/mihir/abb_bot_ws/install/abb_bot_msgs/share/abb_bot_msgs/environment/path.dsv
[3.071s] -- Up-to-date: /home/mihir/abb_bot_ws/install/abb_bot_msgs/share/abb_bot_msgs/local_setup.bash
[3.072s] -- Up-to-date: /home/mihir/abb_bot_ws/install/abb_bot_msgs/share/abb_bot_msgs/local_setup.sh
[3.072s] -- Up-to-date: /home/mihir/abb_bot_ws/install/abb_bot_msgs/share/abb_bot_msgs/local_setup.zsh
[3.072s] -- Up-to-date: /home/mihir/abb_bot_ws/install/abb_bot_msgs/share/abb_bot_msgs/local_setup.dsv
[3.072s] -- Installing: /home/mihir/abb_bot_ws/install/abb_bot_msgs/share/abb_bot_msgs/package.dsv
[3.072s] -- Up-to-date: /home/mihir/abb_bot_ws/install/abb_bot_msgs/share/ament_index/resource_index/packages/abb_bot_msgs
[3.074s] -- Up-to-date: /home/mihir/abb_bot_ws/install/abb_bot_msgs/share/abb_bot_msgs/cmake/export_abb_bot_msgs__rosidl_generator_cExport.cmake
[3.074s] -- Up-to-date: /home/mihir/abb_bot_ws/install/abb_bot_msgs/share/abb_bot_msgs/cmake/export_abb_bot_msgs__rosidl_generator_cExport-noconfig.cmake
[3.074s] -- Up-to-date: /home/mihir/abb_bot_ws/install/abb_bot_msgs/share/abb_bot_msgs/cmake/export_abb_bot_msgs__rosidl_typesupport_fastrtps_cExport.cmake
[3.074s] -- Up-to-date: /home/mihir/abb_bot_ws/install/abb_bot_msgs/share/abb_bot_msgs/cmake/export_abb_bot_msgs__rosidl_typesupport_fastrtps_cExport-noconfig.cmake
[3.074s] -- Up-to-date: /home/mihir/abb_bot_ws/install/abb_bot_msgs/share/abb_bot_msgs/cmake/export_abb_bot_msgs__rosidl_generator_cppExport.cmake
[3.075s] -- Up-to-date: /home/mihir/abb_bot_ws/install/abb_bot_msgs/share/abb_bot_msgs/cmake/export_abb_bot_msgs__rosidl_typesupport_fastrtps_cppExport.cmake
[3.075s] -- Up-to-date: /home/mihir/abb_bot_ws/install/abb_bot_msgs/share/abb_bot_msgs/cmake/export_abb_bot_msgs__rosidl_typesupport_fastrtps_cppExport-noconfig.cmake
[3.079s] -- Up-to-date: /home/mihir/abb_bot_ws/install/abb_bot_msgs/share/abb_bot_msgs/cmake/abb_bot_msgs__rosidl_typesupport_introspection_cExport.cmake
[3.079s] -- Up-to-date: /home/mihir/abb_bot_ws/install/abb_bot_msgs/share/abb_bot_msgs/cmake/abb_bot_msgs__rosidl_typesupport_introspection_cExport-noconfig.cmake
[3.079s] -- Up-to-date: /home/mihir/abb_bot_ws/install/abb_bot_msgs/share/abb_bot_msgs/cmake/abb_bot_msgs__rosidl_typesupport_cExport.cmake
[3.079s] -- Up-to-date: /home/mihir/abb_bot_ws/install/abb_bot_msgs/share/abb_bot_msgs/cmake/abb_bot_msgs__rosidl_typesupport_cExport-noconfig.cmake
[3.079s] -- Up-to-date: /home/mihir/abb_bot_ws/install/abb_bot_msgs/share/abb_bot_msgs/cmake/abb_bot_msgs__rosidl_typesupport_introspection_cppExport.cmake
[3.079s] -- Up-to-date: /home/mihir/abb_bot_ws/install/abb_bot_msgs/share/abb_bot_msgs/cmake/abb_bot_msgs__rosidl_typesupport_introspection_cppExport-noconfig.cmake
[3.080s] -- Up-to-date: /home/mihir/abb_bot_ws/install/abb_bot_msgs/share/abb_bot_msgs/cmake/abb_bot_msgs__rosidl_typesupport_cppExport.cmake
[3.080s] -- Up-to-date: /home/mihir/abb_bot_ws/install/abb_bot_msgs/share/abb_bot_msgs/cmake/abb_bot_msgs__rosidl_typesupport_cppExport-noconfig.cmake
[3.080s] -- Up-to-date: /home/mihir/abb_bot_ws/install/abb_bot_msgs/share/abb_bot_msgs/cmake/export_abb_bot_msgs__rosidl_generator_pyExport.cmake
[3.080s] -- Up-to-date: /home/mihir/abb_bot_ws/install/abb_bot_msgs/share/abb_bot_msgs/cmake/export_abb_bot_msgs__rosidl_generator_pyExport-noconfig.cmake
[3.080s] -- Up-to-date: /home/mihir/abb_bot_ws/install/abb_bot_msgs/share/abb_bot_msgs/cmake/rosidl_cmake-extras.cmake
[3.080s] -- Up-to-date: /home/mihir/abb_bot_ws/install/abb_bot_msgs/share/abb_bot_msgs/cmake/ament_cmake_export_dependencies-extras.cmake
[3.080s] -- Up-to-date: /home/mihir/abb_bot_ws/install/abb_bot_msgs/share/abb_bot_msgs/cmake/ament_cmake_export_include_directories-extras.cmake
[3.080s] -- Up-to-date: /home/mihir/abb_bot_ws/install/abb_bot_msgs/share/abb_bot_msgs/cmake/ament_cmake_export_libraries-extras.cmake
[3.080s] -- Up-to-date: /home/mihir/abb_bot_ws/install/abb_bot_msgs/share/abb_bot_msgs/cmake/ament_cmake_export_targets-extras.cmake
[3.081s] -- Up-to-date: /home/mihir/abb_bot_ws/install/abb_bot_msgs/share/abb_bot_msgs/cmake/rosidl_cmake_export_typesupport_targets-extras.cmake
[3.081s] -- Up-to-date: /home/mihir/abb_bot_ws/install/abb_bot_msgs/share/abb_bot_msgs/cmake/rosidl_cmake_export_typesupport_libraries-extras.cmake
[3.081s] -- Up-to-date: /home/mihir/abb_bot_ws/install/abb_bot_msgs/share/abb_bot_msgs/cmake/abb_bot_msgsConfig.cmake
[3.081s] -- Up-to-date: /home/mihir/abb_bot_ws/install/abb_bot_msgs/share/abb_bot_msgs/cmake/abb_bot_msgsConfig-version.cmake
[3.081s] -- Up-to-date: /home/mihir/abb_bot_ws/install/abb_bot_msgs/share/abb_bot_msgs/package.xml
[3.255s] Invoked command in '/home/mihir/abb_bot_ws/build/abb_bot_msgs' returned '0': CMAKE_PREFIX_PATH=/opt/ros/humble /usr/bin/cmake --install /home/mihir/abb_bot_ws/build/abb_bot_msgs
