[0.066s] Invoking command in '/home/mihir/abb_bot_ws/build/bot_moveit': CMAKE_PREFIX_PATH=/opt/ros/humble /usr/bin/cmake --build /home/mihir/abb_bot_ws/build/bot_moveit -- -j8 -l8
[0.094s] -- Found ament_cmake: 1.3.6 (/opt/ros/humble/share/ament_cmake/cmake)
[0.283s] -- Found ament_lint_auto: 0.12.9 (/opt/ros/humble/share/ament_lint_auto/cmake)
[0.385s] -- Added test 'flake8' to check Python code syntax and style conventions
[0.386s] -- Added test 'lint_cmake' to check CMake code style
[0.387s] -- Added test 'pep257' to check Python code against some of the docstring style conventions in PEP 257
[0.388s] -- Added test 'xmllint' to check XML markup files
[0.390s] -- Configuring done
[0.397s] -- Generating done
[0.398s] -- Build files have been written to: /home/mihir/abb_bot_ws/build/bot_moveit
[0.483s] Invoked command in '/home/mihir/abb_bot_ws/build/bot_moveit' returned '0': CMAKE_PREFIX_PATH=/opt/ros/humble /usr/bin/cmake --build /home/mihir/abb_bot_ws/build/bot_moveit -- -j8 -l8
[0.501s] Invoking command in '/home/mihir/abb_bot_ws/build/bot_moveit': CMAKE_PREFIX_PATH=/opt/ros/humble /usr/bin/cmake --install /home/mihir/abb_bot_ws/build/bot_moveit
[0.509s] -- Install configuration: ""
[0.510s] -- Installing: /home/mihir/abb_bot_ws/install/bot_moveit/share/bot_moveit/launch
[0.510s] -- Installing: /home/mihir/abb_bot_ws/install/bot_moveit/share/bot_moveit/launch/moveit.launch.py
[0.510s] -- Installing: /home/mihir/abb_bot_ws/install/bot_moveit/share/bot_moveit/config
[0.510s] -- Installing: /home/mihir/abb_bot_ws/install/bot_moveit/share/bot_moveit/config/kinematics.yaml
[0.510s] -- Installing: /home/mihir/abb_bot_ws/install/bot_moveit/share/bot_moveit/config/pilz_cartesian_limits.yaml
[0.510s] -- Installing: /home/mihir/abb_bot_ws/install/bot_moveit/share/bot_moveit/config/joint_limits.yaml
[0.510s] -- Installing: /home/mihir/abb_bot_ws/install/bot_moveit/share/bot_moveit/config/initial_positions.yaml
[0.510s] -- Installing: /home/mihir/abb_bot_ws/install/bot_moveit/share/bot_moveit/config/bot.srdf
[0.510s] -- Installing: /home/mihir/abb_bot_ws/install/bot_moveit/share/bot_moveit/config/moveit_controllers.yaml
[0.510s] -- Installing: /home/mihir/abb_bot_ws/install/bot_moveit/share/ament_index/resource_index/package_run_dependencies/bot_moveit
[0.511s] -- Up-to-date: /home/mihir/abb_bot_ws/install/bot_moveit/share/ament_index/resource_index/parent_prefix_path/bot_moveit
[0.511s] -- Up-to-date: /home/mihir/abb_bot_ws/install/bot_moveit/share/bot_moveit/environment/ament_prefix_path.sh
[0.511s] -- Installing: /home/mihir/abb_bot_ws/install/bot_moveit/share/bot_moveit/environment/ament_prefix_path.dsv
[0.511s] -- Up-to-date: /home/mihir/abb_bot_ws/install/bot_moveit/share/bot_moveit/environment/path.sh
[0.511s] -- Installing: /home/mihir/abb_bot_ws/install/bot_moveit/share/bot_moveit/environment/path.dsv
[0.511s] -- Up-to-date: /home/mihir/abb_bot_ws/install/bot_moveit/share/bot_moveit/local_setup.bash
[0.511s] -- Up-to-date: /home/mihir/abb_bot_ws/install/bot_moveit/share/bot_moveit/local_setup.sh
[0.511s] -- Up-to-date: /home/mihir/abb_bot_ws/install/bot_moveit/share/bot_moveit/local_setup.zsh
[0.511s] -- Installing: /home/mihir/abb_bot_ws/install/bot_moveit/share/bot_moveit/local_setup.dsv
[0.512s] -- Installing: /home/mihir/abb_bot_ws/install/bot_moveit/share/bot_moveit/package.dsv
[0.512s] -- Up-to-date: /home/mihir/abb_bot_ws/install/bot_moveit/share/ament_index/resource_index/packages/bot_moveit
[0.512s] -- Up-to-date: /home/mihir/abb_bot_ws/install/bot_moveit/share/bot_moveit/cmake/bot_moveitConfig.cmake
[0.512s] -- Up-to-date: /home/mihir/abb_bot_ws/install/bot_moveit/share/bot_moveit/cmake/bot_moveitConfig-version.cmake
[0.512s] -- Installing: /home/mihir/abb_bot_ws/install/bot_moveit/share/bot_moveit/package.xml
[0.515s] Invoked command in '/home/mihir/abb_bot_ws/build/bot_moveit' returned '0': CMAKE_PREFIX_PATH=/opt/ros/humble /usr/bin/cmake --install /home/mihir/abb_bot_ws/build/bot_moveit
