[0.065s] Invoking command in '/home/mihir/abb_bot_ws/build/bot_remote': AMENT_PREFIX_PATH=/home/mihir/abb_bot_ws/install/abb_bot_msgs:${AMENT_PREFIX_PATH} CMAKE_PREFIX_PATH=/home/mihir/abb_bot_ws/install/abb_bot_msgs:/opt/ros/humble LD_LIBRARY_PATH=/home/mihir/abb_bot_ws/install/abb_bot_msgs/lib:${LD_LIBRARY_PATH} PYTHONPATH=/home/mihir/abb_bot_ws/install/abb_bot_msgs/local/lib/python3.10/dist-packages:${PYTHONPATH} /usr/bin/cmake --build /home/mihir/abb_bot_ws/build/bot_remote -- -j8 -l8
[0.116s] -- Found ament_cmake: 1.3.6 (/opt/ros/humble/share/ament_cmake/cmake)
[0.321s] -- Found rclcpp: 16.0.7 (/opt/ros/humble/share/rclcpp/cmake)
[0.370s] -- Found rosidl_generator_c: 3.1.5 (/opt/ros/humble/share/rosidl_generator_c/cmake)
[0.374s] -- Found rosidl_adapter: 3.1.5 (/opt/ros/humble/share/rosidl_adapter/cmake)
[0.383s] -- Found rosidl_generator_cpp: 3.1.5 (/opt/ros/humble/share/rosidl_generator_cpp/cmake)
[0.438s] -- Using all available rosidl_typesupport_c: rosidl_typesupport_fastrtps_c;rosidl_typesupport_introspection_c
[0.498s] -- Using all available rosidl_typesupport_cpp: rosidl_typesupport_fastrtps_cpp;rosidl_typesupport_introspection_cpp
[0.601s] -- Found rmw_implementation_cmake: 6.1.1 (/opt/ros/humble/share/rmw_implementation_cmake/cmake)
[0.604s] -- Found rmw_fastrtps_cpp: 6.2.5 (/opt/ros/humble/share/rmw_fastrtps_cpp/cmake)
[0.794s] -- Using RMW implementation 'rmw_fastrtps_cpp' as default
[1.094s] -- Found rclcpp_action: 16.0.7 (/opt/ros/humble/share/rclcpp_action/cmake)
[1.268s] -- Found rclcpp_components: 16.0.7 (/opt/ros/humble/share/rclcpp_components/cmake)
[1.392s] -- Found abb_bot_msgs: 0.0.0 (/home/mihir/abb_bot_ws/install/abb_bot_msgs/share/abb_bot_msgs/cmake)
[1.471s] -- Found moveit_ros_planning_interface: 2.5.5 (/opt/ros/humble/share/moveit_ros_planning_interface/cmake)
[1.487s] -- Found Boost: /usr/lib/x86_64-linux-gnu/cmake/Boost-1.74.0/BoostConfig.cmake (found version "1.74.0") found components: date_time filesystem program_options system thread 
[2.459s] -- Found Boost: /usr/lib/x86_64-linux-gnu/cmake/Boost-1.74.0/BoostConfig.cmake (found version "1.74.0") found components: chrono date_time filesystem iostreams program_options regex serialization system thread 
[2.469s] -- Found parameter_traits: 0.3.6 (/opt/ros/humble/share/parameter_traits/cmake)
[2.504s] -- Found rclcpp_lifecycle: 16.0.7 (/opt/ros/humble/share/rclcpp_lifecycle/cmake)
[2.550s] -- Found Boost: /usr/lib/x86_64-linux-gnu/cmake/Boost-1.74.0/BoostConfig.cmake (found version "1.74.0") found components: filesystem 
[2.588s] -- library: /usr/lib/x86_64-linux-gnu/libcurl.so
[2.751s] -- Ensuring Eigen3 include directory is part of orocos-kdl CMake target
[3.204s] -- Found Boost: /usr/lib/x86_64-linux-gnu/cmake/Boost-1.74.0/BoostConfig.cmake (found version "1.74.0") found components: system filesystem date_time program_options thread chrono 
[3.792s] -- Found Boost: /usr/lib/x86_64-linux-gnu/cmake/Boost-1.74.0/BoostConfig.cmake (found version "1.74.0") found components: thread system filesystem regex date_time program_options 
[4.066s] -- Found Boost: /usr/lib/x86_64-linux-gnu/cmake/Boost-1.74.0/BoostConfig.cmake (found version "1.74.0") found components: system filesystem date_time program_options thread 
[4.532s] -- Found ament_lint_auto: 0.12.9 (/opt/ros/humble/share/ament_lint_auto/cmake)
[4.644s] -- Added test 'cppcheck' to perform static code analysis on C / C++ code
[4.644s] -- Configured cppcheck include dirs: $<BUILD_INTERFACE:/home/mihir/abb_bot_ws/src/bot_remote/include>
[4.644s] -- Configured cppcheck exclude dirs and/or files: 
[4.645s] -- Added test 'flake8' to check Python code syntax and style conventions
[4.646s] -- Added test 'lint_cmake' to check CMake code style
[4.647s] -- Added test 'pep257' to check Python code against some of the docstring style conventions in PEP 257
[4.648s] -- Added test 'uncrustify' to check C / C++ code style
[4.648s] -- Configured uncrustify additional arguments: 
[4.648s] -- Added test 'xmllint' to check XML markup files
[4.650s] -- Configuring done
[4.715s] -- Generating done
[4.719s] -- Build files have been written to: /home/mihir/abb_bot_ws/build/bot_remote
[4.747s] [35m[1mConsolidate compiler generated dependencies of target task_server[0m
[4.748s] [35m[1mConsolidate compiler generated dependencies of target task_server_node[0m
[4.759s] [ 25%] [32mBuilding CXX object CMakeFiles/task_server.dir/src/task_server.cpp.o[0m
[4.766s] [ 75%] Built target task_server_node
[4.780s] [100%] [32m[1mLinking CXX shared library libtask_server.so[0m
[4.982s] [100%] Built target task_server
[4.995s] Invoked command in '/home/mihir/abb_bot_ws/build/bot_remote' returned '0': AMENT_PREFIX_PATH=/home/mihir/abb_bot_ws/install/abb_bot_msgs:${AMENT_PREFIX_PATH} CMAKE_PREFIX_PATH=/home/mihir/abb_bot_ws/install/abb_bot_msgs:/opt/ros/humble LD_LIBRARY_PATH=/home/mihir/abb_bot_ws/install/abb_bot_msgs/lib:${LD_LIBRARY_PATH} PYTHONPATH=/home/mihir/abb_bot_ws/install/abb_bot_msgs/local/lib/python3.10/dist-packages:${PYTHONPATH} /usr/bin/cmake --build /home/mihir/abb_bot_ws/build/bot_remote -- -j8 -l8
[5.023s] Invoking command in '/home/mihir/abb_bot_ws/build/bot_remote': AMENT_PREFIX_PATH=/home/mihir/abb_bot_ws/install/abb_bot_msgs:${AMENT_PREFIX_PATH} CMAKE_PREFIX_PATH=/home/mihir/abb_bot_ws/install/abb_bot_msgs:/opt/ros/humble LD_LIBRARY_PATH=/home/mihir/abb_bot_ws/install/abb_bot_msgs/lib:${LD_LIBRARY_PATH} PYTHONPATH=/home/mihir/abb_bot_ws/install/abb_bot_msgs/local/lib/python3.10/dist-packages:${PYTHONPATH} /usr/bin/cmake --install /home/mihir/abb_bot_ws/build/bot_remote
[5.030s] -- Install configuration: ""
[5.031s] -- Up-to-date: /home/mihir/abb_bot_ws/install/bot_remote/lib/bot_remote/task_server_node
[5.031s] -- Installing: /home/mihir/abb_bot_ws/install/bot_remote/lib/libtask_server.so
[5.031s] -- Set runtime path of "/home/mihir/abb_bot_ws/install/bot_remote/lib/libtask_server.so" to ""
[5.032s] -- Installing: /home/mihir/abb_bot_ws/install/bot_remote/share/ament_index/resource_index/package_run_dependencies/bot_remote
[5.032s] -- Installing: /home/mihir/abb_bot_ws/install/bot_remote/share/ament_index/resource_index/parent_prefix_path/bot_remote
[5.032s] -- Up-to-date: /home/mihir/abb_bot_ws/install/bot_remote/share/bot_remote/environment/ament_prefix_path.sh
[5.032s] -- Installing: /home/mihir/abb_bot_ws/install/bot_remote/share/bot_remote/environment/ament_prefix_path.dsv
[5.032s] -- Up-to-date: /home/mihir/abb_bot_ws/install/bot_remote/share/bot_remote/environment/path.sh
[5.032s] -- Installing: /home/mihir/abb_bot_ws/install/bot_remote/share/bot_remote/environment/path.dsv
[5.032s] -- Up-to-date: /home/mihir/abb_bot_ws/install/bot_remote/share/bot_remote/local_setup.bash
[5.032s] -- Up-to-date: /home/mihir/abb_bot_ws/install/bot_remote/share/bot_remote/local_setup.sh
[5.033s] -- Up-to-date: /home/mihir/abb_bot_ws/install/bot_remote/share/bot_remote/local_setup.zsh
[5.033s] -- Installing: /home/mihir/abb_bot_ws/install/bot_remote/share/bot_remote/local_setup.dsv
[5.033s] -- Installing: /home/mihir/abb_bot_ws/install/bot_remote/share/bot_remote/package.dsv
[5.033s] -- Up-to-date: /home/mihir/abb_bot_ws/install/bot_remote/share/ament_index/resource_index/packages/bot_remote
[5.033s] -- Up-to-date: /home/mihir/abb_bot_ws/install/bot_remote/share/ament_index/resource_index/rclcpp_components/bot_remote
[5.033s] -- Up-to-date: /home/mihir/abb_bot_ws/install/bot_remote/share/bot_remote/cmake/bot_remoteConfig.cmake
[5.033s] -- Up-to-date: /home/mihir/abb_bot_ws/install/bot_remote/share/bot_remote/cmake/bot_remoteConfig-version.cmake
[5.033s] -- Installing: /home/mihir/abb_bot_ws/install/bot_remote/share/bot_remote/package.xml
[5.036s] Invoked command in '/home/mihir/abb_bot_ws/build/bot_remote' returned '0': AMENT_PREFIX_PATH=/home/mihir/abb_bot_ws/install/abb_bot_msgs:${AMENT_PREFIX_PATH} CMAKE_PREFIX_PATH=/home/mihir/abb_bot_ws/install/abb_bot_msgs:/opt/ros/humble LD_LIBRARY_PATH=/home/mihir/abb_bot_ws/install/abb_bot_msgs/lib:${LD_LIBRARY_PATH} PYTHONPATH=/home/mihir/abb_bot_ws/install/abb_bot_msgs/local/lib/python3.10/dist-packages:${PYTHONPATH} /usr/bin/cmake --install /home/mihir/abb_bot_ws/build/bot_remote
