[0.092s] Invoking command in '/home/mihir/abb_bot_ws/build/bot_controller': CMAKE_PREFIX_PATH=/opt/ros/humble /usr/bin/cmake --build /home/mihir/abb_bot_ws/build/bot_controller -- -j8 -l8
[0.111s] -- Found ament_cmake: 1.3.6 (/opt/ros/humble/share/ament_cmake/cmake)
[0.233s] -- Found ament_lint_auto: 0.12.9 (/opt/ros/humble/share/ament_lint_auto/cmake)
[0.313s] -- Added test 'flake8' to check Python code syntax and style conventions
[0.313s] -- Added test 'lint_cmake' to check CMake code style
[0.313s] -- Added test 'pep257' to check Python code against some of the docstring style conventions in PEP 257
[0.314s] -- Added test 'xmllint' to check XML markup files
[0.315s] -- Configuring done
[0.319s] -- Generating done
[0.319s] -- Build files have been written to: /home/mihir/abb_bot_ws/build/bot_controller
[0.335s] Invoked command in '/home/mihir/abb_bot_ws/build/bot_controller' returned '0': CMAKE_PREFIX_PATH=/opt/ros/humble /usr/bin/cmake --build /home/mihir/abb_bot_ws/build/bot_controller -- -j8 -l8
[0.349s] Invoking command in '/home/mihir/abb_bot_ws/build/bot_controller': CMAKE_PREFIX_PATH=/opt/ros/humble /usr/bin/cmake --install /home/mihir/abb_bot_ws/build/bot_controller
[0.355s] -- Install configuration: ""
[0.355s] -- Up-to-date: /home/mihir/abb_bot_ws/install/bot_controller/share/bot_controller/config
[0.355s] -- Up-to-date: /home/mihir/abb_bot_ws/install/bot_controller/share/bot_controller/config/bot_controllers.yaml
[0.355s] -- Up-to-date: /home/mihir/abb_bot_ws/install/bot_controller/share/bot_controller/launch
[0.355s] -- Installing: /home/mihir/abb_bot_ws/install/bot_controller/share/bot_controller/launch/controller.launch.py
[0.355s] -- Up-to-date: /home/mihir/abb_bot_ws/install/bot_controller/share/ament_index/resource_index/package_run_dependencies/bot_controller
[0.355s] -- Up-to-date: /home/mihir/abb_bot_ws/install/bot_controller/share/ament_index/resource_index/parent_prefix_path/bot_controller
[0.355s] -- Up-to-date: /home/mihir/abb_bot_ws/install/bot_controller/share/bot_controller/environment/ament_prefix_path.sh
[0.355s] -- Installing: /home/mihir/abb_bot_ws/install/bot_controller/share/bot_controller/environment/ament_prefix_path.dsv
[0.355s] -- Up-to-date: /home/mihir/abb_bot_ws/install/bot_controller/share/bot_controller/environment/path.sh
[0.355s] -- Installing: /home/mihir/abb_bot_ws/install/bot_controller/share/bot_controller/environment/path.dsv
[0.355s] -- Up-to-date: /home/mihir/abb_bot_ws/install/bot_controller/share/bot_controller/local_setup.bash
[0.355s] -- Up-to-date: /home/mihir/abb_bot_ws/install/bot_controller/share/bot_controller/local_setup.sh
[0.355s] -- Up-to-date: /home/mihir/abb_bot_ws/install/bot_controller/share/bot_controller/local_setup.zsh
[0.355s] -- Installing: /home/mihir/abb_bot_ws/install/bot_controller/share/bot_controller/local_setup.dsv
[0.356s] -- Installing: /home/mihir/abb_bot_ws/install/bot_controller/share/bot_controller/package.dsv
[0.356s] -- Up-to-date: /home/mihir/abb_bot_ws/install/bot_controller/share/ament_index/resource_index/packages/bot_controller
[0.356s] -- Up-to-date: /home/mihir/abb_bot_ws/install/bot_controller/share/bot_controller/cmake/bot_controllerConfig.cmake
[0.356s] -- Up-to-date: /home/mihir/abb_bot_ws/install/bot_controller/share/bot_controller/cmake/bot_controllerConfig-version.cmake
[0.356s] -- Installing: /home/mihir/abb_bot_ws/install/bot_controller/share/bot_controller/package.xml
[0.357s] Invoked command in '/home/mihir/abb_bot_ws/build/bot_controller' returned '0': CMAKE_PREFIX_PATH=/opt/ros/humble /usr/bin/cmake --install /home/mihir/abb_bot_ws/build/bot_controller
