[0.117s] Invoking command in '/home/mihir/abb_bot_ws/build/bot_msgs': CMAKE_PREFIX_PATH=/opt/ros/humble /usr/bin/cmake --build /home/mihir/abb_bot_ws/build/bot_msgs -- -j8 -l8
[0.202s] [  9%] Built target bot_msgs__cpp
[0.202s] [ 12%] Built target bot_msgs__rosidl_generator_c
[0.222s] [ 12%] Built target ament_cmake_python_copy_bot_msgs
[0.259s] [ 22%] Built target bot_msgs__rosidl_typesupport_fastrtps_c
[0.261s] [ 32%] Built target bot_msgs__rosidl_typesupport_introspection_c
[0.264s] [ 41%] Built target bot_msgs__rosidl_typesupport_introspection_cpp
[0.266s] [ 51%] Built target bot_msgs__rosidl_typesupport_cpp
[0.272s] [ 61%] Built target bot_msgs__rosidl_typesupport_c
[0.276s] [ 70%] Built target bot_msgs__rosidl_typesupport_fastrtps_cpp
[0.313s] [ 70%] Built target bot_msgs
[0.337s] [ 74%] Built target bot_msgs__py
[0.362s] [ 80%] Built target bot_msgs__rosidl_generator_py
[0.390s] [ 93%] Built target bot_msgs__rosidl_typesupport_c__pyext
[0.390s] [ 93%] Built target bot_msgs__rosidl_typesupport_fastrtps_c__pyext
[0.394s] [100%] Built target bot_msgs__rosidl_typesupport_introspection_c__pyext
[0.546s] running egg_info
[0.549s] writing bot_msgs.egg-info/PKG-INFO
[0.549s] writing dependency_links to bot_msgs.egg-info/dependency_links.txt
[0.549s] writing top-level names to bot_msgs.egg-info/top_level.txt
[0.550s] reading manifest file 'bot_msgs.egg-info/SOURCES.txt'
[0.551s] writing manifest file 'bot_msgs.egg-info/SOURCES.txt'
[0.579s] [100%] Built target ament_cmake_python_build_bot_msgs_egg
[0.761s] Invoked command in '/home/mihir/abb_bot_ws/build/bot_msgs' returned '0': CMAKE_PREFIX_PATH=/opt/ros/humble /usr/bin/cmake --build /home/mihir/abb_bot_ws/build/bot_msgs -- -j8 -l8
[0.842s] Invoking command in '/home/mihir/abb_bot_ws/build/bot_msgs': CMAKE_PREFIX_PATH=/opt/ros/humble /usr/bin/cmake --install /home/mihir/abb_bot_ws/build/bot_msgs
[0.850s] -- Install configuration: ""
[0.850s] -- Up-to-date: /home/mihir/abb_bot_ws/install/bot_msgs/share/ament_index/resource_index/rosidl_interfaces/bot_msgs
[0.850s] -- Up-to-date: /home/mihir/abb_bot_ws/install/bot_msgs/include/bot_msgs/bot_msgs
[0.850s] -- Up-to-date: /home/mihir/abb_bot_ws/install/bot_msgs/include/bot_msgs/bot_msgs/msg
[0.850s] -- Up-to-date: /home/mihir/abb_bot_ws/install/bot_msgs/include/bot_msgs/bot_msgs/msg/rosidl_generator_c__visibility_control.h
[0.851s] -- Up-to-date: /home/mihir/abb_bot_ws/install/bot_msgs/include/bot_msgs/bot_msgs/action
[0.851s] -- Up-to-date: /home/mihir/abb_bot_ws/install/bot_msgs/include/bot_msgs/bot_msgs/action/bot_task.h
[0.851s] -- Up-to-date: /home/mihir/abb_bot_ws/install/bot_msgs/include/bot_msgs/bot_msgs/action/detail
[0.851s] -- Up-to-date: /home/mihir/abb_bot_ws/install/bot_msgs/include/bot_msgs/bot_msgs/action/detail/bot_task__type_support.h
[0.851s] -- Up-to-date: /home/mihir/abb_bot_ws/install/bot_msgs/include/bot_msgs/bot_msgs/action/detail/bot_task__functions.h
[0.851s] -- Up-to-date: /home/mihir/abb_bot_ws/install/bot_msgs/include/bot_msgs/bot_msgs/action/detail/bot_task__functions.c
[0.851s] -- Up-to-date: /home/mihir/abb_bot_ws/install/bot_msgs/include/bot_msgs/bot_msgs/action/detail/bot_task__struct.h
[0.851s] -- Up-to-date: /home/mihir/abb_bot_ws/install/bot_msgs/share/bot_msgs/environment/library_path.sh
[0.851s] -- Up-to-date: /home/mihir/abb_bot_ws/install/bot_msgs/share/bot_msgs/environment/library_path.dsv
[0.851s] -- Up-to-date: /home/mihir/abb_bot_ws/install/bot_msgs/lib/libbot_msgs__rosidl_generator_c.so
[0.851s] -- Up-to-date: /home/mihir/abb_bot_ws/install/bot_msgs/include/bot_msgs/bot_msgs
[0.851s] -- Up-to-date: /home/mihir/abb_bot_ws/install/bot_msgs/include/bot_msgs/bot_msgs/msg
[0.851s] -- Up-to-date: /home/mihir/abb_bot_ws/install/bot_msgs/include/bot_msgs/bot_msgs/msg/rosidl_typesupport_fastrtps_c__visibility_control.h
[0.852s] -- Up-to-date: /home/mihir/abb_bot_ws/install/bot_msgs/include/bot_msgs/bot_msgs/action
[0.852s] -- Up-to-date: /home/mihir/abb_bot_ws/install/bot_msgs/include/bot_msgs/bot_msgs/action/detail
[0.852s] -- Up-to-date: /home/mihir/abb_bot_ws/install/bot_msgs/include/bot_msgs/bot_msgs/action/detail/bot_task__rosidl_typesupport_fastrtps_c.h
[0.852s] -- Up-to-date: /home/mihir/abb_bot_ws/install/bot_msgs/lib/libbot_msgs__rosidl_typesupport_fastrtps_c.so
[0.853s] -- Up-to-date: /home/mihir/abb_bot_ws/install/bot_msgs/include/bot_msgs/bot_msgs
[0.853s] -- Up-to-date: /home/mihir/abb_bot_ws/install/bot_msgs/include/bot_msgs/bot_msgs/action
[0.853s] -- Up-to-date: /home/mihir/abb_bot_ws/install/bot_msgs/include/bot_msgs/bot_msgs/action/bot_task.hpp
[0.854s] -- Up-to-date: /home/mihir/abb_bot_ws/install/bot_msgs/include/bot_msgs/bot_msgs/action/detail
[0.854s] -- Up-to-date: /home/mihir/abb_bot_ws/install/bot_msgs/include/bot_msgs/bot_msgs/action/detail/bot_task__struct.hpp
[0.854s] -- Up-to-date: /home/mihir/abb_bot_ws/install/bot_msgs/include/bot_msgs/bot_msgs/action/detail/bot_task__traits.hpp
[0.854s] -- Up-to-date: /home/mihir/abb_bot_ws/install/bot_msgs/include/bot_msgs/bot_msgs/action/detail/bot_task__builder.hpp
[0.854s] -- Up-to-date: /home/mihir/abb_bot_ws/install/bot_msgs/include/bot_msgs/bot_msgs
[0.854s] -- Up-to-date: /home/mihir/abb_bot_ws/install/bot_msgs/include/bot_msgs/bot_msgs/msg
[0.855s] -- Up-to-date: /home/mihir/abb_bot_ws/install/bot_msgs/include/bot_msgs/bot_msgs/msg/rosidl_typesupport_fastrtps_cpp__visibility_control.h
[0.855s] -- Up-to-date: /home/mihir/abb_bot_ws/install/bot_msgs/include/bot_msgs/bot_msgs/action
[0.855s] -- Up-to-date: /home/mihir/abb_bot_ws/install/bot_msgs/include/bot_msgs/bot_msgs/action/detail
[0.855s] -- Up-to-date: /home/mihir/abb_bot_ws/install/bot_msgs/include/bot_msgs/bot_msgs/action/detail/dds_fastrtps
[0.855s] -- Up-to-date: /home/mihir/abb_bot_ws/install/bot_msgs/include/bot_msgs/bot_msgs/action/detail/bot_task__rosidl_typesupport_fastrtps_cpp.hpp
[0.855s] -- Up-to-date: /home/mihir/abb_bot_ws/install/bot_msgs/lib/libbot_msgs__rosidl_typesupport_fastrtps_cpp.so
[0.856s] -- Up-to-date: /home/mihir/abb_bot_ws/install/bot_msgs/include/bot_msgs/bot_msgs
[0.856s] -- Up-to-date: /home/mihir/abb_bot_ws/install/bot_msgs/include/bot_msgs/bot_msgs/msg
[0.856s] -- Up-to-date: /home/mihir/abb_bot_ws/install/bot_msgs/include/bot_msgs/bot_msgs/msg/rosidl_typesupport_introspection_c__visibility_control.h
[0.856s] -- Up-to-date: /home/mihir/abb_bot_ws/install/bot_msgs/include/bot_msgs/bot_msgs/action
[0.856s] -- Up-to-date: /home/mihir/abb_bot_ws/install/bot_msgs/include/bot_msgs/bot_msgs/action/detail
[0.856s] -- Up-to-date: /home/mihir/abb_bot_ws/install/bot_msgs/include/bot_msgs/bot_msgs/action/detail/bot_task__type_support.c
[0.856s] -- Up-to-date: /home/mihir/abb_bot_ws/install/bot_msgs/include/bot_msgs/bot_msgs/action/detail/bot_task__rosidl_typesupport_introspection_c.h
[0.857s] -- Up-to-date: /home/mihir/abb_bot_ws/install/bot_msgs/lib/libbot_msgs__rosidl_typesupport_introspection_c.so
[0.857s] -- Up-to-date: /home/mihir/abb_bot_ws/install/bot_msgs/lib/libbot_msgs__rosidl_typesupport_c.so
[0.857s] -- Up-to-date: /home/mihir/abb_bot_ws/install/bot_msgs/include/bot_msgs/bot_msgs
[0.857s] -- Up-to-date: /home/mihir/abb_bot_ws/install/bot_msgs/include/bot_msgs/bot_msgs/action
[0.857s] -- Up-to-date: /home/mihir/abb_bot_ws/install/bot_msgs/include/bot_msgs/bot_msgs/action/detail
[0.858s] -- Up-to-date: /home/mihir/abb_bot_ws/install/bot_msgs/include/bot_msgs/bot_msgs/action/detail/bot_task__type_support.cpp
[0.858s] -- Up-to-date: /home/mihir/abb_bot_ws/install/bot_msgs/include/bot_msgs/bot_msgs/action/detail/bot_task__rosidl_typesupport_introspection_cpp.hpp
[0.858s] -- Up-to-date: /home/mihir/abb_bot_ws/install/bot_msgs/lib/libbot_msgs__rosidl_typesupport_introspection_cpp.so
[0.859s] -- Up-to-date: /home/mihir/abb_bot_ws/install/bot_msgs/lib/libbot_msgs__rosidl_typesupport_cpp.so
[0.859s] -- Up-to-date: /home/mihir/abb_bot_ws/install/bot_msgs/share/bot_msgs/environment/pythonpath.sh
[0.859s] -- Up-to-date: /home/mihir/abb_bot_ws/install/bot_msgs/share/bot_msgs/environment/pythonpath.dsv
[0.859s] -- Up-to-date: /home/mihir/abb_bot_ws/install/bot_msgs/local/lib/python3.10/dist-packages/bot_msgs-0.0.0-py3.10.egg-info
[0.859s] -- Installing: /home/mihir/abb_bot_ws/install/bot_msgs/local/lib/python3.10/dist-packages/bot_msgs-0.0.0-py3.10.egg-info/SOURCES.txt
[0.859s] -- Installing: /home/mihir/abb_bot_ws/install/bot_msgs/local/lib/python3.10/dist-packages/bot_msgs-0.0.0-py3.10.egg-info/PKG-INFO
[0.859s] -- Installing: /home/mihir/abb_bot_ws/install/bot_msgs/local/lib/python3.10/dist-packages/bot_msgs-0.0.0-py3.10.egg-info/top_level.txt
[0.859s] -- Installing: /home/mihir/abb_bot_ws/install/bot_msgs/local/lib/python3.10/dist-packages/bot_msgs-0.0.0-py3.10.egg-info/dependency_links.txt
[0.860s] -- Up-to-date: /home/mihir/abb_bot_ws/install/bot_msgs/local/lib/python3.10/dist-packages/bot_msgs
[0.860s] -- Up-to-date: /home/mihir/abb_bot_ws/install/bot_msgs/local/lib/python3.10/dist-packages/bot_msgs/_bot_msgs_s.ep.rosidl_typesupport_c.c
[0.860s] -- Up-to-date: /home/mihir/abb_bot_ws/install/bot_msgs/local/lib/python3.10/dist-packages/bot_msgs/bot_msgs_s__rosidl_typesupport_introspection_c.cpython-310-x86_64-linux-gnu.so
[0.860s] -- Up-to-date: /home/mihir/abb_bot_ws/install/bot_msgs/local/lib/python3.10/dist-packages/bot_msgs/bot_msgs_s__rosidl_typesupport_c.cpython-310-x86_64-linux-gnu.so
[0.860s] -- Up-to-date: /home/mihir/abb_bot_ws/install/bot_msgs/local/lib/python3.10/dist-packages/bot_msgs/action
[0.860s] -- Up-to-date: /home/mihir/abb_bot_ws/install/bot_msgs/local/lib/python3.10/dist-packages/bot_msgs/action/_bot_task.py
[0.860s] -- Up-to-date: /home/mihir/abb_bot_ws/install/bot_msgs/local/lib/python3.10/dist-packages/bot_msgs/action/_bot_task_s.c
[0.860s] -- Up-to-date: /home/mihir/abb_bot_ws/install/bot_msgs/local/lib/python3.10/dist-packages/bot_msgs/action/__init__.py
[0.860s] -- Up-to-date: /home/mihir/abb_bot_ws/install/bot_msgs/local/lib/python3.10/dist-packages/bot_msgs/_bot_msgs_s.ep.rosidl_typesupport_fastrtps_c.c
[0.860s] -- Up-to-date: /home/mihir/abb_bot_ws/install/bot_msgs/local/lib/python3.10/dist-packages/bot_msgs/libbot_msgs__rosidl_generator_py.so
[0.860s] -- Up-to-date: /home/mihir/abb_bot_ws/install/bot_msgs/local/lib/python3.10/dist-packages/bot_msgs/bot_msgs_s__rosidl_typesupport_fastrtps_c.cpython-310-x86_64-linux-gnu.so
[0.860s] -- Up-to-date: /home/mihir/abb_bot_ws/install/bot_msgs/local/lib/python3.10/dist-packages/bot_msgs/__init__.py
[0.860s] -- Up-to-date: /home/mihir/abb_bot_ws/install/bot_msgs/local/lib/python3.10/dist-packages/bot_msgs/_bot_msgs_s.ep.rosidl_typesupport_introspection_c.c
[0.888s] Listing '/home/mihir/abb_bot_ws/install/bot_msgs/local/lib/python3.10/dist-packages/bot_msgs'...
[0.888s] Listing '/home/mihir/abb_bot_ws/install/bot_msgs/local/lib/python3.10/dist-packages/bot_msgs/action'...
[0.893s] -- Up-to-date: /home/mihir/abb_bot_ws/install/bot_msgs/local/lib/python3.10/dist-packages/bot_msgs/bot_msgs_s__rosidl_typesupport_fastrtps_c.cpython-310-x86_64-linux-gnu.so
[0.893s] -- Up-to-date: /home/mihir/abb_bot_ws/install/bot_msgs/local/lib/python3.10/dist-packages/bot_msgs/bot_msgs_s__rosidl_typesupport_introspection_c.cpython-310-x86_64-linux-gnu.so
[0.894s] -- Up-to-date: /home/mihir/abb_bot_ws/install/bot_msgs/local/lib/python3.10/dist-packages/bot_msgs/bot_msgs_s__rosidl_typesupport_c.cpython-310-x86_64-linux-gnu.so
[0.894s] -- Up-to-date: /home/mihir/abb_bot_ws/install/bot_msgs/lib/libbot_msgs__rosidl_generator_py.so
[0.894s] -- Up-to-date: /home/mihir/abb_bot_ws/install/bot_msgs/share/bot_msgs/action/BotTask.idl
[0.895s] -- Up-to-date: /home/mihir/abb_bot_ws/install/bot_msgs/share/bot_msgs/action/BotTask.action
[0.895s] -- Up-to-date: /home/mihir/abb_bot_ws/install/bot_msgs/share/ament_index/resource_index/package_run_dependencies/bot_msgs
[0.895s] -- Up-to-date: /home/mihir/abb_bot_ws/install/bot_msgs/share/ament_index/resource_index/parent_prefix_path/bot_msgs
[0.895s] -- Up-to-date: /home/mihir/abb_bot_ws/install/bot_msgs/share/bot_msgs/environment/ament_prefix_path.sh
[0.895s] -- Up-to-date: /home/mihir/abb_bot_ws/install/bot_msgs/share/bot_msgs/environment/ament_prefix_path.dsv
[0.895s] -- Up-to-date: /home/mihir/abb_bot_ws/install/bot_msgs/share/bot_msgs/environment/path.sh
[0.895s] -- Up-to-date: /home/mihir/abb_bot_ws/install/bot_msgs/share/bot_msgs/environment/path.dsv
[0.895s] -- Up-to-date: /home/mihir/abb_bot_ws/install/bot_msgs/share/bot_msgs/local_setup.bash
[0.895s] -- Up-to-date: /home/mihir/abb_bot_ws/install/bot_msgs/share/bot_msgs/local_setup.sh
[0.895s] -- Up-to-date: /home/mihir/abb_bot_ws/install/bot_msgs/share/bot_msgs/local_setup.zsh
[0.895s] -- Up-to-date: /home/mihir/abb_bot_ws/install/bot_msgs/share/bot_msgs/local_setup.dsv
[0.895s] -- Installing: /home/mihir/abb_bot_ws/install/bot_msgs/share/bot_msgs/package.dsv
[0.895s] -- Up-to-date: /home/mihir/abb_bot_ws/install/bot_msgs/share/ament_index/resource_index/packages/bot_msgs
[0.895s] -- Up-to-date: /home/mihir/abb_bot_ws/install/bot_msgs/share/bot_msgs/cmake/export_bot_msgs__rosidl_generator_cExport.cmake
[0.895s] -- Up-to-date: /home/mihir/abb_bot_ws/install/bot_msgs/share/bot_msgs/cmake/export_bot_msgs__rosidl_generator_cExport-noconfig.cmake
[0.895s] -- Up-to-date: /home/mihir/abb_bot_ws/install/bot_msgs/share/bot_msgs/cmake/export_bot_msgs__rosidl_typesupport_fastrtps_cExport.cmake
[0.896s] -- Up-to-date: /home/mihir/abb_bot_ws/install/bot_msgs/share/bot_msgs/cmake/export_bot_msgs__rosidl_typesupport_fastrtps_cExport-noconfig.cmake
[0.896s] -- Up-to-date: /home/mihir/abb_bot_ws/install/bot_msgs/share/bot_msgs/cmake/export_bot_msgs__rosidl_generator_cppExport.cmake
[0.896s] -- Up-to-date: /home/mihir/abb_bot_ws/install/bot_msgs/share/bot_msgs/cmake/export_bot_msgs__rosidl_typesupport_fastrtps_cppExport.cmake
[0.896s] -- Up-to-date: /home/mihir/abb_bot_ws/install/bot_msgs/share/bot_msgs/cmake/export_bot_msgs__rosidl_typesupport_fastrtps_cppExport-noconfig.cmake
[0.896s] -- Up-to-date: /home/mihir/abb_bot_ws/install/bot_msgs/share/bot_msgs/cmake/bot_msgs__rosidl_typesupport_introspection_cExport.cmake
[0.896s] -- Up-to-date: /home/mihir/abb_bot_ws/install/bot_msgs/share/bot_msgs/cmake/bot_msgs__rosidl_typesupport_introspection_cExport-noconfig.cmake
[0.896s] -- Up-to-date: /home/mihir/abb_bot_ws/install/bot_msgs/share/bot_msgs/cmake/bot_msgs__rosidl_typesupport_cExport.cmake
[0.896s] -- Up-to-date: /home/mihir/abb_bot_ws/install/bot_msgs/share/bot_msgs/cmake/bot_msgs__rosidl_typesupport_cExport-noconfig.cmake
[0.896s] -- Up-to-date: /home/mihir/abb_bot_ws/install/bot_msgs/share/bot_msgs/cmake/bot_msgs__rosidl_typesupport_introspection_cppExport.cmake
[0.896s] -- Up-to-date: /home/mihir/abb_bot_ws/install/bot_msgs/share/bot_msgs/cmake/bot_msgs__rosidl_typesupport_introspection_cppExport-noconfig.cmake
[0.896s] -- Up-to-date: /home/mihir/abb_bot_ws/install/bot_msgs/share/bot_msgs/cmake/bot_msgs__rosidl_typesupport_cppExport.cmake
[0.896s] -- Up-to-date: /home/mihir/abb_bot_ws/install/bot_msgs/share/bot_msgs/cmake/bot_msgs__rosidl_typesupport_cppExport-noconfig.cmake
[0.897s] -- Up-to-date: /home/mihir/abb_bot_ws/install/bot_msgs/share/bot_msgs/cmake/export_bot_msgs__rosidl_generator_pyExport.cmake
[0.897s] -- Up-to-date: /home/mihir/abb_bot_ws/install/bot_msgs/share/bot_msgs/cmake/export_bot_msgs__rosidl_generator_pyExport-noconfig.cmake
[0.897s] -- Up-to-date: /home/mihir/abb_bot_ws/install/bot_msgs/share/bot_msgs/cmake/rosidl_cmake-extras.cmake
[0.897s] -- Up-to-date: /home/mihir/abb_bot_ws/install/bot_msgs/share/bot_msgs/cmake/ament_cmake_export_dependencies-extras.cmake
[0.897s] -- Up-to-date: /home/mihir/abb_bot_ws/install/bot_msgs/share/bot_msgs/cmake/ament_cmake_export_include_directories-extras.cmake
[0.897s] -- Up-to-date: /home/mihir/abb_bot_ws/install/bot_msgs/share/bot_msgs/cmake/ament_cmake_export_libraries-extras.cmake
[0.897s] -- Up-to-date: /home/mihir/abb_bot_ws/install/bot_msgs/share/bot_msgs/cmake/ament_cmake_export_targets-extras.cmake
[0.897s] -- Up-to-date: /home/mihir/abb_bot_ws/install/bot_msgs/share/bot_msgs/cmake/rosidl_cmake_export_typesupport_targets-extras.cmake
[0.897s] -- Up-to-date: /home/mihir/abb_bot_ws/install/bot_msgs/share/bot_msgs/cmake/rosidl_cmake_export_typesupport_libraries-extras.cmake
[0.897s] -- Up-to-date: /home/mihir/abb_bot_ws/install/bot_msgs/share/bot_msgs/cmake/bot_msgsConfig.cmake
[0.897s] -- Up-to-date: /home/mihir/abb_bot_ws/install/bot_msgs/share/bot_msgs/cmake/bot_msgsConfig-version.cmake
[0.897s] -- Up-to-date: /home/mihir/abb_bot_ws/install/bot_msgs/share/bot_msgs/package.xml
[0.927s] Invoked command in '/home/mihir/abb_bot_ws/build/bot_msgs' returned '0': CMAKE_PREFIX_PATH=/opt/ros/humble /usr/bin/cmake --install /home/mihir/abb_bot_ws/build/bot_msgs
