[0.339s] Invoking command in '/home/mihir/abb_bot_ws/build/bot_controller': CMAKE_PREFIX_PATH=/opt/ros/humble /usr/bin/cmake --build /home/mihir/abb_bot_ws/build/bot_controller -- -j8 -l8
[0.467s] Invoked command in '/home/mihir/abb_bot_ws/build/bot_controller' returned '0': CMAKE_PREFIX_PATH=/opt/ros/humble /usr/bin/cmake --build /home/mihir/abb_bot_ws/build/bot_controller -- -j8 -l8
[0.581s] Invoking command in '/home/mihir/abb_bot_ws/build/bot_controller': CMAKE_PREFIX_PATH=/opt/ros/humble /usr/bin/cmake --install /home/mihir/abb_bot_ws/build/bot_controller
[0.603s] -- Install configuration: ""
[0.604s] -- Up-to-date: /home/mihir/abb_bot_ws/install/bot_controller/share/bot_controller/config
[0.604s] -- Up-to-date: /home/mihir/abb_bot_ws/install/bot_controller/share/bot_controller/config/bot_controllers.yaml
[0.605s] -- Up-to-date: /home/mihir/abb_bot_ws/install/bot_controller/share/bot_controller/launch
[0.606s] -- Up-to-date: /home/mihir/abb_bot_ws/install/bot_controller/share/bot_controller/launch/controller.launch.py
[0.606s] -- Up-to-date: /home/mihir/abb_bot_ws/install/bot_controller/share/ament_index/resource_index/package_run_dependencies/bot_controller
[0.607s] -- Up-to-date: /home/mihir/abb_bot_ws/install/bot_controller/share/ament_index/resource_index/parent_prefix_path/bot_controller
[0.607s] -- Up-to-date: /home/mihir/abb_bot_ws/install/bot_controller/share/bot_controller/environment/ament_prefix_path.sh
[0.607s] -- Up-to-date: /home/mihir/abb_bot_ws/install/bot_controller/share/bot_controller/environment/ament_prefix_path.dsv
[0.608s] -- Up-to-date: /home/mihir/abb_bot_ws/install/bot_controller/share/bot_controller/environment/path.sh
[0.609s] -- Up-to-date: /home/mihir/abb_bot_ws/install/bot_controller/share/bot_controller/environment/path.dsv
[0.613s] -- Up-to-date: /home/mihir/abb_bot_ws/install/bot_controller/share/bot_controller/local_setup.bash
[0.620s] -- Up-to-date: /home/mihir/abb_bot_ws/install/bot_controller/share/bot_controller/local_setup.sh
[0.621s] -- Up-to-date: /home/mihir/abb_bot_ws/install/bot_controller/share/bot_controller/local_setup.zsh
[0.622s] -- Up-to-date: /home/mihir/abb_bot_ws/install/bot_controller/share/bot_controller/local_setup.dsv
[0.622s] -- Up-to-date: /home/mihir/abb_bot_ws/install/bot_controller/share/bot_controller/package.dsv
[0.622s] -- Up-to-date: /home/mihir/abb_bot_ws/install/bot_controller/share/ament_index/resource_index/packages/bot_controller
[0.623s] -- Up-to-date: /home/mihir/abb_bot_ws/install/bot_controller/share/bot_controller/cmake/bot_controllerConfig.cmake
[0.623s] -- Up-to-date: /home/mihir/abb_bot_ws/install/bot_controller/share/bot_controller/cmake/bot_controllerConfig-version.cmake
[0.624s] -- Up-to-date: /home/mihir/abb_bot_ws/install/bot_controller/share/bot_controller/package.xml
[0.642s] Invoked command in '/home/mihir/abb_bot_ws/build/bot_controller' returned '0': CMAKE_PREFIX_PATH=/opt/ros/humble /usr/bin/cmake --install /home/mihir/abb_bot_ws/build/bot_controller
