[0.990s] DEBUG:colcon:Command line arguments: ['/usr/bin/colcon', 'build']
[0.990s] DEBUG:colcon:Parsed command line arguments: Namespace(log_base=None, log_level=None, verb_name='build', build_base='build', install_base='install', merge_install=False, symlink_install=False, test_result_base=None, continue_on_error=False, executor='parallel', parallel_workers=8, event_handlers=None, ignore_user_meta=False, metas=['./colcon.meta'], base_paths=['.'], packages_ignore=None, packages_ignore_regex=None, paths=None, packages_up_to=None, packages_up_to_regex=None, packages_above=None, packages_above_and_dependencies=None, packages_above_depth=None, packages_select_by_dep=None, packages_skip_by_dep=None, packages_skip_up_to=None, packages_select_build_failed=False, packages_skip_build_finished=False, packages_select_test_failures=False, packages_skip_test_passed=False, packages_select=None, packages_skip=None, packages_select_regex=None, packages_skip_regex=None, packages_start=None, packages_end=None, allow_overriding=[], cmake_args=None, cmake_target=None, cmake_target_skip_unavailable=False, cmake_clean_cache=False, cmake_clean_first=False, cmake_force_configure=False, ament_cmake_args=None, catkin_cmake_args=None, catkin_skip_building_tests=False, verb_parser=<colcon_defaults.argument_parser.defaults.DefaultArgumentsDecorator object at 0x7f883e045090>, verb_extension=<colcon_core.verb.build.BuildVerb object at 0x7f883e4d7e20>, main=<bound method BuildVerb.main of <colcon_core.verb.build.BuildVerb object at 0x7f883e4d7e20>>)
[1.049s] Level 1:colcon.colcon_core.package_discovery:discover_packages(colcon_meta) check parameters
[1.049s] Level 1:colcon.colcon_core.package_discovery:discover_packages(recursive) check parameters
[1.049s] Level 1:colcon.colcon_core.package_discovery:discover_packages(ignore) check parameters
[1.049s] Level 1:colcon.colcon_core.package_discovery:discover_packages(path) check parameters
[1.049s] Level 1:colcon.colcon_core.package_discovery:discover_packages(colcon_meta) discover
[1.049s] Level 1:colcon.colcon_core.package_discovery:discover_packages(recursive) discover
[1.049s] INFO:colcon.colcon_core.package_discovery:Crawling recursively for packages in '/home/mihir/abb_bot_ws'
[1.050s] Level 1:colcon.colcon_core.package_identification:_identify(.) by extensions ['ignore', 'ignore_ament_install']
[1.050s] Level 1:colcon.colcon_core.package_identification:_identify(.) by extension 'ignore'
[1.050s] Level 1:colcon.colcon_core.package_identification:_identify(.) by extension 'ignore_ament_install'
[1.050s] Level 1:colcon.colcon_core.package_identification:_identify(.) by extensions ['colcon_pkg']
[1.050s] Level 1:colcon.colcon_core.package_identification:_identify(.) by extension 'colcon_pkg'
[1.050s] Level 1:colcon.colcon_core.package_identification:_identify(.) by extensions ['colcon_meta']
[1.050s] Level 1:colcon.colcon_core.package_identification:_identify(.) by extension 'colcon_meta'
[1.050s] Level 1:colcon.colcon_core.package_identification:_identify(.) by extensions ['ros']
[1.050s] Level 1:colcon.colcon_core.package_identification:_identify(.) by extension 'ros'
[1.060s] Level 1:colcon.colcon_core.package_identification:_identify(.) by extensions ['cmake', 'python']
[1.060s] Level 1:colcon.colcon_core.package_identification:_identify(.) by extension 'cmake'
[1.060s] Level 1:colcon.colcon_core.package_identification:_identify(.) by extension 'python'
[1.060s] Level 1:colcon.colcon_core.package_identification:_identify(.) by extensions ['python_setup_py']
[1.060s] Level 1:colcon.colcon_core.package_identification:_identify(.) by extension 'python_setup_py'
[1.060s] Level 1:colcon.colcon_core.package_identification:_identify(build) by extensions ['ignore', 'ignore_ament_install']
[1.060s] Level 1:colcon.colcon_core.package_identification:_identify(build) by extension 'ignore'
[1.060s] Level 1:colcon.colcon_core.package_identification:_identify(build) ignored
[1.061s] Level 1:colcon.colcon_core.package_identification:_identify(install) by extensions ['ignore', 'ignore_ament_install']
[1.061s] Level 1:colcon.colcon_core.package_identification:_identify(install) by extension 'ignore'
[1.061s] Level 1:colcon.colcon_core.package_identification:_identify(install) ignored
[1.061s] Level 1:colcon.colcon_core.package_identification:_identify(log) by extensions ['ignore', 'ignore_ament_install']
[1.061s] Level 1:colcon.colcon_core.package_identification:_identify(log) by extension 'ignore'
[1.061s] Level 1:colcon.colcon_core.package_identification:_identify(log) ignored
[1.061s] Level 1:colcon.colcon_core.package_identification:_identify(src) by extensions ['ignore', 'ignore_ament_install']
[1.061s] Level 1:colcon.colcon_core.package_identification:_identify(src) by extension 'ignore'
[1.061s] Level 1:colcon.colcon_core.package_identification:_identify(src) by extension 'ignore_ament_install'
[1.062s] Level 1:colcon.colcon_core.package_identification:_identify(src) by extensions ['colcon_pkg']
[1.062s] Level 1:colcon.colcon_core.package_identification:_identify(src) by extension 'colcon_pkg'
[1.062s] Level 1:colcon.colcon_core.package_identification:_identify(src) by extensions ['colcon_meta']
[1.062s] Level 1:colcon.colcon_core.package_identification:_identify(src) by extension 'colcon_meta'
[1.062s] Level 1:colcon.colcon_core.package_identification:_identify(src) by extensions ['ros']
[1.062s] Level 1:colcon.colcon_core.package_identification:_identify(src) by extension 'ros'
[1.062s] Level 1:colcon.colcon_core.package_identification:_identify(src) by extensions ['cmake', 'python']
[1.062s] Level 1:colcon.colcon_core.package_identification:_identify(src) by extension 'cmake'
[1.062s] Level 1:colcon.colcon_core.package_identification:_identify(src) by extension 'python'
[1.062s] Level 1:colcon.colcon_core.package_identification:_identify(src) by extensions ['python_setup_py']
[1.062s] Level 1:colcon.colcon_core.package_identification:_identify(src) by extension 'python_setup_py'
[1.062s] Level 1:colcon.colcon_core.package_identification:_identify(src/abbbot_msgs) by extensions ['ignore', 'ignore_ament_install']
[1.062s] Level 1:colcon.colcon_core.package_identification:_identify(src/abbbot_msgs) by extension 'ignore'
[1.062s] Level 1:colcon.colcon_core.package_identification:_identify(src/abbbot_msgs) by extension 'ignore_ament_install'
[1.062s] Level 1:colcon.colcon_core.package_identification:_identify(src/abbbot_msgs) by extensions ['colcon_pkg']
[1.062s] Level 1:colcon.colcon_core.package_identification:_identify(src/abbbot_msgs) by extension 'colcon_pkg'
[1.062s] Level 1:colcon.colcon_core.package_identification:_identify(src/abbbot_msgs) by extensions ['colcon_meta']
[1.062s] Level 1:colcon.colcon_core.package_identification:_identify(src/abbbot_msgs) by extension 'colcon_meta'
[1.062s] Level 1:colcon.colcon_core.package_identification:_identify(src/abbbot_msgs) by extensions ['ros']
[1.062s] Level 1:colcon.colcon_core.package_identification:_identify(src/abbbot_msgs) by extension 'ros'
[1.065s] DEBUG:colcon.colcon_core.package_identification:Package 'src/abbbot_msgs' with type 'ros.ament_cmake' and name 'abbbot_msgs'
[1.065s] Level 1:colcon.colcon_core.package_identification:_identify(src/bot_controller) by extensions ['ignore', 'ignore_ament_install']
[1.065s] Level 1:colcon.colcon_core.package_identification:_identify(src/bot_controller) by extension 'ignore'
[1.065s] Level 1:colcon.colcon_core.package_identification:_identify(src/bot_controller) by extension 'ignore_ament_install'
[1.065s] Level 1:colcon.colcon_core.package_identification:_identify(src/bot_controller) by extensions ['colcon_pkg']
[1.066s] Level 1:colcon.colcon_core.package_identification:_identify(src/bot_controller) by extension 'colcon_pkg'
[1.066s] Level 1:colcon.colcon_core.package_identification:_identify(src/bot_controller) by extensions ['colcon_meta']
[1.066s] Level 1:colcon.colcon_core.package_identification:_identify(src/bot_controller) by extension 'colcon_meta'
[1.066s] Level 1:colcon.colcon_core.package_identification:_identify(src/bot_controller) by extensions ['ros']
[1.066s] Level 1:colcon.colcon_core.package_identification:_identify(src/bot_controller) by extension 'ros'
[1.066s] DEBUG:colcon.colcon_core.package_identification:Package 'src/bot_controller' with type 'ros.ament_cmake' and name 'bot_controller'
[1.067s] Level 1:colcon.colcon_core.package_identification:_identify(src/bot_description) by extensions ['ignore', 'ignore_ament_install']
[1.067s] Level 1:colcon.colcon_core.package_identification:_identify(src/bot_description) by extension 'ignore'
[1.067s] Level 1:colcon.colcon_core.package_identification:_identify(src/bot_description) by extension 'ignore_ament_install'
[1.067s] Level 1:colcon.colcon_core.package_identification:_identify(src/bot_description) by extensions ['colcon_pkg']
[1.067s] Level 1:colcon.colcon_core.package_identification:_identify(src/bot_description) by extension 'colcon_pkg'
[1.067s] Level 1:colcon.colcon_core.package_identification:_identify(src/bot_description) by extensions ['colcon_meta']
[1.067s] Level 1:colcon.colcon_core.package_identification:_identify(src/bot_description) by extension 'colcon_meta'
[1.067s] Level 1:colcon.colcon_core.package_identification:_identify(src/bot_description) by extensions ['ros']
[1.067s] Level 1:colcon.colcon_core.package_identification:_identify(src/bot_description) by extension 'ros'
[1.068s] DEBUG:colcon.colcon_core.package_identification:Package 'src/bot_description' with type 'ros.ament_cmake' and name 'bot_description'
[1.068s] Level 1:colcon.colcon_core.package_identification:_identify(src/bot_moveit) by extensions ['ignore', 'ignore_ament_install']
[1.068s] Level 1:colcon.colcon_core.package_identification:_identify(src/bot_moveit) by extension 'ignore'
[1.068s] Level 1:colcon.colcon_core.package_identification:_identify(src/bot_moveit) by extension 'ignore_ament_install'
[1.068s] Level 1:colcon.colcon_core.package_identification:_identify(src/bot_moveit) by extensions ['colcon_pkg']
[1.068s] Level 1:colcon.colcon_core.package_identification:_identify(src/bot_moveit) by extension 'colcon_pkg'
[1.068s] Level 1:colcon.colcon_core.package_identification:_identify(src/bot_moveit) by extensions ['colcon_meta']
[1.068s] Level 1:colcon.colcon_core.package_identification:_identify(src/bot_moveit) by extension 'colcon_meta'
[1.069s] Level 1:colcon.colcon_core.package_identification:_identify(src/bot_moveit) by extensions ['ros']
[1.069s] Level 1:colcon.colcon_core.package_identification:_identify(src/bot_moveit) by extension 'ros'
[1.069s] DEBUG:colcon.colcon_core.package_identification:Package 'src/bot_moveit' with type 'ros.ament_cmake' and name 'bot_moveit'
[1.070s] Level 1:colcon.colcon_core.package_identification:_identify(src/bot_msgs) by extensions ['ignore', 'ignore_ament_install']
[1.070s] Level 1:colcon.colcon_core.package_identification:_identify(src/bot_msgs) by extension 'ignore'
[1.070s] Level 1:colcon.colcon_core.package_identification:_identify(src/bot_msgs) by extension 'ignore_ament_install'
[1.070s] Level 1:colcon.colcon_core.package_identification:_identify(src/bot_msgs) by extensions ['colcon_pkg']
[1.070s] Level 1:colcon.colcon_core.package_identification:_identify(src/bot_msgs) by extension 'colcon_pkg'
[1.070s] Level 1:colcon.colcon_core.package_identification:_identify(src/bot_msgs) by extensions ['colcon_meta']
[1.070s] Level 1:colcon.colcon_core.package_identification:_identify(src/bot_msgs) by extension 'colcon_meta'
[1.071s] Level 1:colcon.colcon_core.package_identification:_identify(src/bot_msgs) by extensions ['ros']
[1.071s] Level 1:colcon.colcon_core.package_identification:_identify(src/bot_msgs) by extension 'ros'
[1.071s] DEBUG:colcon.colcon_core.package_identification:Package 'src/bot_msgs' with type 'ros.ament_cmake' and name 'bot_msgs'
[1.071s] Level 1:colcon.colcon_core.package_identification:_identify(src/bot_remote) by extensions ['ignore', 'ignore_ament_install']
[1.071s] Level 1:colcon.colcon_core.package_identification:_identify(src/bot_remote) by extension 'ignore'
[1.071s] Level 1:colcon.colcon_core.package_identification:_identify(src/bot_remote) by extension 'ignore_ament_install'
[1.072s] Level 1:colcon.colcon_core.package_identification:_identify(src/bot_remote) by extensions ['colcon_pkg']
[1.072s] Level 1:colcon.colcon_core.package_identification:_identify(src/bot_remote) by extension 'colcon_pkg'
[1.072s] Level 1:colcon.colcon_core.package_identification:_identify(src/bot_remote) by extensions ['colcon_meta']
[1.072s] Level 1:colcon.colcon_core.package_identification:_identify(src/bot_remote) by extension 'colcon_meta'
[1.072s] Level 1:colcon.colcon_core.package_identification:_identify(src/bot_remote) by extensions ['ros']
[1.072s] Level 1:colcon.colcon_core.package_identification:_identify(src/bot_remote) by extension 'ros'
[1.072s] DEBUG:colcon.colcon_core.package_identification:Package 'src/bot_remote' with type 'ros.ament_cmake' and name 'bot_remote'
[1.073s] Level 1:colcon.colcon_core.package_identification:_identify(src/build) by extensions ['ignore', 'ignore_ament_install']
[1.073s] Level 1:colcon.colcon_core.package_identification:_identify(src/build) by extension 'ignore'
[1.073s] Level 1:colcon.colcon_core.package_identification:_identify(src/build) ignored
[1.073s] Level 1:colcon.colcon_core.package_identification:_identify(src/install) by extensions ['ignore', 'ignore_ament_install']
[1.073s] Level 1:colcon.colcon_core.package_identification:_identify(src/install) by extension 'ignore'
[1.073s] Level 1:colcon.colcon_core.package_identification:_identify(src/install) ignored
[1.073s] Level 1:colcon.colcon_core.package_identification:_identify(src/log) by extensions ['ignore', 'ignore_ament_install']
[1.073s] Level 1:colcon.colcon_core.package_identification:_identify(src/log) by extension 'ignore'
[1.073s] Level 1:colcon.colcon_core.package_identification:_identify(src/log) ignored
[1.073s] Level 1:colcon.colcon_core.package_discovery:discover_packages(recursive) using defaults
[1.073s] Level 1:colcon.colcon_core.package_discovery:discover_packages(ignore) discover
[1.073s] Level 1:colcon.colcon_core.package_discovery:discover_packages(ignore) using defaults
[1.073s] Level 1:colcon.colcon_core.package_discovery:discover_packages(path) discover
[1.074s] Level 1:colcon.colcon_core.package_discovery:discover_packages(path) using defaults
[1.165s] Level 1:colcon.colcon_core.package_discovery:discover_packages(prefix_path) check parameters
[1.165s] Level 1:colcon.colcon_core.package_discovery:discover_packages(prefix_path) discover
[1.195s] DEBUG:colcon.colcon_installed_package_information.package_discovery:Found 360 installed packages in /opt/ros/humble
[1.197s] Level 1:colcon.colcon_core.package_discovery:discover_packages(prefix_path) using defaults
[1.325s] Level 5:colcon.colcon_core.verb:set package 'abbbot_msgs' build argument 'cmake_args' from command line to 'None'
[1.326s] Level 5:colcon.colcon_core.verb:set package 'abbbot_msgs' build argument 'cmake_target' from command line to 'None'
[1.326s] Level 5:colcon.colcon_core.verb:set package 'abbbot_msgs' build argument 'cmake_target_skip_unavailable' from command line to 'False'
[1.326s] Level 5:colcon.colcon_core.verb:set package 'abbbot_msgs' build argument 'cmake_clean_cache' from command line to 'False'
[1.326s] Level 5:colcon.colcon_core.verb:set package 'abbbot_msgs' build argument 'cmake_clean_first' from command line to 'False'
[1.326s] Level 5:colcon.colcon_core.verb:set package 'abbbot_msgs' build argument 'cmake_force_configure' from command line to 'False'
[1.326s] Level 5:colcon.colcon_core.verb:set package 'abbbot_msgs' build argument 'ament_cmake_args' from command line to 'None'
[1.326s] Level 5:colcon.colcon_core.verb:set package 'abbbot_msgs' build argument 'catkin_cmake_args' from command line to 'None'
[1.326s] Level 5:colcon.colcon_core.verb:set package 'abbbot_msgs' build argument 'catkin_skip_building_tests' from command line to 'False'
[1.326s] DEBUG:colcon.colcon_core.verb:Building package 'abbbot_msgs' with the following arguments: {'ament_cmake_args': None, 'build_base': '/home/mihir/abb_bot_ws/build/abbbot_msgs', 'catkin_cmake_args': None, 'catkin_skip_building_tests': False, 'cmake_args': None, 'cmake_clean_cache': False, 'cmake_clean_first': False, 'cmake_force_configure': False, 'cmake_target': None, 'cmake_target_skip_unavailable': False, 'install_base': '/home/mihir/abb_bot_ws/install/abbbot_msgs', 'merge_install': False, 'path': '/home/mihir/abb_bot_ws/src/abbbot_msgs', 'symlink_install': False, 'test_result_base': None}
[1.343s] Level 5:colcon.colcon_core.verb:set package 'bot_controller' build argument 'cmake_args' from command line to 'None'
[1.343s] Level 5:colcon.colcon_core.verb:set package 'bot_controller' build argument 'cmake_target' from command line to 'None'
[1.343s] Level 5:colcon.colcon_core.verb:set package 'bot_controller' build argument 'cmake_target_skip_unavailable' from command line to 'False'
[1.343s] Level 5:colcon.colcon_core.verb:set package 'bot_controller' build argument 'cmake_clean_cache' from command line to 'False'
[1.343s] Level 5:colcon.colcon_core.verb:set package 'bot_controller' build argument 'cmake_clean_first' from command line to 'False'
[1.343s] Level 5:colcon.colcon_core.verb:set package 'bot_controller' build argument 'cmake_force_configure' from command line to 'False'
[1.343s] Level 5:colcon.colcon_core.verb:set package 'bot_controller' build argument 'ament_cmake_args' from command line to 'None'
[1.343s] Level 5:colcon.colcon_core.verb:set package 'bot_controller' build argument 'catkin_cmake_args' from command line to 'None'
[1.343s] Level 5:colcon.colcon_core.verb:set package 'bot_controller' build argument 'catkin_skip_building_tests' from command line to 'False'
[1.343s] DEBUG:colcon.colcon_core.verb:Building package 'bot_controller' with the following arguments: {'ament_cmake_args': None, 'build_base': '/home/mihir/abb_bot_ws/build/bot_controller', 'catkin_cmake_args': None, 'catkin_skip_building_tests': False, 'cmake_args': None, 'cmake_clean_cache': False, 'cmake_clean_first': False, 'cmake_force_configure': False, 'cmake_target': None, 'cmake_target_skip_unavailable': False, 'install_base': '/home/mihir/abb_bot_ws/install/bot_controller', 'merge_install': False, 'path': '/home/mihir/abb_bot_ws/src/bot_controller', 'symlink_install': False, 'test_result_base': None}
[1.358s] Level 5:colcon.colcon_core.verb:set package 'bot_description' build argument 'cmake_args' from command line to 'None'
[1.358s] Level 5:colcon.colcon_core.verb:set package 'bot_description' build argument 'cmake_target' from command line to 'None'
[1.358s] Level 5:colcon.colcon_core.verb:set package 'bot_description' build argument 'cmake_target_skip_unavailable' from command line to 'False'
[1.358s] Level 5:colcon.colcon_core.verb:set package 'bot_description' build argument 'cmake_clean_cache' from command line to 'False'
[1.358s] Level 5:colcon.colcon_core.verb:set package 'bot_description' build argument 'cmake_clean_first' from command line to 'False'
[1.358s] Level 5:colcon.colcon_core.verb:set package 'bot_description' build argument 'cmake_force_configure' from command line to 'False'
[1.358s] Level 5:colcon.colcon_core.verb:set package 'bot_description' build argument 'ament_cmake_args' from command line to 'None'
[1.358s] Level 5:colcon.colcon_core.verb:set package 'bot_description' build argument 'catkin_cmake_args' from command line to 'None'
[1.358s] Level 5:colcon.colcon_core.verb:set package 'bot_description' build argument 'catkin_skip_building_tests' from command line to 'False'
[1.359s] DEBUG:colcon.colcon_core.verb:Building package 'bot_description' with the following arguments: {'ament_cmake_args': None, 'build_base': '/home/mihir/abb_bot_ws/build/bot_description', 'catkin_cmake_args': None, 'catkin_skip_building_tests': False, 'cmake_args': None, 'cmake_clean_cache': False, 'cmake_clean_first': False, 'cmake_force_configure': False, 'cmake_target': None, 'cmake_target_skip_unavailable': False, 'install_base': '/home/mihir/abb_bot_ws/install/bot_description', 'merge_install': False, 'path': '/home/mihir/abb_bot_ws/src/bot_description', 'symlink_install': False, 'test_result_base': None}
[1.375s] Level 5:colcon.colcon_core.verb:set package 'bot_moveit' build argument 'cmake_args' from command line to 'None'
[1.375s] Level 5:colcon.colcon_core.verb:set package 'bot_moveit' build argument 'cmake_target' from command line to 'None'
[1.375s] Level 5:colcon.colcon_core.verb:set package 'bot_moveit' build argument 'cmake_target_skip_unavailable' from command line to 'False'
[1.375s] Level 5:colcon.colcon_core.verb:set package 'bot_moveit' build argument 'cmake_clean_cache' from command line to 'False'
[1.375s] Level 5:colcon.colcon_core.verb:set package 'bot_moveit' build argument 'cmake_clean_first' from command line to 'False'
[1.375s] Level 5:colcon.colcon_core.verb:set package 'bot_moveit' build argument 'cmake_force_configure' from command line to 'False'
[1.375s] Level 5:colcon.colcon_core.verb:set package 'bot_moveit' build argument 'ament_cmake_args' from command line to 'None'
[1.375s] Level 5:colcon.colcon_core.verb:set package 'bot_moveit' build argument 'catkin_cmake_args' from command line to 'None'
[1.375s] Level 5:colcon.colcon_core.verb:set package 'bot_moveit' build argument 'catkin_skip_building_tests' from command line to 'False'
[1.375s] DEBUG:colcon.colcon_core.verb:Building package 'bot_moveit' with the following arguments: {'ament_cmake_args': None, 'build_base': '/home/mihir/abb_bot_ws/build/bot_moveit', 'catkin_cmake_args': None, 'catkin_skip_building_tests': False, 'cmake_args': None, 'cmake_clean_cache': False, 'cmake_clean_first': False, 'cmake_force_configure': False, 'cmake_target': None, 'cmake_target_skip_unavailable': False, 'install_base': '/home/mihir/abb_bot_ws/install/bot_moveit', 'merge_install': False, 'path': '/home/mihir/abb_bot_ws/src/bot_moveit', 'symlink_install': False, 'test_result_base': None}
[1.392s] Level 5:colcon.colcon_core.verb:set package 'bot_msgs' build argument 'cmake_args' from command line to 'None'
[1.392s] Level 5:colcon.colcon_core.verb:set package 'bot_msgs' build argument 'cmake_target' from command line to 'None'
[1.392s] Level 5:colcon.colcon_core.verb:set package 'bot_msgs' build argument 'cmake_target_skip_unavailable' from command line to 'False'
[1.392s] Level 5:colcon.colcon_core.verb:set package 'bot_msgs' build argument 'cmake_clean_cache' from command line to 'False'
[1.392s] Level 5:colcon.colcon_core.verb:set package 'bot_msgs' build argument 'cmake_clean_first' from command line to 'False'
[1.392s] Level 5:colcon.colcon_core.verb:set package 'bot_msgs' build argument 'cmake_force_configure' from command line to 'False'
[1.392s] Level 5:colcon.colcon_core.verb:set package 'bot_msgs' build argument 'ament_cmake_args' from command line to 'None'
[1.392s] Level 5:colcon.colcon_core.verb:set package 'bot_msgs' build argument 'catkin_cmake_args' from command line to 'None'
[1.392s] Level 5:colcon.colcon_core.verb:set package 'bot_msgs' build argument 'catkin_skip_building_tests' from command line to 'False'
[1.392s] DEBUG:colcon.colcon_core.verb:Building package 'bot_msgs' with the following arguments: {'ament_cmake_args': None, 'build_base': '/home/mihir/abb_bot_ws/build/bot_msgs', 'catkin_cmake_args': None, 'catkin_skip_building_tests': False, 'cmake_args': None, 'cmake_clean_cache': False, 'cmake_clean_first': False, 'cmake_force_configure': False, 'cmake_target': None, 'cmake_target_skip_unavailable': False, 'install_base': '/home/mihir/abb_bot_ws/install/bot_msgs', 'merge_install': False, 'path': '/home/mihir/abb_bot_ws/src/bot_msgs', 'symlink_install': False, 'test_result_base': None}
[1.407s] Level 5:colcon.colcon_core.verb:set package 'bot_remote' build argument 'cmake_args' from command line to 'None'
[1.407s] Level 5:colcon.colcon_core.verb:set package 'bot_remote' build argument 'cmake_target' from command line to 'None'
[1.407s] Level 5:colcon.colcon_core.verb:set package 'bot_remote' build argument 'cmake_target_skip_unavailable' from command line to 'False'
[1.407s] Level 5:colcon.colcon_core.verb:set package 'bot_remote' build argument 'cmake_clean_cache' from command line to 'False'
[1.407s] Level 5:colcon.colcon_core.verb:set package 'bot_remote' build argument 'cmake_clean_first' from command line to 'False'
[1.407s] Level 5:colcon.colcon_core.verb:set package 'bot_remote' build argument 'cmake_force_configure' from command line to 'False'
[1.407s] Level 5:colcon.colcon_core.verb:set package 'bot_remote' build argument 'ament_cmake_args' from command line to 'None'
[1.407s] Level 5:colcon.colcon_core.verb:set package 'bot_remote' build argument 'catkin_cmake_args' from command line to 'None'
[1.407s] Level 5:colcon.colcon_core.verb:set package 'bot_remote' build argument 'catkin_skip_building_tests' from command line to 'False'
[1.407s] DEBUG:colcon.colcon_core.verb:Building package 'bot_remote' with the following arguments: {'ament_cmake_args': None, 'build_base': '/home/mihir/abb_bot_ws/build/bot_remote', 'catkin_cmake_args': None, 'catkin_skip_building_tests': False, 'cmake_args': None, 'cmake_clean_cache': False, 'cmake_clean_first': False, 'cmake_force_configure': False, 'cmake_target': None, 'cmake_target_skip_unavailable': False, 'install_base': '/home/mihir/abb_bot_ws/install/bot_remote', 'merge_install': False, 'path': '/home/mihir/abb_bot_ws/src/bot_remote', 'symlink_install': False, 'test_result_base': None}
[1.421s] INFO:colcon.colcon_core.executor:Executing jobs using 'parallel' executor
[1.438s] DEBUG:colcon.colcon_parallel_executor.executor.parallel:run_until_complete
[1.438s] INFO:colcon.colcon_ros.task.ament_cmake.build:Building ROS package in '/home/mihir/abb_bot_ws/src/abbbot_msgs' with build type 'ament_cmake'
[1.439s] INFO:colcon.colcon_cmake.task.cmake.build:Building CMake package in '/home/mihir/abb_bot_ws/src/abbbot_msgs'
[1.457s] INFO:colcon.colcon_core.plugin_system:Skipping extension 'colcon_core.shell.bat': Not used on non-Windows systems
[1.457s] INFO:colcon.colcon_core.shell:Skip shell extension 'powershell' for command environment: Not usable outside of PowerShell
[1.457s] DEBUG:colcon.colcon_core.shell:Skip shell extension 'dsv' for command environment
[1.491s] INFO:colcon.colcon_ros.task.ament_cmake.build:Building ROS package in '/home/mihir/abb_bot_ws/src/bot_controller' with build type 'ament_cmake'
[1.491s] INFO:colcon.colcon_cmake.task.cmake.build:Building CMake package in '/home/mihir/abb_bot_ws/src/bot_controller'
[1.509s] INFO:colcon.colcon_core.shell:Skip shell extension 'powershell' for command environment: Not usable outside of PowerShell
[1.510s] DEBUG:colcon.colcon_core.shell:Skip shell extension 'dsv' for command environment
[1.541s] INFO:colcon.colcon_ros.task.ament_cmake.build:Building ROS package in '/home/mihir/abb_bot_ws/src/bot_description' with build type 'ament_cmake'
[1.541s] INFO:colcon.colcon_cmake.task.cmake.build:Building CMake package in '/home/mihir/abb_bot_ws/src/bot_description'
[1.559s] INFO:colcon.colcon_core.shell:Skip shell extension 'powershell' for command environment: Not usable outside of PowerShell
[1.559s] DEBUG:colcon.colcon_core.shell:Skip shell extension 'dsv' for command environment
[1.600s] INFO:colcon.colcon_ros.task.ament_cmake.build:Building ROS package in '/home/mihir/abb_bot_ws/src/bot_moveit' with build type 'ament_cmake'
[1.600s] INFO:colcon.colcon_cmake.task.cmake.build:Building CMake package in '/home/mihir/abb_bot_ws/src/bot_moveit'
[1.619s] INFO:colcon.colcon_core.shell:Skip shell extension 'powershell' for command environment: Not usable outside of PowerShell
[1.619s] DEBUG:colcon.colcon_core.shell:Skip shell extension 'dsv' for command environment
[1.654s] INFO:colcon.colcon_ros.task.ament_cmake.build:Building ROS package in '/home/mihir/abb_bot_ws/src/bot_msgs' with build type 'ament_cmake'
[1.654s] INFO:colcon.colcon_cmake.task.cmake.build:Building CMake package in '/home/mihir/abb_bot_ws/src/bot_msgs'
[1.671s] INFO:colcon.colcon_core.shell:Skip shell extension 'powershell' for command environment: Not usable outside of PowerShell
[1.671s] DEBUG:colcon.colcon_core.shell:Skip shell extension 'dsv' for command environment
[1.701s] INFO:colcon.colcon_ros.task.ament_cmake.build:Building ROS package in '/home/mihir/abb_bot_ws/src/bot_remote' with build type 'ament_cmake'
[1.702s] INFO:colcon.colcon_cmake.task.cmake.build:Building CMake package in '/home/mihir/abb_bot_ws/src/bot_remote'
[1.718s] INFO:colcon.colcon_core.shell:Skip shell extension 'powershell' for command environment: Not usable outside of PowerShell
[1.719s] DEBUG:colcon.colcon_core.shell:Skip shell extension 'dsv' for command environment
[1.757s] DEBUG:colcon.colcon_core.event_handler.log_command:Invoking command in '/home/mihir/abb_bot_ws/build/abbbot_msgs': CMAKE_PREFIX_PATH=/opt/ros/humble /usr/bin/cmake --build /home/mihir/abb_bot_ws/build/abbbot_msgs -- -j8 -l8
[1.761s] DEBUG:colcon.colcon_core.event_handler.log_command:Invoking command in '/home/mihir/abb_bot_ws/build/bot_controller': CMAKE_PREFIX_PATH=/opt/ros/humble /usr/bin/cmake --build /home/mihir/abb_bot_ws/build/bot_controller -- -j8 -l8
[1.765s] DEBUG:colcon.colcon_core.event_handler.log_command:Invoking command in '/home/mihir/abb_bot_ws/build/bot_description': CMAKE_PREFIX_PATH=/opt/ros/humble /usr/bin/cmake --build /home/mihir/abb_bot_ws/build/bot_description -- -j8 -l8
[1.770s] DEBUG:colcon.colcon_core.event_handler.log_command:Invoking command in '/home/mihir/abb_bot_ws/build/bot_moveit': CMAKE_PREFIX_PATH=/opt/ros/humble /usr/bin/cmake --build /home/mihir/abb_bot_ws/build/bot_moveit -- -j8 -l8
[1.773s] DEBUG:colcon.colcon_core.event_handler.log_command:Invoking command in '/home/mihir/abb_bot_ws/build/bot_msgs': CMAKE_PREFIX_PATH=/opt/ros/humble /usr/bin/cmake --build /home/mihir/abb_bot_ws/build/bot_msgs -- -j8 -l8
[1.784s] DEBUG:colcon.colcon_core.event_handler.log_command:Invoking command in '/home/mihir/abb_bot_ws/build/bot_remote': CMAKE_PREFIX_PATH=/opt/ros/humble /usr/bin/cmake --build /home/mihir/abb_bot_ws/build/bot_remote -- -j8 -l8
[1.813s] DEBUG:colcon.colcon_core.event_handler.log_command:Invoked command in '/home/mihir/abb_bot_ws/build/bot_controller' returned '0': CMAKE_PREFIX_PATH=/opt/ros/humble /usr/bin/cmake --build /home/mihir/abb_bot_ws/build/bot_controller -- -j8 -l8
[1.818s] DEBUG:colcon.colcon_core.event_handler.log_command:Invoked command in '/home/mihir/abb_bot_ws/build/bot_description' returned '0': CMAKE_PREFIX_PATH=/opt/ros/humble /usr/bin/cmake --build /home/mihir/abb_bot_ws/build/bot_description -- -j8 -l8
[1.827s] DEBUG:colcon.colcon_core.event_handler.log_command:Invoked command in '/home/mihir/abb_bot_ws/build/bot_moveit' returned '0': CMAKE_PREFIX_PATH=/opt/ros/humble /usr/bin/cmake --build /home/mihir/abb_bot_ws/build/bot_moveit -- -j8 -l8
[1.875s] DEBUG:colcon.colcon_core.event_handler.log_command:Invoking command in '/home/mihir/abb_bot_ws/build/bot_controller': CMAKE_PREFIX_PATH=/opt/ros/humble /usr/bin/cmake --install /home/mihir/abb_bot_ws/build/bot_controller
[1.880s] DEBUG:colcon.colcon_core.event_handler.log_command:Invoking command in '/home/mihir/abb_bot_ws/build/bot_description': CMAKE_PREFIX_PATH=/opt/ros/humble /usr/bin/cmake --install /home/mihir/abb_bot_ws/build/bot_description
[1.901s] DEBUG:colcon.colcon_core.event_handler.log_command:Invoking command in '/home/mihir/abb_bot_ws/build/bot_moveit': CMAKE_PREFIX_PATH=/opt/ros/humble /usr/bin/cmake --install /home/mihir/abb_bot_ws/build/bot_moveit
[1.907s] Level 1:colcon.colcon_core.environment:create_environment_scripts_only(bot_controller)
[1.921s] DEBUG:colcon.colcon_core.event_handler.log_command:Invoked command in '/home/mihir/abb_bot_ws/build/bot_controller' returned '0': CMAKE_PREFIX_PATH=/opt/ros/humble /usr/bin/cmake --install /home/mihir/abb_bot_ws/build/bot_controller
[1.956s] Level 1:colcon.colcon_core.environment:checking '/home/mihir/abb_bot_ws/install/bot_controller' for CMake module files
[1.956s] Level 1:colcon.colcon_core.environment:checking '/home/mihir/abb_bot_ws/install/bot_controller' for CMake config files
[1.957s] Level 1:colcon.colcon_core.shell:create_environment_hook('bot_controller', 'cmake_prefix_path')
[1.988s] INFO:colcon.colcon_core.shell:Creating environment hook '/home/mihir/abb_bot_ws/install/bot_controller/share/bot_controller/hook/cmake_prefix_path.ps1'
[1.989s] INFO:colcon.colcon_core.shell:Creating environment descriptor '/home/mihir/abb_bot_ws/install/bot_controller/share/bot_controller/hook/cmake_prefix_path.dsv'
[1.990s] INFO:colcon.colcon_core.shell:Creating environment hook '/home/mihir/abb_bot_ws/install/bot_controller/share/bot_controller/hook/cmake_prefix_path.sh'
[1.991s] Level 1:colcon.colcon_core.environment:checking '/home/mihir/abb_bot_ws/install/bot_controller/bin'
[1.991s] Level 1:colcon.colcon_core.environment:checking '/home/mihir/abb_bot_ws/install/bot_controller/lib/pkgconfig/bot_controller.pc'
[1.992s] Level 1:colcon.colcon_core.environment:checking '/home/mihir/abb_bot_ws/install/bot_controller/lib/python3.10/site-packages'
[1.992s] Level 1:colcon.colcon_core.environment:checking '/home/mihir/abb_bot_ws/install/bot_controller/bin'
[2.024s] INFO:colcon.colcon_core.shell:Creating package script '/home/mihir/abb_bot_ws/install/bot_controller/share/bot_controller/package.ps1'
[2.026s] INFO:colcon.colcon_core.shell:Creating package descriptor '/home/mihir/abb_bot_ws/install/bot_controller/share/bot_controller/package.dsv'
[2.027s] INFO:colcon.colcon_core.shell:Creating package script '/home/mihir/abb_bot_ws/install/bot_controller/share/bot_controller/package.sh'
[2.029s] INFO:colcon.colcon_core.shell:Creating package script '/home/mihir/abb_bot_ws/install/bot_controller/share/bot_controller/package.bash'
[2.031s] INFO:colcon.colcon_core.shell:Creating package script '/home/mihir/abb_bot_ws/install/bot_controller/share/bot_controller/package.zsh'
[2.032s] Level 1:colcon.colcon_core.environment:create_file_with_runtime_dependencies(/home/mihir/abb_bot_ws/install/bot_controller/share/colcon-core/packages/bot_controller)
[2.036s] Level 1:colcon.colcon_core.environment:create_environment_scripts_only(bot_description)
[2.037s] DEBUG:colcon.colcon_core.event_handler.log_command:Invoked command in '/home/mihir/abb_bot_ws/build/bot_description' returned '0': CMAKE_PREFIX_PATH=/opt/ros/humble /usr/bin/cmake --install /home/mihir/abb_bot_ws/build/bot_description
[2.061s] Level 1:colcon.colcon_core.environment:checking '/home/mihir/abb_bot_ws/install/bot_description' for CMake module files
[2.062s] Level 1:colcon.colcon_core.environment:checking '/home/mihir/abb_bot_ws/install/bot_description' for CMake config files
[2.062s] Level 1:colcon.colcon_core.shell:create_environment_hook('bot_description', 'cmake_prefix_path')
[2.083s] INFO:colcon.colcon_core.shell:Creating environment hook '/home/mihir/abb_bot_ws/install/bot_description/share/bot_description/hook/cmake_prefix_path.ps1'
[2.084s] INFO:colcon.colcon_core.shell:Creating environment descriptor '/home/mihir/abb_bot_ws/install/bot_description/share/bot_description/hook/cmake_prefix_path.dsv'
[2.085s] INFO:colcon.colcon_core.shell:Creating environment hook '/home/mihir/abb_bot_ws/install/bot_description/share/bot_description/hook/cmake_prefix_path.sh'
[2.085s] Level 1:colcon.colcon_core.environment:checking '/home/mihir/abb_bot_ws/install/bot_description/lib'
[2.086s] Level 1:colcon.colcon_core.environment:checking '/home/mihir/abb_bot_ws/install/bot_description/bin'
[2.086s] Level 1:colcon.colcon_core.environment:checking '/home/mihir/abb_bot_ws/install/bot_description/lib/pkgconfig/bot_description.pc'
[2.086s] Level 1:colcon.colcon_core.environment:checking '/home/mihir/abb_bot_ws/install/bot_description/lib/python3.10/site-packages'
[2.086s] Level 1:colcon.colcon_core.shell:create_environment_hook('bot_description', 'pythonpath')
[2.117s] INFO:colcon.colcon_core.shell:Creating environment hook '/home/mihir/abb_bot_ws/install/bot_description/share/bot_description/hook/pythonpath.ps1'
[2.118s] INFO:colcon.colcon_core.shell:Creating environment descriptor '/home/mihir/abb_bot_ws/install/bot_description/share/bot_description/hook/pythonpath.dsv'
[2.118s] INFO:colcon.colcon_core.shell:Creating environment hook '/home/mihir/abb_bot_ws/install/bot_description/share/bot_description/hook/pythonpath.sh'
[2.119s] Level 1:colcon.colcon_core.environment:checking '/home/mihir/abb_bot_ws/install/bot_description/bin'
[2.146s] INFO:colcon.colcon_core.shell:Creating package script '/home/mihir/abb_bot_ws/install/bot_description/share/bot_description/package.ps1'
[2.147s] INFO:colcon.colcon_core.shell:Creating package descriptor '/home/mihir/abb_bot_ws/install/bot_description/share/bot_description/package.dsv'
[2.148s] INFO:colcon.colcon_core.shell:Creating package script '/home/mihir/abb_bot_ws/install/bot_description/share/bot_description/package.sh'
[2.148s] INFO:colcon.colcon_core.shell:Creating package script '/home/mihir/abb_bot_ws/install/bot_description/share/bot_description/package.bash'
[2.149s] INFO:colcon.colcon_core.shell:Creating package script '/home/mihir/abb_bot_ws/install/bot_description/share/bot_description/package.zsh'
[2.149s] Level 1:colcon.colcon_core.environment:create_file_with_runtime_dependencies(/home/mihir/abb_bot_ws/install/bot_description/share/colcon-core/packages/bot_description)
[2.152s] Level 1:colcon.colcon_core.environment:create_environment_scripts_only(bot_moveit)
[2.153s] DEBUG:colcon.colcon_core.event_handler.log_command:Invoked command in '/home/mihir/abb_bot_ws/build/bot_moveit' returned '0': CMAKE_PREFIX_PATH=/opt/ros/humble /usr/bin/cmake --install /home/mihir/abb_bot_ws/build/bot_moveit
[2.191s] Level 1:colcon.colcon_core.environment:checking '/home/mihir/abb_bot_ws/install/bot_moveit' for CMake module files
[2.192s] Level 1:colcon.colcon_core.environment:checking '/home/mihir/abb_bot_ws/install/bot_moveit' for CMake config files
[2.192s] Level 1:colcon.colcon_core.shell:create_environment_hook('bot_moveit', 'cmake_prefix_path')
[2.228s] INFO:colcon.colcon_core.shell:Creating environment hook '/home/mihir/abb_bot_ws/install/bot_moveit/share/bot_moveit/hook/cmake_prefix_path.ps1'
[2.228s] INFO:colcon.colcon_core.shell:Creating environment descriptor '/home/mihir/abb_bot_ws/install/bot_moveit/share/bot_moveit/hook/cmake_prefix_path.dsv'
[2.229s] INFO:colcon.colcon_core.shell:Creating environment hook '/home/mihir/abb_bot_ws/install/bot_moveit/share/bot_moveit/hook/cmake_prefix_path.sh'
[2.230s] Level 1:colcon.colcon_core.environment:checking '/home/mihir/abb_bot_ws/install/bot_moveit/bin'
[2.230s] Level 1:colcon.colcon_core.environment:checking '/home/mihir/abb_bot_ws/install/bot_moveit/lib/pkgconfig/bot_moveit.pc'
[2.230s] Level 1:colcon.colcon_core.environment:checking '/home/mihir/abb_bot_ws/install/bot_moveit/lib/python3.10/site-packages'
[2.231s] Level 1:colcon.colcon_core.environment:checking '/home/mihir/abb_bot_ws/install/bot_moveit/bin'
[2.266s] INFO:colcon.colcon_core.shell:Creating package script '/home/mihir/abb_bot_ws/install/bot_moveit/share/bot_moveit/package.ps1'
[2.267s] INFO:colcon.colcon_core.shell:Creating package descriptor '/home/mihir/abb_bot_ws/install/bot_moveit/share/bot_moveit/package.dsv'
[2.267s] INFO:colcon.colcon_core.shell:Creating package script '/home/mihir/abb_bot_ws/install/bot_moveit/share/bot_moveit/package.sh'
[2.268s] INFO:colcon.colcon_core.shell:Creating package script '/home/mihir/abb_bot_ws/install/bot_moveit/share/bot_moveit/package.bash'
[2.268s] INFO:colcon.colcon_core.shell:Creating package script '/home/mihir/abb_bot_ws/install/bot_moveit/share/bot_moveit/package.zsh'
[2.269s] Level 1:colcon.colcon_core.environment:create_file_with_runtime_dependencies(/home/mihir/abb_bot_ws/install/bot_moveit/share/colcon-core/packages/bot_moveit)
[2.300s] Level 1:colcon.colcon_core.environment:create_environment_scripts_only(bot_controller)
[2.326s] Level 1:colcon.colcon_core.environment:checking '/home/mihir/abb_bot_ws/install/bot_controller' for CMake module files
[2.327s] Level 1:colcon.colcon_core.environment:checking '/home/mihir/abb_bot_ws/install/bot_controller' for CMake config files
[2.327s] Level 1:colcon.colcon_core.shell:create_environment_hook('bot_controller', 'cmake_prefix_path')
[2.354s] INFO:colcon.colcon_core.shell:Creating environment hook '/home/mihir/abb_bot_ws/install/bot_controller/share/bot_controller/hook/cmake_prefix_path.ps1'
[2.355s] INFO:colcon.colcon_core.shell:Creating environment descriptor '/home/mihir/abb_bot_ws/install/bot_controller/share/bot_controller/hook/cmake_prefix_path.dsv'
[2.356s] INFO:colcon.colcon_core.shell:Creating environment hook '/home/mihir/abb_bot_ws/install/bot_controller/share/bot_controller/hook/cmake_prefix_path.sh'
[2.356s] Level 1:colcon.colcon_core.environment:checking '/home/mihir/abb_bot_ws/install/bot_controller/bin'
[2.356s] Level 1:colcon.colcon_core.environment:checking '/home/mihir/abb_bot_ws/install/bot_controller/lib/pkgconfig/bot_controller.pc'
[2.357s] Level 1:colcon.colcon_core.environment:checking '/home/mihir/abb_bot_ws/install/bot_controller/lib/python3.10/site-packages'
[2.357s] Level 1:colcon.colcon_core.environment:checking '/home/mihir/abb_bot_ws/install/bot_controller/bin'
[2.383s] INFO:colcon.colcon_core.shell:Creating package script '/home/mihir/abb_bot_ws/install/bot_controller/share/bot_controller/package.ps1'
[2.384s] INFO:colcon.colcon_core.shell:Creating package descriptor '/home/mihir/abb_bot_ws/install/bot_controller/share/bot_controller/package.dsv'
[2.385s] INFO:colcon.colcon_core.shell:Creating package script '/home/mihir/abb_bot_ws/install/bot_controller/share/bot_controller/package.sh'
[2.385s] INFO:colcon.colcon_core.shell:Creating package script '/home/mihir/abb_bot_ws/install/bot_controller/share/bot_controller/package.bash'
[2.386s] INFO:colcon.colcon_core.shell:Creating package script '/home/mihir/abb_bot_ws/install/bot_controller/share/bot_controller/package.zsh'
[2.387s] Level 1:colcon.colcon_core.environment:create_file_with_runtime_dependencies(/home/mihir/abb_bot_ws/install/bot_controller/share/colcon-core/packages/bot_controller)
[2.422s] Level 1:colcon.colcon_core.environment:create_environment_scripts_only(bot_description)
[2.452s] Level 1:colcon.colcon_core.environment:checking '/home/mihir/abb_bot_ws/install/bot_description' for CMake module files
[2.453s] Level 1:colcon.colcon_core.environment:checking '/home/mihir/abb_bot_ws/install/bot_description' for CMake config files
[2.453s] Level 1:colcon.colcon_core.shell:create_environment_hook('bot_description', 'cmake_prefix_path')
[2.479s] INFO:colcon.colcon_core.shell:Creating environment hook '/home/mihir/abb_bot_ws/install/bot_description/share/bot_description/hook/cmake_prefix_path.ps1'
[2.480s] INFO:colcon.colcon_core.shell:Creating environment descriptor '/home/mihir/abb_bot_ws/install/bot_description/share/bot_description/hook/cmake_prefix_path.dsv'
[2.480s] INFO:colcon.colcon_core.shell:Creating environment hook '/home/mihir/abb_bot_ws/install/bot_description/share/bot_description/hook/cmake_prefix_path.sh'
[2.481s] Level 1:colcon.colcon_core.environment:checking '/home/mihir/abb_bot_ws/install/bot_description/lib'
[2.481s] Level 1:colcon.colcon_core.environment:checking '/home/mihir/abb_bot_ws/install/bot_description/bin'
[2.481s] Level 1:colcon.colcon_core.environment:checking '/home/mihir/abb_bot_ws/install/bot_description/lib/pkgconfig/bot_description.pc'
[2.482s] Level 1:colcon.colcon_core.environment:checking '/home/mihir/abb_bot_ws/install/bot_description/lib/python3.10/site-packages'
[2.482s] Level 1:colcon.colcon_core.shell:create_environment_hook('bot_description', 'pythonpath')
[2.504s] INFO:colcon.colcon_core.shell:Creating environment hook '/home/mihir/abb_bot_ws/install/bot_description/share/bot_description/hook/pythonpath.ps1'
[2.504s] INFO:colcon.colcon_core.shell:Creating environment descriptor '/home/mihir/abb_bot_ws/install/bot_description/share/bot_description/hook/pythonpath.dsv'
[2.505s] INFO:colcon.colcon_core.shell:Creating environment hook '/home/mihir/abb_bot_ws/install/bot_description/share/bot_description/hook/pythonpath.sh'
[2.505s] Level 1:colcon.colcon_core.environment:checking '/home/mihir/abb_bot_ws/install/bot_description/bin'
[2.525s] INFO:colcon.colcon_core.shell:Creating package script '/home/mihir/abb_bot_ws/install/bot_description/share/bot_description/package.ps1'
[2.525s] INFO:colcon.colcon_core.shell:Creating package descriptor '/home/mihir/abb_bot_ws/install/bot_description/share/bot_description/package.dsv'
[2.526s] INFO:colcon.colcon_core.shell:Creating package script '/home/mihir/abb_bot_ws/install/bot_description/share/bot_description/package.sh'
[2.526s] INFO:colcon.colcon_core.shell:Creating package script '/home/mihir/abb_bot_ws/install/bot_description/share/bot_description/package.bash'
[2.527s] INFO:colcon.colcon_core.shell:Creating package script '/home/mihir/abb_bot_ws/install/bot_description/share/bot_description/package.zsh'
[2.527s] Level 1:colcon.colcon_core.environment:create_file_with_runtime_dependencies(/home/mihir/abb_bot_ws/install/bot_description/share/colcon-core/packages/bot_description)
[2.551s] Level 1:colcon.colcon_core.environment:create_environment_scripts_only(bot_moveit)
[2.574s] Level 1:colcon.colcon_core.environment:checking '/home/mihir/abb_bot_ws/install/bot_moveit' for CMake module files
[2.574s] Level 1:colcon.colcon_core.environment:checking '/home/mihir/abb_bot_ws/install/bot_moveit' for CMake config files
[2.574s] Level 1:colcon.colcon_core.shell:create_environment_hook('bot_moveit', 'cmake_prefix_path')
[2.595s] INFO:colcon.colcon_core.shell:Creating environment hook '/home/mihir/abb_bot_ws/install/bot_moveit/share/bot_moveit/hook/cmake_prefix_path.ps1'
[2.596s] INFO:colcon.colcon_core.shell:Creating environment descriptor '/home/mihir/abb_bot_ws/install/bot_moveit/share/bot_moveit/hook/cmake_prefix_path.dsv'
[2.596s] INFO:colcon.colcon_core.shell:Creating environment hook '/home/mihir/abb_bot_ws/install/bot_moveit/share/bot_moveit/hook/cmake_prefix_path.sh'
[2.597s] Level 1:colcon.colcon_core.environment:checking '/home/mihir/abb_bot_ws/install/bot_moveit/bin'
[2.597s] Level 1:colcon.colcon_core.environment:checking '/home/mihir/abb_bot_ws/install/bot_moveit/lib/pkgconfig/bot_moveit.pc'
[2.597s] Level 1:colcon.colcon_core.environment:checking '/home/mihir/abb_bot_ws/install/bot_moveit/lib/python3.10/site-packages'
[2.597s] Level 1:colcon.colcon_core.environment:checking '/home/mihir/abb_bot_ws/install/bot_moveit/bin'
[2.620s] INFO:colcon.colcon_core.shell:Creating package script '/home/mihir/abb_bot_ws/install/bot_moveit/share/bot_moveit/package.ps1'
[2.621s] INFO:colcon.colcon_core.shell:Creating package descriptor '/home/mihir/abb_bot_ws/install/bot_moveit/share/bot_moveit/package.dsv'
[2.621s] INFO:colcon.colcon_core.shell:Creating package script '/home/mihir/abb_bot_ws/install/bot_moveit/share/bot_moveit/package.sh'
[2.622s] INFO:colcon.colcon_core.shell:Creating package script '/home/mihir/abb_bot_ws/install/bot_moveit/share/bot_moveit/package.bash'
[2.623s] INFO:colcon.colcon_core.shell:Creating package script '/home/mihir/abb_bot_ws/install/bot_moveit/share/bot_moveit/package.zsh'
[2.623s] Level 1:colcon.colcon_core.environment:create_file_with_runtime_dependencies(/home/mihir/abb_bot_ws/install/bot_moveit/share/colcon-core/packages/bot_moveit)
[2.626s] DEBUG:colcon.colcon_core.event_handler.log_command:Invoked command in '/home/mihir/abb_bot_ws/build/bot_msgs' returned '0': CMAKE_PREFIX_PATH=/opt/ros/humble /usr/bin/cmake --build /home/mihir/abb_bot_ws/build/bot_msgs -- -j8 -l8
[2.685s] DEBUG:colcon.colcon_core.event_handler.log_command:Invoking command in '/home/mihir/abb_bot_ws/build/bot_msgs': CMAKE_PREFIX_PATH=/opt/ros/humble /usr/bin/cmake --install /home/mihir/abb_bot_ws/build/bot_msgs
[2.762s] Level 1:colcon.colcon_core.environment:create_environment_scripts_only(bot_msgs)
[2.763s] DEBUG:colcon.colcon_core.event_handler.log_command:Invoked command in '/home/mihir/abb_bot_ws/build/bot_msgs' returned '0': CMAKE_PREFIX_PATH=/opt/ros/humble /usr/bin/cmake --install /home/mihir/abb_bot_ws/build/bot_msgs
[2.797s] Level 1:colcon.colcon_core.environment:checking '/home/mihir/abb_bot_ws/install/bot_msgs' for CMake module files
[2.798s] Level 1:colcon.colcon_core.environment:checking '/home/mihir/abb_bot_ws/install/bot_msgs' for CMake config files
[2.799s] Level 1:colcon.colcon_core.shell:create_environment_hook('bot_msgs', 'cmake_prefix_path')
[2.865s] INFO:colcon.colcon_core.shell:Creating environment hook '/home/mihir/abb_bot_ws/install/bot_msgs/share/bot_msgs/hook/cmake_prefix_path.ps1'
[2.866s] INFO:colcon.colcon_core.shell:Creating environment descriptor '/home/mihir/abb_bot_ws/install/bot_msgs/share/bot_msgs/hook/cmake_prefix_path.dsv'
[2.867s] INFO:colcon.colcon_core.shell:Creating environment hook '/home/mihir/abb_bot_ws/install/bot_msgs/share/bot_msgs/hook/cmake_prefix_path.sh'
[2.868s] Level 1:colcon.colcon_core.environment:checking '/home/mihir/abb_bot_ws/install/bot_msgs/lib'
[2.868s] Level 1:colcon.colcon_core.shell:create_environment_hook('bot_msgs', 'ld_library_path_lib')
[2.904s] INFO:colcon.colcon_core.shell:Creating environment hook '/home/mihir/abb_bot_ws/install/bot_msgs/share/bot_msgs/hook/ld_library_path_lib.ps1'
[2.905s] INFO:colcon.colcon_core.shell:Creating environment descriptor '/home/mihir/abb_bot_ws/install/bot_msgs/share/bot_msgs/hook/ld_library_path_lib.dsv'
[2.905s] INFO:colcon.colcon_core.shell:Creating environment hook '/home/mihir/abb_bot_ws/install/bot_msgs/share/bot_msgs/hook/ld_library_path_lib.sh'
[2.906s] Level 1:colcon.colcon_core.environment:checking '/home/mihir/abb_bot_ws/install/bot_msgs/bin'
[2.906s] Level 1:colcon.colcon_core.environment:checking '/home/mihir/abb_bot_ws/install/bot_msgs/lib/pkgconfig/bot_msgs.pc'
[2.906s] Level 1:colcon.colcon_core.environment:checking '/home/mihir/abb_bot_ws/install/bot_msgs/lib/python3.10/site-packages'
[2.907s] Level 1:colcon.colcon_core.environment:checking '/home/mihir/abb_bot_ws/install/bot_msgs/bin'
[2.938s] INFO:colcon.colcon_core.shell:Creating package script '/home/mihir/abb_bot_ws/install/bot_msgs/share/bot_msgs/package.ps1'
[2.938s] INFO:colcon.colcon_core.shell:Creating package descriptor '/home/mihir/abb_bot_ws/install/bot_msgs/share/bot_msgs/package.dsv'
[2.939s] INFO:colcon.colcon_core.shell:Creating package script '/home/mihir/abb_bot_ws/install/bot_msgs/share/bot_msgs/package.sh'
[2.939s] INFO:colcon.colcon_core.shell:Creating package script '/home/mihir/abb_bot_ws/install/bot_msgs/share/bot_msgs/package.bash'
[2.939s] INFO:colcon.colcon_core.shell:Creating package script '/home/mihir/abb_bot_ws/install/bot_msgs/share/bot_msgs/package.zsh'
[2.940s] Level 1:colcon.colcon_core.environment:create_file_with_runtime_dependencies(/home/mihir/abb_bot_ws/install/bot_msgs/share/colcon-core/packages/bot_msgs)
[3.053s] Level 1:colcon.colcon_core.environment:create_environment_scripts_only(bot_msgs)
[3.078s] Level 1:colcon.colcon_core.environment:checking '/home/mihir/abb_bot_ws/install/bot_msgs' for CMake module files
[3.079s] Level 1:colcon.colcon_core.environment:checking '/home/mihir/abb_bot_ws/install/bot_msgs' for CMake config files
[3.080s] Level 1:colcon.colcon_core.shell:create_environment_hook('bot_msgs', 'cmake_prefix_path')
[3.114s] INFO:colcon.colcon_core.shell:Creating environment hook '/home/mihir/abb_bot_ws/install/bot_msgs/share/bot_msgs/hook/cmake_prefix_path.ps1'
[3.115s] INFO:colcon.colcon_core.shell:Creating environment descriptor '/home/mihir/abb_bot_ws/install/bot_msgs/share/bot_msgs/hook/cmake_prefix_path.dsv'
[3.116s] INFO:colcon.colcon_core.shell:Creating environment hook '/home/mihir/abb_bot_ws/install/bot_msgs/share/bot_msgs/hook/cmake_prefix_path.sh'
[3.116s] Level 1:colcon.colcon_core.environment:checking '/home/mihir/abb_bot_ws/install/bot_msgs/lib'
[3.117s] Level 1:colcon.colcon_core.shell:create_environment_hook('bot_msgs', 'ld_library_path_lib')
[3.141s] INFO:colcon.colcon_core.shell:Creating environment hook '/home/mihir/abb_bot_ws/install/bot_msgs/share/bot_msgs/hook/ld_library_path_lib.ps1'
[3.142s] INFO:colcon.colcon_core.shell:Creating environment descriptor '/home/mihir/abb_bot_ws/install/bot_msgs/share/bot_msgs/hook/ld_library_path_lib.dsv'
[3.142s] INFO:colcon.colcon_core.shell:Creating environment hook '/home/mihir/abb_bot_ws/install/bot_msgs/share/bot_msgs/hook/ld_library_path_lib.sh'
[3.143s] Level 1:colcon.colcon_core.environment:checking '/home/mihir/abb_bot_ws/install/bot_msgs/bin'
[3.143s] Level 1:colcon.colcon_core.environment:checking '/home/mihir/abb_bot_ws/install/bot_msgs/lib/pkgconfig/bot_msgs.pc'
[3.143s] Level 1:colcon.colcon_core.environment:checking '/home/mihir/abb_bot_ws/install/bot_msgs/lib/python3.10/site-packages'
[3.143s] Level 1:colcon.colcon_core.environment:checking '/home/mihir/abb_bot_ws/install/bot_msgs/bin'
[3.172s] INFO:colcon.colcon_core.shell:Creating package script '/home/mihir/abb_bot_ws/install/bot_msgs/share/bot_msgs/package.ps1'
[3.173s] INFO:colcon.colcon_core.shell:Creating package descriptor '/home/mihir/abb_bot_ws/install/bot_msgs/share/bot_msgs/package.dsv'
[3.174s] INFO:colcon.colcon_core.shell:Creating package script '/home/mihir/abb_bot_ws/install/bot_msgs/share/bot_msgs/package.sh'
[3.174s] INFO:colcon.colcon_core.shell:Creating package script '/home/mihir/abb_bot_ws/install/bot_msgs/share/bot_msgs/package.bash'
[3.175s] INFO:colcon.colcon_core.shell:Creating package script '/home/mihir/abb_bot_ws/install/bot_msgs/share/bot_msgs/package.zsh'
[3.175s] Level 1:colcon.colcon_core.environment:create_file_with_runtime_dependencies(/home/mihir/abb_bot_ws/install/bot_msgs/share/colcon-core/packages/bot_msgs)
[8.131s] DEBUG:colcon.colcon_core.event_handler.log_command:Invoked command in '/home/mihir/abb_bot_ws/build/abbbot_msgs' returned '0': CMAKE_PREFIX_PATH=/opt/ros/humble /usr/bin/cmake --build /home/mihir/abb_bot_ws/build/abbbot_msgs -- -j8 -l8
[8.184s] DEBUG:colcon.colcon_core.event_handler.log_command:Invoking command in '/home/mihir/abb_bot_ws/build/abbbot_msgs': CMAKE_PREFIX_PATH=/opt/ros/humble /usr/bin/cmake --install /home/mihir/abb_bot_ws/build/abbbot_msgs
[8.258s] Level 1:colcon.colcon_core.environment:create_environment_scripts_only(abbbot_msgs)
[8.258s] DEBUG:colcon.colcon_core.event_handler.log_command:Invoked command in '/home/mihir/abb_bot_ws/build/abbbot_msgs' returned '0': CMAKE_PREFIX_PATH=/opt/ros/humble /usr/bin/cmake --install /home/mihir/abb_bot_ws/build/abbbot_msgs
[8.277s] Level 1:colcon.colcon_core.environment:checking '/home/mihir/abb_bot_ws/install/abbbot_msgs' for CMake module files
[8.278s] Level 1:colcon.colcon_core.environment:checking '/home/mihir/abb_bot_ws/install/abbbot_msgs' for CMake config files
[8.279s] Level 1:colcon.colcon_core.shell:create_environment_hook('abbbot_msgs', 'cmake_prefix_path')
[8.298s] INFO:colcon.colcon_core.shell:Creating environment hook '/home/mihir/abb_bot_ws/install/abbbot_msgs/share/abbbot_msgs/hook/cmake_prefix_path.ps1'
[8.298s] INFO:colcon.colcon_core.shell:Creating environment descriptor '/home/mihir/abb_bot_ws/install/abbbot_msgs/share/abbbot_msgs/hook/cmake_prefix_path.dsv'
[8.299s] INFO:colcon.colcon_core.shell:Creating environment hook '/home/mihir/abb_bot_ws/install/abbbot_msgs/share/abbbot_msgs/hook/cmake_prefix_path.sh'
[8.299s] Level 1:colcon.colcon_core.environment:checking '/home/mihir/abb_bot_ws/install/abbbot_msgs/lib'
[8.299s] Level 1:colcon.colcon_core.shell:create_environment_hook('abbbot_msgs', 'ld_library_path_lib')
[8.319s] INFO:colcon.colcon_core.shell:Creating environment hook '/home/mihir/abb_bot_ws/install/abbbot_msgs/share/abbbot_msgs/hook/ld_library_path_lib.ps1'
[8.319s] INFO:colcon.colcon_core.shell:Creating environment descriptor '/home/mihir/abb_bot_ws/install/abbbot_msgs/share/abbbot_msgs/hook/ld_library_path_lib.dsv'
[8.319s] INFO:colcon.colcon_core.shell:Creating environment hook '/home/mihir/abb_bot_ws/install/abbbot_msgs/share/abbbot_msgs/hook/ld_library_path_lib.sh'
[8.320s] Level 1:colcon.colcon_core.environment:checking '/home/mihir/abb_bot_ws/install/abbbot_msgs/bin'
[8.320s] Level 1:colcon.colcon_core.environment:checking '/home/mihir/abb_bot_ws/install/abbbot_msgs/lib/pkgconfig/abbbot_msgs.pc'
[8.320s] Level 1:colcon.colcon_core.environment:checking '/home/mihir/abb_bot_ws/install/abbbot_msgs/lib/python3.10/site-packages'
[8.320s] Level 1:colcon.colcon_core.environment:checking '/home/mihir/abb_bot_ws/install/abbbot_msgs/bin'
[8.343s] INFO:colcon.colcon_core.shell:Creating package script '/home/mihir/abb_bot_ws/install/abbbot_msgs/share/abbbot_msgs/package.ps1'
[8.344s] INFO:colcon.colcon_core.shell:Creating package descriptor '/home/mihir/abb_bot_ws/install/abbbot_msgs/share/abbbot_msgs/package.dsv'
[8.344s] INFO:colcon.colcon_core.shell:Creating package script '/home/mihir/abb_bot_ws/install/abbbot_msgs/share/abbbot_msgs/package.sh'
[8.345s] INFO:colcon.colcon_core.shell:Creating package script '/home/mihir/abb_bot_ws/install/abbbot_msgs/share/abbbot_msgs/package.bash'
[8.345s] INFO:colcon.colcon_core.shell:Creating package script '/home/mihir/abb_bot_ws/install/abbbot_msgs/share/abbbot_msgs/package.zsh'
[8.346s] Level 1:colcon.colcon_core.environment:create_file_with_runtime_dependencies(/home/mihir/abb_bot_ws/install/abbbot_msgs/share/colcon-core/packages/abbbot_msgs)
[8.432s] Level 1:colcon.colcon_core.environment:create_environment_scripts_only(abbbot_msgs)
[8.452s] Level 1:colcon.colcon_core.environment:checking '/home/mihir/abb_bot_ws/install/abbbot_msgs' for CMake module files
[8.452s] Level 1:colcon.colcon_core.environment:checking '/home/mihir/abb_bot_ws/install/abbbot_msgs' for CMake config files
[8.453s] Level 1:colcon.colcon_core.shell:create_environment_hook('abbbot_msgs', 'cmake_prefix_path')
[8.471s] INFO:colcon.colcon_core.shell:Creating environment hook '/home/mihir/abb_bot_ws/install/abbbot_msgs/share/abbbot_msgs/hook/cmake_prefix_path.ps1'
[8.472s] INFO:colcon.colcon_core.shell:Creating environment descriptor '/home/mihir/abb_bot_ws/install/abbbot_msgs/share/abbbot_msgs/hook/cmake_prefix_path.dsv'
[8.472s] INFO:colcon.colcon_core.shell:Creating environment hook '/home/mihir/abb_bot_ws/install/abbbot_msgs/share/abbbot_msgs/hook/cmake_prefix_path.sh'
[8.473s] Level 1:colcon.colcon_core.environment:checking '/home/mihir/abb_bot_ws/install/abbbot_msgs/lib'
[8.473s] Level 1:colcon.colcon_core.shell:create_environment_hook('abbbot_msgs', 'ld_library_path_lib')
[8.492s] INFO:colcon.colcon_core.shell:Creating environment hook '/home/mihir/abb_bot_ws/install/abbbot_msgs/share/abbbot_msgs/hook/ld_library_path_lib.ps1'
[8.493s] INFO:colcon.colcon_core.shell:Creating environment descriptor '/home/mihir/abb_bot_ws/install/abbbot_msgs/share/abbbot_msgs/hook/ld_library_path_lib.dsv'
[8.493s] INFO:colcon.colcon_core.shell:Creating environment hook '/home/mihir/abb_bot_ws/install/abbbot_msgs/share/abbbot_msgs/hook/ld_library_path_lib.sh'
[8.493s] Level 1:colcon.colcon_core.environment:checking '/home/mihir/abb_bot_ws/install/abbbot_msgs/bin'
[8.493s] Level 1:colcon.colcon_core.environment:checking '/home/mihir/abb_bot_ws/install/abbbot_msgs/lib/pkgconfig/abbbot_msgs.pc'
[8.494s] Level 1:colcon.colcon_core.environment:checking '/home/mihir/abb_bot_ws/install/abbbot_msgs/lib/python3.10/site-packages'
[8.494s] Level 1:colcon.colcon_core.environment:checking '/home/mihir/abb_bot_ws/install/abbbot_msgs/bin'
[8.514s] INFO:colcon.colcon_core.shell:Creating package script '/home/mihir/abb_bot_ws/install/abbbot_msgs/share/abbbot_msgs/package.ps1'
[8.515s] INFO:colcon.colcon_core.shell:Creating package descriptor '/home/mihir/abb_bot_ws/install/abbbot_msgs/share/abbbot_msgs/package.dsv'
[8.516s] INFO:colcon.colcon_core.shell:Creating package script '/home/mihir/abb_bot_ws/install/abbbot_msgs/share/abbbot_msgs/package.sh'
[8.517s] INFO:colcon.colcon_core.shell:Creating package script '/home/mihir/abb_bot_ws/install/abbbot_msgs/share/abbbot_msgs/package.bash'
[8.517s] INFO:colcon.colcon_core.shell:Creating package script '/home/mihir/abb_bot_ws/install/abbbot_msgs/share/abbbot_msgs/package.zsh'
[8.518s] Level 1:colcon.colcon_core.environment:create_file_with_runtime_dependencies(/home/mihir/abb_bot_ws/install/abbbot_msgs/share/colcon-core/packages/abbbot_msgs)
[12.967s] DEBUG:colcon.colcon_core.event_handler.log_command:Invoked command in '/home/mihir/abb_bot_ws/build/bot_remote' returned '2': CMAKE_PREFIX_PATH=/opt/ros/humble /usr/bin/cmake --build /home/mihir/abb_bot_ws/build/bot_remote -- -j8 -l8
[13.019s] Level 1:colcon.colcon_core.environment:create_environment_scripts_only(bot_remote)
[13.040s] Level 1:colcon.colcon_core.environment:checking '/home/mihir/abb_bot_ws/install/bot_remote' for CMake module files
[13.047s] Level 1:colcon.colcon_core.environment:checking '/home/mihir/abb_bot_ws/install/bot_remote' for CMake config files
[13.047s] Level 1:colcon.colcon_core.shell:create_environment_hook('bot_remote', 'cmake_prefix_path')
[13.069s] INFO:colcon.colcon_core.shell:Creating environment hook '/home/mihir/abb_bot_ws/install/bot_remote/share/bot_remote/hook/cmake_prefix_path.ps1'
[13.070s] INFO:colcon.colcon_core.shell:Creating environment descriptor '/home/mihir/abb_bot_ws/install/bot_remote/share/bot_remote/hook/cmake_prefix_path.dsv'
[13.071s] INFO:colcon.colcon_core.shell:Creating environment hook '/home/mihir/abb_bot_ws/install/bot_remote/share/bot_remote/hook/cmake_prefix_path.sh'
[13.072s] Level 1:colcon.colcon_core.environment:checking '/home/mihir/abb_bot_ws/install/bot_remote/lib'
[13.072s] Level 1:colcon.colcon_core.shell:create_environment_hook('bot_remote', 'ld_library_path_lib')
[13.092s] INFO:colcon.colcon_core.shell:Creating environment hook '/home/mihir/abb_bot_ws/install/bot_remote/share/bot_remote/hook/ld_library_path_lib.ps1'
[13.093s] INFO:colcon.colcon_core.shell:Creating environment descriptor '/home/mihir/abb_bot_ws/install/bot_remote/share/bot_remote/hook/ld_library_path_lib.dsv'
[13.093s] INFO:colcon.colcon_core.shell:Creating environment hook '/home/mihir/abb_bot_ws/install/bot_remote/share/bot_remote/hook/ld_library_path_lib.sh'
[13.094s] Level 1:colcon.colcon_core.environment:checking '/home/mihir/abb_bot_ws/install/bot_remote/bin'
[13.094s] Level 1:colcon.colcon_core.environment:checking '/home/mihir/abb_bot_ws/install/bot_remote/lib/pkgconfig/bot_remote.pc'
[13.094s] Level 1:colcon.colcon_core.environment:checking '/home/mihir/abb_bot_ws/install/bot_remote/lib/python3.10/site-packages'
[13.094s] Level 1:colcon.colcon_core.environment:checking '/home/mihir/abb_bot_ws/install/bot_remote/bin'
[13.124s] INFO:colcon.colcon_core.shell:Creating package script '/home/mihir/abb_bot_ws/install/bot_remote/share/bot_remote/package.ps1'
[13.125s] INFO:colcon.colcon_core.shell:Creating package descriptor '/home/mihir/abb_bot_ws/install/bot_remote/share/bot_remote/package.dsv'
[13.126s] INFO:colcon.colcon_core.shell:Creating package script '/home/mihir/abb_bot_ws/install/bot_remote/share/bot_remote/package.sh'
[13.126s] INFO:colcon.colcon_core.shell:Creating package script '/home/mihir/abb_bot_ws/install/bot_remote/share/bot_remote/package.bash'
[13.126s] INFO:colcon.colcon_core.shell:Creating package script '/home/mihir/abb_bot_ws/install/bot_remote/share/bot_remote/package.zsh'
[13.127s] Level 1:colcon.colcon_core.environment:create_file_with_runtime_dependencies(/home/mihir/abb_bot_ws/install/bot_remote/share/colcon-core/packages/bot_remote)
[13.138s] DEBUG:colcon.colcon_parallel_executor.executor.parallel:closing loop
[13.138s] DEBUG:colcon.colcon_parallel_executor.executor.parallel:loop closed
[13.138s] DEBUG:colcon.colcon_parallel_executor.executor.parallel:run_until_complete finished with '2'
[13.138s] DEBUG:colcon.colcon_core.event_reactor:joining thread
[13.172s] INFO:colcon.colcon_core.plugin_system:Skipping extension 'colcon_notification.desktop_notification.terminal_notifier': Not used on non-Darwin systems
[13.172s] INFO:colcon.colcon_core.plugin_system:Skipping extension 'colcon_notification.desktop_notification.win32': Not used on non-Windows systems
[13.172s] INFO:colcon.colcon_notification.desktop_notification:Sending desktop notification using 'notify2'
[13.188s] DEBUG:colcon.colcon_core.event_reactor:joined thread
[13.212s] INFO:colcon.colcon_core.shell:Creating prefix script '/home/mihir/abb_bot_ws/install/local_setup.ps1'
[13.213s] INFO:colcon.colcon_core.shell:Creating prefix util module '/home/mihir/abb_bot_ws/install/_local_setup_util_ps1.py'
[13.214s] INFO:colcon.colcon_core.shell:Creating prefix chain script '/home/mihir/abb_bot_ws/install/setup.ps1'
[13.237s] INFO:colcon.colcon_core.shell:Creating prefix script '/home/mihir/abb_bot_ws/install/local_setup.sh'
[13.239s] INFO:colcon.colcon_core.shell:Creating prefix util module '/home/mihir/abb_bot_ws/install/_local_setup_util_sh.py'
[13.239s] INFO:colcon.colcon_core.shell:Creating prefix chain script '/home/mihir/abb_bot_ws/install/setup.sh'
[13.259s] INFO:colcon.colcon_core.shell:Creating prefix script '/home/mihir/abb_bot_ws/install/local_setup.bash'
[13.260s] INFO:colcon.colcon_core.shell:Creating prefix chain script '/home/mihir/abb_bot_ws/install/setup.bash'
[13.280s] INFO:colcon.colcon_core.shell:Creating prefix script '/home/mihir/abb_bot_ws/install/local_setup.zsh'
[13.281s] INFO:colcon.colcon_core.shell:Creating prefix chain script '/home/mihir/abb_bot_ws/install/setup.zsh'
