[0.250s] Invoking command in '/home/mihir/abb_bot_ws/build/abbbot_msgs': CMAKE_PREFIX_PATH=/opt/ros/humble /usr/bin/cmake --build /home/mihir/abb_bot_ws/build/abbbot_msgs -- -j8 -l8
[0.377s] [  9%] Built target abbbot_msgs__rosidl_generator_c
[0.382s] [ 12%] Built target abbbot_msgs__cpp
[0.421s] [ 12%] Built target ament_cmake_python_copy_abbbot_msgs
[0.456s] [ 22%] Built target abbbot_msgs__rosidl_typesupport_fastrtps_c
[0.476s] [ 32%] Built target abbbot_msgs__rosidl_typesupport_fastrtps_cpp
[0.476s] [ 41%] Built target abbbot_msgs__rosidl_typesupport_c
[0.490s] [ 51%] Built target abbbot_msgs__rosidl_typesupport_introspection_c
[0.494s] [ 61%] Built target abbbot_msgs__rosidl_typesupport_introspection_cpp
[0.502s] [ 70%] Built target abbbot_msgs__rosidl_typesupport_cpp
[0.537s] [ 70%] Built target abbbot_msgs
[0.570s] [ 74%] Built target abbbot_msgs__py
[0.600s] [ 80%] Built target abbbot_msgs__rosidl_generator_py
[0.644s] [ 90%] Built target abbbot_msgs__rosidl_typesupport_c__pyext
[0.645s] [ 93%] Built target abbbot_msgs__rosidl_typesupport_fastrtps_c__pyext
[0.648s] [100%] Built target abbbot_msgs__rosidl_typesupport_introspection_c__pyext
[0.902s] running egg_info
[0.905s] writing abbbot_msgs.egg-info/PKG-INFO
[0.905s] writing dependency_links to abbbot_msgs.egg-info/dependency_links.txt
[0.907s] writing top-level names to abbbot_msgs.egg-info/top_level.txt
[0.910s] reading manifest file 'abbbot_msgs.egg-info/SOURCES.txt'
[0.911s] writing manifest file 'abbbot_msgs.egg-info/SOURCES.txt'
[0.948s] [100%] Built target ament_cmake_python_build_abbbot_msgs_egg
[1.290s] Invoked command in '/home/mihir/abb_bot_ws/build/abbbot_msgs' returned '0': CMAKE_PREFIX_PATH=/opt/ros/humble /usr/bin/cmake --build /home/mihir/abb_bot_ws/build/abbbot_msgs -- -j8 -l8
[1.382s] Invoking command in '/home/mihir/abb_bot_ws/build/abbbot_msgs': CMAKE_PREFIX_PATH=/opt/ros/humble /usr/bin/cmake --install /home/mihir/abb_bot_ws/build/abbbot_msgs
[1.401s] -- Install configuration: ""
[1.402s] -- Up-to-date: /home/mihir/abb_bot_ws/install/abbbot_msgs/share/ament_index/resource_index/rosidl_interfaces/abbbot_msgs
[1.402s] -- Up-to-date: /home/mihir/abb_bot_ws/install/abbbot_msgs/include/abbbot_msgs/abbbot_msgs
[1.402s] -- Up-to-date: /home/mihir/abb_bot_ws/install/abbbot_msgs/include/abbbot_msgs/abbbot_msgs/msg
[1.402s] -- Up-to-date: /home/mihir/abb_bot_ws/install/abbbot_msgs/include/abbbot_msgs/abbbot_msgs/msg/rosidl_generator_c__visibility_control.h
[1.402s] -- Up-to-date: /home/mihir/abb_bot_ws/install/abbbot_msgs/include/abbbot_msgs/abbbot_msgs/action
[1.403s] -- Up-to-date: /home/mihir/abb_bot_ws/install/abbbot_msgs/include/abbbot_msgs/abbbot_msgs/action/abbbot_task.h
[1.403s] -- Up-to-date: /home/mihir/abb_bot_ws/install/abbbot_msgs/include/abbbot_msgs/abbbot_msgs/action/detail
[1.403s] -- Up-to-date: /home/mihir/abb_bot_ws/install/abbbot_msgs/include/abbbot_msgs/abbbot_msgs/action/detail/abbbot_task__struct.h
[1.403s] -- Up-to-date: /home/mihir/abb_bot_ws/install/abbbot_msgs/include/abbbot_msgs/abbbot_msgs/action/detail/abbbot_task__type_support.h
[1.405s] -- Up-to-date: /home/mihir/abb_bot_ws/install/abbbot_msgs/include/abbbot_msgs/abbbot_msgs/action/detail/abbbot_task__functions.c
[1.405s] -- Up-to-date: /home/mihir/abb_bot_ws/install/abbbot_msgs/include/abbbot_msgs/abbbot_msgs/action/detail/abbbot_task__functions.h
[1.405s] -- Up-to-date: /home/mihir/abb_bot_ws/install/abbbot_msgs/share/abbbot_msgs/environment/library_path.sh
[1.406s] -- Up-to-date: /home/mihir/abb_bot_ws/install/abbbot_msgs/share/abbbot_msgs/environment/library_path.dsv
[1.407s] -- Up-to-date: /home/mihir/abb_bot_ws/install/abbbot_msgs/lib/libabbbot_msgs__rosidl_generator_c.so
[1.407s] -- Up-to-date: /home/mihir/abb_bot_ws/install/abbbot_msgs/include/abbbot_msgs/abbbot_msgs
[1.407s] -- Up-to-date: /home/mihir/abb_bot_ws/install/abbbot_msgs/include/abbbot_msgs/abbbot_msgs/msg
[1.407s] -- Up-to-date: /home/mihir/abb_bot_ws/install/abbbot_msgs/include/abbbot_msgs/abbbot_msgs/msg/rosidl_typesupport_fastrtps_c__visibility_control.h
[1.407s] -- Up-to-date: /home/mihir/abb_bot_ws/install/abbbot_msgs/include/abbbot_msgs/abbbot_msgs/action
[1.408s] -- Up-to-date: /home/mihir/abb_bot_ws/install/abbbot_msgs/include/abbbot_msgs/abbbot_msgs/action/detail
[1.408s] -- Up-to-date: /home/mihir/abb_bot_ws/install/abbbot_msgs/include/abbbot_msgs/abbbot_msgs/action/detail/abbbot_task__rosidl_typesupport_fastrtps_c.h
[1.408s] -- Up-to-date: /home/mihir/abb_bot_ws/install/abbbot_msgs/lib/libabbbot_msgs__rosidl_typesupport_fastrtps_c.so
[1.411s] -- Up-to-date: /home/mihir/abb_bot_ws/install/abbbot_msgs/include/abbbot_msgs/abbbot_msgs
[1.411s] -- Up-to-date: /home/mihir/abb_bot_ws/install/abbbot_msgs/include/abbbot_msgs/abbbot_msgs/action
[1.411s] -- Up-to-date: /home/mihir/abb_bot_ws/install/abbbot_msgs/include/abbbot_msgs/abbbot_msgs/action/abbbot_task.hpp
[1.412s] -- Up-to-date: /home/mihir/abb_bot_ws/install/abbbot_msgs/include/abbbot_msgs/abbbot_msgs/action/detail
[1.412s] -- Up-to-date: /home/mihir/abb_bot_ws/install/abbbot_msgs/include/abbbot_msgs/abbbot_msgs/action/detail/abbbot_task__struct.hpp
[1.412s] -- Up-to-date: /home/mihir/abb_bot_ws/install/abbbot_msgs/include/abbbot_msgs/abbbot_msgs/action/detail/abbbot_task__builder.hpp
[1.412s] -- Up-to-date: /home/mihir/abb_bot_ws/install/abbbot_msgs/include/abbbot_msgs/abbbot_msgs/action/detail/abbbot_task__traits.hpp
[1.412s] -- Up-to-date: /home/mihir/abb_bot_ws/install/abbbot_msgs/include/abbbot_msgs/abbbot_msgs
[1.412s] -- Up-to-date: /home/mihir/abb_bot_ws/install/abbbot_msgs/include/abbbot_msgs/abbbot_msgs/msg
[1.413s] -- Up-to-date: /home/mihir/abb_bot_ws/install/abbbot_msgs/include/abbbot_msgs/abbbot_msgs/msg/rosidl_typesupport_fastrtps_cpp__visibility_control.h
[1.413s] -- Up-to-date: /home/mihir/abb_bot_ws/install/abbbot_msgs/include/abbbot_msgs/abbbot_msgs/action
[1.413s] -- Up-to-date: /home/mihir/abb_bot_ws/install/abbbot_msgs/include/abbbot_msgs/abbbot_msgs/action/detail
[1.413s] -- Up-to-date: /home/mihir/abb_bot_ws/install/abbbot_msgs/include/abbbot_msgs/abbbot_msgs/action/detail/dds_fastrtps
[1.413s] -- Up-to-date: /home/mihir/abb_bot_ws/install/abbbot_msgs/include/abbbot_msgs/abbbot_msgs/action/detail/abbbot_task__rosidl_typesupport_fastrtps_cpp.hpp
[1.413s] -- Up-to-date: /home/mihir/abb_bot_ws/install/abbbot_msgs/lib/libabbbot_msgs__rosidl_typesupport_fastrtps_cpp.so
[1.413s] -- Up-to-date: /home/mihir/abb_bot_ws/install/abbbot_msgs/include/abbbot_msgs/abbbot_msgs
[1.414s] -- Up-to-date: /home/mihir/abb_bot_ws/install/abbbot_msgs/include/abbbot_msgs/abbbot_msgs/msg
[1.414s] -- Up-to-date: /home/mihir/abb_bot_ws/install/abbbot_msgs/include/abbbot_msgs/abbbot_msgs/msg/rosidl_typesupport_introspection_c__visibility_control.h
[1.414s] -- Up-to-date: /home/mihir/abb_bot_ws/install/abbbot_msgs/include/abbbot_msgs/abbbot_msgs/action
[1.414s] -- Up-to-date: /home/mihir/abb_bot_ws/install/abbbot_msgs/include/abbbot_msgs/abbbot_msgs/action/detail
[1.414s] -- Up-to-date: /home/mihir/abb_bot_ws/install/abbbot_msgs/include/abbbot_msgs/abbbot_msgs/action/detail/abbbot_task__rosidl_typesupport_introspection_c.h
[1.414s] -- Up-to-date: /home/mihir/abb_bot_ws/install/abbbot_msgs/include/abbbot_msgs/abbbot_msgs/action/detail/abbbot_task__type_support.c
[1.414s] -- Up-to-date: /home/mihir/abb_bot_ws/install/abbbot_msgs/lib/libabbbot_msgs__rosidl_typesupport_introspection_c.so
[1.415s] -- Up-to-date: /home/mihir/abb_bot_ws/install/abbbot_msgs/lib/libabbbot_msgs__rosidl_typesupport_c.so
[1.415s] -- Up-to-date: /home/mihir/abb_bot_ws/install/abbbot_msgs/include/abbbot_msgs/abbbot_msgs
[1.415s] -- Up-to-date: /home/mihir/abb_bot_ws/install/abbbot_msgs/include/abbbot_msgs/abbbot_msgs/action
[1.415s] -- Up-to-date: /home/mihir/abb_bot_ws/install/abbbot_msgs/include/abbbot_msgs/abbbot_msgs/action/detail
[1.415s] -- Up-to-date: /home/mihir/abb_bot_ws/install/abbbot_msgs/include/abbbot_msgs/abbbot_msgs/action/detail/abbbot_task__type_support.cpp
[1.415s] -- Up-to-date: /home/mihir/abb_bot_ws/install/abbbot_msgs/include/abbbot_msgs/abbbot_msgs/action/detail/abbbot_task__rosidl_typesupport_introspection_cpp.hpp
[1.415s] -- Up-to-date: /home/mihir/abb_bot_ws/install/abbbot_msgs/lib/libabbbot_msgs__rosidl_typesupport_introspection_cpp.so
[1.415s] -- Up-to-date: /home/mihir/abb_bot_ws/install/abbbot_msgs/lib/libabbbot_msgs__rosidl_typesupport_cpp.so
[1.416s] -- Up-to-date: /home/mihir/abb_bot_ws/install/abbbot_msgs/share/abbbot_msgs/environment/pythonpath.sh
[1.416s] -- Up-to-date: /home/mihir/abb_bot_ws/install/abbbot_msgs/share/abbbot_msgs/environment/pythonpath.dsv
[1.416s] -- Up-to-date: /home/mihir/abb_bot_ws/install/abbbot_msgs/local/lib/python3.10/dist-packages/abbbot_msgs-0.0.0-py3.10.egg-info
[1.416s] -- Installing: /home/mihir/abb_bot_ws/install/abbbot_msgs/local/lib/python3.10/dist-packages/abbbot_msgs-0.0.0-py3.10.egg-info/SOURCES.txt
[1.416s] -- Installing: /home/mihir/abb_bot_ws/install/abbbot_msgs/local/lib/python3.10/dist-packages/abbbot_msgs-0.0.0-py3.10.egg-info/PKG-INFO
[1.416s] -- Installing: /home/mihir/abb_bot_ws/install/abbbot_msgs/local/lib/python3.10/dist-packages/abbbot_msgs-0.0.0-py3.10.egg-info/top_level.txt
[1.416s] -- Installing: /home/mihir/abb_bot_ws/install/abbbot_msgs/local/lib/python3.10/dist-packages/abbbot_msgs-0.0.0-py3.10.egg-info/dependency_links.txt
[1.416s] -- Up-to-date: /home/mihir/abb_bot_ws/install/abbbot_msgs/local/lib/python3.10/dist-packages/abbbot_msgs
[1.417s] -- Up-to-date: /home/mihir/abb_bot_ws/install/abbbot_msgs/local/lib/python3.10/dist-packages/abbbot_msgs/_abbbot_msgs_s.ep.rosidl_typesupport_introspection_c.c
[1.417s] -- Up-to-date: /home/mihir/abb_bot_ws/install/abbbot_msgs/local/lib/python3.10/dist-packages/abbbot_msgs/libabbbot_msgs__rosidl_generator_py.so
[1.417s] -- Up-to-date: /home/mihir/abb_bot_ws/install/abbbot_msgs/local/lib/python3.10/dist-packages/abbbot_msgs/abbbot_msgs_s__rosidl_typesupport_introspection_c.cpython-310-x86_64-linux-gnu.so
[1.417s] -- Up-to-date: /home/mihir/abb_bot_ws/install/abbbot_msgs/local/lib/python3.10/dist-packages/abbbot_msgs/abbbot_msgs_s__rosidl_typesupport_c.cpython-310-x86_64-linux-gnu.so
[1.417s] -- Up-to-date: /home/mihir/abb_bot_ws/install/abbbot_msgs/local/lib/python3.10/dist-packages/abbbot_msgs/action
[1.417s] -- Up-to-date: /home/mihir/abb_bot_ws/install/abbbot_msgs/local/lib/python3.10/dist-packages/abbbot_msgs/action/_abbbot_task_s.c
[1.417s] -- Up-to-date: /home/mihir/abb_bot_ws/install/abbbot_msgs/local/lib/python3.10/dist-packages/abbbot_msgs/action/__init__.py
[1.418s] -- Up-to-date: /home/mihir/abb_bot_ws/install/abbbot_msgs/local/lib/python3.10/dist-packages/abbbot_msgs/action/_abbbot_task.py
[1.418s] -- Up-to-date: /home/mihir/abb_bot_ws/install/abbbot_msgs/local/lib/python3.10/dist-packages/abbbot_msgs/_abbbot_msgs_s.ep.rosidl_typesupport_c.c
[1.418s] -- Up-to-date: /home/mihir/abb_bot_ws/install/abbbot_msgs/local/lib/python3.10/dist-packages/abbbot_msgs/_abbbot_msgs_s.ep.rosidl_typesupport_fastrtps_c.c
[1.418s] -- Up-to-date: /home/mihir/abb_bot_ws/install/abbbot_msgs/local/lib/python3.10/dist-packages/abbbot_msgs/abbbot_msgs_s__rosidl_typesupport_fastrtps_c.cpython-310-x86_64-linux-gnu.so
[1.418s] -- Up-to-date: /home/mihir/abb_bot_ws/install/abbbot_msgs/local/lib/python3.10/dist-packages/abbbot_msgs/__init__.py
[1.470s] Listing '/home/mihir/abb_bot_ws/install/abbbot_msgs/local/lib/python3.10/dist-packages/abbbot_msgs'...
[1.470s] Listing '/home/mihir/abb_bot_ws/install/abbbot_msgs/local/lib/python3.10/dist-packages/abbbot_msgs/action'...
[1.477s] -- Up-to-date: /home/mihir/abb_bot_ws/install/abbbot_msgs/local/lib/python3.10/dist-packages/abbbot_msgs/abbbot_msgs_s__rosidl_typesupport_fastrtps_c.cpython-310-x86_64-linux-gnu.so
[1.477s] -- Up-to-date: /home/mihir/abb_bot_ws/install/abbbot_msgs/local/lib/python3.10/dist-packages/abbbot_msgs/abbbot_msgs_s__rosidl_typesupport_introspection_c.cpython-310-x86_64-linux-gnu.so
[1.478s] -- Up-to-date: /home/mihir/abb_bot_ws/install/abbbot_msgs/local/lib/python3.10/dist-packages/abbbot_msgs/abbbot_msgs_s__rosidl_typesupport_c.cpython-310-x86_64-linux-gnu.so
[1.478s] -- Up-to-date: /home/mihir/abb_bot_ws/install/abbbot_msgs/lib/libabbbot_msgs__rosidl_generator_py.so
[1.479s] -- Up-to-date: /home/mihir/abb_bot_ws/install/abbbot_msgs/share/abbbot_msgs/action/AbbbotTask.idl
[1.479s] -- Up-to-date: /home/mihir/abb_bot_ws/install/abbbot_msgs/share/abbbot_msgs/action/AbbbotTask.action
[1.479s] -- Up-to-date: /home/mihir/abb_bot_ws/install/abbbot_msgs/share/ament_index/resource_index/package_run_dependencies/abbbot_msgs
[1.480s] -- Up-to-date: /home/mihir/abb_bot_ws/install/abbbot_msgs/share/ament_index/resource_index/parent_prefix_path/abbbot_msgs
[1.480s] -- Up-to-date: /home/mihir/abb_bot_ws/install/abbbot_msgs/share/abbbot_msgs/environment/ament_prefix_path.sh
[1.480s] -- Up-to-date: /home/mihir/abb_bot_ws/install/abbbot_msgs/share/abbbot_msgs/environment/ament_prefix_path.dsv
[1.480s] -- Up-to-date: /home/mihir/abb_bot_ws/install/abbbot_msgs/share/abbbot_msgs/environment/path.sh
[1.480s] -- Up-to-date: /home/mihir/abb_bot_ws/install/abbbot_msgs/share/abbbot_msgs/environment/path.dsv
[1.480s] -- Up-to-date: /home/mihir/abb_bot_ws/install/abbbot_msgs/share/abbbot_msgs/local_setup.bash
[1.480s] -- Up-to-date: /home/mihir/abb_bot_ws/install/abbbot_msgs/share/abbbot_msgs/local_setup.sh
[1.481s] -- Up-to-date: /home/mihir/abb_bot_ws/install/abbbot_msgs/share/abbbot_msgs/local_setup.zsh
[1.481s] -- Up-to-date: /home/mihir/abb_bot_ws/install/abbbot_msgs/share/abbbot_msgs/local_setup.dsv
[1.481s] -- Installing: /home/mihir/abb_bot_ws/install/abbbot_msgs/share/abbbot_msgs/package.dsv
[1.481s] -- Up-to-date: /home/mihir/abb_bot_ws/install/abbbot_msgs/share/ament_index/resource_index/packages/abbbot_msgs
[1.481s] -- Up-to-date: /home/mihir/abb_bot_ws/install/abbbot_msgs/share/abbbot_msgs/cmake/export_abbbot_msgs__rosidl_generator_cExport.cmake
[1.481s] -- Up-to-date: /home/mihir/abb_bot_ws/install/abbbot_msgs/share/abbbot_msgs/cmake/export_abbbot_msgs__rosidl_generator_cExport-noconfig.cmake
[1.481s] -- Up-to-date: /home/mihir/abb_bot_ws/install/abbbot_msgs/share/abbbot_msgs/cmake/export_abbbot_msgs__rosidl_typesupport_fastrtps_cExport.cmake
[1.481s] -- Up-to-date: /home/mihir/abb_bot_ws/install/abbbot_msgs/share/abbbot_msgs/cmake/export_abbbot_msgs__rosidl_typesupport_fastrtps_cExport-noconfig.cmake
[1.482s] -- Up-to-date: /home/mihir/abb_bot_ws/install/abbbot_msgs/share/abbbot_msgs/cmake/export_abbbot_msgs__rosidl_generator_cppExport.cmake
[1.482s] -- Up-to-date: /home/mihir/abb_bot_ws/install/abbbot_msgs/share/abbbot_msgs/cmake/export_abbbot_msgs__rosidl_typesupport_fastrtps_cppExport.cmake
[1.482s] -- Up-to-date: /home/mihir/abb_bot_ws/install/abbbot_msgs/share/abbbot_msgs/cmake/export_abbbot_msgs__rosidl_typesupport_fastrtps_cppExport-noconfig.cmake
[1.482s] -- Up-to-date: /home/mihir/abb_bot_ws/install/abbbot_msgs/share/abbbot_msgs/cmake/abbbot_msgs__rosidl_typesupport_introspection_cExport.cmake
[1.482s] -- Up-to-date: /home/mihir/abb_bot_ws/install/abbbot_msgs/share/abbbot_msgs/cmake/abbbot_msgs__rosidl_typesupport_introspection_cExport-noconfig.cmake
[1.482s] -- Up-to-date: /home/mihir/abb_bot_ws/install/abbbot_msgs/share/abbbot_msgs/cmake/abbbot_msgs__rosidl_typesupport_cExport.cmake
[1.483s] -- Up-to-date: /home/mihir/abb_bot_ws/install/abbbot_msgs/share/abbbot_msgs/cmake/abbbot_msgs__rosidl_typesupport_cExport-noconfig.cmake
[1.483s] -- Up-to-date: /home/mihir/abb_bot_ws/install/abbbot_msgs/share/abbbot_msgs/cmake/abbbot_msgs__rosidl_typesupport_introspection_cppExport.cmake
[1.483s] -- Up-to-date: /home/mihir/abb_bot_ws/install/abbbot_msgs/share/abbbot_msgs/cmake/abbbot_msgs__rosidl_typesupport_introspection_cppExport-noconfig.cmake
[1.483s] -- Up-to-date: /home/mihir/abb_bot_ws/install/abbbot_msgs/share/abbbot_msgs/cmake/abbbot_msgs__rosidl_typesupport_cppExport.cmake
[1.483s] -- Up-to-date: /home/mihir/abb_bot_ws/install/abbbot_msgs/share/abbbot_msgs/cmake/abbbot_msgs__rosidl_typesupport_cppExport-noconfig.cmake
[1.483s] -- Up-to-date: /home/mihir/abb_bot_ws/install/abbbot_msgs/share/abbbot_msgs/cmake/export_abbbot_msgs__rosidl_generator_pyExport.cmake
[1.483s] -- Up-to-date: /home/mihir/abb_bot_ws/install/abbbot_msgs/share/abbbot_msgs/cmake/export_abbbot_msgs__rosidl_generator_pyExport-noconfig.cmake
[1.483s] -- Up-to-date: /home/mihir/abb_bot_ws/install/abbbot_msgs/share/abbbot_msgs/cmake/rosidl_cmake-extras.cmake
[1.484s] -- Up-to-date: /home/mihir/abb_bot_ws/install/abbbot_msgs/share/abbbot_msgs/cmake/ament_cmake_export_dependencies-extras.cmake
[1.484s] -- Up-to-date: /home/mihir/abb_bot_ws/install/abbbot_msgs/share/abbbot_msgs/cmake/ament_cmake_export_include_directories-extras.cmake
[1.484s] -- Up-to-date: /home/mihir/abb_bot_ws/install/abbbot_msgs/share/abbbot_msgs/cmake/ament_cmake_export_libraries-extras.cmake
[1.484s] -- Up-to-date: /home/mihir/abb_bot_ws/install/abbbot_msgs/share/abbbot_msgs/cmake/ament_cmake_export_targets-extras.cmake
[1.484s] -- Up-to-date: /home/mihir/abb_bot_ws/install/abbbot_msgs/share/abbbot_msgs/cmake/rosidl_cmake_export_typesupport_targets-extras.cmake
[1.485s] -- Up-to-date: /home/mihir/abb_bot_ws/install/abbbot_msgs/share/abbbot_msgs/cmake/rosidl_cmake_export_typesupport_libraries-extras.cmake
[1.485s] -- Up-to-date: /home/mihir/abb_bot_ws/install/abbbot_msgs/share/abbbot_msgs/cmake/abbbot_msgsConfig.cmake
[1.485s] -- Up-to-date: /home/mihir/abb_bot_ws/install/abbbot_msgs/share/abbbot_msgs/cmake/abbbot_msgsConfig-version.cmake
[1.485s] -- Up-to-date: /home/mihir/abb_bot_ws/install/abbbot_msgs/share/abbbot_msgs/package.xml
[1.599s] Invoked command in '/home/mihir/abb_bot_ws/build/abbbot_msgs' returned '0': CMAKE_PREFIX_PATH=/opt/ros/humble /usr/bin/cmake --install /home/mihir/abb_bot_ws/build/abbbot_msgs
