-- Install configuration: ""
-- Up-to-date: /home/mihir/abb_bot_ws/install/bot_description/share/bot_description/meshes
-- Up-to-date: /home/mihir/abb_bot_ws/install/bot_description/share/bot_description/meshes/link2.STL
-- Up-to-date: /home/mihir/abb_bot_ws/install/bot_description/share/bot_description/meshes/link3.STL
-- Up-to-date: /home/mihir/abb_bot_ws/install/bot_description/share/bot_description/meshes/link4.STL
-- Up-to-date: /home/mihir/abb_bot_ws/install/bot_description/share/bot_description/meshes/link5.STL
-- Up-to-date: /home/mihir/abb_bot_ws/install/bot_description/share/bot_description/meshes/link1.STL
-- Up-to-date: /home/mihir/abb_bot_ws/install/bot_description/share/bot_description/meshes/link6.STL
-- Up-to-date: /home/mihir/abb_bot_ws/install/bot_description/share/bot_description/urdf
-- Up-to-date: /home/mihir/abb_bot_ws/install/bot_description/share/bot_description/urdf/bot.urdf.xacro
-- Up-to-date: /home/mihir/abb_bot_ws/install/bot_description/share/ament_index/resource_index/package_run_dependencies/bot_description
-- Up-to-date: /home/mihir/abb_bot_ws/install/bot_description/share/ament_index/resource_index/parent_prefix_path/bot_description
-- Up-to-date: /home/mihir/abb_bot_ws/install/bot_description/share/bot_description/environment/ament_prefix_path.sh
-- Up-to-date: /home/mihir/abb_bot_ws/install/bot_description/share/bot_description/environment/ament_prefix_path.dsv
-- Up-to-date: /home/mihir/abb_bot_ws/install/bot_description/share/bot_description/environment/path.sh
-- Up-to-date: /home/mihir/abb_bot_ws/install/bot_description/share/bot_description/environment/path.dsv
-- Up-to-date: /home/mihir/abb_bot_ws/install/bot_description/share/bot_description/local_setup.bash
-- Up-to-date: /home/mihir/abb_bot_ws/install/bot_description/share/bot_description/local_setup.sh
-- Up-to-date: /home/mihir/abb_bot_ws/install/bot_description/share/bot_description/local_setup.zsh
-- Up-to-date: /home/mihir/abb_bot_ws/install/bot_description/share/bot_description/local_setup.dsv
-- Up-to-date: /home/mihir/abb_bot_ws/install/bot_description/share/bot_description/package.dsv
-- Up-to-date: /home/mihir/abb_bot_ws/install/bot_description/share/ament_index/resource_index/packages/bot_description
-- Up-to-date: /home/mihir/abb_bot_ws/install/bot_description/share/bot_description/cmake/bot_descriptionConfig.cmake
-- Up-to-date: /home/mihir/abb_bot_ws/install/bot_description/share/bot_description/cmake/bot_descriptionConfig-version.cmake
-- Up-to-date: /home/mihir/abb_bot_ws/install/bot_description/share/bot_description/package.xml
