[0.318s] Invoking command in '/home/mihir/abb_bot_ws/build/abbbot_msgs': CMAKE_PREFIX_PATH=/opt/ros/humble /usr/bin/cmake --build /home/mihir/abb_bot_ws/build/abbbot_msgs -- -j8 -l8
[0.348s] -- Found ament_cmake: 1.3.6 (/opt/ros/humble/share/ament_cmake/cmake)
[0.586s] -- Found std_msgs: 4.2.3 (/opt/ros/humble/share/std_msgs/cmake)
[0.661s] -- Found rosidl_generator_c: 3.1.5 (/opt/ros/humble/share/rosidl_generator_c/cmake)
[0.666s] -- Found rosidl_adapter: 3.1.5 (/opt/ros/humble/share/rosidl_adapter/cmake)
[0.679s] -- Found rosidl_generator_cpp: 3.1.5 (/opt/ros/humble/share/rosidl_generator_cpp/cmake)
[0.698s] -- Using all available rosidl_typesupport_c: rosidl_typesupport_fastrtps_c;rosidl_typesupport_introspection_c
[0.729s] -- Using all available rosidl_typesupport_cpp: rosidl_typesupport_fastrtps_cpp;rosidl_typesupport_introspection_cpp
[0.805s] -- Found rosidl_default_generators: 1.2.0 (/opt/ros/humble/share/rosidl_default_generators/cmake)
[1.324s] -- Found ament_cmake_ros: 0.10.0 (/opt/ros/humble/share/ament_cmake_ros/cmake)
[1.852s] -- Using all available rosidl_typesupport_c: rosidl_typesupport_fastrtps_c;rosidl_typesupport_introspection_c
[2.039s] -- Using all available rosidl_typesupport_cpp: rosidl_typesupport_fastrtps_cpp;rosidl_typesupport_introspection_cpp
[2.082s] -- Found PythonInterp: /usr/bin/python3 (found suitable version "3.10.12", minimum required is "3.6") 
[2.085s] -- Found python_cmake_module: 0.10.0 (/opt/ros/humble/share/python_cmake_module/cmake)
[2.142s] -- Found PythonLibs: /usr/lib/x86_64-linux-gnu/libpython3.10.so (found suitable version "3.10.12", minimum required is "3.5") 
[2.142s] -- Using PYTHON_EXECUTABLE: /usr/bin/python3
[2.142s] -- Using PYTHON_INCLUDE_DIRS: /usr/include/python3.10
[2.142s] -- Using PYTHON_LIBRARIES: /usr/lib/x86_64-linux-gnu/libpython3.10.so
[2.182s] -- Found PythonExtra: .so  
[2.230s] -- Found ament_lint_auto: 0.12.9 (/opt/ros/humble/share/ament_lint_auto/cmake)
[2.255s] -- Added test 'lint_cmake' to check CMake code style
[2.257s] -- Added test 'xmllint' to check XML markup files
[2.262s] -- Configuring done
[2.319s] -- Generating done
[2.323s] -- Build files have been written to: /home/mihir/abb_bot_ws/build/abbbot_msgs
[2.365s] [  3%] [34m[1mGenerating C code for ROS interfaces[0m
[2.380s] [  6%] [34m[1mGenerating C++ code for ROS interfaces[0m
[2.390s] [  6%] Built target ament_cmake_python_copy_abbbot_msgs
[2.777s] running egg_info
[2.777s] creating abbbot_msgs.egg-info
[2.778s] writing abbbot_msgs.egg-info/PKG-INFO
[2.778s] writing dependency_links to abbbot_msgs.egg-info/dependency_links.txt
[2.778s] writing top-level names to abbbot_msgs.egg-info/top_level.txt
[2.779s] writing manifest file 'abbbot_msgs.egg-info/SOURCES.txt'
[2.781s] reading manifest file 'abbbot_msgs.egg-info/SOURCES.txt'
[2.782s] writing manifest file 'abbbot_msgs.egg-info/SOURCES.txt'
[2.818s] [  6%] Built target ament_cmake_python_build_abbbot_msgs_egg
[3.054s] [  9%] [32mBuilding C object CMakeFiles/abbbot_msgs__rosidl_generator_c.dir/rosidl_generator_c/abbbot_msgs/action/detail/abbbot_task__functions.c.o[0m
[3.203s] [ 12%] [32m[1mLinking C shared library libabbbot_msgs__rosidl_generator_c.so[0m
[3.257s] [ 12%] Built target abbbot_msgs__rosidl_generator_c
[3.262s] [ 12%] Built target abbbot_msgs__cpp
[3.274s] [ 22%] [34m[1mGenerating C introspection for ROS interfaces[0m
[3.275s] [ 22%] [34m[1mGenerating C type support for eProsima Fast-RTPS[0m
[3.276s] [ 22%] [34m[1mGenerating C type support dispatch for ROS interfaces[0m
[3.279s] [ 29%] [34m[1mGenerating C++ type support for eProsima Fast-RTPS[0m
[3.280s] [ 29%] [34m[1mGenerating C++ introspection for ROS interfaces[0m
[3.280s] [ 32%] [34m[1mGenerating C++ type support dispatch for ROS interfaces[0m
[3.979s] [ 35%] [32mBuilding CXX object CMakeFiles/abbbot_msgs__rosidl_typesupport_c.dir/rosidl_typesupport_c/abbbot_msgs/action/abbbot_task__type_support.cpp.o[0m
[4.010s] [ 38%] [32mBuilding CXX object CMakeFiles/abbbot_msgs__rosidl_typesupport_cpp.dir/rosidl_typesupport_cpp/abbbot_msgs/action/abbbot_task__type_support.cpp.o[0m
[4.066s] [ 41%] [32m[1mLinking CXX shared library libabbbot_msgs__rosidl_typesupport_c.so[0m
[4.156s] [ 45%] [32mBuilding CXX object CMakeFiles/abbbot_msgs__rosidl_typesupport_introspection_cpp.dir/rosidl_typesupport_introspection_cpp/abbbot_msgs/action/detail/abbbot_task__type_support.cpp.o[0m
[4.159s] [ 48%] [32mBuilding C object CMakeFiles/abbbot_msgs__rosidl_typesupport_introspection_c.dir/rosidl_typesupport_introspection_c/abbbot_msgs/action/detail/abbbot_task__type_support.c.o[0m
[4.163s] [ 48%] Built target abbbot_msgs__rosidl_typesupport_c
[4.168s] [ 51%] [32mBuilding CXX object CMakeFiles/abbbot_msgs__rosidl_typesupport_fastrtps_c.dir/rosidl_typesupport_fastrtps_c/abbbot_msgs/action/detail/abbbot_task__type_support_c.cpp.o[0m
[4.221s] [ 54%] [32mBuilding CXX object CMakeFiles/abbbot_msgs__rosidl_typesupport_fastrtps_cpp.dir/rosidl_typesupport_fastrtps_cpp/abbbot_msgs/action/detail/dds_fastrtps/abbbot_task__type_support.cpp.o[0m
[4.243s] [ 58%] [32m[1mLinking C shared library libabbbot_msgs__rosidl_typesupport_introspection_c.so[0m
[4.298s] [ 58%] Built target abbbot_msgs__rosidl_typesupport_introspection_c
[4.786s] [ 61%] [32m[1mLinking CXX shared library libabbbot_msgs__rosidl_typesupport_fastrtps_c.so[0m
[4.893s] [ 64%] [32m[1mLinking CXX shared library libabbbot_msgs__rosidl_typesupport_cpp.so[0m
[4.911s] [ 64%] Built target abbbot_msgs__rosidl_typesupport_fastrtps_c
[4.962s] [ 64%] Built target abbbot_msgs__rosidl_typesupport_cpp
[5.002s] [ 67%] [32m[1mLinking CXX shared library libabbbot_msgs__rosidl_typesupport_fastrtps_cpp.so[0m
[5.115s] [ 67%] Built target abbbot_msgs__rosidl_typesupport_fastrtps_cpp
[5.143s] [ 70%] [32m[1mLinking CXX shared library libabbbot_msgs__rosidl_typesupport_introspection_cpp.so[0m
[5.232s] [ 70%] Built target abbbot_msgs__rosidl_typesupport_introspection_cpp
[5.252s] [ 70%] Built target abbbot_msgs
[5.275s] [ 74%] [34m[1mGenerating Python code for ROS interfaces[0m
[6.153s] [ 74%] Built target abbbot_msgs__py
[6.174s] [ 77%] [32mBuilding C object CMakeFiles/abbbot_msgs__rosidl_generator_py.dir/rosidl_generator_py/abbbot_msgs/action/_abbbot_task_s.c.o[0m
[6.339s] [ 80%] [32m[1mLinking C shared library rosidl_generator_py/abbbot_msgs/libabbbot_msgs__rosidl_generator_py.so[0m
[6.383s] [ 80%] Built target abbbot_msgs__rosidl_generator_py
[6.406s] [ 83%] [32mBuilding C object CMakeFiles/abbbot_msgs__rosidl_typesupport_introspection_c__pyext.dir/rosidl_generator_py/abbbot_msgs/_abbbot_msgs_s.ep.rosidl_typesupport_introspection_c.c.o[0m
[6.410s] [ 87%] [32mBuilding C object CMakeFiles/abbbot_msgs__rosidl_typesupport_c__pyext.dir/rosidl_generator_py/abbbot_msgs/_abbbot_msgs_s.ep.rosidl_typesupport_c.c.o[0m
[6.412s] [ 90%] [32mBuilding C object CMakeFiles/abbbot_msgs__rosidl_typesupport_fastrtps_c__pyext.dir/rosidl_generator_py/abbbot_msgs/_abbbot_msgs_s.ep.rosidl_typesupport_fastrtps_c.c.o[0m
[6.545s] [ 93%] [32m[1mLinking C shared library rosidl_generator_py/abbbot_msgs/abbbot_msgs_s__rosidl_typesupport_introspection_c.cpython-310-x86_64-linux-gnu.so[0m
[6.549s] [ 96%] [32m[1mLinking C shared library rosidl_generator_py/abbbot_msgs/abbbot_msgs_s__rosidl_typesupport_c.cpython-310-x86_64-linux-gnu.so[0m
[6.595s] [ 96%] Built target abbbot_msgs__rosidl_typesupport_introspection_c__pyext
[6.612s] [ 96%] Built target abbbot_msgs__rosidl_typesupport_c__pyext
[6.638s] [100%] [32m[1mLinking C shared library rosidl_generator_py/abbbot_msgs/abbbot_msgs_s__rosidl_typesupport_fastrtps_c.cpython-310-x86_64-linux-gnu.so[0m
[6.680s] [100%] Built target abbbot_msgs__rosidl_typesupport_fastrtps_c__pyext
[6.692s] Invoked command in '/home/mihir/abb_bot_ws/build/abbbot_msgs' returned '0': CMAKE_PREFIX_PATH=/opt/ros/humble /usr/bin/cmake --build /home/mihir/abb_bot_ws/build/abbbot_msgs -- -j8 -l8
[6.745s] Invoking command in '/home/mihir/abb_bot_ws/build/abbbot_msgs': CMAKE_PREFIX_PATH=/opt/ros/humble /usr/bin/cmake --install /home/mihir/abb_bot_ws/build/abbbot_msgs
[6.753s] -- Install configuration: ""
[6.753s] -- Installing: /home/mihir/abb_bot_ws/install/abbbot_msgs/share/ament_index/resource_index/rosidl_interfaces/abbbot_msgs
[6.753s] -- Installing: /home/mihir/abb_bot_ws/install/abbbot_msgs/include/abbbot_msgs/abbbot_msgs
[6.753s] -- Installing: /home/mihir/abb_bot_ws/install/abbbot_msgs/include/abbbot_msgs/abbbot_msgs/msg
[6.753s] -- Installing: /home/mihir/abb_bot_ws/install/abbbot_msgs/include/abbbot_msgs/abbbot_msgs/msg/rosidl_generator_c__visibility_control.h
[6.754s] -- Installing: /home/mihir/abb_bot_ws/install/abbbot_msgs/include/abbbot_msgs/abbbot_msgs/action
[6.754s] -- Installing: /home/mihir/abb_bot_ws/install/abbbot_msgs/include/abbbot_msgs/abbbot_msgs/action/abbbot_task.h
[6.754s] -- Installing: /home/mihir/abb_bot_ws/install/abbbot_msgs/include/abbbot_msgs/abbbot_msgs/action/detail
[6.754s] -- Installing: /home/mihir/abb_bot_ws/install/abbbot_msgs/include/abbbot_msgs/abbbot_msgs/action/detail/abbbot_task__struct.h
[6.754s] -- Installing: /home/mihir/abb_bot_ws/install/abbbot_msgs/include/abbbot_msgs/abbbot_msgs/action/detail/abbbot_task__type_support.h
[6.754s] -- Installing: /home/mihir/abb_bot_ws/install/abbbot_msgs/include/abbbot_msgs/abbbot_msgs/action/detail/abbbot_task__functions.c
[6.754s] -- Installing: /home/mihir/abb_bot_ws/install/abbbot_msgs/include/abbbot_msgs/abbbot_msgs/action/detail/abbbot_task__functions.h
[6.754s] -- Installing: /home/mihir/abb_bot_ws/install/abbbot_msgs/share/abbbot_msgs/environment/library_path.sh
[6.754s] -- Installing: /home/mihir/abb_bot_ws/install/abbbot_msgs/share/abbbot_msgs/environment/library_path.dsv
[6.755s] -- Installing: /home/mihir/abb_bot_ws/install/abbbot_msgs/lib/libabbbot_msgs__rosidl_generator_c.so
[6.755s] -- Set runtime path of "/home/mihir/abb_bot_ws/install/abbbot_msgs/lib/libabbbot_msgs__rosidl_generator_c.so" to ""
[6.755s] -- Up-to-date: /home/mihir/abb_bot_ws/install/abbbot_msgs/include/abbbot_msgs/abbbot_msgs
[6.755s] -- Up-to-date: /home/mihir/abb_bot_ws/install/abbbot_msgs/include/abbbot_msgs/abbbot_msgs/msg
[6.755s] -- Installing: /home/mihir/abb_bot_ws/install/abbbot_msgs/include/abbbot_msgs/abbbot_msgs/msg/rosidl_typesupport_fastrtps_c__visibility_control.h
[6.755s] -- Up-to-date: /home/mihir/abb_bot_ws/install/abbbot_msgs/include/abbbot_msgs/abbbot_msgs/action
[6.755s] -- Up-to-date: /home/mihir/abb_bot_ws/install/abbbot_msgs/include/abbbot_msgs/abbbot_msgs/action/detail
[6.755s] -- Installing: /home/mihir/abb_bot_ws/install/abbbot_msgs/include/abbbot_msgs/abbbot_msgs/action/detail/abbbot_task__rosidl_typesupport_fastrtps_c.h
[6.756s] -- Installing: /home/mihir/abb_bot_ws/install/abbbot_msgs/lib/libabbbot_msgs__rosidl_typesupport_fastrtps_c.so
[6.756s] -- Set runtime path of "/home/mihir/abb_bot_ws/install/abbbot_msgs/lib/libabbbot_msgs__rosidl_typesupport_fastrtps_c.so" to ""
[6.756s] -- Up-to-date: /home/mihir/abb_bot_ws/install/abbbot_msgs/include/abbbot_msgs/abbbot_msgs
[6.756s] -- Up-to-date: /home/mihir/abb_bot_ws/install/abbbot_msgs/include/abbbot_msgs/abbbot_msgs/action
[6.756s] -- Installing: /home/mihir/abb_bot_ws/install/abbbot_msgs/include/abbbot_msgs/abbbot_msgs/action/abbbot_task.hpp
[6.756s] -- Up-to-date: /home/mihir/abb_bot_ws/install/abbbot_msgs/include/abbbot_msgs/abbbot_msgs/action/detail
[6.756s] -- Installing: /home/mihir/abb_bot_ws/install/abbbot_msgs/include/abbbot_msgs/abbbot_msgs/action/detail/abbbot_task__struct.hpp
[6.756s] -- Installing: /home/mihir/abb_bot_ws/install/abbbot_msgs/include/abbbot_msgs/abbbot_msgs/action/detail/abbbot_task__builder.hpp
[6.757s] -- Installing: /home/mihir/abb_bot_ws/install/abbbot_msgs/include/abbbot_msgs/abbbot_msgs/action/detail/abbbot_task__traits.hpp
[6.757s] -- Up-to-date: /home/mihir/abb_bot_ws/install/abbbot_msgs/include/abbbot_msgs/abbbot_msgs
[6.757s] -- Up-to-date: /home/mihir/abb_bot_ws/install/abbbot_msgs/include/abbbot_msgs/abbbot_msgs/msg
[6.757s] -- Installing: /home/mihir/abb_bot_ws/install/abbbot_msgs/include/abbbot_msgs/abbbot_msgs/msg/rosidl_typesupport_fastrtps_cpp__visibility_control.h
[6.757s] -- Up-to-date: /home/mihir/abb_bot_ws/install/abbbot_msgs/include/abbbot_msgs/abbbot_msgs/action
[6.757s] -- Up-to-date: /home/mihir/abb_bot_ws/install/abbbot_msgs/include/abbbot_msgs/abbbot_msgs/action/detail
[6.757s] -- Installing: /home/mihir/abb_bot_ws/install/abbbot_msgs/include/abbbot_msgs/abbbot_msgs/action/detail/dds_fastrtps
[6.757s] -- Installing: /home/mihir/abb_bot_ws/install/abbbot_msgs/include/abbbot_msgs/abbbot_msgs/action/detail/abbbot_task__rosidl_typesupport_fastrtps_cpp.hpp
[6.757s] -- Installing: /home/mihir/abb_bot_ws/install/abbbot_msgs/lib/libabbbot_msgs__rosidl_typesupport_fastrtps_cpp.so
[6.757s] -- Set runtime path of "/home/mihir/abb_bot_ws/install/abbbot_msgs/lib/libabbbot_msgs__rosidl_typesupport_fastrtps_cpp.so" to ""
[6.758s] -- Up-to-date: /home/mihir/abb_bot_ws/install/abbbot_msgs/include/abbbot_msgs/abbbot_msgs
[6.758s] -- Up-to-date: /home/mihir/abb_bot_ws/install/abbbot_msgs/include/abbbot_msgs/abbbot_msgs/msg
[6.758s] -- Installing: /home/mihir/abb_bot_ws/install/abbbot_msgs/include/abbbot_msgs/abbbot_msgs/msg/rosidl_typesupport_introspection_c__visibility_control.h
[6.758s] -- Up-to-date: /home/mihir/abb_bot_ws/install/abbbot_msgs/include/abbbot_msgs/abbbot_msgs/action
[6.758s] -- Up-to-date: /home/mihir/abb_bot_ws/install/abbbot_msgs/include/abbbot_msgs/abbbot_msgs/action/detail
[6.758s] -- Installing: /home/mihir/abb_bot_ws/install/abbbot_msgs/include/abbbot_msgs/abbbot_msgs/action/detail/abbbot_task__rosidl_typesupport_introspection_c.h
[6.758s] -- Installing: /home/mihir/abb_bot_ws/install/abbbot_msgs/include/abbbot_msgs/abbbot_msgs/action/detail/abbbot_task__type_support.c
[6.758s] -- Installing: /home/mihir/abb_bot_ws/install/abbbot_msgs/lib/libabbbot_msgs__rosidl_typesupport_introspection_c.so
[6.759s] -- Set runtime path of "/home/mihir/abb_bot_ws/install/abbbot_msgs/lib/libabbbot_msgs__rosidl_typesupport_introspection_c.so" to ""
[6.759s] -- Installing: /home/mihir/abb_bot_ws/install/abbbot_msgs/lib/libabbbot_msgs__rosidl_typesupport_c.so
[6.759s] -- Set runtime path of "/home/mihir/abb_bot_ws/install/abbbot_msgs/lib/libabbbot_msgs__rosidl_typesupport_c.so" to ""
[6.759s] -- Up-to-date: /home/mihir/abb_bot_ws/install/abbbot_msgs/include/abbbot_msgs/abbbot_msgs
[6.759s] -- Up-to-date: /home/mihir/abb_bot_ws/install/abbbot_msgs/include/abbbot_msgs/abbbot_msgs/action
[6.759s] -- Up-to-date: /home/mihir/abb_bot_ws/install/abbbot_msgs/include/abbbot_msgs/abbbot_msgs/action/detail
[6.759s] -- Installing: /home/mihir/abb_bot_ws/install/abbbot_msgs/include/abbbot_msgs/abbbot_msgs/action/detail/abbbot_task__type_support.cpp
[6.759s] -- Installing: /home/mihir/abb_bot_ws/install/abbbot_msgs/include/abbbot_msgs/abbbot_msgs/action/detail/abbbot_task__rosidl_typesupport_introspection_cpp.hpp
[6.759s] -- Installing: /home/mihir/abb_bot_ws/install/abbbot_msgs/lib/libabbbot_msgs__rosidl_typesupport_introspection_cpp.so
[6.759s] -- Set runtime path of "/home/mihir/abb_bot_ws/install/abbbot_msgs/lib/libabbbot_msgs__rosidl_typesupport_introspection_cpp.so" to ""
[6.760s] -- Installing: /home/mihir/abb_bot_ws/install/abbbot_msgs/lib/libabbbot_msgs__rosidl_typesupport_cpp.so
[6.760s] -- Set runtime path of "/home/mihir/abb_bot_ws/install/abbbot_msgs/lib/libabbbot_msgs__rosidl_typesupport_cpp.so" to ""
[6.760s] -- Installing: /home/mihir/abb_bot_ws/install/abbbot_msgs/share/abbbot_msgs/environment/pythonpath.sh
[6.760s] -- Installing: /home/mihir/abb_bot_ws/install/abbbot_msgs/share/abbbot_msgs/environment/pythonpath.dsv
[6.760s] -- Installing: /home/mihir/abb_bot_ws/install/abbbot_msgs/local/lib/python3.10/dist-packages/abbbot_msgs-0.0.0-py3.10.egg-info
[6.760s] -- Installing: /home/mihir/abb_bot_ws/install/abbbot_msgs/local/lib/python3.10/dist-packages/abbbot_msgs-0.0.0-py3.10.egg-info/SOURCES.txt
[6.760s] -- Installing: /home/mihir/abb_bot_ws/install/abbbot_msgs/local/lib/python3.10/dist-packages/abbbot_msgs-0.0.0-py3.10.egg-info/PKG-INFO
[6.760s] -- Installing: /home/mihir/abb_bot_ws/install/abbbot_msgs/local/lib/python3.10/dist-packages/abbbot_msgs-0.0.0-py3.10.egg-info/top_level.txt
[6.761s] -- Installing: /home/mihir/abb_bot_ws/install/abbbot_msgs/local/lib/python3.10/dist-packages/abbbot_msgs-0.0.0-py3.10.egg-info/dependency_links.txt
[6.761s] -- Installing: /home/mihir/abb_bot_ws/install/abbbot_msgs/local/lib/python3.10/dist-packages/abbbot_msgs
[6.761s] -- Installing: /home/mihir/abb_bot_ws/install/abbbot_msgs/local/lib/python3.10/dist-packages/abbbot_msgs/_abbbot_msgs_s.ep.rosidl_typesupport_introspection_c.c
[6.761s] -- Installing: /home/mihir/abb_bot_ws/install/abbbot_msgs/local/lib/python3.10/dist-packages/abbbot_msgs/libabbbot_msgs__rosidl_generator_py.so
[6.761s] -- Installing: /home/mihir/abb_bot_ws/install/abbbot_msgs/local/lib/python3.10/dist-packages/abbbot_msgs/abbbot_msgs_s__rosidl_typesupport_introspection_c.cpython-310-x86_64-linux-gnu.so
[6.761s] -- Installing: /home/mihir/abb_bot_ws/install/abbbot_msgs/local/lib/python3.10/dist-packages/abbbot_msgs/abbbot_msgs_s__rosidl_typesupport_c.cpython-310-x86_64-linux-gnu.so
[6.761s] -- Installing: /home/mihir/abb_bot_ws/install/abbbot_msgs/local/lib/python3.10/dist-packages/abbbot_msgs/action
[6.761s] -- Installing: /home/mihir/abb_bot_ws/install/abbbot_msgs/local/lib/python3.10/dist-packages/abbbot_msgs/action/_abbbot_task_s.c
[6.761s] -- Installing: /home/mihir/abb_bot_ws/install/abbbot_msgs/local/lib/python3.10/dist-packages/abbbot_msgs/action/__init__.py
[6.761s] -- Installing: /home/mihir/abb_bot_ws/install/abbbot_msgs/local/lib/python3.10/dist-packages/abbbot_msgs/action/_abbbot_task.py
[6.762s] -- Installing: /home/mihir/abb_bot_ws/install/abbbot_msgs/local/lib/python3.10/dist-packages/abbbot_msgs/_abbbot_msgs_s.ep.rosidl_typesupport_c.c
[6.762s] -- Installing: /home/mihir/abb_bot_ws/install/abbbot_msgs/local/lib/python3.10/dist-packages/abbbot_msgs/_abbbot_msgs_s.ep.rosidl_typesupport_fastrtps_c.c
[6.762s] -- Installing: /home/mihir/abb_bot_ws/install/abbbot_msgs/local/lib/python3.10/dist-packages/abbbot_msgs/abbbot_msgs_s__rosidl_typesupport_fastrtps_c.cpython-310-x86_64-linux-gnu.so
[6.762s] -- Installing: /home/mihir/abb_bot_ws/install/abbbot_msgs/local/lib/python3.10/dist-packages/abbbot_msgs/__init__.py
[6.804s] Listing '/home/mihir/abb_bot_ws/install/abbbot_msgs/local/lib/python3.10/dist-packages/abbbot_msgs'...
[6.804s] Compiling '/home/mihir/abb_bot_ws/install/abbbot_msgs/local/lib/python3.10/dist-packages/abbbot_msgs/__init__.py'...
[6.804s] Listing '/home/mihir/abb_bot_ws/install/abbbot_msgs/local/lib/python3.10/dist-packages/abbbot_msgs/action'...
[6.804s] Compiling '/home/mihir/abb_bot_ws/install/abbbot_msgs/local/lib/python3.10/dist-packages/abbbot_msgs/action/__init__.py'...
[6.804s] Compiling '/home/mihir/abb_bot_ws/install/abbbot_msgs/local/lib/python3.10/dist-packages/abbbot_msgs/action/_abbbot_task.py'...
[6.810s] -- Installing: /home/mihir/abb_bot_ws/install/abbbot_msgs/local/lib/python3.10/dist-packages/abbbot_msgs/abbbot_msgs_s__rosidl_typesupport_fastrtps_c.cpython-310-x86_64-linux-gnu.so
[6.810s] -- Set runtime path of "/home/mihir/abb_bot_ws/install/abbbot_msgs/local/lib/python3.10/dist-packages/abbbot_msgs/abbbot_msgs_s__rosidl_typesupport_fastrtps_c.cpython-310-x86_64-linux-gnu.so" to ""
[6.811s] -- Installing: /home/mihir/abb_bot_ws/install/abbbot_msgs/local/lib/python3.10/dist-packages/abbbot_msgs/abbbot_msgs_s__rosidl_typesupport_introspection_c.cpython-310-x86_64-linux-gnu.so
[6.811s] -- Set runtime path of "/home/mihir/abb_bot_ws/install/abbbot_msgs/local/lib/python3.10/dist-packages/abbbot_msgs/abbbot_msgs_s__rosidl_typesupport_introspection_c.cpython-310-x86_64-linux-gnu.so" to ""
[6.811s] -- Installing: /home/mihir/abb_bot_ws/install/abbbot_msgs/local/lib/python3.10/dist-packages/abbbot_msgs/abbbot_msgs_s__rosidl_typesupport_c.cpython-310-x86_64-linux-gnu.so
[6.812s] -- Set runtime path of "/home/mihir/abb_bot_ws/install/abbbot_msgs/local/lib/python3.10/dist-packages/abbbot_msgs/abbbot_msgs_s__rosidl_typesupport_c.cpython-310-x86_64-linux-gnu.so" to ""
[6.812s] -- Installing: /home/mihir/abb_bot_ws/install/abbbot_msgs/lib/libabbbot_msgs__rosidl_generator_py.so
[6.812s] -- Set runtime path of "/home/mihir/abb_bot_ws/install/abbbot_msgs/lib/libabbbot_msgs__rosidl_generator_py.so" to ""
[6.812s] -- Installing: /home/mihir/abb_bot_ws/install/abbbot_msgs/share/abbbot_msgs/action/AbbbotTask.idl
[6.812s] -- Installing: /home/mihir/abb_bot_ws/install/abbbot_msgs/share/abbbot_msgs/action/AbbbotTask.action
[6.812s] -- Installing: /home/mihir/abb_bot_ws/install/abbbot_msgs/share/ament_index/resource_index/package_run_dependencies/abbbot_msgs
[6.813s] -- Up-to-date: /home/mihir/abb_bot_ws/install/abbbot_msgs/share/ament_index/resource_index/parent_prefix_path/abbbot_msgs
[6.813s] -- Up-to-date: /home/mihir/abb_bot_ws/install/abbbot_msgs/share/abbbot_msgs/environment/ament_prefix_path.sh
[6.813s] -- Installing: /home/mihir/abb_bot_ws/install/abbbot_msgs/share/abbbot_msgs/environment/ament_prefix_path.dsv
[6.813s] -- Up-to-date: /home/mihir/abb_bot_ws/install/abbbot_msgs/share/abbbot_msgs/environment/path.sh
[6.813s] -- Installing: /home/mihir/abb_bot_ws/install/abbbot_msgs/share/abbbot_msgs/environment/path.dsv
[6.813s] -- Up-to-date: /home/mihir/abb_bot_ws/install/abbbot_msgs/share/abbbot_msgs/local_setup.bash
[6.813s] -- Installing: /home/mihir/abb_bot_ws/install/abbbot_msgs/share/abbbot_msgs/local_setup.sh
[6.813s] -- Up-to-date: /home/mihir/abb_bot_ws/install/abbbot_msgs/share/abbbot_msgs/local_setup.zsh
[6.814s] -- Installing: /home/mihir/abb_bot_ws/install/abbbot_msgs/share/abbbot_msgs/local_setup.dsv
[6.814s] -- Installing: /home/mihir/abb_bot_ws/install/abbbot_msgs/share/abbbot_msgs/package.dsv
[6.814s] -- Up-to-date: /home/mihir/abb_bot_ws/install/abbbot_msgs/share/ament_index/resource_index/packages/abbbot_msgs
[6.814s] -- Installing: /home/mihir/abb_bot_ws/install/abbbot_msgs/share/abbbot_msgs/cmake/export_abbbot_msgs__rosidl_generator_cExport.cmake
[6.814s] -- Installing: /home/mihir/abb_bot_ws/install/abbbot_msgs/share/abbbot_msgs/cmake/export_abbbot_msgs__rosidl_generator_cExport-noconfig.cmake
[6.814s] -- Installing: /home/mihir/abb_bot_ws/install/abbbot_msgs/share/abbbot_msgs/cmake/export_abbbot_msgs__rosidl_typesupport_fastrtps_cExport.cmake
[6.814s] -- Installing: /home/mihir/abb_bot_ws/install/abbbot_msgs/share/abbbot_msgs/cmake/export_abbbot_msgs__rosidl_typesupport_fastrtps_cExport-noconfig.cmake
[6.814s] -- Installing: /home/mihir/abb_bot_ws/install/abbbot_msgs/share/abbbot_msgs/cmake/export_abbbot_msgs__rosidl_generator_cppExport.cmake
[6.814s] -- Installing: /home/mihir/abb_bot_ws/install/abbbot_msgs/share/abbbot_msgs/cmake/export_abbbot_msgs__rosidl_typesupport_fastrtps_cppExport.cmake
[6.814s] -- Installing: /home/mihir/abb_bot_ws/install/abbbot_msgs/share/abbbot_msgs/cmake/export_abbbot_msgs__rosidl_typesupport_fastrtps_cppExport-noconfig.cmake
[6.815s] -- Installing: /home/mihir/abb_bot_ws/install/abbbot_msgs/share/abbbot_msgs/cmake/abbbot_msgs__rosidl_typesupport_introspection_cExport.cmake
[6.815s] -- Installing: /home/mihir/abb_bot_ws/install/abbbot_msgs/share/abbbot_msgs/cmake/abbbot_msgs__rosidl_typesupport_introspection_cExport-noconfig.cmake
[6.815s] -- Installing: /home/mihir/abb_bot_ws/install/abbbot_msgs/share/abbbot_msgs/cmake/abbbot_msgs__rosidl_typesupport_cExport.cmake
[6.815s] -- Installing: /home/mihir/abb_bot_ws/install/abbbot_msgs/share/abbbot_msgs/cmake/abbbot_msgs__rosidl_typesupport_cExport-noconfig.cmake
[6.815s] -- Installing: /home/mihir/abb_bot_ws/install/abbbot_msgs/share/abbbot_msgs/cmake/abbbot_msgs__rosidl_typesupport_introspection_cppExport.cmake
[6.815s] -- Installing: /home/mihir/abb_bot_ws/install/abbbot_msgs/share/abbbot_msgs/cmake/abbbot_msgs__rosidl_typesupport_introspection_cppExport-noconfig.cmake
[6.815s] -- Installing: /home/mihir/abb_bot_ws/install/abbbot_msgs/share/abbbot_msgs/cmake/abbbot_msgs__rosidl_typesupport_cppExport.cmake
[6.815s] -- Installing: /home/mihir/abb_bot_ws/install/abbbot_msgs/share/abbbot_msgs/cmake/abbbot_msgs__rosidl_typesupport_cppExport-noconfig.cmake
[6.816s] -- Installing: /home/mihir/abb_bot_ws/install/abbbot_msgs/share/abbbot_msgs/cmake/export_abbbot_msgs__rosidl_generator_pyExport.cmake
[6.816s] -- Installing: /home/mihir/abb_bot_ws/install/abbbot_msgs/share/abbbot_msgs/cmake/export_abbbot_msgs__rosidl_generator_pyExport-noconfig.cmake
[6.816s] -- Installing: /home/mihir/abb_bot_ws/install/abbbot_msgs/share/abbbot_msgs/cmake/rosidl_cmake-extras.cmake
[6.816s] -- Installing: /home/mihir/abb_bot_ws/install/abbbot_msgs/share/abbbot_msgs/cmake/ament_cmake_export_dependencies-extras.cmake
[6.816s] -- Installing: /home/mihir/abb_bot_ws/install/abbbot_msgs/share/abbbot_msgs/cmake/ament_cmake_export_include_directories-extras.cmake
[6.816s] -- Installing: /home/mihir/abb_bot_ws/install/abbbot_msgs/share/abbbot_msgs/cmake/ament_cmake_export_libraries-extras.cmake
[6.816s] -- Installing: /home/mihir/abb_bot_ws/install/abbbot_msgs/share/abbbot_msgs/cmake/ament_cmake_export_targets-extras.cmake
[6.816s] -- Installing: /home/mihir/abb_bot_ws/install/abbbot_msgs/share/abbbot_msgs/cmake/rosidl_cmake_export_typesupport_targets-extras.cmake
[6.817s] -- Installing: /home/mihir/abb_bot_ws/install/abbbot_msgs/share/abbbot_msgs/cmake/rosidl_cmake_export_typesupport_libraries-extras.cmake
[6.817s] -- Installing: /home/mihir/abb_bot_ws/install/abbbot_msgs/share/abbbot_msgs/cmake/abbbot_msgsConfig.cmake
[6.817s] -- Up-to-date: /home/mihir/abb_bot_ws/install/abbbot_msgs/share/abbbot_msgs/cmake/abbbot_msgsConfig-version.cmake
[6.817s] -- Installing: /home/mihir/abb_bot_ws/install/abbbot_msgs/share/abbbot_msgs/package.xml
[6.819s] Invoked command in '/home/mihir/abb_bot_ws/build/abbbot_msgs' returned '0': CMAKE_PREFIX_PATH=/opt/ros/humble /usr/bin/cmake --install /home/mihir/abb_bot_ws/build/abbbot_msgs
