[0.086s] Invoking command in '/home/mihir/abb_bot_ws/build/bot_remote': CMAKE_PREFIX_PATH=/opt/ros/humble /usr/bin/cmake --build /home/mihir/abb_bot_ws/build/bot_remote -- -j8 -l8
[0.110s] -- Found ament_cmake: 1.3.6 (/opt/ros/humble/share/ament_cmake/cmake)
[0.353s] -- Found ament_lint_auto: 0.12.9 (/opt/ros/humble/share/ament_lint_auto/cmake)
[0.419s] -- Added test 'cppcheck' to perform static code analysis on C / C++ code
[0.419s] -- Configured cppcheck include dirs: 
[0.419s] -- Configured cppcheck exclude dirs and/or files: 
[0.419s] -- Added test 'lint_cmake' to check CMake code style
[0.420s] -- Added test 'uncrustify' to check C / C++ code style
[0.420s] -- Configured uncrustify additional arguments: 
[0.421s] -- Added test 'xmllint' to check XML markup files
[0.422s] -- Configuring done
[0.425s] -- Generating done
[0.426s] -- Build files have been written to: /home/mihir/abb_bot_ws/build/bot_remote
[0.628s] Invoked command in '/home/mihir/abb_bot_ws/build/bot_remote' returned '0': CMAKE_PREFIX_PATH=/opt/ros/humble /usr/bin/cmake --build /home/mihir/abb_bot_ws/build/bot_remote -- -j8 -l8
[0.790s] Invoking command in '/home/mihir/abb_bot_ws/build/bot_remote': CMAKE_PREFIX_PATH=/opt/ros/humble /usr/bin/cmake --install /home/mihir/abb_bot_ws/build/bot_remote
[0.798s] -- Install configuration: ""
[0.798s] -- Installing: /home/mihir/abb_bot_ws/install/bot_remote/share/ament_index/resource_index/package_run_dependencies/bot_remote
[0.798s] -- Up-to-date: /home/mihir/abb_bot_ws/install/bot_remote/share/ament_index/resource_index/parent_prefix_path/bot_remote
[0.799s] -- Up-to-date: /home/mihir/abb_bot_ws/install/bot_remote/share/bot_remote/environment/ament_prefix_path.sh
[0.799s] -- Installing: /home/mihir/abb_bot_ws/install/bot_remote/share/bot_remote/environment/ament_prefix_path.dsv
[0.799s] -- Up-to-date: /home/mihir/abb_bot_ws/install/bot_remote/share/bot_remote/environment/path.sh
[0.799s] -- Installing: /home/mihir/abb_bot_ws/install/bot_remote/share/bot_remote/environment/path.dsv
[0.799s] -- Up-to-date: /home/mihir/abb_bot_ws/install/bot_remote/share/bot_remote/local_setup.bash
[0.799s] -- Up-to-date: /home/mihir/abb_bot_ws/install/bot_remote/share/bot_remote/local_setup.sh
[0.799s] -- Up-to-date: /home/mihir/abb_bot_ws/install/bot_remote/share/bot_remote/local_setup.zsh
[0.799s] -- Installing: /home/mihir/abb_bot_ws/install/bot_remote/share/bot_remote/local_setup.dsv
[0.799s] -- Installing: /home/mihir/abb_bot_ws/install/bot_remote/share/bot_remote/package.dsv
[0.799s] -- Up-to-date: /home/mihir/abb_bot_ws/install/bot_remote/share/ament_index/resource_index/packages/bot_remote
[0.800s] -- Up-to-date: /home/mihir/abb_bot_ws/install/bot_remote/share/bot_remote/cmake/bot_remoteConfig.cmake
[0.800s] -- Up-to-date: /home/mihir/abb_bot_ws/install/bot_remote/share/bot_remote/cmake/bot_remoteConfig-version.cmake
[0.800s] -- Installing: /home/mihir/abb_bot_ws/install/bot_remote/share/bot_remote/package.xml
[0.807s] Invoked command in '/home/mihir/abb_bot_ws/build/bot_remote' returned '0': CMAKE_PREFIX_PATH=/opt/ros/humble /usr/bin/cmake --install /home/mihir/abb_bot_ws/build/bot_remote
