[1.010s] DEBUG:colcon:Command line arguments: ['/usr/bin/colcon', 'build']
[1.010s] DEBUG:colcon:Parsed command line arguments: Namespace(log_base=None, log_level=None, verb_name='build', build_base='build', install_base='install', merge_install=False, symlink_install=False, test_result_base=None, continue_on_error=False, executor='parallel', parallel_workers=8, event_handlers=None, ignore_user_meta=False, metas=['./colcon.meta'], base_paths=['.'], packages_ignore=None, packages_ignore_regex=None, paths=None, packages_up_to=None, packages_up_to_regex=None, packages_above=None, packages_above_and_dependencies=None, packages_above_depth=None, packages_select_by_dep=None, packages_skip_by_dep=None, packages_skip_up_to=None, packages_select_build_failed=False, packages_skip_build_finished=False, packages_select_test_failures=False, packages_skip_test_passed=False, packages_select=None, packages_skip=None, packages_select_regex=None, packages_skip_regex=None, packages_start=None, packages_end=None, allow_overriding=[], cmake_args=None, cmake_target=None, cmake_target_skip_unavailable=False, cmake_clean_cache=False, cmake_clean_first=False, cmake_force_configure=False, ament_cmake_args=None, catkin_cmake_args=None, catkin_skip_building_tests=False, verb_parser=<colcon_defaults.argument_parser.defaults.DefaultArgumentsDecorator object at 0x7fc85d0c1270>, verb_extension=<colcon_core.verb.build.BuildVerb object at 0x7fc85d4dbe20>, main=<bound method BuildVerb.main of <colcon_core.verb.build.BuildVerb object at 0x7fc85d4dbe20>>)
[1.065s] Level 1:colcon.colcon_core.package_discovery:discover_packages(colcon_meta) check parameters
[1.065s] Level 1:colcon.colcon_core.package_discovery:discover_packages(recursive) check parameters
[1.065s] Level 1:colcon.colcon_core.package_discovery:discover_packages(ignore) check parameters
[1.065s] Level 1:colcon.colcon_core.package_discovery:discover_packages(path) check parameters
[1.065s] Level 1:colcon.colcon_core.package_discovery:discover_packages(colcon_meta) discover
[1.065s] Level 1:colcon.colcon_core.package_discovery:discover_packages(recursive) discover
[1.065s] INFO:colcon.colcon_core.package_discovery:Crawling recursively for packages in '/home/mihir/abb_bot_ws'
[1.065s] Level 1:colcon.colcon_core.package_identification:_identify(.) by extensions ['ignore', 'ignore_ament_install']
[1.065s] Level 1:colcon.colcon_core.package_identification:_identify(.) by extension 'ignore'
[1.065s] Level 1:colcon.colcon_core.package_identification:_identify(.) by extension 'ignore_ament_install'
[1.065s] Level 1:colcon.colcon_core.package_identification:_identify(.) by extensions ['colcon_pkg']
[1.065s] Level 1:colcon.colcon_core.package_identification:_identify(.) by extension 'colcon_pkg'
[1.065s] Level 1:colcon.colcon_core.package_identification:_identify(.) by extensions ['colcon_meta']
[1.065s] Level 1:colcon.colcon_core.package_identification:_identify(.) by extension 'colcon_meta'
[1.065s] Level 1:colcon.colcon_core.package_identification:_identify(.) by extensions ['ros']
[1.066s] Level 1:colcon.colcon_core.package_identification:_identify(.) by extension 'ros'
[1.075s] Level 1:colcon.colcon_core.package_identification:_identify(.) by extensions ['cmake', 'python']
[1.075s] Level 1:colcon.colcon_core.package_identification:_identify(.) by extension 'cmake'
[1.075s] Level 1:colcon.colcon_core.package_identification:_identify(.) by extension 'python'
[1.075s] Level 1:colcon.colcon_core.package_identification:_identify(.) by extensions ['python_setup_py']
[1.075s] Level 1:colcon.colcon_core.package_identification:_identify(.) by extension 'python_setup_py'
[1.075s] Level 1:colcon.colcon_core.package_identification:_identify(build) by extensions ['ignore', 'ignore_ament_install']
[1.076s] Level 1:colcon.colcon_core.package_identification:_identify(build) by extension 'ignore'
[1.076s] Level 1:colcon.colcon_core.package_identification:_identify(build) ignored
[1.076s] Level 1:colcon.colcon_core.package_identification:_identify(install) by extensions ['ignore', 'ignore_ament_install']
[1.076s] Level 1:colcon.colcon_core.package_identification:_identify(install) by extension 'ignore'
[1.076s] Level 1:colcon.colcon_core.package_identification:_identify(install) ignored
[1.076s] Level 1:colcon.colcon_core.package_identification:_identify(log) by extensions ['ignore', 'ignore_ament_install']
[1.076s] Level 1:colcon.colcon_core.package_identification:_identify(log) by extension 'ignore'
[1.076s] Level 1:colcon.colcon_core.package_identification:_identify(log) ignored
[1.076s] Level 1:colcon.colcon_core.package_identification:_identify(src) by extensions ['ignore', 'ignore_ament_install']
[1.076s] Level 1:colcon.colcon_core.package_identification:_identify(src) by extension 'ignore'
[1.077s] Level 1:colcon.colcon_core.package_identification:_identify(src) by extension 'ignore_ament_install'
[1.077s] Level 1:colcon.colcon_core.package_identification:_identify(src) by extensions ['colcon_pkg']
[1.077s] Level 1:colcon.colcon_core.package_identification:_identify(src) by extension 'colcon_pkg'
[1.077s] Level 1:colcon.colcon_core.package_identification:_identify(src) by extensions ['colcon_meta']
[1.077s] Level 1:colcon.colcon_core.package_identification:_identify(src) by extension 'colcon_meta'
[1.077s] Level 1:colcon.colcon_core.package_identification:_identify(src) by extensions ['ros']
[1.077s] Level 1:colcon.colcon_core.package_identification:_identify(src) by extension 'ros'
[1.077s] Level 1:colcon.colcon_core.package_identification:_identify(src) by extensions ['cmake', 'python']
[1.077s] Level 1:colcon.colcon_core.package_identification:_identify(src) by extension 'cmake'
[1.077s] Level 1:colcon.colcon_core.package_identification:_identify(src) by extension 'python'
[1.077s] Level 1:colcon.colcon_core.package_identification:_identify(src) by extensions ['python_setup_py']
[1.077s] Level 1:colcon.colcon_core.package_identification:_identify(src) by extension 'python_setup_py'
[1.077s] Level 1:colcon.colcon_core.package_identification:_identify(src/abb_bot_msgs) by extensions ['ignore', 'ignore_ament_install']
[1.077s] Level 1:colcon.colcon_core.package_identification:_identify(src/abb_bot_msgs) by extension 'ignore'
[1.077s] Level 1:colcon.colcon_core.package_identification:_identify(src/abb_bot_msgs) by extension 'ignore_ament_install'
[1.078s] Level 1:colcon.colcon_core.package_identification:_identify(src/abb_bot_msgs) by extensions ['colcon_pkg']
[1.078s] Level 1:colcon.colcon_core.package_identification:_identify(src/abb_bot_msgs) by extension 'colcon_pkg'
[1.078s] Level 1:colcon.colcon_core.package_identification:_identify(src/abb_bot_msgs) by extensions ['colcon_meta']
[1.078s] Level 1:colcon.colcon_core.package_identification:_identify(src/abb_bot_msgs) by extension 'colcon_meta'
[1.078s] Level 1:colcon.colcon_core.package_identification:_identify(src/abb_bot_msgs) by extensions ['ros']
[1.078s] Level 1:colcon.colcon_core.package_identification:_identify(src/abb_bot_msgs) by extension 'ros'
[1.080s] DEBUG:colcon.colcon_core.package_identification:Package 'src/abb_bot_msgs' with type 'ros.ament_cmake' and name 'abb_bot_msgs'
[1.080s] Level 1:colcon.colcon_core.package_identification:_identify(src/bot_controller) by extensions ['ignore', 'ignore_ament_install']
[1.081s] Level 1:colcon.colcon_core.package_identification:_identify(src/bot_controller) by extension 'ignore'
[1.081s] Level 1:colcon.colcon_core.package_identification:_identify(src/bot_controller) by extension 'ignore_ament_install'
[1.081s] Level 1:colcon.colcon_core.package_identification:_identify(src/bot_controller) by extensions ['colcon_pkg']
[1.081s] Level 1:colcon.colcon_core.package_identification:_identify(src/bot_controller) by extension 'colcon_pkg'
[1.081s] Level 1:colcon.colcon_core.package_identification:_identify(src/bot_controller) by extensions ['colcon_meta']
[1.081s] Level 1:colcon.colcon_core.package_identification:_identify(src/bot_controller) by extension 'colcon_meta'
[1.081s] Level 1:colcon.colcon_core.package_identification:_identify(src/bot_controller) by extensions ['ros']
[1.081s] Level 1:colcon.colcon_core.package_identification:_identify(src/bot_controller) by extension 'ros'
[1.081s] DEBUG:colcon.colcon_core.package_identification:Package 'src/bot_controller' with type 'ros.ament_cmake' and name 'bot_controller'
[1.081s] Level 1:colcon.colcon_core.package_identification:_identify(src/bot_description) by extensions ['ignore', 'ignore_ament_install']
[1.081s] Level 1:colcon.colcon_core.package_identification:_identify(src/bot_description) by extension 'ignore'
[1.081s] Level 1:colcon.colcon_core.package_identification:_identify(src/bot_description) by extension 'ignore_ament_install'
[1.081s] Level 1:colcon.colcon_core.package_identification:_identify(src/bot_description) by extensions ['colcon_pkg']
[1.081s] Level 1:colcon.colcon_core.package_identification:_identify(src/bot_description) by extension 'colcon_pkg'
[1.082s] Level 1:colcon.colcon_core.package_identification:_identify(src/bot_description) by extensions ['colcon_meta']
[1.082s] Level 1:colcon.colcon_core.package_identification:_identify(src/bot_description) by extension 'colcon_meta'
[1.082s] Level 1:colcon.colcon_core.package_identification:_identify(src/bot_description) by extensions ['ros']
[1.082s] Level 1:colcon.colcon_core.package_identification:_identify(src/bot_description) by extension 'ros'
[1.082s] DEBUG:colcon.colcon_core.package_identification:Package 'src/bot_description' with type 'ros.ament_cmake' and name 'bot_description'
[1.082s] Level 1:colcon.colcon_core.package_identification:_identify(src/bot_moveit) by extensions ['ignore', 'ignore_ament_install']
[1.082s] Level 1:colcon.colcon_core.package_identification:_identify(src/bot_moveit) by extension 'ignore'
[1.082s] Level 1:colcon.colcon_core.package_identification:_identify(src/bot_moveit) by extension 'ignore_ament_install'
[1.082s] Level 1:colcon.colcon_core.package_identification:_identify(src/bot_moveit) by extensions ['colcon_pkg']
[1.082s] Level 1:colcon.colcon_core.package_identification:_identify(src/bot_moveit) by extension 'colcon_pkg'
[1.082s] Level 1:colcon.colcon_core.package_identification:_identify(src/bot_moveit) by extensions ['colcon_meta']
[1.082s] Level 1:colcon.colcon_core.package_identification:_identify(src/bot_moveit) by extension 'colcon_meta'
[1.082s] Level 1:colcon.colcon_core.package_identification:_identify(src/bot_moveit) by extensions ['ros']
[1.082s] Level 1:colcon.colcon_core.package_identification:_identify(src/bot_moveit) by extension 'ros'
[1.083s] DEBUG:colcon.colcon_core.package_identification:Package 'src/bot_moveit' with type 'ros.ament_cmake' and name 'bot_moveit'
[1.083s] Level 1:colcon.colcon_core.package_identification:_identify(src/bot_msgs) by extensions ['ignore', 'ignore_ament_install']
[1.083s] Level 1:colcon.colcon_core.package_identification:_identify(src/bot_msgs) by extension 'ignore'
[1.083s] Level 1:colcon.colcon_core.package_identification:_identify(src/bot_msgs) by extension 'ignore_ament_install'
[1.083s] Level 1:colcon.colcon_core.package_identification:_identify(src/bot_msgs) by extensions ['colcon_pkg']
[1.083s] Level 1:colcon.colcon_core.package_identification:_identify(src/bot_msgs) by extension 'colcon_pkg'
[1.083s] Level 1:colcon.colcon_core.package_identification:_identify(src/bot_msgs) by extensions ['colcon_meta']
[1.083s] Level 1:colcon.colcon_core.package_identification:_identify(src/bot_msgs) by extension 'colcon_meta'
[1.083s] Level 1:colcon.colcon_core.package_identification:_identify(src/bot_msgs) by extensions ['ros']
[1.083s] Level 1:colcon.colcon_core.package_identification:_identify(src/bot_msgs) by extension 'ros'
[1.084s] DEBUG:colcon.colcon_core.package_identification:Package 'src/bot_msgs' with type 'ros.ament_cmake' and name 'bot_msgs'
[1.084s] Level 1:colcon.colcon_core.package_identification:_identify(src/bot_remote) by extensions ['ignore', 'ignore_ament_install']
[1.084s] Level 1:colcon.colcon_core.package_identification:_identify(src/bot_remote) by extension 'ignore'
[1.084s] Level 1:colcon.colcon_core.package_identification:_identify(src/bot_remote) by extension 'ignore_ament_install'
[1.084s] Level 1:colcon.colcon_core.package_identification:_identify(src/bot_remote) by extensions ['colcon_pkg']
[1.084s] Level 1:colcon.colcon_core.package_identification:_identify(src/bot_remote) by extension 'colcon_pkg'
[1.084s] Level 1:colcon.colcon_core.package_identification:_identify(src/bot_remote) by extensions ['colcon_meta']
[1.084s] Level 1:colcon.colcon_core.package_identification:_identify(src/bot_remote) by extension 'colcon_meta'
[1.084s] Level 1:colcon.colcon_core.package_identification:_identify(src/bot_remote) by extensions ['ros']
[1.084s] Level 1:colcon.colcon_core.package_identification:_identify(src/bot_remote) by extension 'ros'
[1.085s] DEBUG:colcon.colcon_core.package_identification:Package 'src/bot_remote' with type 'ros.ament_cmake' and name 'bot_remote'
[1.085s] Level 1:colcon.colcon_core.package_identification:_identify(src/build) by extensions ['ignore', 'ignore_ament_install']
[1.085s] Level 1:colcon.colcon_core.package_identification:_identify(src/build) by extension 'ignore'
[1.085s] Level 1:colcon.colcon_core.package_identification:_identify(src/build) ignored
[1.085s] Level 1:colcon.colcon_core.package_identification:_identify(src/install) by extensions ['ignore', 'ignore_ament_install']
[1.085s] Level 1:colcon.colcon_core.package_identification:_identify(src/install) by extension 'ignore'
[1.085s] Level 1:colcon.colcon_core.package_identification:_identify(src/install) ignored
[1.085s] Level 1:colcon.colcon_core.package_identification:_identify(src/log) by extensions ['ignore', 'ignore_ament_install']
[1.085s] Level 1:colcon.colcon_core.package_identification:_identify(src/log) by extension 'ignore'
[1.085s] Level 1:colcon.colcon_core.package_identification:_identify(src/log) ignored
[1.085s] Level 1:colcon.colcon_core.package_discovery:discover_packages(recursive) using defaults
[1.085s] Level 1:colcon.colcon_core.package_discovery:discover_packages(ignore) discover
[1.086s] Level 1:colcon.colcon_core.package_discovery:discover_packages(ignore) using defaults
[1.086s] Level 1:colcon.colcon_core.package_discovery:discover_packages(path) discover
[1.086s] Level 1:colcon.colcon_core.package_discovery:discover_packages(path) using defaults
[1.191s] Level 1:colcon.colcon_core.package_discovery:discover_packages(prefix_path) check parameters
[1.191s] Level 1:colcon.colcon_core.package_discovery:discover_packages(prefix_path) discover
[1.228s] DEBUG:colcon.colcon_installed_package_information.package_discovery:Found 360 installed packages in /opt/ros/humble
[1.229s] Level 1:colcon.colcon_core.package_discovery:discover_packages(prefix_path) using defaults
[1.371s] Level 5:colcon.colcon_core.verb:set package 'abb_bot_msgs' build argument 'cmake_args' from command line to 'None'
[1.371s] Level 5:colcon.colcon_core.verb:set package 'abb_bot_msgs' build argument 'cmake_target' from command line to 'None'
[1.371s] Level 5:colcon.colcon_core.verb:set package 'abb_bot_msgs' build argument 'cmake_target_skip_unavailable' from command line to 'False'
[1.371s] Level 5:colcon.colcon_core.verb:set package 'abb_bot_msgs' build argument 'cmake_clean_cache' from command line to 'False'
[1.371s] Level 5:colcon.colcon_core.verb:set package 'abb_bot_msgs' build argument 'cmake_clean_first' from command line to 'False'
[1.371s] Level 5:colcon.colcon_core.verb:set package 'abb_bot_msgs' build argument 'cmake_force_configure' from command line to 'False'
[1.371s] Level 5:colcon.colcon_core.verb:set package 'abb_bot_msgs' build argument 'ament_cmake_args' from command line to 'None'
[1.371s] Level 5:colcon.colcon_core.verb:set package 'abb_bot_msgs' build argument 'catkin_cmake_args' from command line to 'None'
[1.372s] Level 5:colcon.colcon_core.verb:set package 'abb_bot_msgs' build argument 'catkin_skip_building_tests' from command line to 'False'
[1.372s] DEBUG:colcon.colcon_core.verb:Building package 'abb_bot_msgs' with the following arguments: {'ament_cmake_args': None, 'build_base': '/home/mihir/abb_bot_ws/build/abb_bot_msgs', 'catkin_cmake_args': None, 'catkin_skip_building_tests': False, 'cmake_args': None, 'cmake_clean_cache': False, 'cmake_clean_first': False, 'cmake_force_configure': False, 'cmake_target': None, 'cmake_target_skip_unavailable': False, 'install_base': '/home/mihir/abb_bot_ws/install/abb_bot_msgs', 'merge_install': False, 'path': '/home/mihir/abb_bot_ws/src/abb_bot_msgs', 'symlink_install': False, 'test_result_base': None}
[1.390s] Level 5:colcon.colcon_core.verb:set package 'bot_controller' build argument 'cmake_args' from command line to 'None'
[1.390s] Level 5:colcon.colcon_core.verb:set package 'bot_controller' build argument 'cmake_target' from command line to 'None'
[1.391s] Level 5:colcon.colcon_core.verb:set package 'bot_controller' build argument 'cmake_target_skip_unavailable' from command line to 'False'
[1.391s] Level 5:colcon.colcon_core.verb:set package 'bot_controller' build argument 'cmake_clean_cache' from command line to 'False'
[1.391s] Level 5:colcon.colcon_core.verb:set package 'bot_controller' build argument 'cmake_clean_first' from command line to 'False'
[1.391s] Level 5:colcon.colcon_core.verb:set package 'bot_controller' build argument 'cmake_force_configure' from command line to 'False'
[1.391s] Level 5:colcon.colcon_core.verb:set package 'bot_controller' build argument 'ament_cmake_args' from command line to 'None'
[1.391s] Level 5:colcon.colcon_core.verb:set package 'bot_controller' build argument 'catkin_cmake_args' from command line to 'None'
[1.391s] Level 5:colcon.colcon_core.verb:set package 'bot_controller' build argument 'catkin_skip_building_tests' from command line to 'False'
[1.391s] DEBUG:colcon.colcon_core.verb:Building package 'bot_controller' with the following arguments: {'ament_cmake_args': None, 'build_base': '/home/mihir/abb_bot_ws/build/bot_controller', 'catkin_cmake_args': None, 'catkin_skip_building_tests': False, 'cmake_args': None, 'cmake_clean_cache': False, 'cmake_clean_first': False, 'cmake_force_configure': False, 'cmake_target': None, 'cmake_target_skip_unavailable': False, 'install_base': '/home/mihir/abb_bot_ws/install/bot_controller', 'merge_install': False, 'path': '/home/mihir/abb_bot_ws/src/bot_controller', 'symlink_install': False, 'test_result_base': None}
[1.414s] Level 5:colcon.colcon_core.verb:set package 'bot_description' build argument 'cmake_args' from command line to 'None'
[1.415s] Level 5:colcon.colcon_core.verb:set package 'bot_description' build argument 'cmake_target' from command line to 'None'
[1.415s] Level 5:colcon.colcon_core.verb:set package 'bot_description' build argument 'cmake_target_skip_unavailable' from command line to 'False'
[1.415s] Level 5:colcon.colcon_core.verb:set package 'bot_description' build argument 'cmake_clean_cache' from command line to 'False'
[1.415s] Level 5:colcon.colcon_core.verb:set package 'bot_description' build argument 'cmake_clean_first' from command line to 'False'
[1.415s] Level 5:colcon.colcon_core.verb:set package 'bot_description' build argument 'cmake_force_configure' from command line to 'False'
[1.415s] Level 5:colcon.colcon_core.verb:set package 'bot_description' build argument 'ament_cmake_args' from command line to 'None'
[1.415s] Level 5:colcon.colcon_core.verb:set package 'bot_description' build argument 'catkin_cmake_args' from command line to 'None'
[1.415s] Level 5:colcon.colcon_core.verb:set package 'bot_description' build argument 'catkin_skip_building_tests' from command line to 'False'
[1.415s] DEBUG:colcon.colcon_core.verb:Building package 'bot_description' with the following arguments: {'ament_cmake_args': None, 'build_base': '/home/mihir/abb_bot_ws/build/bot_description', 'catkin_cmake_args': None, 'catkin_skip_building_tests': False, 'cmake_args': None, 'cmake_clean_cache': False, 'cmake_clean_first': False, 'cmake_force_configure': False, 'cmake_target': None, 'cmake_target_skip_unavailable': False, 'install_base': '/home/mihir/abb_bot_ws/install/bot_description', 'merge_install': False, 'path': '/home/mihir/abb_bot_ws/src/bot_description', 'symlink_install': False, 'test_result_base': None}
[1.434s] Level 5:colcon.colcon_core.verb:set package 'bot_moveit' build argument 'cmake_args' from command line to 'None'
[1.434s] Level 5:colcon.colcon_core.verb:set package 'bot_moveit' build argument 'cmake_target' from command line to 'None'
[1.434s] Level 5:colcon.colcon_core.verb:set package 'bot_moveit' build argument 'cmake_target_skip_unavailable' from command line to 'False'
[1.434s] Level 5:colcon.colcon_core.verb:set package 'bot_moveit' build argument 'cmake_clean_cache' from command line to 'False'
[1.435s] Level 5:colcon.colcon_core.verb:set package 'bot_moveit' build argument 'cmake_clean_first' from command line to 'False'
[1.435s] Level 5:colcon.colcon_core.verb:set package 'bot_moveit' build argument 'cmake_force_configure' from command line to 'False'
[1.435s] Level 5:colcon.colcon_core.verb:set package 'bot_moveit' build argument 'ament_cmake_args' from command line to 'None'
[1.435s] Level 5:colcon.colcon_core.verb:set package 'bot_moveit' build argument 'catkin_cmake_args' from command line to 'None'
[1.435s] Level 5:colcon.colcon_core.verb:set package 'bot_moveit' build argument 'catkin_skip_building_tests' from command line to 'False'
[1.435s] DEBUG:colcon.colcon_core.verb:Building package 'bot_moveit' with the following arguments: {'ament_cmake_args': None, 'build_base': '/home/mihir/abb_bot_ws/build/bot_moveit', 'catkin_cmake_args': None, 'catkin_skip_building_tests': False, 'cmake_args': None, 'cmake_clean_cache': False, 'cmake_clean_first': False, 'cmake_force_configure': False, 'cmake_target': None, 'cmake_target_skip_unavailable': False, 'install_base': '/home/mihir/abb_bot_ws/install/bot_moveit', 'merge_install': False, 'path': '/home/mihir/abb_bot_ws/src/bot_moveit', 'symlink_install': False, 'test_result_base': None}
[1.453s] Level 5:colcon.colcon_core.verb:set package 'bot_msgs' build argument 'cmake_args' from command line to 'None'
[1.454s] Level 5:colcon.colcon_core.verb:set package 'bot_msgs' build argument 'cmake_target' from command line to 'None'
[1.454s] Level 5:colcon.colcon_core.verb:set package 'bot_msgs' build argument 'cmake_target_skip_unavailable' from command line to 'False'
[1.454s] Level 5:colcon.colcon_core.verb:set package 'bot_msgs' build argument 'cmake_clean_cache' from command line to 'False'
[1.454s] Level 5:colcon.colcon_core.verb:set package 'bot_msgs' build argument 'cmake_clean_first' from command line to 'False'
[1.454s] Level 5:colcon.colcon_core.verb:set package 'bot_msgs' build argument 'cmake_force_configure' from command line to 'False'
[1.454s] Level 5:colcon.colcon_core.verb:set package 'bot_msgs' build argument 'ament_cmake_args' from command line to 'None'
[1.454s] Level 5:colcon.colcon_core.verb:set package 'bot_msgs' build argument 'catkin_cmake_args' from command line to 'None'
[1.454s] Level 5:colcon.colcon_core.verb:set package 'bot_msgs' build argument 'catkin_skip_building_tests' from command line to 'False'
[1.454s] DEBUG:colcon.colcon_core.verb:Building package 'bot_msgs' with the following arguments: {'ament_cmake_args': None, 'build_base': '/home/mihir/abb_bot_ws/build/bot_msgs', 'catkin_cmake_args': None, 'catkin_skip_building_tests': False, 'cmake_args': None, 'cmake_clean_cache': False, 'cmake_clean_first': False, 'cmake_force_configure': False, 'cmake_target': None, 'cmake_target_skip_unavailable': False, 'install_base': '/home/mihir/abb_bot_ws/install/bot_msgs', 'merge_install': False, 'path': '/home/mihir/abb_bot_ws/src/bot_msgs', 'symlink_install': False, 'test_result_base': None}
[1.472s] Level 5:colcon.colcon_core.verb:set package 'bot_remote' build argument 'cmake_args' from command line to 'None'
[1.472s] Level 5:colcon.colcon_core.verb:set package 'bot_remote' build argument 'cmake_target' from command line to 'None'
[1.472s] Level 5:colcon.colcon_core.verb:set package 'bot_remote' build argument 'cmake_target_skip_unavailable' from command line to 'False'
[1.472s] Level 5:colcon.colcon_core.verb:set package 'bot_remote' build argument 'cmake_clean_cache' from command line to 'False'
[1.472s] Level 5:colcon.colcon_core.verb:set package 'bot_remote' build argument 'cmake_clean_first' from command line to 'False'
[1.472s] Level 5:colcon.colcon_core.verb:set package 'bot_remote' build argument 'cmake_force_configure' from command line to 'False'
[1.472s] Level 5:colcon.colcon_core.verb:set package 'bot_remote' build argument 'ament_cmake_args' from command line to 'None'
[1.472s] Level 5:colcon.colcon_core.verb:set package 'bot_remote' build argument 'catkin_cmake_args' from command line to 'None'
[1.472s] Level 5:colcon.colcon_core.verb:set package 'bot_remote' build argument 'catkin_skip_building_tests' from command line to 'False'
[1.472s] DEBUG:colcon.colcon_core.verb:Building package 'bot_remote' with the following arguments: {'ament_cmake_args': None, 'build_base': '/home/mihir/abb_bot_ws/build/bot_remote', 'catkin_cmake_args': None, 'catkin_skip_building_tests': False, 'cmake_args': None, 'cmake_clean_cache': False, 'cmake_clean_first': False, 'cmake_force_configure': False, 'cmake_target': None, 'cmake_target_skip_unavailable': False, 'install_base': '/home/mihir/abb_bot_ws/install/bot_remote', 'merge_install': False, 'path': '/home/mihir/abb_bot_ws/src/bot_remote', 'symlink_install': False, 'test_result_base': None}
[1.490s] INFO:colcon.colcon_core.executor:Executing jobs using 'parallel' executor
[1.517s] DEBUG:colcon.colcon_parallel_executor.executor.parallel:run_until_complete
[1.518s] INFO:colcon.colcon_ros.task.ament_cmake.build:Building ROS package in '/home/mihir/abb_bot_ws/src/abb_bot_msgs' with build type 'ament_cmake'
[1.518s] INFO:colcon.colcon_cmake.task.cmake.build:Building CMake package in '/home/mihir/abb_bot_ws/src/abb_bot_msgs'
[1.552s] INFO:colcon.colcon_core.plugin_system:Skipping extension 'colcon_core.shell.bat': Not used on non-Windows systems
[1.552s] INFO:colcon.colcon_core.shell:Skip shell extension 'powershell' for command environment: Not usable outside of PowerShell
[1.552s] DEBUG:colcon.colcon_core.shell:Skip shell extension 'dsv' for command environment
[1.604s] INFO:colcon.colcon_ros.task.ament_cmake.build:Building ROS package in '/home/mihir/abb_bot_ws/src/bot_controller' with build type 'ament_cmake'
[1.604s] INFO:colcon.colcon_cmake.task.cmake.build:Building CMake package in '/home/mihir/abb_bot_ws/src/bot_controller'
[1.636s] INFO:colcon.colcon_core.shell:Skip shell extension 'powershell' for command environment: Not usable outside of PowerShell
[1.637s] DEBUG:colcon.colcon_core.shell:Skip shell extension 'dsv' for command environment
[1.702s] INFO:colcon.colcon_ros.task.ament_cmake.build:Building ROS package in '/home/mihir/abb_bot_ws/src/bot_description' with build type 'ament_cmake'
[1.702s] INFO:colcon.colcon_cmake.task.cmake.build:Building CMake package in '/home/mihir/abb_bot_ws/src/bot_description'
[1.732s] INFO:colcon.colcon_core.shell:Skip shell extension 'powershell' for command environment: Not usable outside of PowerShell
[1.732s] DEBUG:colcon.colcon_core.shell:Skip shell extension 'dsv' for command environment
[1.782s] INFO:colcon.colcon_ros.task.ament_cmake.build:Building ROS package in '/home/mihir/abb_bot_ws/src/bot_moveit' with build type 'ament_cmake'
[1.782s] INFO:colcon.colcon_cmake.task.cmake.build:Building CMake package in '/home/mihir/abb_bot_ws/src/bot_moveit'
[1.803s] INFO:colcon.colcon_core.shell:Skip shell extension 'powershell' for command environment: Not usable outside of PowerShell
[1.803s] DEBUG:colcon.colcon_core.shell:Skip shell extension 'dsv' for command environment
[1.866s] INFO:colcon.colcon_ros.task.ament_cmake.build:Building ROS package in '/home/mihir/abb_bot_ws/src/bot_msgs' with build type 'ament_cmake'
[1.866s] INFO:colcon.colcon_cmake.task.cmake.build:Building CMake package in '/home/mihir/abb_bot_ws/src/bot_msgs'
[1.888s] INFO:colcon.colcon_core.shell:Skip shell extension 'powershell' for command environment: Not usable outside of PowerShell
[1.888s] DEBUG:colcon.colcon_core.shell:Skip shell extension 'dsv' for command environment
[1.934s] INFO:colcon.colcon_ros.task.ament_cmake.build:Building ROS package in '/home/mihir/abb_bot_ws/src/bot_remote' with build type 'ament_cmake'
[1.935s] INFO:colcon.colcon_cmake.task.cmake.build:Building CMake package in '/home/mihir/abb_bot_ws/src/bot_remote'
[1.957s] INFO:colcon.colcon_core.shell:Skip shell extension 'powershell' for command environment: Not usable outside of PowerShell
[1.957s] DEBUG:colcon.colcon_core.shell:Skip shell extension 'dsv' for command environment
[2.056s] DEBUG:colcon.colcon_core.event_handler.log_command:Invoking command in '/home/mihir/abb_bot_ws/build/abb_bot_msgs': CMAKE_PREFIX_PATH=/opt/ros/humble /usr/bin/cmake --build /home/mihir/abb_bot_ws/build/abb_bot_msgs -- -j8 -l8
[2.061s] DEBUG:colcon.colcon_core.event_handler.log_command:Invoking command in '/home/mihir/abb_bot_ws/build/bot_controller': CMAKE_PREFIX_PATH=/opt/ros/humble /usr/bin/cmake --build /home/mihir/abb_bot_ws/build/bot_controller -- -j8 -l8
[2.078s] DEBUG:colcon.colcon_core.event_handler.log_command:Invoking command in '/home/mihir/abb_bot_ws/build/bot_description': CMAKE_PREFIX_PATH=/opt/ros/humble /usr/bin/cmake --build /home/mihir/abb_bot_ws/build/bot_description -- -j8 -l8
[2.097s] DEBUG:colcon.colcon_core.event_handler.log_command:Invoking command in '/home/mihir/abb_bot_ws/build/bot_moveit': CMAKE_PREFIX_PATH=/opt/ros/humble /usr/bin/cmake --build /home/mihir/abb_bot_ws/build/bot_moveit -- -j8 -l8
[2.125s] DEBUG:colcon.colcon_core.event_handler.log_command:Invoking command in '/home/mihir/abb_bot_ws/build/bot_msgs': CMAKE_PREFIX_PATH=/opt/ros/humble /usr/bin/cmake --build /home/mihir/abb_bot_ws/build/bot_msgs -- -j8 -l8
[2.144s] DEBUG:colcon.colcon_core.event_handler.log_command:Invoking command in '/home/mihir/abb_bot_ws/build/bot_remote': CMAKE_PREFIX_PATH=/opt/ros/humble /usr/bin/cmake --build /home/mihir/abb_bot_ws/build/bot_remote -- -j8 -l8
[2.275s] DEBUG:colcon.colcon_core.event_handler.log_command:Invoked command in '/home/mihir/abb_bot_ws/build/bot_controller' returned '0': CMAKE_PREFIX_PATH=/opt/ros/humble /usr/bin/cmake --build /home/mihir/abb_bot_ws/build/bot_controller -- -j8 -l8
[2.316s] DEBUG:colcon.colcon_core.event_handler.log_command:Invoked command in '/home/mihir/abb_bot_ws/build/bot_description' returned '0': CMAKE_PREFIX_PATH=/opt/ros/humble /usr/bin/cmake --build /home/mihir/abb_bot_ws/build/bot_description -- -j8 -l8
[2.324s] DEBUG:colcon.colcon_core.event_handler.log_command:Invoked command in '/home/mihir/abb_bot_ws/build/bot_moveit' returned '0': CMAKE_PREFIX_PATH=/opt/ros/humble /usr/bin/cmake --build /home/mihir/abb_bot_ws/build/bot_moveit -- -j8 -l8
[2.489s] DEBUG:colcon.colcon_core.event_handler.log_command:Invoking command in '/home/mihir/abb_bot_ws/build/bot_controller': CMAKE_PREFIX_PATH=/opt/ros/humble /usr/bin/cmake --install /home/mihir/abb_bot_ws/build/bot_controller
[2.513s] DEBUG:colcon.colcon_core.event_handler.log_command:Invoked command in '/home/mihir/abb_bot_ws/build/bot_remote' returned '0': CMAKE_PREFIX_PATH=/opt/ros/humble /usr/bin/cmake --build /home/mihir/abb_bot_ws/build/bot_remote -- -j8 -l8
[2.520s] DEBUG:colcon.colcon_core.event_handler.log_command:Invoking command in '/home/mihir/abb_bot_ws/build/bot_moveit': CMAKE_PREFIX_PATH=/opt/ros/humble /usr/bin/cmake --install /home/mihir/abb_bot_ws/build/bot_moveit
[2.555s] DEBUG:colcon.colcon_core.event_handler.log_command:Invoking command in '/home/mihir/abb_bot_ws/build/bot_description': CMAKE_PREFIX_PATH=/opt/ros/humble /usr/bin/cmake --install /home/mihir/abb_bot_ws/build/bot_description
[2.560s] Level 1:colcon.colcon_core.environment:create_environment_scripts_only(bot_controller)
[2.562s] DEBUG:colcon.colcon_core.event_handler.log_command:Invoked command in '/home/mihir/abb_bot_ws/build/bot_controller' returned '0': CMAKE_PREFIX_PATH=/opt/ros/humble /usr/bin/cmake --install /home/mihir/abb_bot_ws/build/bot_controller
[2.660s] Level 1:colcon.colcon_core.environment:checking '/home/mihir/abb_bot_ws/install/bot_controller' for CMake module files
[2.662s] Level 1:colcon.colcon_core.environment:checking '/home/mihir/abb_bot_ws/install/bot_controller' for CMake config files
[2.663s] Level 1:colcon.colcon_core.shell:create_environment_hook('bot_controller', 'cmake_prefix_path')
[2.700s] INFO:colcon.colcon_core.shell:Creating environment hook '/home/mihir/abb_bot_ws/install/bot_controller/share/bot_controller/hook/cmake_prefix_path.ps1'
[2.703s] INFO:colcon.colcon_core.shell:Creating environment descriptor '/home/mihir/abb_bot_ws/install/bot_controller/share/bot_controller/hook/cmake_prefix_path.dsv'
[2.705s] INFO:colcon.colcon_core.shell:Creating environment hook '/home/mihir/abb_bot_ws/install/bot_controller/share/bot_controller/hook/cmake_prefix_path.sh'
[2.706s] Level 1:colcon.colcon_core.environment:checking '/home/mihir/abb_bot_ws/install/bot_controller/bin'
[2.706s] Level 1:colcon.colcon_core.environment:checking '/home/mihir/abb_bot_ws/install/bot_controller/lib/pkgconfig/bot_controller.pc'
[2.707s] Level 1:colcon.colcon_core.environment:checking '/home/mihir/abb_bot_ws/install/bot_controller/lib/python3.10/site-packages'
[2.708s] Level 1:colcon.colcon_core.environment:checking '/home/mihir/abb_bot_ws/install/bot_controller/bin'
[2.787s] INFO:colcon.colcon_core.shell:Creating package script '/home/mihir/abb_bot_ws/install/bot_controller/share/bot_controller/package.ps1'
[2.797s] INFO:colcon.colcon_core.shell:Creating package descriptor '/home/mihir/abb_bot_ws/install/bot_controller/share/bot_controller/package.dsv'
[2.799s] INFO:colcon.colcon_core.shell:Creating package script '/home/mihir/abb_bot_ws/install/bot_controller/share/bot_controller/package.sh'
[2.804s] INFO:colcon.colcon_core.shell:Creating package script '/home/mihir/abb_bot_ws/install/bot_controller/share/bot_controller/package.bash'
[2.820s] INFO:colcon.colcon_core.shell:Creating package script '/home/mihir/abb_bot_ws/install/bot_controller/share/bot_controller/package.zsh'
[2.825s] Level 1:colcon.colcon_core.environment:create_file_with_runtime_dependencies(/home/mihir/abb_bot_ws/install/bot_controller/share/colcon-core/packages/bot_controller)
[2.866s] Level 1:colcon.colcon_core.environment:create_environment_scripts_only(bot_description)
[2.866s] DEBUG:colcon.colcon_core.event_handler.log_command:Invoked command in '/home/mihir/abb_bot_ws/build/bot_description' returned '0': CMAKE_PREFIX_PATH=/opt/ros/humble /usr/bin/cmake --install /home/mihir/abb_bot_ws/build/bot_description
[2.944s] Level 1:colcon.colcon_core.environment:checking '/home/mihir/abb_bot_ws/install/bot_description' for CMake module files
[2.946s] Level 1:colcon.colcon_core.environment:checking '/home/mihir/abb_bot_ws/install/bot_description' for CMake config files
[2.950s] Level 1:colcon.colcon_core.shell:create_environment_hook('bot_description', 'cmake_prefix_path')
[3.049s] INFO:colcon.colcon_core.shell:Creating environment hook '/home/mihir/abb_bot_ws/install/bot_description/share/bot_description/hook/cmake_prefix_path.ps1'
[3.051s] INFO:colcon.colcon_core.shell:Creating environment descriptor '/home/mihir/abb_bot_ws/install/bot_description/share/bot_description/hook/cmake_prefix_path.dsv'
[3.052s] INFO:colcon.colcon_core.shell:Creating environment hook '/home/mihir/abb_bot_ws/install/bot_description/share/bot_description/hook/cmake_prefix_path.sh'
[3.062s] Level 1:colcon.colcon_core.environment:checking '/home/mihir/abb_bot_ws/install/bot_description/lib'
[3.074s] Level 1:colcon.colcon_core.environment:checking '/home/mihir/abb_bot_ws/install/bot_description/bin'
[3.081s] Level 1:colcon.colcon_core.environment:checking '/home/mihir/abb_bot_ws/install/bot_description/lib/pkgconfig/bot_description.pc'
[3.082s] Level 1:colcon.colcon_core.environment:checking '/home/mihir/abb_bot_ws/install/bot_description/lib/python3.10/site-packages'
[3.083s] Level 1:colcon.colcon_core.shell:create_environment_hook('bot_description', 'pythonpath')
[3.139s] INFO:colcon.colcon_core.shell:Creating environment hook '/home/mihir/abb_bot_ws/install/bot_description/share/bot_description/hook/pythonpath.ps1'
[3.141s] INFO:colcon.colcon_core.shell:Creating environment descriptor '/home/mihir/abb_bot_ws/install/bot_description/share/bot_description/hook/pythonpath.dsv'
[3.143s] INFO:colcon.colcon_core.shell:Creating environment hook '/home/mihir/abb_bot_ws/install/bot_description/share/bot_description/hook/pythonpath.sh'
[3.146s] Level 1:colcon.colcon_core.environment:checking '/home/mihir/abb_bot_ws/install/bot_description/bin'
[3.181s] INFO:colcon.colcon_core.shell:Creating package script '/home/mihir/abb_bot_ws/install/bot_description/share/bot_description/package.ps1'
[3.182s] INFO:colcon.colcon_core.shell:Creating package descriptor '/home/mihir/abb_bot_ws/install/bot_description/share/bot_description/package.dsv'
[3.183s] INFO:colcon.colcon_core.shell:Creating package script '/home/mihir/abb_bot_ws/install/bot_description/share/bot_description/package.sh'
[3.183s] INFO:colcon.colcon_core.shell:Creating package script '/home/mihir/abb_bot_ws/install/bot_description/share/bot_description/package.bash'
[3.184s] INFO:colcon.colcon_core.shell:Creating package script '/home/mihir/abb_bot_ws/install/bot_description/share/bot_description/package.zsh'
[3.184s] Level 1:colcon.colcon_core.environment:create_file_with_runtime_dependencies(/home/mihir/abb_bot_ws/install/bot_description/share/colcon-core/packages/bot_description)
[3.208s] DEBUG:colcon.colcon_core.event_handler.log_command:Invoking command in '/home/mihir/abb_bot_ws/build/bot_remote': CMAKE_PREFIX_PATH=/opt/ros/humble /usr/bin/cmake --install /home/mihir/abb_bot_ws/build/bot_remote
[3.215s] Level 1:colcon.colcon_core.environment:create_environment_scripts_only(bot_moveit)
[3.217s] DEBUG:colcon.colcon_core.event_handler.log_command:Invoked command in '/home/mihir/abb_bot_ws/build/bot_moveit' returned '0': CMAKE_PREFIX_PATH=/opt/ros/humble /usr/bin/cmake --install /home/mihir/abb_bot_ws/build/bot_moveit
[3.265s] Level 1:colcon.colcon_core.environment:checking '/home/mihir/abb_bot_ws/install/bot_moveit' for CMake module files
[3.266s] Level 1:colcon.colcon_core.environment:checking '/home/mihir/abb_bot_ws/install/bot_moveit' for CMake config files
[3.267s] Level 1:colcon.colcon_core.shell:create_environment_hook('bot_moveit', 'cmake_prefix_path')
[3.302s] INFO:colcon.colcon_core.shell:Creating environment hook '/home/mihir/abb_bot_ws/install/bot_moveit/share/bot_moveit/hook/cmake_prefix_path.ps1'
[3.305s] INFO:colcon.colcon_core.shell:Creating environment descriptor '/home/mihir/abb_bot_ws/install/bot_moveit/share/bot_moveit/hook/cmake_prefix_path.dsv'
[3.306s] INFO:colcon.colcon_core.shell:Creating environment hook '/home/mihir/abb_bot_ws/install/bot_moveit/share/bot_moveit/hook/cmake_prefix_path.sh'
[3.307s] Level 1:colcon.colcon_core.environment:checking '/home/mihir/abb_bot_ws/install/bot_moveit/bin'
[3.308s] Level 1:colcon.colcon_core.environment:checking '/home/mihir/abb_bot_ws/install/bot_moveit/lib/pkgconfig/bot_moveit.pc'
[3.308s] Level 1:colcon.colcon_core.environment:checking '/home/mihir/abb_bot_ws/install/bot_moveit/lib/python3.10/site-packages'
[3.309s] Level 1:colcon.colcon_core.environment:checking '/home/mihir/abb_bot_ws/install/bot_moveit/bin'
[3.346s] INFO:colcon.colcon_core.shell:Creating package script '/home/mihir/abb_bot_ws/install/bot_moveit/share/bot_moveit/package.ps1'
[3.348s] INFO:colcon.colcon_core.shell:Creating package descriptor '/home/mihir/abb_bot_ws/install/bot_moveit/share/bot_moveit/package.dsv'
[3.349s] INFO:colcon.colcon_core.shell:Creating package script '/home/mihir/abb_bot_ws/install/bot_moveit/share/bot_moveit/package.sh'
[3.349s] INFO:colcon.colcon_core.shell:Creating package script '/home/mihir/abb_bot_ws/install/bot_moveit/share/bot_moveit/package.bash'
[3.350s] INFO:colcon.colcon_core.shell:Creating package script '/home/mihir/abb_bot_ws/install/bot_moveit/share/bot_moveit/package.zsh'
[3.351s] Level 1:colcon.colcon_core.environment:create_file_with_runtime_dependencies(/home/mihir/abb_bot_ws/install/bot_moveit/share/colcon-core/packages/bot_moveit)
[3.423s] Level 1:colcon.colcon_core.environment:create_environment_scripts_only(bot_controller)
[3.471s] Level 1:colcon.colcon_core.environment:checking '/home/mihir/abb_bot_ws/install/bot_controller' for CMake module files
[3.471s] Level 1:colcon.colcon_core.environment:checking '/home/mihir/abb_bot_ws/install/bot_controller' for CMake config files
[3.472s] Level 1:colcon.colcon_core.shell:create_environment_hook('bot_controller', 'cmake_prefix_path')
[3.516s] INFO:colcon.colcon_core.shell:Creating environment hook '/home/mihir/abb_bot_ws/install/bot_controller/share/bot_controller/hook/cmake_prefix_path.ps1'
[3.517s] INFO:colcon.colcon_core.shell:Creating environment descriptor '/home/mihir/abb_bot_ws/install/bot_controller/share/bot_controller/hook/cmake_prefix_path.dsv'
[3.518s] INFO:colcon.colcon_core.shell:Creating environment hook '/home/mihir/abb_bot_ws/install/bot_controller/share/bot_controller/hook/cmake_prefix_path.sh'
[3.519s] Level 1:colcon.colcon_core.environment:checking '/home/mihir/abb_bot_ws/install/bot_controller/bin'
[3.519s] Level 1:colcon.colcon_core.environment:checking '/home/mihir/abb_bot_ws/install/bot_controller/lib/pkgconfig/bot_controller.pc'
[3.519s] Level 1:colcon.colcon_core.environment:checking '/home/mihir/abb_bot_ws/install/bot_controller/lib/python3.10/site-packages'
[3.520s] Level 1:colcon.colcon_core.environment:checking '/home/mihir/abb_bot_ws/install/bot_controller/bin'
[3.573s] INFO:colcon.colcon_core.shell:Creating package script '/home/mihir/abb_bot_ws/install/bot_controller/share/bot_controller/package.ps1'
[3.576s] INFO:colcon.colcon_core.shell:Creating package descriptor '/home/mihir/abb_bot_ws/install/bot_controller/share/bot_controller/package.dsv'
[3.577s] INFO:colcon.colcon_core.shell:Creating package script '/home/mihir/abb_bot_ws/install/bot_controller/share/bot_controller/package.sh'
[3.579s] INFO:colcon.colcon_core.shell:Creating package script '/home/mihir/abb_bot_ws/install/bot_controller/share/bot_controller/package.bash'
[3.580s] INFO:colcon.colcon_core.shell:Creating package script '/home/mihir/abb_bot_ws/install/bot_controller/share/bot_controller/package.zsh'
[3.582s] Level 1:colcon.colcon_core.environment:create_file_with_runtime_dependencies(/home/mihir/abb_bot_ws/install/bot_controller/share/colcon-core/packages/bot_controller)
[3.586s] Level 1:colcon.colcon_core.environment:create_environment_scripts_only(bot_remote)
[3.588s] DEBUG:colcon.colcon_core.event_handler.log_command:Invoked command in '/home/mihir/abb_bot_ws/build/bot_remote' returned '0': CMAKE_PREFIX_PATH=/opt/ros/humble /usr/bin/cmake --install /home/mihir/abb_bot_ws/build/bot_remote
[3.625s] Level 1:colcon.colcon_core.environment:checking '/home/mihir/abb_bot_ws/install/bot_remote' for CMake module files
[3.626s] Level 1:colcon.colcon_core.environment:checking '/home/mihir/abb_bot_ws/install/bot_remote' for CMake config files
[3.626s] Level 1:colcon.colcon_core.shell:create_environment_hook('bot_remote', 'cmake_prefix_path')
[3.659s] INFO:colcon.colcon_core.shell:Creating environment hook '/home/mihir/abb_bot_ws/install/bot_remote/share/bot_remote/hook/cmake_prefix_path.ps1'
[3.660s] INFO:colcon.colcon_core.shell:Creating environment descriptor '/home/mihir/abb_bot_ws/install/bot_remote/share/bot_remote/hook/cmake_prefix_path.dsv'
[3.660s] INFO:colcon.colcon_core.shell:Creating environment hook '/home/mihir/abb_bot_ws/install/bot_remote/share/bot_remote/hook/cmake_prefix_path.sh'
[3.661s] Level 1:colcon.colcon_core.environment:checking '/home/mihir/abb_bot_ws/install/bot_remote/bin'
[3.661s] Level 1:colcon.colcon_core.environment:checking '/home/mihir/abb_bot_ws/install/bot_remote/lib/pkgconfig/bot_remote.pc'
[3.662s] Level 1:colcon.colcon_core.environment:checking '/home/mihir/abb_bot_ws/install/bot_remote/lib/python3.10/site-packages'
[3.662s] Level 1:colcon.colcon_core.environment:checking '/home/mihir/abb_bot_ws/install/bot_remote/bin'
[3.686s] INFO:colcon.colcon_core.shell:Creating package script '/home/mihir/abb_bot_ws/install/bot_remote/share/bot_remote/package.ps1'
[3.687s] INFO:colcon.colcon_core.shell:Creating package descriptor '/home/mihir/abb_bot_ws/install/bot_remote/share/bot_remote/package.dsv'
[3.687s] INFO:colcon.colcon_core.shell:Creating package script '/home/mihir/abb_bot_ws/install/bot_remote/share/bot_remote/package.sh'
[3.688s] INFO:colcon.colcon_core.shell:Creating package script '/home/mihir/abb_bot_ws/install/bot_remote/share/bot_remote/package.bash'
[3.688s] INFO:colcon.colcon_core.shell:Creating package script '/home/mihir/abb_bot_ws/install/bot_remote/share/bot_remote/package.zsh'
[3.688s] Level 1:colcon.colcon_core.environment:create_file_with_runtime_dependencies(/home/mihir/abb_bot_ws/install/bot_remote/share/colcon-core/packages/bot_remote)
[3.732s] Level 1:colcon.colcon_core.environment:create_environment_scripts_only(bot_description)
[3.767s] Level 1:colcon.colcon_core.environment:checking '/home/mihir/abb_bot_ws/install/bot_description' for CMake module files
[3.768s] Level 1:colcon.colcon_core.environment:checking '/home/mihir/abb_bot_ws/install/bot_description' for CMake config files
[3.768s] Level 1:colcon.colcon_core.shell:create_environment_hook('bot_description', 'cmake_prefix_path')
[3.803s] INFO:colcon.colcon_core.shell:Creating environment hook '/home/mihir/abb_bot_ws/install/bot_description/share/bot_description/hook/cmake_prefix_path.ps1'
[3.804s] INFO:colcon.colcon_core.shell:Creating environment descriptor '/home/mihir/abb_bot_ws/install/bot_description/share/bot_description/hook/cmake_prefix_path.dsv'
[3.805s] INFO:colcon.colcon_core.shell:Creating environment hook '/home/mihir/abb_bot_ws/install/bot_description/share/bot_description/hook/cmake_prefix_path.sh'
[3.805s] Level 1:colcon.colcon_core.environment:checking '/home/mihir/abb_bot_ws/install/bot_description/lib'
[3.806s] Level 1:colcon.colcon_core.environment:checking '/home/mihir/abb_bot_ws/install/bot_description/bin'
[3.806s] Level 1:colcon.colcon_core.environment:checking '/home/mihir/abb_bot_ws/install/bot_description/lib/pkgconfig/bot_description.pc'
[3.806s] Level 1:colcon.colcon_core.environment:checking '/home/mihir/abb_bot_ws/install/bot_description/lib/python3.10/site-packages'
[3.806s] Level 1:colcon.colcon_core.shell:create_environment_hook('bot_description', 'pythonpath')
[3.839s] INFO:colcon.colcon_core.shell:Creating environment hook '/home/mihir/abb_bot_ws/install/bot_description/share/bot_description/hook/pythonpath.ps1'
[3.840s] INFO:colcon.colcon_core.shell:Creating environment descriptor '/home/mihir/abb_bot_ws/install/bot_description/share/bot_description/hook/pythonpath.dsv'
[3.841s] INFO:colcon.colcon_core.shell:Creating environment hook '/home/mihir/abb_bot_ws/install/bot_description/share/bot_description/hook/pythonpath.sh'
[3.844s] Level 1:colcon.colcon_core.environment:checking '/home/mihir/abb_bot_ws/install/bot_description/bin'
[3.887s] INFO:colcon.colcon_core.shell:Creating package script '/home/mihir/abb_bot_ws/install/bot_description/share/bot_description/package.ps1'
[3.889s] INFO:colcon.colcon_core.shell:Creating package descriptor '/home/mihir/abb_bot_ws/install/bot_description/share/bot_description/package.dsv'
[3.893s] INFO:colcon.colcon_core.shell:Creating package script '/home/mihir/abb_bot_ws/install/bot_description/share/bot_description/package.sh'
[3.895s] INFO:colcon.colcon_core.shell:Creating package script '/home/mihir/abb_bot_ws/install/bot_description/share/bot_description/package.bash'
[3.896s] INFO:colcon.colcon_core.shell:Creating package script '/home/mihir/abb_bot_ws/install/bot_description/share/bot_description/package.zsh'
[3.897s] Level 1:colcon.colcon_core.environment:create_file_with_runtime_dependencies(/home/mihir/abb_bot_ws/install/bot_description/share/colcon-core/packages/bot_description)
[3.904s] DEBUG:colcon.colcon_core.event_handler.log_command:Invoked command in '/home/mihir/abb_bot_ws/build/bot_msgs' returned '0': CMAKE_PREFIX_PATH=/opt/ros/humble /usr/bin/cmake --build /home/mihir/abb_bot_ws/build/bot_msgs -- -j8 -l8
[3.955s] Level 1:colcon.colcon_core.environment:create_environment_scripts_only(bot_moveit)
[4.010s] Level 1:colcon.colcon_core.environment:checking '/home/mihir/abb_bot_ws/install/bot_moveit' for CMake module files
[4.012s] Level 1:colcon.colcon_core.environment:checking '/home/mihir/abb_bot_ws/install/bot_moveit' for CMake config files
[4.013s] Level 1:colcon.colcon_core.shell:create_environment_hook('bot_moveit', 'cmake_prefix_path')
[4.180s] INFO:colcon.colcon_core.shell:Creating environment hook '/home/mihir/abb_bot_ws/install/bot_moveit/share/bot_moveit/hook/cmake_prefix_path.ps1'
[4.182s] INFO:colcon.colcon_core.shell:Creating environment descriptor '/home/mihir/abb_bot_ws/install/bot_moveit/share/bot_moveit/hook/cmake_prefix_path.dsv'
[4.185s] INFO:colcon.colcon_core.shell:Creating environment hook '/home/mihir/abb_bot_ws/install/bot_moveit/share/bot_moveit/hook/cmake_prefix_path.sh'
[4.189s] Level 1:colcon.colcon_core.environment:checking '/home/mihir/abb_bot_ws/install/bot_moveit/bin'
[4.190s] Level 1:colcon.colcon_core.environment:checking '/home/mihir/abb_bot_ws/install/bot_moveit/lib/pkgconfig/bot_moveit.pc'
[4.191s] Level 1:colcon.colcon_core.environment:checking '/home/mihir/abb_bot_ws/install/bot_moveit/lib/python3.10/site-packages'
[4.192s] Level 1:colcon.colcon_core.environment:checking '/home/mihir/abb_bot_ws/install/bot_moveit/bin'
[4.230s] INFO:colcon.colcon_core.shell:Creating package script '/home/mihir/abb_bot_ws/install/bot_moveit/share/bot_moveit/package.ps1'
[4.232s] INFO:colcon.colcon_core.shell:Creating package descriptor '/home/mihir/abb_bot_ws/install/bot_moveit/share/bot_moveit/package.dsv'
[4.233s] INFO:colcon.colcon_core.shell:Creating package script '/home/mihir/abb_bot_ws/install/bot_moveit/share/bot_moveit/package.sh'
[4.233s] INFO:colcon.colcon_core.shell:Creating package script '/home/mihir/abb_bot_ws/install/bot_moveit/share/bot_moveit/package.bash'
[4.234s] INFO:colcon.colcon_core.shell:Creating package script '/home/mihir/abb_bot_ws/install/bot_moveit/share/bot_moveit/package.zsh'
[4.234s] Level 1:colcon.colcon_core.environment:create_file_with_runtime_dependencies(/home/mihir/abb_bot_ws/install/bot_moveit/share/colcon-core/packages/bot_moveit)
[4.238s] DEBUG:colcon.colcon_core.event_handler.log_command:Invoked command in '/home/mihir/abb_bot_ws/build/abb_bot_msgs' returned '0': CMAKE_PREFIX_PATH=/opt/ros/humble /usr/bin/cmake --build /home/mihir/abb_bot_ws/build/abb_bot_msgs -- -j8 -l8
[4.278s] Level 1:colcon.colcon_core.environment:create_environment_scripts_only(bot_remote)
[4.316s] Level 1:colcon.colcon_core.environment:checking '/home/mihir/abb_bot_ws/install/bot_remote' for CMake module files
[4.318s] Level 1:colcon.colcon_core.environment:checking '/home/mihir/abb_bot_ws/install/bot_remote' for CMake config files
[4.318s] Level 1:colcon.colcon_core.shell:create_environment_hook('bot_remote', 'cmake_prefix_path')
[4.354s] INFO:colcon.colcon_core.shell:Creating environment hook '/home/mihir/abb_bot_ws/install/bot_remote/share/bot_remote/hook/cmake_prefix_path.ps1'
[4.356s] INFO:colcon.colcon_core.shell:Creating environment descriptor '/home/mihir/abb_bot_ws/install/bot_remote/share/bot_remote/hook/cmake_prefix_path.dsv'
[4.356s] INFO:colcon.colcon_core.shell:Creating environment hook '/home/mihir/abb_bot_ws/install/bot_remote/share/bot_remote/hook/cmake_prefix_path.sh'
[4.359s] Level 1:colcon.colcon_core.environment:checking '/home/mihir/abb_bot_ws/install/bot_remote/bin'
[4.360s] Level 1:colcon.colcon_core.environment:checking '/home/mihir/abb_bot_ws/install/bot_remote/lib/pkgconfig/bot_remote.pc'
[4.360s] Level 1:colcon.colcon_core.environment:checking '/home/mihir/abb_bot_ws/install/bot_remote/lib/python3.10/site-packages'
[4.361s] Level 1:colcon.colcon_core.environment:checking '/home/mihir/abb_bot_ws/install/bot_remote/bin'
[4.400s] INFO:colcon.colcon_core.shell:Creating package script '/home/mihir/abb_bot_ws/install/bot_remote/share/bot_remote/package.ps1'
[4.402s] INFO:colcon.colcon_core.shell:Creating package descriptor '/home/mihir/abb_bot_ws/install/bot_remote/share/bot_remote/package.dsv'
[4.403s] INFO:colcon.colcon_core.shell:Creating package script '/home/mihir/abb_bot_ws/install/bot_remote/share/bot_remote/package.sh'
[4.404s] INFO:colcon.colcon_core.shell:Creating package script '/home/mihir/abb_bot_ws/install/bot_remote/share/bot_remote/package.bash'
[4.404s] INFO:colcon.colcon_core.shell:Creating package script '/home/mihir/abb_bot_ws/install/bot_remote/share/bot_remote/package.zsh'
[4.405s] Level 1:colcon.colcon_core.environment:create_file_with_runtime_dependencies(/home/mihir/abb_bot_ws/install/bot_remote/share/colcon-core/packages/bot_remote)
[4.415s] DEBUG:colcon.colcon_core.event_handler.log_command:Invoking command in '/home/mihir/abb_bot_ws/build/bot_msgs': CMAKE_PREFIX_PATH=/opt/ros/humble /usr/bin/cmake --install /home/mihir/abb_bot_ws/build/bot_msgs
[4.425s] DEBUG:colcon.colcon_core.event_handler.log_command:Invoking command in '/home/mihir/abb_bot_ws/build/abb_bot_msgs': CMAKE_PREFIX_PATH=/opt/ros/humble /usr/bin/cmake --install /home/mihir/abb_bot_ws/build/abb_bot_msgs
[4.557s] Level 1:colcon.colcon_core.environment:create_environment_scripts_only(bot_msgs)
[4.577s] DEBUG:colcon.colcon_core.event_handler.log_command:Invoked command in '/home/mihir/abb_bot_ws/build/bot_msgs' returned '0': CMAKE_PREFIX_PATH=/opt/ros/humble /usr/bin/cmake --install /home/mihir/abb_bot_ws/build/bot_msgs
[4.625s] Level 1:colcon.colcon_core.environment:checking '/home/mihir/abb_bot_ws/install/bot_msgs' for CMake module files
[4.627s] Level 1:colcon.colcon_core.environment:checking '/home/mihir/abb_bot_ws/install/bot_msgs' for CMake config files
[4.627s] Level 1:colcon.colcon_core.shell:create_environment_hook('bot_msgs', 'cmake_prefix_path')
[4.674s] INFO:colcon.colcon_core.shell:Creating environment hook '/home/mihir/abb_bot_ws/install/bot_msgs/share/bot_msgs/hook/cmake_prefix_path.ps1'
[4.677s] INFO:colcon.colcon_core.shell:Creating environment descriptor '/home/mihir/abb_bot_ws/install/bot_msgs/share/bot_msgs/hook/cmake_prefix_path.dsv'
[4.678s] INFO:colcon.colcon_core.shell:Creating environment hook '/home/mihir/abb_bot_ws/install/bot_msgs/share/bot_msgs/hook/cmake_prefix_path.sh'
[4.680s] Level 1:colcon.colcon_core.environment:checking '/home/mihir/abb_bot_ws/install/bot_msgs/lib'
[4.680s] Level 1:colcon.colcon_core.shell:create_environment_hook('bot_msgs', 'ld_library_path_lib')
[4.721s] INFO:colcon.colcon_core.shell:Creating environment hook '/home/mihir/abb_bot_ws/install/bot_msgs/share/bot_msgs/hook/ld_library_path_lib.ps1'
[4.722s] INFO:colcon.colcon_core.shell:Creating environment descriptor '/home/mihir/abb_bot_ws/install/bot_msgs/share/bot_msgs/hook/ld_library_path_lib.dsv'
[4.722s] INFO:colcon.colcon_core.shell:Creating environment hook '/home/mihir/abb_bot_ws/install/bot_msgs/share/bot_msgs/hook/ld_library_path_lib.sh'
[4.724s] Level 1:colcon.colcon_core.environment:checking '/home/mihir/abb_bot_ws/install/bot_msgs/bin'
[4.724s] Level 1:colcon.colcon_core.environment:checking '/home/mihir/abb_bot_ws/install/bot_msgs/lib/pkgconfig/bot_msgs.pc'
[4.726s] Level 1:colcon.colcon_core.environment:checking '/home/mihir/abb_bot_ws/install/bot_msgs/lib/python3.10/site-packages'
[4.727s] Level 1:colcon.colcon_core.environment:checking '/home/mihir/abb_bot_ws/install/bot_msgs/bin'
[4.765s] INFO:colcon.colcon_core.shell:Creating package script '/home/mihir/abb_bot_ws/install/bot_msgs/share/bot_msgs/package.ps1'
[4.767s] INFO:colcon.colcon_core.shell:Creating package descriptor '/home/mihir/abb_bot_ws/install/bot_msgs/share/bot_msgs/package.dsv'
[4.768s] INFO:colcon.colcon_core.shell:Creating package script '/home/mihir/abb_bot_ws/install/bot_msgs/share/bot_msgs/package.sh'
[4.768s] INFO:colcon.colcon_core.shell:Creating package script '/home/mihir/abb_bot_ws/install/bot_msgs/share/bot_msgs/package.bash'
[4.769s] INFO:colcon.colcon_core.shell:Creating package script '/home/mihir/abb_bot_ws/install/bot_msgs/share/bot_msgs/package.zsh'
[4.770s] Level 1:colcon.colcon_core.environment:create_file_with_runtime_dependencies(/home/mihir/abb_bot_ws/install/bot_msgs/share/colcon-core/packages/bot_msgs)
[4.772s] Level 1:colcon.colcon_core.environment:create_environment_scripts_only(abb_bot_msgs)
[4.773s] DEBUG:colcon.colcon_core.event_handler.log_command:Invoked command in '/home/mihir/abb_bot_ws/build/abb_bot_msgs' returned '0': CMAKE_PREFIX_PATH=/opt/ros/humble /usr/bin/cmake --install /home/mihir/abb_bot_ws/build/abb_bot_msgs
[4.815s] Level 1:colcon.colcon_core.environment:checking '/home/mihir/abb_bot_ws/install/abb_bot_msgs' for CMake module files
[4.817s] Level 1:colcon.colcon_core.environment:checking '/home/mihir/abb_bot_ws/install/abb_bot_msgs' for CMake config files
[4.819s] Level 1:colcon.colcon_core.shell:create_environment_hook('abb_bot_msgs', 'cmake_prefix_path')
[4.855s] INFO:colcon.colcon_core.shell:Creating environment hook '/home/mihir/abb_bot_ws/install/abb_bot_msgs/share/abb_bot_msgs/hook/cmake_prefix_path.ps1'
[4.855s] INFO:colcon.colcon_core.shell:Creating environment descriptor '/home/mihir/abb_bot_ws/install/abb_bot_msgs/share/abb_bot_msgs/hook/cmake_prefix_path.dsv'
[4.855s] INFO:colcon.colcon_core.shell:Creating environment hook '/home/mihir/abb_bot_ws/install/abb_bot_msgs/share/abb_bot_msgs/hook/cmake_prefix_path.sh'
[4.856s] Level 1:colcon.colcon_core.environment:checking '/home/mihir/abb_bot_ws/install/abb_bot_msgs/lib'
[4.857s] Level 1:colcon.colcon_core.shell:create_environment_hook('abb_bot_msgs', 'ld_library_path_lib')
[4.899s] INFO:colcon.colcon_core.shell:Creating environment hook '/home/mihir/abb_bot_ws/install/abb_bot_msgs/share/abb_bot_msgs/hook/ld_library_path_lib.ps1'
[4.900s] INFO:colcon.colcon_core.shell:Creating environment descriptor '/home/mihir/abb_bot_ws/install/abb_bot_msgs/share/abb_bot_msgs/hook/ld_library_path_lib.dsv'
[4.901s] INFO:colcon.colcon_core.shell:Creating environment hook '/home/mihir/abb_bot_ws/install/abb_bot_msgs/share/abb_bot_msgs/hook/ld_library_path_lib.sh'
[4.901s] Level 1:colcon.colcon_core.environment:checking '/home/mihir/abb_bot_ws/install/abb_bot_msgs/bin'
[4.901s] Level 1:colcon.colcon_core.environment:checking '/home/mihir/abb_bot_ws/install/abb_bot_msgs/lib/pkgconfig/abb_bot_msgs.pc'
[4.901s] Level 1:colcon.colcon_core.environment:checking '/home/mihir/abb_bot_ws/install/abb_bot_msgs/lib/python3.10/site-packages'
[4.902s] Level 1:colcon.colcon_core.environment:checking '/home/mihir/abb_bot_ws/install/abb_bot_msgs/bin'
[4.926s] INFO:colcon.colcon_core.shell:Creating package script '/home/mihir/abb_bot_ws/install/abb_bot_msgs/share/abb_bot_msgs/package.ps1'
[4.928s] INFO:colcon.colcon_core.shell:Creating package descriptor '/home/mihir/abb_bot_ws/install/abb_bot_msgs/share/abb_bot_msgs/package.dsv'
[4.931s] INFO:colcon.colcon_core.shell:Creating package script '/home/mihir/abb_bot_ws/install/abb_bot_msgs/share/abb_bot_msgs/package.sh'
[4.933s] INFO:colcon.colcon_core.shell:Creating package script '/home/mihir/abb_bot_ws/install/abb_bot_msgs/share/abb_bot_msgs/package.bash'
[4.934s] INFO:colcon.colcon_core.shell:Creating package script '/home/mihir/abb_bot_ws/install/abb_bot_msgs/share/abb_bot_msgs/package.zsh'
[4.934s] Level 1:colcon.colcon_core.environment:create_file_with_runtime_dependencies(/home/mihir/abb_bot_ws/install/abb_bot_msgs/share/colcon-core/packages/abb_bot_msgs)
[4.978s] Level 1:colcon.colcon_core.environment:create_environment_scripts_only(bot_msgs)
[5.021s] Level 1:colcon.colcon_core.environment:checking '/home/mihir/abb_bot_ws/install/bot_msgs' for CMake module files
[5.022s] Level 1:colcon.colcon_core.environment:checking '/home/mihir/abb_bot_ws/install/bot_msgs' for CMake config files
[5.022s] Level 1:colcon.colcon_core.shell:create_environment_hook('bot_msgs', 'cmake_prefix_path')
[5.064s] INFO:colcon.colcon_core.shell:Creating environment hook '/home/mihir/abb_bot_ws/install/bot_msgs/share/bot_msgs/hook/cmake_prefix_path.ps1'
[5.067s] INFO:colcon.colcon_core.shell:Creating environment descriptor '/home/mihir/abb_bot_ws/install/bot_msgs/share/bot_msgs/hook/cmake_prefix_path.dsv'
[5.070s] INFO:colcon.colcon_core.shell:Creating environment hook '/home/mihir/abb_bot_ws/install/bot_msgs/share/bot_msgs/hook/cmake_prefix_path.sh'
[5.072s] Level 1:colcon.colcon_core.environment:checking '/home/mihir/abb_bot_ws/install/bot_msgs/lib'
[5.072s] Level 1:colcon.colcon_core.shell:create_environment_hook('bot_msgs', 'ld_library_path_lib')
[5.115s] INFO:colcon.colcon_core.shell:Creating environment hook '/home/mihir/abb_bot_ws/install/bot_msgs/share/bot_msgs/hook/ld_library_path_lib.ps1'
[5.119s] INFO:colcon.colcon_core.shell:Creating environment descriptor '/home/mihir/abb_bot_ws/install/bot_msgs/share/bot_msgs/hook/ld_library_path_lib.dsv'
[5.120s] INFO:colcon.colcon_core.shell:Creating environment hook '/home/mihir/abb_bot_ws/install/bot_msgs/share/bot_msgs/hook/ld_library_path_lib.sh'
[5.121s] Level 1:colcon.colcon_core.environment:checking '/home/mihir/abb_bot_ws/install/bot_msgs/bin'
[5.121s] Level 1:colcon.colcon_core.environment:checking '/home/mihir/abb_bot_ws/install/bot_msgs/lib/pkgconfig/bot_msgs.pc'
[5.122s] Level 1:colcon.colcon_core.environment:checking '/home/mihir/abb_bot_ws/install/bot_msgs/lib/python3.10/site-packages'
[5.123s] Level 1:colcon.colcon_core.environment:checking '/home/mihir/abb_bot_ws/install/bot_msgs/bin'
[5.156s] INFO:colcon.colcon_core.shell:Creating package script '/home/mihir/abb_bot_ws/install/bot_msgs/share/bot_msgs/package.ps1'
[5.160s] INFO:colcon.colcon_core.shell:Creating package descriptor '/home/mihir/abb_bot_ws/install/bot_msgs/share/bot_msgs/package.dsv'
[5.161s] INFO:colcon.colcon_core.shell:Creating package script '/home/mihir/abb_bot_ws/install/bot_msgs/share/bot_msgs/package.sh'
[5.163s] INFO:colcon.colcon_core.shell:Creating package script '/home/mihir/abb_bot_ws/install/bot_msgs/share/bot_msgs/package.bash'
[5.164s] INFO:colcon.colcon_core.shell:Creating package script '/home/mihir/abb_bot_ws/install/bot_msgs/share/bot_msgs/package.zsh'
[5.165s] Level 1:colcon.colcon_core.environment:create_file_with_runtime_dependencies(/home/mihir/abb_bot_ws/install/bot_msgs/share/colcon-core/packages/bot_msgs)
[5.206s] Level 1:colcon.colcon_core.environment:create_environment_scripts_only(abb_bot_msgs)
[5.239s] Level 1:colcon.colcon_core.environment:checking '/home/mihir/abb_bot_ws/install/abb_bot_msgs' for CMake module files
[5.241s] Level 1:colcon.colcon_core.environment:checking '/home/mihir/abb_bot_ws/install/abb_bot_msgs' for CMake config files
[5.243s] Level 1:colcon.colcon_core.shell:create_environment_hook('abb_bot_msgs', 'cmake_prefix_path')
[5.279s] INFO:colcon.colcon_core.shell:Creating environment hook '/home/mihir/abb_bot_ws/install/abb_bot_msgs/share/abb_bot_msgs/hook/cmake_prefix_path.ps1'
[5.282s] INFO:colcon.colcon_core.shell:Creating environment descriptor '/home/mihir/abb_bot_ws/install/abb_bot_msgs/share/abb_bot_msgs/hook/cmake_prefix_path.dsv'
[5.283s] INFO:colcon.colcon_core.shell:Creating environment hook '/home/mihir/abb_bot_ws/install/abb_bot_msgs/share/abb_bot_msgs/hook/cmake_prefix_path.sh'
[5.286s] Level 1:colcon.colcon_core.environment:checking '/home/mihir/abb_bot_ws/install/abb_bot_msgs/lib'
[5.286s] Level 1:colcon.colcon_core.shell:create_environment_hook('abb_bot_msgs', 'ld_library_path_lib')
[5.321s] INFO:colcon.colcon_core.shell:Creating environment hook '/home/mihir/abb_bot_ws/install/abb_bot_msgs/share/abb_bot_msgs/hook/ld_library_path_lib.ps1'
[5.322s] INFO:colcon.colcon_core.shell:Creating environment descriptor '/home/mihir/abb_bot_ws/install/abb_bot_msgs/share/abb_bot_msgs/hook/ld_library_path_lib.dsv'
[5.322s] INFO:colcon.colcon_core.shell:Creating environment hook '/home/mihir/abb_bot_ws/install/abb_bot_msgs/share/abb_bot_msgs/hook/ld_library_path_lib.sh'
[5.323s] Level 1:colcon.colcon_core.environment:checking '/home/mihir/abb_bot_ws/install/abb_bot_msgs/bin'
[5.323s] Level 1:colcon.colcon_core.environment:checking '/home/mihir/abb_bot_ws/install/abb_bot_msgs/lib/pkgconfig/abb_bot_msgs.pc'
[5.324s] Level 1:colcon.colcon_core.environment:checking '/home/mihir/abb_bot_ws/install/abb_bot_msgs/lib/python3.10/site-packages'
[5.325s] Level 1:colcon.colcon_core.environment:checking '/home/mihir/abb_bot_ws/install/abb_bot_msgs/bin'
[5.364s] INFO:colcon.colcon_core.shell:Creating package script '/home/mihir/abb_bot_ws/install/abb_bot_msgs/share/abb_bot_msgs/package.ps1'
[5.368s] INFO:colcon.colcon_core.shell:Creating package descriptor '/home/mihir/abb_bot_ws/install/abb_bot_msgs/share/abb_bot_msgs/package.dsv'
[5.371s] INFO:colcon.colcon_core.shell:Creating package script '/home/mihir/abb_bot_ws/install/abb_bot_msgs/share/abb_bot_msgs/package.sh'
[5.374s] INFO:colcon.colcon_core.shell:Creating package script '/home/mihir/abb_bot_ws/install/abb_bot_msgs/share/abb_bot_msgs/package.bash'
[5.376s] INFO:colcon.colcon_core.shell:Creating package script '/home/mihir/abb_bot_ws/install/abb_bot_msgs/share/abb_bot_msgs/package.zsh'
[5.378s] Level 1:colcon.colcon_core.environment:create_file_with_runtime_dependencies(/home/mihir/abb_bot_ws/install/abb_bot_msgs/share/colcon-core/packages/abb_bot_msgs)
[5.379s] DEBUG:colcon.colcon_parallel_executor.executor.parallel:closing loop
[5.379s] DEBUG:colcon.colcon_parallel_executor.executor.parallel:loop closed
[5.382s] DEBUG:colcon.colcon_parallel_executor.executor.parallel:run_until_complete finished with '0'
[5.384s] DEBUG:colcon.colcon_core.event_reactor:joining thread
[5.453s] INFO:colcon.colcon_core.plugin_system:Skipping extension 'colcon_notification.desktop_notification.terminal_notifier': Not used on non-Darwin systems
[5.453s] INFO:colcon.colcon_core.plugin_system:Skipping extension 'colcon_notification.desktop_notification.win32': Not used on non-Windows systems
[5.454s] INFO:colcon.colcon_notification.desktop_notification:Sending desktop notification using 'notify2'
[5.508s] DEBUG:colcon.colcon_core.event_reactor:joined thread
[5.542s] INFO:colcon.colcon_core.shell:Creating prefix script '/home/mihir/abb_bot_ws/install/local_setup.ps1'
[5.545s] INFO:colcon.colcon_core.shell:Creating prefix util module '/home/mihir/abb_bot_ws/install/_local_setup_util_ps1.py'
[5.549s] INFO:colcon.colcon_core.shell:Creating prefix chain script '/home/mihir/abb_bot_ws/install/setup.ps1'
[5.591s] INFO:colcon.colcon_core.shell:Creating prefix script '/home/mihir/abb_bot_ws/install/local_setup.sh'
[5.592s] INFO:colcon.colcon_core.shell:Creating prefix util module '/home/mihir/abb_bot_ws/install/_local_setup_util_sh.py'
[5.593s] INFO:colcon.colcon_core.shell:Creating prefix chain script '/home/mihir/abb_bot_ws/install/setup.sh'
[5.635s] INFO:colcon.colcon_core.shell:Creating prefix script '/home/mihir/abb_bot_ws/install/local_setup.bash'
[5.637s] INFO:colcon.colcon_core.shell:Creating prefix chain script '/home/mihir/abb_bot_ws/install/setup.bash'
[5.690s] INFO:colcon.colcon_core.shell:Creating prefix script '/home/mihir/abb_bot_ws/install/local_setup.zsh'
[5.694s] INFO:colcon.colcon_core.shell:Creating prefix chain script '/home/mihir/abb_bot_ws/install/setup.zsh'
