[0.081s] Invoking command in '/home/mihir/abb_bot_ws/build/bot_description': CMAKE_PREFIX_PATH=/home/mihir/abb_bot_ws/install/bot_description:/opt/ros/humble /usr/bin/cmake --build /home/mihir/abb_bot_ws/build/bot_description -- -j8 -l8
[0.102s] -- Found ament_cmake: 1.3.6 (/opt/ros/humble/share/ament_cmake/cmake)
[0.259s] -- Found ament_lint_auto: 0.12.9 (/opt/ros/humble/share/ament_lint_auto/cmake)
[0.334s] -- Added test 'lint_cmake' to check CMake code style
[0.335s] -- Added test 'xmllint' to check XML markup files
[0.335s] -- Configuring done
[0.340s] -- Generating done
[0.341s] -- Build files have been written to: /home/mihir/abb_bot_ws/build/bot_description
[0.363s] Invoked command in '/home/mihir/abb_bot_ws/build/bot_description' returned '0': CMAKE_PREFIX_PATH=/home/mihir/abb_bot_ws/install/bot_description:/opt/ros/humble /usr/bin/cmake --build /home/mihir/abb_bot_ws/build/bot_description -- -j8 -l8
[0.393s] Invoking command in '/home/mihir/abb_bot_ws/build/bot_description': CMAKE_PREFIX_PATH=/home/mihir/abb_bot_ws/install/bot_description:/opt/ros/humble /usr/bin/cmake --install /home/mihir/abb_bot_ws/build/bot_description
[0.400s] -- Install configuration: ""
[0.400s] -- Installing: /home/mihir/abb_bot_ws/install/bot_description/share/bot_description/meshes
[0.400s] -- Installing: /home/mihir/abb_bot_ws/install/bot_description/share/bot_description/meshes/link2.STL
[0.407s] -- Installing: /home/mihir/abb_bot_ws/install/bot_description/share/bot_description/meshes/link3.STL
[0.409s] -- Installing: /home/mihir/abb_bot_ws/install/bot_description/share/bot_description/meshes/link4.STL
[0.415s] -- Installing: /home/mihir/abb_bot_ws/install/bot_description/share/bot_description/meshes/link5.STL
[0.416s] -- Installing: /home/mihir/abb_bot_ws/install/bot_description/share/bot_description/meshes/link1.STL
[0.421s] -- Installing: /home/mihir/abb_bot_ws/install/bot_description/share/bot_description/meshes/link6.STL
[0.423s] -- Installing: /home/mihir/abb_bot_ws/install/bot_description/share/bot_description/urdf
[0.423s] -- Installing: /home/mihir/abb_bot_ws/install/bot_description/share/bot_description/urdf/bot.urdf.xacro
[0.423s] -- Up-to-date: /home/mihir/abb_bot_ws/install/bot_description/share/ament_index/resource_index/package_run_dependencies/bot_description
[0.423s] -- Up-to-date: /home/mihir/abb_bot_ws/install/bot_description/share/ament_index/resource_index/parent_prefix_path/bot_description
[0.423s] -- Up-to-date: /home/mihir/abb_bot_ws/install/bot_description/share/bot_description/environment/ament_prefix_path.sh
[0.423s] -- Installing: /home/mihir/abb_bot_ws/install/bot_description/share/bot_description/environment/ament_prefix_path.dsv
[0.423s] -- Up-to-date: /home/mihir/abb_bot_ws/install/bot_description/share/bot_description/environment/path.sh
[0.423s] -- Installing: /home/mihir/abb_bot_ws/install/bot_description/share/bot_description/environment/path.dsv
[0.423s] -- Up-to-date: /home/mihir/abb_bot_ws/install/bot_description/share/bot_description/local_setup.bash
[0.424s] -- Up-to-date: /home/mihir/abb_bot_ws/install/bot_description/share/bot_description/local_setup.sh
[0.424s] -- Up-to-date: /home/mihir/abb_bot_ws/install/bot_description/share/bot_description/local_setup.zsh
[0.424s] -- Installing: /home/mihir/abb_bot_ws/install/bot_description/share/bot_description/local_setup.dsv
[0.424s] -- Installing: /home/mihir/abb_bot_ws/install/bot_description/share/bot_description/package.dsv
[0.424s] -- Up-to-date: /home/mihir/abb_bot_ws/install/bot_description/share/ament_index/resource_index/packages/bot_description
[0.424s] -- Up-to-date: /home/mihir/abb_bot_ws/install/bot_description/share/bot_description/cmake/bot_descriptionConfig.cmake
[0.425s] -- Up-to-date: /home/mihir/abb_bot_ws/install/bot_description/share/bot_description/cmake/bot_descriptionConfig-version.cmake
[0.425s] -- Up-to-date: /home/mihir/abb_bot_ws/install/bot_description/share/bot_description/package.xml
[0.427s] Invoked command in '/home/mihir/abb_bot_ws/build/bot_description' returned '0': CMAKE_PREFIX_PATH=/home/mihir/abb_bot_ws/install/bot_description:/opt/ros/humble /usr/bin/cmake --install /home/mihir/abb_bot_ws/build/bot_description
