[0.358s] Invoking command in '/home/mihir/abb_bot_ws/build/abbbot_msgs': CMAKE_PREFIX_PATH=/opt/ros/humble /usr/bin/cmake /home/mihir/abb_bot_ws/src/abbbot_msgs -DCMAKE_INSTALL_PREFIX=/home/mihir/abb_bot_ws/install/abbbot_msgs
[0.495s] -- The C compiler identification is GNU 11.4.0
[0.581s] -- The CXX compiler identification is GNU 11.4.0
[0.590s] -- Detecting C compiler ABI info
[0.674s] -- Detecting C compiler ABI info - done
[0.685s] -- Check for working C compiler: /usr/bin/cc - skipped
[0.685s] -- Detecting C compile features
[0.686s] -- Detecting C compile features - done
[0.691s] -- Detecting CXX compiler ABI info
[0.803s] -- Detecting CXX compiler ABI info - done
[0.819s] -- Check for working CXX compiler: /usr/bin/c++ - skipped
[0.820s] -- Detecting CXX compile features
[0.821s] -- Detecting CXX compile features - done
[0.825s] -- Found ament_cmake: 1.3.6 (/opt/ros/humble/share/ament_cmake/cmake)
[1.037s] -- Found Python3: /usr/bin/python3.10 (found version "3.10.12") found components: Interpreter 
[1.210s] -- Found ament_lint_auto: 0.12.9 (/opt/ros/humble/share/ament_lint_auto/cmake)
[1.378s] -- Added test 'lint_cmake' to check CMake code style
[1.379s] -- Added test 'xmllint' to check XML markup files
[1.381s] -- Configuring done
[1.385s] -- Generating done
[1.387s] -- Build files have been written to: /home/mihir/abb_bot_ws/build/abbbot_msgs
[1.530s] Invoked command in '/home/mihir/abb_bot_ws/build/abbbot_msgs' returned '0': CMAKE_PREFIX_PATH=/opt/ros/humble /usr/bin/cmake /home/mihir/abb_bot_ws/src/abbbot_msgs -DCMAKE_INSTALL_PREFIX=/home/mihir/abb_bot_ws/install/abbbot_msgs
[1.531s] Invoking command in '/home/mihir/abb_bot_ws/build/abbbot_msgs': CMAKE_PREFIX_PATH=/opt/ros/humble /usr/bin/cmake --build /home/mihir/abb_bot_ws/build/abbbot_msgs -- -j8 -l8
[1.579s] Invoked command in '/home/mihir/abb_bot_ws/build/abbbot_msgs' returned '0': CMAKE_PREFIX_PATH=/opt/ros/humble /usr/bin/cmake --build /home/mihir/abb_bot_ws/build/abbbot_msgs -- -j8 -l8
[1.606s] Invoking command in '/home/mihir/abb_bot_ws/build/abbbot_msgs': CMAKE_PREFIX_PATH=/opt/ros/humble /usr/bin/cmake --install /home/mihir/abb_bot_ws/build/abbbot_msgs
[1.617s] -- Install configuration: ""
[1.617s] -- Installing: /home/mihir/abb_bot_ws/install/abbbot_msgs/share/ament_index/resource_index/package_run_dependencies/abbbot_msgs
[1.617s] -- Installing: /home/mihir/abb_bot_ws/install/abbbot_msgs/share/ament_index/resource_index/parent_prefix_path/abbbot_msgs
[1.618s] -- Installing: /home/mihir/abb_bot_ws/install/abbbot_msgs/share/abbbot_msgs/environment/ament_prefix_path.sh
[1.618s] -- Installing: /home/mihir/abb_bot_ws/install/abbbot_msgs/share/abbbot_msgs/environment/ament_prefix_path.dsv
[1.618s] -- Installing: /home/mihir/abb_bot_ws/install/abbbot_msgs/share/abbbot_msgs/environment/path.sh
[1.618s] -- Installing: /home/mihir/abb_bot_ws/install/abbbot_msgs/share/abbbot_msgs/environment/path.dsv
[1.618s] -- Installing: /home/mihir/abb_bot_ws/install/abbbot_msgs/share/abbbot_msgs/local_setup.bash
[1.619s] -- Installing: /home/mihir/abb_bot_ws/install/abbbot_msgs/share/abbbot_msgs/local_setup.sh
[1.619s] -- Installing: /home/mihir/abb_bot_ws/install/abbbot_msgs/share/abbbot_msgs/local_setup.zsh
[1.619s] -- Installing: /home/mihir/abb_bot_ws/install/abbbot_msgs/share/abbbot_msgs/local_setup.dsv
[1.619s] -- Installing: /home/mihir/abb_bot_ws/install/abbbot_msgs/share/abbbot_msgs/package.dsv
[1.619s] -- Installing: /home/mihir/abb_bot_ws/install/abbbot_msgs/share/ament_index/resource_index/packages/abbbot_msgs
[1.619s] -- Installing: /home/mihir/abb_bot_ws/install/abbbot_msgs/share/abbbot_msgs/cmake/abbbot_msgsConfig.cmake
[1.619s] -- Installing: /home/mihir/abb_bot_ws/install/abbbot_msgs/share/abbbot_msgs/cmake/abbbot_msgsConfig-version.cmake
[1.619s] -- Installing: /home/mihir/abb_bot_ws/install/abbbot_msgs/share/abbbot_msgs/package.xml
[1.622s] Invoked command in '/home/mihir/abb_bot_ws/build/abbbot_msgs' returned '0': CMAKE_PREFIX_PATH=/opt/ros/humble /usr/bin/cmake --install /home/mihir/abb_bot_ws/build/abbbot_msgs
