[0.294s] Invoking command in '/home/mihir/abb_bot_ws/build/bot_msgs': CMAKE_PREFIX_PATH=/opt/ros/humble /usr/bin/cmake --build /home/mihir/abb_bot_ws/build/bot_msgs -- -j8 -l8
[0.386s] [  9%] Built target bot_msgs__rosidl_generator_c
[0.396s] [ 12%] Built target bot_msgs__cpp
[0.449s] [ 12%] Built target ament_cmake_python_copy_bot_msgs
[0.499s] [ 22%] Built target bot_msgs__rosidl_typesupport_introspection_c
[0.500s] [ 32%] Built target bot_msgs__rosidl_typesupport_fastrtps_c
[0.500s] [ 41%] Built target bot_msgs__rosidl_typesupport_c
[0.529s] [ 51%] Built target bot_msgs__rosidl_typesupport_cpp
[0.529s] [ 61%] Built target bot_msgs__rosidl_typesupport_fastrtps_cpp
[0.554s] [ 70%] Built target bot_msgs__rosidl_typesupport_introspection_cpp
[0.588s] [ 70%] Built target bot_msgs
[0.620s] [ 74%] Built target bot_msgs__py
[0.656s] [ 80%] Built target bot_msgs__rosidl_generator_py
[0.694s] [ 87%] Built target bot_msgs__rosidl_typesupport_introspection_c__pyext
[0.699s] [ 93%] Built target bot_msgs__rosidl_typesupport_fastrtps_c__pyext
[0.708s] [100%] Built target bot_msgs__rosidl_typesupport_c__pyext
[0.870s] running egg_info
[0.872s] writing bot_msgs.egg-info/PKG-INFO
[0.873s] writing dependency_links to bot_msgs.egg-info/dependency_links.txt
[0.873s] writing top-level names to bot_msgs.egg-info/top_level.txt
[0.876s] reading manifest file 'bot_msgs.egg-info/SOURCES.txt'
[0.877s] writing manifest file 'bot_msgs.egg-info/SOURCES.txt'
[0.911s] [100%] Built target ament_cmake_python_build_bot_msgs_egg
[1.056s] Invoked command in '/home/mihir/abb_bot_ws/build/bot_msgs' returned '0': CMAKE_PREFIX_PATH=/opt/ros/humble /usr/bin/cmake --build /home/mihir/abb_bot_ws/build/bot_msgs -- -j8 -l8
[1.206s] Invoking command in '/home/mihir/abb_bot_ws/build/bot_msgs': CMAKE_PREFIX_PATH=/opt/ros/humble /usr/bin/cmake --install /home/mihir/abb_bot_ws/build/bot_msgs
[1.219s] -- Install configuration: ""
[1.220s] -- Up-to-date: /home/mihir/abb_bot_ws/install/bot_msgs/share/ament_index/resource_index/rosidl_interfaces/bot_msgs
[1.223s] -- Up-to-date: /home/mihir/abb_bot_ws/install/bot_msgs/include/bot_msgs/bot_msgs
[1.224s] -- Up-to-date: /home/mihir/abb_bot_ws/install/bot_msgs/include/bot_msgs/bot_msgs/msg
[1.224s] -- Up-to-date: /home/mihir/abb_bot_ws/install/bot_msgs/include/bot_msgs/bot_msgs/msg/rosidl_generator_c__visibility_control.h
[1.224s] -- Up-to-date: /home/mihir/abb_bot_ws/install/bot_msgs/include/bot_msgs/bot_msgs/action
[1.224s] -- Up-to-date: /home/mihir/abb_bot_ws/install/bot_msgs/include/bot_msgs/bot_msgs/action/bot_task.h
[1.224s] -- Up-to-date: /home/mihir/abb_bot_ws/install/bot_msgs/include/bot_msgs/bot_msgs/action/detail
[1.224s] -- Up-to-date: /home/mihir/abb_bot_ws/install/bot_msgs/include/bot_msgs/bot_msgs/action/detail/bot_task__type_support.h
[1.224s] -- Up-to-date: /home/mihir/abb_bot_ws/install/bot_msgs/include/bot_msgs/bot_msgs/action/detail/bot_task__functions.h
[1.224s] -- Up-to-date: /home/mihir/abb_bot_ws/install/bot_msgs/include/bot_msgs/bot_msgs/action/detail/bot_task__functions.c
[1.224s] -- Up-to-date: /home/mihir/abb_bot_ws/install/bot_msgs/include/bot_msgs/bot_msgs/action/detail/bot_task__struct.h
[1.225s] -- Up-to-date: /home/mihir/abb_bot_ws/install/bot_msgs/share/bot_msgs/environment/library_path.sh
[1.225s] -- Up-to-date: /home/mihir/abb_bot_ws/install/bot_msgs/share/bot_msgs/environment/library_path.dsv
[1.225s] -- Up-to-date: /home/mihir/abb_bot_ws/install/bot_msgs/lib/libbot_msgs__rosidl_generator_c.so
[1.225s] -- Up-to-date: /home/mihir/abb_bot_ws/install/bot_msgs/include/bot_msgs/bot_msgs
[1.225s] -- Up-to-date: /home/mihir/abb_bot_ws/install/bot_msgs/include/bot_msgs/bot_msgs/msg
[1.225s] -- Up-to-date: /home/mihir/abb_bot_ws/install/bot_msgs/include/bot_msgs/bot_msgs/msg/rosidl_typesupport_fastrtps_c__visibility_control.h
[1.225s] -- Up-to-date: /home/mihir/abb_bot_ws/install/bot_msgs/include/bot_msgs/bot_msgs/action
[1.225s] -- Up-to-date: /home/mihir/abb_bot_ws/install/bot_msgs/include/bot_msgs/bot_msgs/action/detail
[1.226s] -- Up-to-date: /home/mihir/abb_bot_ws/install/bot_msgs/include/bot_msgs/bot_msgs/action/detail/bot_task__rosidl_typesupport_fastrtps_c.h
[1.226s] -- Up-to-date: /home/mihir/abb_bot_ws/install/bot_msgs/lib/libbot_msgs__rosidl_typesupport_fastrtps_c.so
[1.226s] -- Up-to-date: /home/mihir/abb_bot_ws/install/bot_msgs/include/bot_msgs/bot_msgs
[1.226s] -- Up-to-date: /home/mihir/abb_bot_ws/install/bot_msgs/include/bot_msgs/bot_msgs/action
[1.226s] -- Up-to-date: /home/mihir/abb_bot_ws/install/bot_msgs/include/bot_msgs/bot_msgs/action/bot_task.hpp
[1.226s] -- Up-to-date: /home/mihir/abb_bot_ws/install/bot_msgs/include/bot_msgs/bot_msgs/action/detail
[1.227s] -- Up-to-date: /home/mihir/abb_bot_ws/install/bot_msgs/include/bot_msgs/bot_msgs/action/detail/bot_task__struct.hpp
[1.227s] -- Up-to-date: /home/mihir/abb_bot_ws/install/bot_msgs/include/bot_msgs/bot_msgs/action/detail/bot_task__traits.hpp
[1.227s] -- Up-to-date: /home/mihir/abb_bot_ws/install/bot_msgs/include/bot_msgs/bot_msgs/action/detail/bot_task__builder.hpp
[1.227s] -- Up-to-date: /home/mihir/abb_bot_ws/install/bot_msgs/include/bot_msgs/bot_msgs
[1.228s] -- Up-to-date: /home/mihir/abb_bot_ws/install/bot_msgs/include/bot_msgs/bot_msgs/msg
[1.228s] -- Up-to-date: /home/mihir/abb_bot_ws/install/bot_msgs/include/bot_msgs/bot_msgs/msg/rosidl_typesupport_fastrtps_cpp__visibility_control.h
[1.228s] -- Up-to-date: /home/mihir/abb_bot_ws/install/bot_msgs/include/bot_msgs/bot_msgs/action
[1.228s] -- Up-to-date: /home/mihir/abb_bot_ws/install/bot_msgs/include/bot_msgs/bot_msgs/action/detail
[1.228s] -- Up-to-date: /home/mihir/abb_bot_ws/install/bot_msgs/include/bot_msgs/bot_msgs/action/detail/dds_fastrtps
[1.228s] -- Up-to-date: /home/mihir/abb_bot_ws/install/bot_msgs/include/bot_msgs/bot_msgs/action/detail/bot_task__rosidl_typesupport_fastrtps_cpp.hpp
[1.228s] -- Up-to-date: /home/mihir/abb_bot_ws/install/bot_msgs/lib/libbot_msgs__rosidl_typesupport_fastrtps_cpp.so
[1.228s] -- Up-to-date: /home/mihir/abb_bot_ws/install/bot_msgs/include/bot_msgs/bot_msgs
[1.229s] -- Up-to-date: /home/mihir/abb_bot_ws/install/bot_msgs/include/bot_msgs/bot_msgs/msg
[1.229s] -- Up-to-date: /home/mihir/abb_bot_ws/install/bot_msgs/include/bot_msgs/bot_msgs/msg/rosidl_typesupport_introspection_c__visibility_control.h
[1.229s] -- Up-to-date: /home/mihir/abb_bot_ws/install/bot_msgs/include/bot_msgs/bot_msgs/action
[1.229s] -- Up-to-date: /home/mihir/abb_bot_ws/install/bot_msgs/include/bot_msgs/bot_msgs/action/detail
[1.229s] -- Up-to-date: /home/mihir/abb_bot_ws/install/bot_msgs/include/bot_msgs/bot_msgs/action/detail/bot_task__type_support.c
[1.229s] -- Up-to-date: /home/mihir/abb_bot_ws/install/bot_msgs/include/bot_msgs/bot_msgs/action/detail/bot_task__rosidl_typesupport_introspection_c.h
[1.229s] -- Up-to-date: /home/mihir/abb_bot_ws/install/bot_msgs/lib/libbot_msgs__rosidl_typesupport_introspection_c.so
[1.229s] -- Up-to-date: /home/mihir/abb_bot_ws/install/bot_msgs/lib/libbot_msgs__rosidl_typesupport_c.so
[1.229s] -- Up-to-date: /home/mihir/abb_bot_ws/install/bot_msgs/include/bot_msgs/bot_msgs
[1.230s] -- Up-to-date: /home/mihir/abb_bot_ws/install/bot_msgs/include/bot_msgs/bot_msgs/action
[1.230s] -- Up-to-date: /home/mihir/abb_bot_ws/install/bot_msgs/include/bot_msgs/bot_msgs/action/detail
[1.230s] -- Up-to-date: /home/mihir/abb_bot_ws/install/bot_msgs/include/bot_msgs/bot_msgs/action/detail/bot_task__type_support.cpp
[1.230s] -- Up-to-date: /home/mihir/abb_bot_ws/install/bot_msgs/include/bot_msgs/bot_msgs/action/detail/bot_task__rosidl_typesupport_introspection_cpp.hpp
[1.230s] -- Up-to-date: /home/mihir/abb_bot_ws/install/bot_msgs/lib/libbot_msgs__rosidl_typesupport_introspection_cpp.so
[1.230s] -- Up-to-date: /home/mihir/abb_bot_ws/install/bot_msgs/lib/libbot_msgs__rosidl_typesupport_cpp.so
[1.230s] -- Up-to-date: /home/mihir/abb_bot_ws/install/bot_msgs/share/bot_msgs/environment/pythonpath.sh
[1.231s] -- Up-to-date: /home/mihir/abb_bot_ws/install/bot_msgs/share/bot_msgs/environment/pythonpath.dsv
[1.231s] -- Up-to-date: /home/mihir/abb_bot_ws/install/bot_msgs/local/lib/python3.10/dist-packages/bot_msgs-0.0.0-py3.10.egg-info
[1.231s] -- Installing: /home/mihir/abb_bot_ws/install/bot_msgs/local/lib/python3.10/dist-packages/bot_msgs-0.0.0-py3.10.egg-info/SOURCES.txt
[1.231s] -- Installing: /home/mihir/abb_bot_ws/install/bot_msgs/local/lib/python3.10/dist-packages/bot_msgs-0.0.0-py3.10.egg-info/PKG-INFO
[1.231s] -- Installing: /home/mihir/abb_bot_ws/install/bot_msgs/local/lib/python3.10/dist-packages/bot_msgs-0.0.0-py3.10.egg-info/top_level.txt
[1.231s] -- Installing: /home/mihir/abb_bot_ws/install/bot_msgs/local/lib/python3.10/dist-packages/bot_msgs-0.0.0-py3.10.egg-info/dependency_links.txt
[1.231s] -- Up-to-date: /home/mihir/abb_bot_ws/install/bot_msgs/local/lib/python3.10/dist-packages/bot_msgs
[1.231s] -- Up-to-date: /home/mihir/abb_bot_ws/install/bot_msgs/local/lib/python3.10/dist-packages/bot_msgs/_bot_msgs_s.ep.rosidl_typesupport_c.c
[1.231s] -- Up-to-date: /home/mihir/abb_bot_ws/install/bot_msgs/local/lib/python3.10/dist-packages/bot_msgs/bot_msgs_s__rosidl_typesupport_introspection_c.cpython-310-x86_64-linux-gnu.so
[1.231s] -- Up-to-date: /home/mihir/abb_bot_ws/install/bot_msgs/local/lib/python3.10/dist-packages/bot_msgs/bot_msgs_s__rosidl_typesupport_c.cpython-310-x86_64-linux-gnu.so
[1.231s] -- Up-to-date: /home/mihir/abb_bot_ws/install/bot_msgs/local/lib/python3.10/dist-packages/bot_msgs/action
[1.231s] -- Up-to-date: /home/mihir/abb_bot_ws/install/bot_msgs/local/lib/python3.10/dist-packages/bot_msgs/action/_bot_task.py
[1.231s] -- Up-to-date: /home/mihir/abb_bot_ws/install/bot_msgs/local/lib/python3.10/dist-packages/bot_msgs/action/_bot_task_s.c
[1.232s] -- Up-to-date: /home/mihir/abb_bot_ws/install/bot_msgs/local/lib/python3.10/dist-packages/bot_msgs/action/__init__.py
[1.232s] -- Up-to-date: /home/mihir/abb_bot_ws/install/bot_msgs/local/lib/python3.10/dist-packages/bot_msgs/_bot_msgs_s.ep.rosidl_typesupport_fastrtps_c.c
[1.232s] -- Up-to-date: /home/mihir/abb_bot_ws/install/bot_msgs/local/lib/python3.10/dist-packages/bot_msgs/libbot_msgs__rosidl_generator_py.so
[1.232s] -- Up-to-date: /home/mihir/abb_bot_ws/install/bot_msgs/local/lib/python3.10/dist-packages/bot_msgs/bot_msgs_s__rosidl_typesupport_fastrtps_c.cpython-310-x86_64-linux-gnu.so
[1.232s] -- Up-to-date: /home/mihir/abb_bot_ws/install/bot_msgs/local/lib/python3.10/dist-packages/bot_msgs/__init__.py
[1.232s] -- Up-to-date: /home/mihir/abb_bot_ws/install/bot_msgs/local/lib/python3.10/dist-packages/bot_msgs/_bot_msgs_s.ep.rosidl_typesupport_introspection_c.c
[1.284s] Listing '/home/mihir/abb_bot_ws/install/bot_msgs/local/lib/python3.10/dist-packages/bot_msgs'...
[1.284s] Listing '/home/mihir/abb_bot_ws/install/bot_msgs/local/lib/python3.10/dist-packages/bot_msgs/action'...
[1.297s] -- Up-to-date: /home/mihir/abb_bot_ws/install/bot_msgs/local/lib/python3.10/dist-packages/bot_msgs/bot_msgs_s__rosidl_typesupport_fastrtps_c.cpython-310-x86_64-linux-gnu.so
[1.297s] -- Up-to-date: /home/mihir/abb_bot_ws/install/bot_msgs/local/lib/python3.10/dist-packages/bot_msgs/bot_msgs_s__rosidl_typesupport_introspection_c.cpython-310-x86_64-linux-gnu.so
[1.297s] -- Up-to-date: /home/mihir/abb_bot_ws/install/bot_msgs/local/lib/python3.10/dist-packages/bot_msgs/bot_msgs_s__rosidl_typesupport_c.cpython-310-x86_64-linux-gnu.so
[1.298s] -- Up-to-date: /home/mihir/abb_bot_ws/install/bot_msgs/lib/libbot_msgs__rosidl_generator_py.so
[1.298s] -- Up-to-date: /home/mihir/abb_bot_ws/install/bot_msgs/share/bot_msgs/action/BotTask.idl
[1.298s] -- Up-to-date: /home/mihir/abb_bot_ws/install/bot_msgs/share/bot_msgs/action/BotTask.action
[1.298s] -- Up-to-date: /home/mihir/abb_bot_ws/install/bot_msgs/share/ament_index/resource_index/package_run_dependencies/bot_msgs
[1.298s] -- Up-to-date: /home/mihir/abb_bot_ws/install/bot_msgs/share/ament_index/resource_index/parent_prefix_path/bot_msgs
[1.298s] -- Up-to-date: /home/mihir/abb_bot_ws/install/bot_msgs/share/bot_msgs/environment/ament_prefix_path.sh
[1.298s] -- Up-to-date: /home/mihir/abb_bot_ws/install/bot_msgs/share/bot_msgs/environment/ament_prefix_path.dsv
[1.299s] -- Up-to-date: /home/mihir/abb_bot_ws/install/bot_msgs/share/bot_msgs/environment/path.sh
[1.299s] -- Up-to-date: /home/mihir/abb_bot_ws/install/bot_msgs/share/bot_msgs/environment/path.dsv
[1.299s] -- Up-to-date: /home/mihir/abb_bot_ws/install/bot_msgs/share/bot_msgs/local_setup.bash
[1.299s] -- Up-to-date: /home/mihir/abb_bot_ws/install/bot_msgs/share/bot_msgs/local_setup.sh
[1.299s] -- Up-to-date: /home/mihir/abb_bot_ws/install/bot_msgs/share/bot_msgs/local_setup.zsh
[1.299s] -- Up-to-date: /home/mihir/abb_bot_ws/install/bot_msgs/share/bot_msgs/local_setup.dsv
[1.299s] -- Installing: /home/mihir/abb_bot_ws/install/bot_msgs/share/bot_msgs/package.dsv
[1.300s] -- Up-to-date: /home/mihir/abb_bot_ws/install/bot_msgs/share/ament_index/resource_index/packages/bot_msgs
[1.300s] -- Up-to-date: /home/mihir/abb_bot_ws/install/bot_msgs/share/bot_msgs/cmake/export_bot_msgs__rosidl_generator_cExport.cmake
[1.300s] -- Up-to-date: /home/mihir/abb_bot_ws/install/bot_msgs/share/bot_msgs/cmake/export_bot_msgs__rosidl_generator_cExport-noconfig.cmake
[1.300s] -- Up-to-date: /home/mihir/abb_bot_ws/install/bot_msgs/share/bot_msgs/cmake/export_bot_msgs__rosidl_typesupport_fastrtps_cExport.cmake
[1.300s] -- Up-to-date: /home/mihir/abb_bot_ws/install/bot_msgs/share/bot_msgs/cmake/export_bot_msgs__rosidl_typesupport_fastrtps_cExport-noconfig.cmake
[1.300s] -- Up-to-date: /home/mihir/abb_bot_ws/install/bot_msgs/share/bot_msgs/cmake/export_bot_msgs__rosidl_generator_cppExport.cmake
[1.300s] -- Up-to-date: /home/mihir/abb_bot_ws/install/bot_msgs/share/bot_msgs/cmake/export_bot_msgs__rosidl_typesupport_fastrtps_cppExport.cmake
[1.301s] -- Up-to-date: /home/mihir/abb_bot_ws/install/bot_msgs/share/bot_msgs/cmake/export_bot_msgs__rosidl_typesupport_fastrtps_cppExport-noconfig.cmake
[1.301s] -- Up-to-date: /home/mihir/abb_bot_ws/install/bot_msgs/share/bot_msgs/cmake/bot_msgs__rosidl_typesupport_introspection_cExport.cmake
[1.301s] -- Up-to-date: /home/mihir/abb_bot_ws/install/bot_msgs/share/bot_msgs/cmake/bot_msgs__rosidl_typesupport_introspection_cExport-noconfig.cmake
[1.301s] -- Up-to-date: /home/mihir/abb_bot_ws/install/bot_msgs/share/bot_msgs/cmake/bot_msgs__rosidl_typesupport_cExport.cmake
[1.301s] -- Up-to-date: /home/mihir/abb_bot_ws/install/bot_msgs/share/bot_msgs/cmake/bot_msgs__rosidl_typesupport_cExport-noconfig.cmake
[1.301s] -- Up-to-date: /home/mihir/abb_bot_ws/install/bot_msgs/share/bot_msgs/cmake/bot_msgs__rosidl_typesupport_introspection_cppExport.cmake
[1.301s] -- Up-to-date: /home/mihir/abb_bot_ws/install/bot_msgs/share/bot_msgs/cmake/bot_msgs__rosidl_typesupport_introspection_cppExport-noconfig.cmake
[1.301s] -- Up-to-date: /home/mihir/abb_bot_ws/install/bot_msgs/share/bot_msgs/cmake/bot_msgs__rosidl_typesupport_cppExport.cmake
[1.302s] -- Up-to-date: /home/mihir/abb_bot_ws/install/bot_msgs/share/bot_msgs/cmake/bot_msgs__rosidl_typesupport_cppExport-noconfig.cmake
[1.302s] -- Up-to-date: /home/mihir/abb_bot_ws/install/bot_msgs/share/bot_msgs/cmake/export_bot_msgs__rosidl_generator_pyExport.cmake
[1.302s] -- Up-to-date: /home/mihir/abb_bot_ws/install/bot_msgs/share/bot_msgs/cmake/export_bot_msgs__rosidl_generator_pyExport-noconfig.cmake
[1.302s] -- Up-to-date: /home/mihir/abb_bot_ws/install/bot_msgs/share/bot_msgs/cmake/rosidl_cmake-extras.cmake
[1.302s] -- Up-to-date: /home/mihir/abb_bot_ws/install/bot_msgs/share/bot_msgs/cmake/ament_cmake_export_dependencies-extras.cmake
[1.302s] -- Up-to-date: /home/mihir/abb_bot_ws/install/bot_msgs/share/bot_msgs/cmake/ament_cmake_export_include_directories-extras.cmake
[1.302s] -- Up-to-date: /home/mihir/abb_bot_ws/install/bot_msgs/share/bot_msgs/cmake/ament_cmake_export_libraries-extras.cmake
[1.303s] -- Up-to-date: /home/mihir/abb_bot_ws/install/bot_msgs/share/bot_msgs/cmake/ament_cmake_export_targets-extras.cmake
[1.303s] -- Up-to-date: /home/mihir/abb_bot_ws/install/bot_msgs/share/bot_msgs/cmake/rosidl_cmake_export_typesupport_targets-extras.cmake
[1.303s] -- Up-to-date: /home/mihir/abb_bot_ws/install/bot_msgs/share/bot_msgs/cmake/rosidl_cmake_export_typesupport_libraries-extras.cmake
[1.303s] -- Up-to-date: /home/mihir/abb_bot_ws/install/bot_msgs/share/bot_msgs/cmake/bot_msgsConfig.cmake
[1.304s] -- Up-to-date: /home/mihir/abb_bot_ws/install/bot_msgs/share/bot_msgs/cmake/bot_msgsConfig-version.cmake
[1.304s] -- Up-to-date: /home/mihir/abb_bot_ws/install/bot_msgs/share/bot_msgs/package.xml
[1.307s] Invoked command in '/home/mihir/abb_bot_ws/build/bot_msgs' returned '0': CMAKE_PREFIX_PATH=/opt/ros/humble /usr/bin/cmake --install /home/mihir/abb_bot_ws/build/bot_msgs
