[0.859s] DEBUG:colcon:Command line arguments: ['/usr/bin/colcon', 'build']
[0.859s] DEBUG:colcon:Parsed command line arguments: Namespace(log_base=None, log_level=None, verb_name='build', build_base='build', install_base='install', merge_install=False, symlink_install=False, test_result_base=None, continue_on_error=False, executor='parallel', parallel_workers=8, event_handlers=None, ignore_user_meta=False, metas=['./colcon.meta'], base_paths=['.'], packages_ignore=None, packages_ignore_regex=None, paths=None, packages_up_to=None, packages_up_to_regex=None, packages_above=None, packages_above_and_dependencies=None, packages_above_depth=None, packages_select_by_dep=None, packages_skip_by_dep=None, packages_skip_up_to=None, packages_select_build_failed=False, packages_skip_build_finished=False, packages_select_test_failures=False, packages_skip_test_passed=False, packages_select=None, packages_skip=None, packages_select_regex=None, packages_skip_regex=None, packages_start=None, packages_end=None, allow_overriding=[], cmake_args=None, cmake_target=None, cmake_target_skip_unavailable=False, cmake_clean_cache=False, cmake_clean_first=False, cmake_force_configure=False, ament_cmake_args=None, catkin_cmake_args=None, catkin_skip_building_tests=False, verb_parser=<colcon_defaults.argument_parser.defaults.DefaultArgumentsDecorator object at 0x7f3b5716d2a0>, verb_extension=<colcon_core.verb.build.BuildVerb object at 0x7f3b575d7fd0>, main=<bound method BuildVerb.main of <colcon_core.verb.build.BuildVerb object at 0x7f3b575d7fd0>>)
[0.898s] Level 1:colcon.colcon_core.package_discovery:discover_packages(colcon_meta) check parameters
[0.898s] Level 1:colcon.colcon_core.package_discovery:discover_packages(recursive) check parameters
[0.898s] Level 1:colcon.colcon_core.package_discovery:discover_packages(ignore) check parameters
[0.898s] Level 1:colcon.colcon_core.package_discovery:discover_packages(path) check parameters
[0.898s] Level 1:colcon.colcon_core.package_discovery:discover_packages(colcon_meta) discover
[0.898s] Level 1:colcon.colcon_core.package_discovery:discover_packages(recursive) discover
[0.898s] INFO:colcon.colcon_core.package_discovery:Crawling recursively for packages in '/home/mihir/abb_bot_ws'
[0.898s] Level 1:colcon.colcon_core.package_identification:_identify(.) by extensions ['ignore', 'ignore_ament_install']
[0.898s] Level 1:colcon.colcon_core.package_identification:_identify(.) by extension 'ignore'
[0.898s] Level 1:colcon.colcon_core.package_identification:_identify(.) by extension 'ignore_ament_install'
[0.898s] Level 1:colcon.colcon_core.package_identification:_identify(.) by extensions ['colcon_pkg']
[0.898s] Level 1:colcon.colcon_core.package_identification:_identify(.) by extension 'colcon_pkg'
[0.898s] Level 1:colcon.colcon_core.package_identification:_identify(.) by extensions ['colcon_meta']
[0.899s] Level 1:colcon.colcon_core.package_identification:_identify(.) by extension 'colcon_meta'
[0.899s] Level 1:colcon.colcon_core.package_identification:_identify(.) by extensions ['ros']
[0.899s] Level 1:colcon.colcon_core.package_identification:_identify(.) by extension 'ros'
[0.907s] Level 1:colcon.colcon_core.package_identification:_identify(.) by extensions ['cmake', 'python']
[0.907s] Level 1:colcon.colcon_core.package_identification:_identify(.) by extension 'cmake'
[0.907s] Level 1:colcon.colcon_core.package_identification:_identify(.) by extension 'python'
[0.907s] Level 1:colcon.colcon_core.package_identification:_identify(.) by extensions ['python_setup_py']
[0.907s] Level 1:colcon.colcon_core.package_identification:_identify(.) by extension 'python_setup_py'
[0.907s] Level 1:colcon.colcon_core.package_identification:_identify(build) by extensions ['ignore', 'ignore_ament_install']
[0.907s] Level 1:colcon.colcon_core.package_identification:_identify(build) by extension 'ignore'
[0.907s] Level 1:colcon.colcon_core.package_identification:_identify(build) ignored
[0.907s] Level 1:colcon.colcon_core.package_identification:_identify(install) by extensions ['ignore', 'ignore_ament_install']
[0.907s] Level 1:colcon.colcon_core.package_identification:_identify(install) by extension 'ignore'
[0.907s] Level 1:colcon.colcon_core.package_identification:_identify(install) ignored
[0.908s] Level 1:colcon.colcon_core.package_identification:_identify(log) by extensions ['ignore', 'ignore_ament_install']
[0.908s] Level 1:colcon.colcon_core.package_identification:_identify(log) by extension 'ignore'
[0.908s] Level 1:colcon.colcon_core.package_identification:_identify(log) ignored
[0.908s] Level 1:colcon.colcon_core.package_identification:_identify(src) by extensions ['ignore', 'ignore_ament_install']
[0.908s] Level 1:colcon.colcon_core.package_identification:_identify(src) by extension 'ignore'
[0.908s] Level 1:colcon.colcon_core.package_identification:_identify(src) by extension 'ignore_ament_install'
[0.908s] Level 1:colcon.colcon_core.package_identification:_identify(src) by extensions ['colcon_pkg']
[0.908s] Level 1:colcon.colcon_core.package_identification:_identify(src) by extension 'colcon_pkg'
[0.908s] Level 1:colcon.colcon_core.package_identification:_identify(src) by extensions ['colcon_meta']
[0.908s] Level 1:colcon.colcon_core.package_identification:_identify(src) by extension 'colcon_meta'
[0.908s] Level 1:colcon.colcon_core.package_identification:_identify(src) by extensions ['ros']
[0.908s] Level 1:colcon.colcon_core.package_identification:_identify(src) by extension 'ros'
[0.908s] Level 1:colcon.colcon_core.package_identification:_identify(src) by extensions ['cmake', 'python']
[0.908s] Level 1:colcon.colcon_core.package_identification:_identify(src) by extension 'cmake'
[0.908s] Level 1:colcon.colcon_core.package_identification:_identify(src) by extension 'python'
[0.908s] Level 1:colcon.colcon_core.package_identification:_identify(src) by extensions ['python_setup_py']
[0.908s] Level 1:colcon.colcon_core.package_identification:_identify(src) by extension 'python_setup_py'
[0.909s] Level 1:colcon.colcon_core.package_identification:_identify(src/abb_bot_msgs) by extensions ['ignore', 'ignore_ament_install']
[0.909s] Level 1:colcon.colcon_core.package_identification:_identify(src/abb_bot_msgs) by extension 'ignore'
[0.909s] Level 1:colcon.colcon_core.package_identification:_identify(src/abb_bot_msgs) by extension 'ignore_ament_install'
[0.909s] Level 1:colcon.colcon_core.package_identification:_identify(src/abb_bot_msgs) by extensions ['colcon_pkg']
[0.909s] Level 1:colcon.colcon_core.package_identification:_identify(src/abb_bot_msgs) by extension 'colcon_pkg'
[0.909s] Level 1:colcon.colcon_core.package_identification:_identify(src/abb_bot_msgs) by extensions ['colcon_meta']
[0.909s] Level 1:colcon.colcon_core.package_identification:_identify(src/abb_bot_msgs) by extension 'colcon_meta'
[0.909s] Level 1:colcon.colcon_core.package_identification:_identify(src/abb_bot_msgs) by extensions ['ros']
[0.909s] Level 1:colcon.colcon_core.package_identification:_identify(src/abb_bot_msgs) by extension 'ros'
[0.911s] DEBUG:colcon.colcon_core.package_identification:Package 'src/abb_bot_msgs' with type 'ros.ament_cmake' and name 'abb_bot_msgs'
[0.911s] Level 1:colcon.colcon_core.package_identification:_identify(src/bot_controller) by extensions ['ignore', 'ignore_ament_install']
[0.911s] Level 1:colcon.colcon_core.package_identification:_identify(src/bot_controller) by extension 'ignore'
[0.911s] Level 1:colcon.colcon_core.package_identification:_identify(src/bot_controller) by extension 'ignore_ament_install'
[0.911s] Level 1:colcon.colcon_core.package_identification:_identify(src/bot_controller) by extensions ['colcon_pkg']
[0.911s] Level 1:colcon.colcon_core.package_identification:_identify(src/bot_controller) by extension 'colcon_pkg'
[0.911s] Level 1:colcon.colcon_core.package_identification:_identify(src/bot_controller) by extensions ['colcon_meta']
[0.911s] Level 1:colcon.colcon_core.package_identification:_identify(src/bot_controller) by extension 'colcon_meta'
[0.911s] Level 1:colcon.colcon_core.package_identification:_identify(src/bot_controller) by extensions ['ros']
[0.911s] Level 1:colcon.colcon_core.package_identification:_identify(src/bot_controller) by extension 'ros'
[0.912s] DEBUG:colcon.colcon_core.package_identification:Package 'src/bot_controller' with type 'ros.ament_cmake' and name 'bot_controller'
[0.912s] Level 1:colcon.colcon_core.package_identification:_identify(src/bot_description) by extensions ['ignore', 'ignore_ament_install']
[0.912s] Level 1:colcon.colcon_core.package_identification:_identify(src/bot_description) by extension 'ignore'
[0.912s] Level 1:colcon.colcon_core.package_identification:_identify(src/bot_description) by extension 'ignore_ament_install'
[0.912s] Level 1:colcon.colcon_core.package_identification:_identify(src/bot_description) by extensions ['colcon_pkg']
[0.912s] Level 1:colcon.colcon_core.package_identification:_identify(src/bot_description) by extension 'colcon_pkg'
[0.912s] Level 1:colcon.colcon_core.package_identification:_identify(src/bot_description) by extensions ['colcon_meta']
[0.912s] Level 1:colcon.colcon_core.package_identification:_identify(src/bot_description) by extension 'colcon_meta'
[0.912s] Level 1:colcon.colcon_core.package_identification:_identify(src/bot_description) by extensions ['ros']
[0.912s] Level 1:colcon.colcon_core.package_identification:_identify(src/bot_description) by extension 'ros'
[0.913s] DEBUG:colcon.colcon_core.package_identification:Package 'src/bot_description' with type 'ros.ament_cmake' and name 'bot_description'
[0.913s] Level 1:colcon.colcon_core.package_identification:_identify(src/bot_moveit) by extensions ['ignore', 'ignore_ament_install']
[0.913s] Level 1:colcon.colcon_core.package_identification:_identify(src/bot_moveit) by extension 'ignore'
[0.913s] Level 1:colcon.colcon_core.package_identification:_identify(src/bot_moveit) by extension 'ignore_ament_install'
[0.913s] Level 1:colcon.colcon_core.package_identification:_identify(src/bot_moveit) by extensions ['colcon_pkg']
[0.913s] Level 1:colcon.colcon_core.package_identification:_identify(src/bot_moveit) by extension 'colcon_pkg'
[0.913s] Level 1:colcon.colcon_core.package_identification:_identify(src/bot_moveit) by extensions ['colcon_meta']
[0.913s] Level 1:colcon.colcon_core.package_identification:_identify(src/bot_moveit) by extension 'colcon_meta'
[0.913s] Level 1:colcon.colcon_core.package_identification:_identify(src/bot_moveit) by extensions ['ros']
[0.913s] Level 1:colcon.colcon_core.package_identification:_identify(src/bot_moveit) by extension 'ros'
[0.913s] DEBUG:colcon.colcon_core.package_identification:Package 'src/bot_moveit' with type 'ros.ament_cmake' and name 'bot_moveit'
[0.914s] Level 1:colcon.colcon_core.package_identification:_identify(src/bot_msgs) by extensions ['ignore', 'ignore_ament_install']
[0.914s] Level 1:colcon.colcon_core.package_identification:_identify(src/bot_msgs) by extension 'ignore'
[0.914s] Level 1:colcon.colcon_core.package_identification:_identify(src/bot_msgs) by extension 'ignore_ament_install'
[0.914s] Level 1:colcon.colcon_core.package_identification:_identify(src/bot_msgs) by extensions ['colcon_pkg']
[0.914s] Level 1:colcon.colcon_core.package_identification:_identify(src/bot_msgs) by extension 'colcon_pkg'
[0.914s] Level 1:colcon.colcon_core.package_identification:_identify(src/bot_msgs) by extensions ['colcon_meta']
[0.914s] Level 1:colcon.colcon_core.package_identification:_identify(src/bot_msgs) by extension 'colcon_meta'
[0.914s] Level 1:colcon.colcon_core.package_identification:_identify(src/bot_msgs) by extensions ['ros']
[0.914s] Level 1:colcon.colcon_core.package_identification:_identify(src/bot_msgs) by extension 'ros'
[0.914s] DEBUG:colcon.colcon_core.package_identification:Package 'src/bot_msgs' with type 'ros.ament_cmake' and name 'bot_msgs'
[0.914s] Level 1:colcon.colcon_core.package_identification:_identify(src/bot_remote) by extensions ['ignore', 'ignore_ament_install']
[0.914s] Level 1:colcon.colcon_core.package_identification:_identify(src/bot_remote) by extension 'ignore'
[0.914s] Level 1:colcon.colcon_core.package_identification:_identify(src/bot_remote) by extension 'ignore_ament_install'
[0.915s] Level 1:colcon.colcon_core.package_identification:_identify(src/bot_remote) by extensions ['colcon_pkg']
[0.915s] Level 1:colcon.colcon_core.package_identification:_identify(src/bot_remote) by extension 'colcon_pkg'
[0.915s] Level 1:colcon.colcon_core.package_identification:_identify(src/bot_remote) by extensions ['colcon_meta']
[0.915s] Level 1:colcon.colcon_core.package_identification:_identify(src/bot_remote) by extension 'colcon_meta'
[0.915s] Level 1:colcon.colcon_core.package_identification:_identify(src/bot_remote) by extensions ['ros']
[0.915s] Level 1:colcon.colcon_core.package_identification:_identify(src/bot_remote) by extension 'ros'
[0.921s] DEBUG:colcon.colcon_core.package_identification:Package 'src/bot_remote' with type 'ros.ament_cmake' and name 'bot_remote'
[0.921s] Level 1:colcon.colcon_core.package_identification:_identify(src/build) by extensions ['ignore', 'ignore_ament_install']
[0.921s] Level 1:colcon.colcon_core.package_identification:_identify(src/build) by extension 'ignore'
[0.921s] Level 1:colcon.colcon_core.package_identification:_identify(src/build) ignored
[0.922s] Level 1:colcon.colcon_core.package_identification:_identify(src/install) by extensions ['ignore', 'ignore_ament_install']
[0.922s] Level 1:colcon.colcon_core.package_identification:_identify(src/install) by extension 'ignore'
[0.922s] Level 1:colcon.colcon_core.package_identification:_identify(src/install) ignored
[0.922s] Level 1:colcon.colcon_core.package_identification:_identify(src/log) by extensions ['ignore', 'ignore_ament_install']
[0.922s] Level 1:colcon.colcon_core.package_identification:_identify(src/log) by extension 'ignore'
[0.922s] Level 1:colcon.colcon_core.package_identification:_identify(src/log) ignored
[0.922s] Level 1:colcon.colcon_core.package_discovery:discover_packages(recursive) using defaults
[0.922s] Level 1:colcon.colcon_core.package_discovery:discover_packages(ignore) discover
[0.922s] Level 1:colcon.colcon_core.package_discovery:discover_packages(ignore) using defaults
[0.922s] Level 1:colcon.colcon_core.package_discovery:discover_packages(path) discover
[0.922s] Level 1:colcon.colcon_core.package_discovery:discover_packages(path) using defaults
[1.002s] Level 1:colcon.colcon_core.package_discovery:discover_packages(prefix_path) check parameters
[1.002s] Level 1:colcon.colcon_core.package_discovery:discover_packages(prefix_path) discover
[1.029s] DEBUG:colcon.colcon_installed_package_information.package_discovery:Found 360 installed packages in /opt/ros/humble
[1.030s] Level 1:colcon.colcon_core.package_discovery:discover_packages(prefix_path) using defaults
[1.130s] Level 5:colcon.colcon_core.verb:set package 'abb_bot_msgs' build argument 'cmake_args' from command line to 'None'
[1.130s] Level 5:colcon.colcon_core.verb:set package 'abb_bot_msgs' build argument 'cmake_target' from command line to 'None'
[1.130s] Level 5:colcon.colcon_core.verb:set package 'abb_bot_msgs' build argument 'cmake_target_skip_unavailable' from command line to 'False'
[1.130s] Level 5:colcon.colcon_core.verb:set package 'abb_bot_msgs' build argument 'cmake_clean_cache' from command line to 'False'
[1.130s] Level 5:colcon.colcon_core.verb:set package 'abb_bot_msgs' build argument 'cmake_clean_first' from command line to 'False'
[1.130s] Level 5:colcon.colcon_core.verb:set package 'abb_bot_msgs' build argument 'cmake_force_configure' from command line to 'False'
[1.130s] Level 5:colcon.colcon_core.verb:set package 'abb_bot_msgs' build argument 'ament_cmake_args' from command line to 'None'
[1.130s] Level 5:colcon.colcon_core.verb:set package 'abb_bot_msgs' build argument 'catkin_cmake_args' from command line to 'None'
[1.130s] Level 5:colcon.colcon_core.verb:set package 'abb_bot_msgs' build argument 'catkin_skip_building_tests' from command line to 'False'
[1.130s] DEBUG:colcon.colcon_core.verb:Building package 'abb_bot_msgs' with the following arguments: {'ament_cmake_args': None, 'build_base': '/home/mihir/abb_bot_ws/build/abb_bot_msgs', 'catkin_cmake_args': None, 'catkin_skip_building_tests': False, 'cmake_args': None, 'cmake_clean_cache': False, 'cmake_clean_first': False, 'cmake_force_configure': False, 'cmake_target': None, 'cmake_target_skip_unavailable': False, 'install_base': '/home/mihir/abb_bot_ws/install/abb_bot_msgs', 'merge_install': False, 'path': '/home/mihir/abb_bot_ws/src/abb_bot_msgs', 'symlink_install': False, 'test_result_base': None}
[1.143s] Level 5:colcon.colcon_core.verb:set package 'bot_controller' build argument 'cmake_args' from command line to 'None'
[1.143s] Level 5:colcon.colcon_core.verb:set package 'bot_controller' build argument 'cmake_target' from command line to 'None'
[1.143s] Level 5:colcon.colcon_core.verb:set package 'bot_controller' build argument 'cmake_target_skip_unavailable' from command line to 'False'
[1.143s] Level 5:colcon.colcon_core.verb:set package 'bot_controller' build argument 'cmake_clean_cache' from command line to 'False'
[1.143s] Level 5:colcon.colcon_core.verb:set package 'bot_controller' build argument 'cmake_clean_first' from command line to 'False'
[1.143s] Level 5:colcon.colcon_core.verb:set package 'bot_controller' build argument 'cmake_force_configure' from command line to 'False'
[1.143s] Level 5:colcon.colcon_core.verb:set package 'bot_controller' build argument 'ament_cmake_args' from command line to 'None'
[1.143s] Level 5:colcon.colcon_core.verb:set package 'bot_controller' build argument 'catkin_cmake_args' from command line to 'None'
[1.143s] Level 5:colcon.colcon_core.verb:set package 'bot_controller' build argument 'catkin_skip_building_tests' from command line to 'False'
[1.143s] DEBUG:colcon.colcon_core.verb:Building package 'bot_controller' with the following arguments: {'ament_cmake_args': None, 'build_base': '/home/mihir/abb_bot_ws/build/bot_controller', 'catkin_cmake_args': None, 'catkin_skip_building_tests': False, 'cmake_args': None, 'cmake_clean_cache': False, 'cmake_clean_first': False, 'cmake_force_configure': False, 'cmake_target': None, 'cmake_target_skip_unavailable': False, 'install_base': '/home/mihir/abb_bot_ws/install/bot_controller', 'merge_install': False, 'path': '/home/mihir/abb_bot_ws/src/bot_controller', 'symlink_install': False, 'test_result_base': None}
[1.158s] Level 5:colcon.colcon_core.verb:set package 'bot_description' build argument 'cmake_args' from command line to 'None'
[1.158s] Level 5:colcon.colcon_core.verb:set package 'bot_description' build argument 'cmake_target' from command line to 'None'
[1.158s] Level 5:colcon.colcon_core.verb:set package 'bot_description' build argument 'cmake_target_skip_unavailable' from command line to 'False'
[1.159s] Level 5:colcon.colcon_core.verb:set package 'bot_description' build argument 'cmake_clean_cache' from command line to 'False'
[1.159s] Level 5:colcon.colcon_core.verb:set package 'bot_description' build argument 'cmake_clean_first' from command line to 'False'
[1.159s] Level 5:colcon.colcon_core.verb:set package 'bot_description' build argument 'cmake_force_configure' from command line to 'False'
[1.159s] Level 5:colcon.colcon_core.verb:set package 'bot_description' build argument 'ament_cmake_args' from command line to 'None'
[1.159s] Level 5:colcon.colcon_core.verb:set package 'bot_description' build argument 'catkin_cmake_args' from command line to 'None'
[1.159s] Level 5:colcon.colcon_core.verb:set package 'bot_description' build argument 'catkin_skip_building_tests' from command line to 'False'
[1.159s] DEBUG:colcon.colcon_core.verb:Building package 'bot_description' with the following arguments: {'ament_cmake_args': None, 'build_base': '/home/mihir/abb_bot_ws/build/bot_description', 'catkin_cmake_args': None, 'catkin_skip_building_tests': False, 'cmake_args': None, 'cmake_clean_cache': False, 'cmake_clean_first': False, 'cmake_force_configure': False, 'cmake_target': None, 'cmake_target_skip_unavailable': False, 'install_base': '/home/mihir/abb_bot_ws/install/bot_description', 'merge_install': False, 'path': '/home/mihir/abb_bot_ws/src/bot_description', 'symlink_install': False, 'test_result_base': None}
[1.173s] Level 5:colcon.colcon_core.verb:set package 'bot_moveit' build argument 'cmake_args' from command line to 'None'
[1.173s] Level 5:colcon.colcon_core.verb:set package 'bot_moveit' build argument 'cmake_target' from command line to 'None'
[1.173s] Level 5:colcon.colcon_core.verb:set package 'bot_moveit' build argument 'cmake_target_skip_unavailable' from command line to 'False'
[1.173s] Level 5:colcon.colcon_core.verb:set package 'bot_moveit' build argument 'cmake_clean_cache' from command line to 'False'
[1.173s] Level 5:colcon.colcon_core.verb:set package 'bot_moveit' build argument 'cmake_clean_first' from command line to 'False'
[1.173s] Level 5:colcon.colcon_core.verb:set package 'bot_moveit' build argument 'cmake_force_configure' from command line to 'False'
[1.173s] Level 5:colcon.colcon_core.verb:set package 'bot_moveit' build argument 'ament_cmake_args' from command line to 'None'
[1.173s] Level 5:colcon.colcon_core.verb:set package 'bot_moveit' build argument 'catkin_cmake_args' from command line to 'None'
[1.173s] Level 5:colcon.colcon_core.verb:set package 'bot_moveit' build argument 'catkin_skip_building_tests' from command line to 'False'
[1.173s] DEBUG:colcon.colcon_core.verb:Building package 'bot_moveit' with the following arguments: {'ament_cmake_args': None, 'build_base': '/home/mihir/abb_bot_ws/build/bot_moveit', 'catkin_cmake_args': None, 'catkin_skip_building_tests': False, 'cmake_args': None, 'cmake_clean_cache': False, 'cmake_clean_first': False, 'cmake_force_configure': False, 'cmake_target': None, 'cmake_target_skip_unavailable': False, 'install_base': '/home/mihir/abb_bot_ws/install/bot_moveit', 'merge_install': False, 'path': '/home/mihir/abb_bot_ws/src/bot_moveit', 'symlink_install': False, 'test_result_base': None}
[1.187s] Level 5:colcon.colcon_core.verb:set package 'bot_msgs' build argument 'cmake_args' from command line to 'None'
[1.187s] Level 5:colcon.colcon_core.verb:set package 'bot_msgs' build argument 'cmake_target' from command line to 'None'
[1.187s] Level 5:colcon.colcon_core.verb:set package 'bot_msgs' build argument 'cmake_target_skip_unavailable' from command line to 'False'
[1.187s] Level 5:colcon.colcon_core.verb:set package 'bot_msgs' build argument 'cmake_clean_cache' from command line to 'False'
[1.187s] Level 5:colcon.colcon_core.verb:set package 'bot_msgs' build argument 'cmake_clean_first' from command line to 'False'
[1.187s] Level 5:colcon.colcon_core.verb:set package 'bot_msgs' build argument 'cmake_force_configure' from command line to 'False'
[1.187s] Level 5:colcon.colcon_core.verb:set package 'bot_msgs' build argument 'ament_cmake_args' from command line to 'None'
[1.187s] Level 5:colcon.colcon_core.verb:set package 'bot_msgs' build argument 'catkin_cmake_args' from command line to 'None'
[1.187s] Level 5:colcon.colcon_core.verb:set package 'bot_msgs' build argument 'catkin_skip_building_tests' from command line to 'False'
[1.187s] DEBUG:colcon.colcon_core.verb:Building package 'bot_msgs' with the following arguments: {'ament_cmake_args': None, 'build_base': '/home/mihir/abb_bot_ws/build/bot_msgs', 'catkin_cmake_args': None, 'catkin_skip_building_tests': False, 'cmake_args': None, 'cmake_clean_cache': False, 'cmake_clean_first': False, 'cmake_force_configure': False, 'cmake_target': None, 'cmake_target_skip_unavailable': False, 'install_base': '/home/mihir/abb_bot_ws/install/bot_msgs', 'merge_install': False, 'path': '/home/mihir/abb_bot_ws/src/bot_msgs', 'symlink_install': False, 'test_result_base': None}
[1.201s] Level 5:colcon.colcon_core.verb:set package 'bot_remote' build argument 'cmake_args' from command line to 'None'
[1.201s] Level 5:colcon.colcon_core.verb:set package 'bot_remote' build argument 'cmake_target' from command line to 'None'
[1.201s] Level 5:colcon.colcon_core.verb:set package 'bot_remote' build argument 'cmake_target_skip_unavailable' from command line to 'False'
[1.201s] Level 5:colcon.colcon_core.verb:set package 'bot_remote' build argument 'cmake_clean_cache' from command line to 'False'
[1.201s] Level 5:colcon.colcon_core.verb:set package 'bot_remote' build argument 'cmake_clean_first' from command line to 'False'
[1.201s] Level 5:colcon.colcon_core.verb:set package 'bot_remote' build argument 'cmake_force_configure' from command line to 'False'
[1.202s] Level 5:colcon.colcon_core.verb:set package 'bot_remote' build argument 'ament_cmake_args' from command line to 'None'
[1.202s] Level 5:colcon.colcon_core.verb:set package 'bot_remote' build argument 'catkin_cmake_args' from command line to 'None'
[1.202s] Level 5:colcon.colcon_core.verb:set package 'bot_remote' build argument 'catkin_skip_building_tests' from command line to 'False'
[1.202s] DEBUG:colcon.colcon_core.verb:Building package 'bot_remote' with the following arguments: {'ament_cmake_args': None, 'build_base': '/home/mihir/abb_bot_ws/build/bot_remote', 'catkin_cmake_args': None, 'catkin_skip_building_tests': False, 'cmake_args': None, 'cmake_clean_cache': False, 'cmake_clean_first': False, 'cmake_force_configure': False, 'cmake_target': None, 'cmake_target_skip_unavailable': False, 'install_base': '/home/mihir/abb_bot_ws/install/bot_remote', 'merge_install': False, 'path': '/home/mihir/abb_bot_ws/src/bot_remote', 'symlink_install': False, 'test_result_base': None}
[1.216s] INFO:colcon.colcon_core.executor:Executing jobs using 'parallel' executor
[1.230s] DEBUG:colcon.colcon_parallel_executor.executor.parallel:run_until_complete
[1.230s] INFO:colcon.colcon_ros.task.ament_cmake.build:Building ROS package in '/home/mihir/abb_bot_ws/src/abb_bot_msgs' with build type 'ament_cmake'
[1.230s] INFO:colcon.colcon_cmake.task.cmake.build:Building CMake package in '/home/mihir/abb_bot_ws/src/abb_bot_msgs'
[1.245s] INFO:colcon.colcon_core.plugin_system:Skipping extension 'colcon_core.shell.bat': Not used on non-Windows systems
[1.245s] INFO:colcon.colcon_core.shell:Skip shell extension 'powershell' for command environment: Not usable outside of PowerShell
[1.245s] DEBUG:colcon.colcon_core.shell:Skip shell extension 'dsv' for command environment
[1.275s] INFO:colcon.colcon_ros.task.ament_cmake.build:Building ROS package in '/home/mihir/abb_bot_ws/src/bot_controller' with build type 'ament_cmake'
[1.275s] INFO:colcon.colcon_cmake.task.cmake.build:Building CMake package in '/home/mihir/abb_bot_ws/src/bot_controller'
[1.289s] INFO:colcon.colcon_core.shell:Skip shell extension 'powershell' for command environment: Not usable outside of PowerShell
[1.289s] DEBUG:colcon.colcon_core.shell:Skip shell extension 'dsv' for command environment
[1.323s] INFO:colcon.colcon_ros.task.ament_cmake.build:Building ROS package in '/home/mihir/abb_bot_ws/src/bot_description' with build type 'ament_cmake'
[1.324s] INFO:colcon.colcon_cmake.task.cmake.build:Building CMake package in '/home/mihir/abb_bot_ws/src/bot_description'
[1.341s] INFO:colcon.colcon_core.shell:Skip shell extension 'powershell' for command environment: Not usable outside of PowerShell
[1.341s] DEBUG:colcon.colcon_core.shell:Skip shell extension 'dsv' for command environment
[1.376s] INFO:colcon.colcon_ros.task.ament_cmake.build:Building ROS package in '/home/mihir/abb_bot_ws/src/bot_moveit' with build type 'ament_cmake'
[1.376s] INFO:colcon.colcon_cmake.task.cmake.build:Building CMake package in '/home/mihir/abb_bot_ws/src/bot_moveit'
[1.392s] INFO:colcon.colcon_core.shell:Skip shell extension 'powershell' for command environment: Not usable outside of PowerShell
[1.393s] DEBUG:colcon.colcon_core.shell:Skip shell extension 'dsv' for command environment
[1.424s] INFO:colcon.colcon_ros.task.ament_cmake.build:Building ROS package in '/home/mihir/abb_bot_ws/src/bot_msgs' with build type 'ament_cmake'
[1.424s] INFO:colcon.colcon_cmake.task.cmake.build:Building CMake package in '/home/mihir/abb_bot_ws/src/bot_msgs'
[1.441s] INFO:colcon.colcon_core.shell:Skip shell extension 'powershell' for command environment: Not usable outside of PowerShell
[1.441s] DEBUG:colcon.colcon_core.shell:Skip shell extension 'dsv' for command environment
[1.475s] INFO:colcon.colcon_ros.task.ament_cmake.build:Building ROS package in '/home/mihir/abb_bot_ws/src/bot_remote' with build type 'ament_cmake'
[1.475s] INFO:colcon.colcon_cmake.task.cmake.build:Building CMake package in '/home/mihir/abb_bot_ws/src/bot_remote'
[1.491s] INFO:colcon.colcon_core.shell:Skip shell extension 'powershell' for command environment: Not usable outside of PowerShell
[1.491s] DEBUG:colcon.colcon_core.shell:Skip shell extension 'dsv' for command environment
[1.528s] DEBUG:colcon.colcon_core.event_handler.log_command:Invoking command in '/home/mihir/abb_bot_ws/build/abb_bot_msgs': CMAKE_PREFIX_PATH=/opt/ros/humble /usr/bin/cmake --build /home/mihir/abb_bot_ws/build/abb_bot_msgs -- -j8 -l8
[1.530s] DEBUG:colcon.colcon_core.event_handler.log_command:Invoking command in '/home/mihir/abb_bot_ws/build/bot_controller': CMAKE_PREFIX_PATH=/opt/ros/humble /usr/bin/cmake --build /home/mihir/abb_bot_ws/build/bot_controller -- -j8 -l8
[1.532s] DEBUG:colcon.colcon_core.event_handler.log_command:Invoking command in '/home/mihir/abb_bot_ws/build/bot_description': CMAKE_PREFIX_PATH=/opt/ros/humble /usr/bin/cmake --build /home/mihir/abb_bot_ws/build/bot_description -- -j8 -l8
[1.536s] DEBUG:colcon.colcon_core.event_handler.log_command:Invoking command in '/home/mihir/abb_bot_ws/build/bot_moveit': CMAKE_PREFIX_PATH=/opt/ros/humble /usr/bin/cmake --build /home/mihir/abb_bot_ws/build/bot_moveit -- -j8 -l8
[1.542s] DEBUG:colcon.colcon_core.event_handler.log_command:Invoking command in '/home/mihir/abb_bot_ws/build/bot_msgs': CMAKE_PREFIX_PATH=/opt/ros/humble /usr/bin/cmake --build /home/mihir/abb_bot_ws/build/bot_msgs -- -j8 -l8
[1.561s] DEBUG:colcon.colcon_core.event_handler.log_command:Invoking command in '/home/mihir/abb_bot_ws/build/bot_remote': CMAKE_PREFIX_PATH=/opt/ros/humble /usr/bin/cmake --build /home/mihir/abb_bot_ws/build/bot_remote -- -j8 -l8
[1.596s] DEBUG:colcon.colcon_core.event_handler.log_command:Invoked command in '/home/mihir/abb_bot_ws/build/abb_bot_msgs' returned '0': CMAKE_PREFIX_PATH=/opt/ros/humble /usr/bin/cmake --build /home/mihir/abb_bot_ws/build/abb_bot_msgs -- -j8 -l8
[1.602s] DEBUG:colcon.colcon_core.event_handler.log_command:Invoked command in '/home/mihir/abb_bot_ws/build/bot_moveit' returned '0': CMAKE_PREFIX_PATH=/opt/ros/humble /usr/bin/cmake --build /home/mihir/abb_bot_ws/build/bot_moveit -- -j8 -l8
[1.606s] DEBUG:colcon.colcon_core.event_handler.log_command:Invoked command in '/home/mihir/abb_bot_ws/build/bot_controller' returned '0': CMAKE_PREFIX_PATH=/opt/ros/humble /usr/bin/cmake --build /home/mihir/abb_bot_ws/build/bot_controller -- -j8 -l8
[1.611s] DEBUG:colcon.colcon_core.event_handler.log_command:Invoked command in '/home/mihir/abb_bot_ws/build/bot_description' returned '0': CMAKE_PREFIX_PATH=/opt/ros/humble /usr/bin/cmake --build /home/mihir/abb_bot_ws/build/bot_description -- -j8 -l8
[1.681s] DEBUG:colcon.colcon_core.event_handler.log_command:Invoking command in '/home/mihir/abb_bot_ws/build/abb_bot_msgs': CMAKE_PREFIX_PATH=/opt/ros/humble /usr/bin/cmake --install /home/mihir/abb_bot_ws/build/abb_bot_msgs
[1.684s] DEBUG:colcon.colcon_core.event_handler.log_command:Invoking command in '/home/mihir/abb_bot_ws/build/bot_moveit': CMAKE_PREFIX_PATH=/opt/ros/humble /usr/bin/cmake --install /home/mihir/abb_bot_ws/build/bot_moveit
[1.697s] DEBUG:colcon.colcon_core.event_handler.log_command:Invoking command in '/home/mihir/abb_bot_ws/build/bot_controller': CMAKE_PREFIX_PATH=/opt/ros/humble /usr/bin/cmake --install /home/mihir/abb_bot_ws/build/bot_controller
[1.709s] DEBUG:colcon.colcon_core.event_handler.log_command:Invoking command in '/home/mihir/abb_bot_ws/build/bot_description': CMAKE_PREFIX_PATH=/opt/ros/humble /usr/bin/cmake --install /home/mihir/abb_bot_ws/build/bot_description
[1.711s] Level 1:colcon.colcon_core.environment:create_environment_scripts_only(bot_moveit)
[1.717s] DEBUG:colcon.colcon_core.event_handler.log_command:Invoked command in '/home/mihir/abb_bot_ws/build/bot_moveit' returned '0': CMAKE_PREFIX_PATH=/opt/ros/humble /usr/bin/cmake --install /home/mihir/abb_bot_ws/build/bot_moveit
[1.747s] Level 1:colcon.colcon_core.environment:checking '/home/mihir/abb_bot_ws/install/bot_moveit' for CMake module files
[1.748s] Level 1:colcon.colcon_core.environment:checking '/home/mihir/abb_bot_ws/install/bot_moveit' for CMake config files
[1.748s] Level 1:colcon.colcon_core.shell:create_environment_hook('bot_moveit', 'cmake_prefix_path')
[1.764s] INFO:colcon.colcon_core.shell:Creating environment hook '/home/mihir/abb_bot_ws/install/bot_moveit/share/bot_moveit/hook/cmake_prefix_path.ps1'
[1.764s] INFO:colcon.colcon_core.shell:Creating environment descriptor '/home/mihir/abb_bot_ws/install/bot_moveit/share/bot_moveit/hook/cmake_prefix_path.dsv'
[1.765s] INFO:colcon.colcon_core.shell:Creating environment hook '/home/mihir/abb_bot_ws/install/bot_moveit/share/bot_moveit/hook/cmake_prefix_path.sh'
[1.765s] Level 1:colcon.colcon_core.environment:checking '/home/mihir/abb_bot_ws/install/bot_moveit/bin'
[1.766s] Level 1:colcon.colcon_core.environment:checking '/home/mihir/abb_bot_ws/install/bot_moveit/lib/pkgconfig/bot_moveit.pc'
[1.766s] Level 1:colcon.colcon_core.environment:checking '/home/mihir/abb_bot_ws/install/bot_moveit/lib/python3.10/site-packages'
[1.766s] Level 1:colcon.colcon_core.environment:checking '/home/mihir/abb_bot_ws/install/bot_moveit/bin'
[1.783s] INFO:colcon.colcon_core.shell:Creating package script '/home/mihir/abb_bot_ws/install/bot_moveit/share/bot_moveit/package.ps1'
[1.784s] INFO:colcon.colcon_core.shell:Creating package descriptor '/home/mihir/abb_bot_ws/install/bot_moveit/share/bot_moveit/package.dsv'
[1.785s] INFO:colcon.colcon_core.shell:Creating package script '/home/mihir/abb_bot_ws/install/bot_moveit/share/bot_moveit/package.sh'
[1.786s] INFO:colcon.colcon_core.shell:Creating package script '/home/mihir/abb_bot_ws/install/bot_moveit/share/bot_moveit/package.bash'
[1.787s] INFO:colcon.colcon_core.shell:Creating package script '/home/mihir/abb_bot_ws/install/bot_moveit/share/bot_moveit/package.zsh'
[1.788s] Level 1:colcon.colcon_core.environment:create_file_with_runtime_dependencies(/home/mihir/abb_bot_ws/install/bot_moveit/share/colcon-core/packages/bot_moveit)
[1.789s] Level 1:colcon.colcon_core.environment:create_environment_scripts_only(abb_bot_msgs)
[1.790s] DEBUG:colcon.colcon_core.event_handler.log_command:Invoked command in '/home/mihir/abb_bot_ws/build/abb_bot_msgs' returned '0': CMAKE_PREFIX_PATH=/opt/ros/humble /usr/bin/cmake --install /home/mihir/abb_bot_ws/build/abb_bot_msgs
[1.812s] Level 1:colcon.colcon_core.environment:checking '/home/mihir/abb_bot_ws/install/abb_bot_msgs' for CMake module files
[1.812s] Level 1:colcon.colcon_core.environment:checking '/home/mihir/abb_bot_ws/install/abb_bot_msgs' for CMake config files
[1.813s] Level 1:colcon.colcon_core.shell:create_environment_hook('abb_bot_msgs', 'cmake_prefix_path')
[1.831s] INFO:colcon.colcon_core.shell:Creating environment hook '/home/mihir/abb_bot_ws/install/abb_bot_msgs/share/abb_bot_msgs/hook/cmake_prefix_path.ps1'
[1.831s] INFO:colcon.colcon_core.shell:Creating environment descriptor '/home/mihir/abb_bot_ws/install/abb_bot_msgs/share/abb_bot_msgs/hook/cmake_prefix_path.dsv'
[1.831s] INFO:colcon.colcon_core.shell:Creating environment hook '/home/mihir/abb_bot_ws/install/abb_bot_msgs/share/abb_bot_msgs/hook/cmake_prefix_path.sh'
[1.832s] Level 1:colcon.colcon_core.environment:checking '/home/mihir/abb_bot_ws/install/abb_bot_msgs/bin'
[1.832s] Level 1:colcon.colcon_core.environment:checking '/home/mihir/abb_bot_ws/install/abb_bot_msgs/lib/pkgconfig/abb_bot_msgs.pc'
[1.833s] Level 1:colcon.colcon_core.environment:checking '/home/mihir/abb_bot_ws/install/abb_bot_msgs/lib/python3.10/site-packages'
[1.833s] Level 1:colcon.colcon_core.environment:checking '/home/mihir/abb_bot_ws/install/abb_bot_msgs/bin'
[1.848s] INFO:colcon.colcon_core.shell:Creating package script '/home/mihir/abb_bot_ws/install/abb_bot_msgs/share/abb_bot_msgs/package.ps1'
[1.849s] INFO:colcon.colcon_core.shell:Creating package descriptor '/home/mihir/abb_bot_ws/install/abb_bot_msgs/share/abb_bot_msgs/package.dsv'
[1.849s] INFO:colcon.colcon_core.shell:Creating package script '/home/mihir/abb_bot_ws/install/abb_bot_msgs/share/abb_bot_msgs/package.sh'
[1.849s] INFO:colcon.colcon_core.shell:Creating package script '/home/mihir/abb_bot_ws/install/abb_bot_msgs/share/abb_bot_msgs/package.bash'
[1.850s] INFO:colcon.colcon_core.shell:Creating package script '/home/mihir/abb_bot_ws/install/abb_bot_msgs/share/abb_bot_msgs/package.zsh'
[1.850s] Level 1:colcon.colcon_core.environment:create_file_with_runtime_dependencies(/home/mihir/abb_bot_ws/install/abb_bot_msgs/share/colcon-core/packages/abb_bot_msgs)
[1.851s] Level 1:colcon.colcon_core.environment:create_environment_scripts_only(bot_controller)
[1.852s] DEBUG:colcon.colcon_core.event_handler.log_command:Invoked command in '/home/mihir/abb_bot_ws/build/bot_controller' returned '0': CMAKE_PREFIX_PATH=/opt/ros/humble /usr/bin/cmake --install /home/mihir/abb_bot_ws/build/bot_controller
[1.867s] Level 1:colcon.colcon_core.environment:checking '/home/mihir/abb_bot_ws/install/bot_controller' for CMake module files
[1.867s] Level 1:colcon.colcon_core.environment:checking '/home/mihir/abb_bot_ws/install/bot_controller' for CMake config files
[1.868s] Level 1:colcon.colcon_core.shell:create_environment_hook('bot_controller', 'cmake_prefix_path')
[1.884s] INFO:colcon.colcon_core.shell:Creating environment hook '/home/mihir/abb_bot_ws/install/bot_controller/share/bot_controller/hook/cmake_prefix_path.ps1'
[1.884s] INFO:colcon.colcon_core.shell:Creating environment descriptor '/home/mihir/abb_bot_ws/install/bot_controller/share/bot_controller/hook/cmake_prefix_path.dsv'
[1.885s] INFO:colcon.colcon_core.shell:Creating environment hook '/home/mihir/abb_bot_ws/install/bot_controller/share/bot_controller/hook/cmake_prefix_path.sh'
[1.885s] Level 1:colcon.colcon_core.environment:checking '/home/mihir/abb_bot_ws/install/bot_controller/bin'
[1.885s] Level 1:colcon.colcon_core.environment:checking '/home/mihir/abb_bot_ws/install/bot_controller/lib/pkgconfig/bot_controller.pc'
[1.886s] Level 1:colcon.colcon_core.environment:checking '/home/mihir/abb_bot_ws/install/bot_controller/lib/python3.10/site-packages'
[1.886s] Level 1:colcon.colcon_core.environment:checking '/home/mihir/abb_bot_ws/install/bot_controller/bin'
[1.906s] INFO:colcon.colcon_core.shell:Creating package script '/home/mihir/abb_bot_ws/install/bot_controller/share/bot_controller/package.ps1'
[1.906s] INFO:colcon.colcon_core.shell:Creating package descriptor '/home/mihir/abb_bot_ws/install/bot_controller/share/bot_controller/package.dsv'
[1.906s] INFO:colcon.colcon_core.shell:Creating package script '/home/mihir/abb_bot_ws/install/bot_controller/share/bot_controller/package.sh'
[1.907s] INFO:colcon.colcon_core.shell:Creating package script '/home/mihir/abb_bot_ws/install/bot_controller/share/bot_controller/package.bash'
[1.907s] INFO:colcon.colcon_core.shell:Creating package script '/home/mihir/abb_bot_ws/install/bot_controller/share/bot_controller/package.zsh'
[1.907s] Level 1:colcon.colcon_core.environment:create_file_with_runtime_dependencies(/home/mihir/abb_bot_ws/install/bot_controller/share/colcon-core/packages/bot_controller)
[1.923s] Level 1:colcon.colcon_core.environment:create_environment_scripts_only(bot_moveit)
[1.938s] Level 1:colcon.colcon_core.environment:checking '/home/mihir/abb_bot_ws/install/bot_moveit' for CMake module files
[1.938s] Level 1:colcon.colcon_core.environment:checking '/home/mihir/abb_bot_ws/install/bot_moveit' for CMake config files
[1.939s] Level 1:colcon.colcon_core.shell:create_environment_hook('bot_moveit', 'cmake_prefix_path')
[1.952s] INFO:colcon.colcon_core.shell:Creating environment hook '/home/mihir/abb_bot_ws/install/bot_moveit/share/bot_moveit/hook/cmake_prefix_path.ps1'
[1.953s] INFO:colcon.colcon_core.shell:Creating environment descriptor '/home/mihir/abb_bot_ws/install/bot_moveit/share/bot_moveit/hook/cmake_prefix_path.dsv'
[1.953s] INFO:colcon.colcon_core.shell:Creating environment hook '/home/mihir/abb_bot_ws/install/bot_moveit/share/bot_moveit/hook/cmake_prefix_path.sh'
[1.953s] Level 1:colcon.colcon_core.environment:checking '/home/mihir/abb_bot_ws/install/bot_moveit/bin'
[1.953s] Level 1:colcon.colcon_core.environment:checking '/home/mihir/abb_bot_ws/install/bot_moveit/lib/pkgconfig/bot_moveit.pc'
[1.953s] Level 1:colcon.colcon_core.environment:checking '/home/mihir/abb_bot_ws/install/bot_moveit/lib/python3.10/site-packages'
[1.954s] Level 1:colcon.colcon_core.environment:checking '/home/mihir/abb_bot_ws/install/bot_moveit/bin'
[1.967s] INFO:colcon.colcon_core.shell:Creating package script '/home/mihir/abb_bot_ws/install/bot_moveit/share/bot_moveit/package.ps1'
[1.969s] INFO:colcon.colcon_core.shell:Creating package descriptor '/home/mihir/abb_bot_ws/install/bot_moveit/share/bot_moveit/package.dsv'
[1.969s] INFO:colcon.colcon_core.shell:Creating package script '/home/mihir/abb_bot_ws/install/bot_moveit/share/bot_moveit/package.sh'
[1.970s] INFO:colcon.colcon_core.shell:Creating package script '/home/mihir/abb_bot_ws/install/bot_moveit/share/bot_moveit/package.bash'
[1.970s] INFO:colcon.colcon_core.shell:Creating package script '/home/mihir/abb_bot_ws/install/bot_moveit/share/bot_moveit/package.zsh'
[1.971s] Level 1:colcon.colcon_core.environment:create_file_with_runtime_dependencies(/home/mihir/abb_bot_ws/install/bot_moveit/share/colcon-core/packages/bot_moveit)
[1.971s] Level 1:colcon.colcon_core.environment:create_environment_scripts_only(bot_description)
[1.973s] DEBUG:colcon.colcon_core.event_handler.log_command:Invoked command in '/home/mihir/abb_bot_ws/build/bot_description' returned '0': CMAKE_PREFIX_PATH=/opt/ros/humble /usr/bin/cmake --install /home/mihir/abb_bot_ws/build/bot_description
[1.989s] Level 1:colcon.colcon_core.environment:checking '/home/mihir/abb_bot_ws/install/bot_description' for CMake module files
[1.989s] Level 1:colcon.colcon_core.environment:checking '/home/mihir/abb_bot_ws/install/bot_description' for CMake config files
[1.989s] Level 1:colcon.colcon_core.shell:create_environment_hook('bot_description', 'cmake_prefix_path')
[2.005s] INFO:colcon.colcon_core.shell:Creating environment hook '/home/mihir/abb_bot_ws/install/bot_description/share/bot_description/hook/cmake_prefix_path.ps1'
[2.005s] INFO:colcon.colcon_core.shell:Creating environment descriptor '/home/mihir/abb_bot_ws/install/bot_description/share/bot_description/hook/cmake_prefix_path.dsv'
[2.006s] INFO:colcon.colcon_core.shell:Creating environment hook '/home/mihir/abb_bot_ws/install/bot_description/share/bot_description/hook/cmake_prefix_path.sh'
[2.006s] Level 1:colcon.colcon_core.environment:checking '/home/mihir/abb_bot_ws/install/bot_description/lib'
[2.006s] Level 1:colcon.colcon_core.environment:checking '/home/mihir/abb_bot_ws/install/bot_description/bin'
[2.006s] Level 1:colcon.colcon_core.environment:checking '/home/mihir/abb_bot_ws/install/bot_description/lib/pkgconfig/bot_description.pc'
[2.007s] Level 1:colcon.colcon_core.environment:checking '/home/mihir/abb_bot_ws/install/bot_description/lib/python3.10/site-packages'
[2.007s] Level 1:colcon.colcon_core.shell:create_environment_hook('bot_description', 'pythonpath')
[2.021s] INFO:colcon.colcon_core.shell:Creating environment hook '/home/mihir/abb_bot_ws/install/bot_description/share/bot_description/hook/pythonpath.ps1'
[2.021s] INFO:colcon.colcon_core.shell:Creating environment descriptor '/home/mihir/abb_bot_ws/install/bot_description/share/bot_description/hook/pythonpath.dsv'
[2.022s] INFO:colcon.colcon_core.shell:Creating environment hook '/home/mihir/abb_bot_ws/install/bot_description/share/bot_description/hook/pythonpath.sh'
[2.022s] Level 1:colcon.colcon_core.environment:checking '/home/mihir/abb_bot_ws/install/bot_description/bin'
[2.036s] INFO:colcon.colcon_core.shell:Creating package script '/home/mihir/abb_bot_ws/install/bot_description/share/bot_description/package.ps1'
[2.037s] INFO:colcon.colcon_core.shell:Creating package descriptor '/home/mihir/abb_bot_ws/install/bot_description/share/bot_description/package.dsv'
[2.038s] INFO:colcon.colcon_core.shell:Creating package script '/home/mihir/abb_bot_ws/install/bot_description/share/bot_description/package.sh'
[2.038s] INFO:colcon.colcon_core.shell:Creating package script '/home/mihir/abb_bot_ws/install/bot_description/share/bot_description/package.bash'
[2.038s] INFO:colcon.colcon_core.shell:Creating package script '/home/mihir/abb_bot_ws/install/bot_description/share/bot_description/package.zsh'
[2.038s] Level 1:colcon.colcon_core.environment:create_file_with_runtime_dependencies(/home/mihir/abb_bot_ws/install/bot_description/share/colcon-core/packages/bot_description)
[2.055s] Level 1:colcon.colcon_core.environment:create_environment_scripts_only(abb_bot_msgs)
[2.069s] Level 1:colcon.colcon_core.environment:checking '/home/mihir/abb_bot_ws/install/abb_bot_msgs' for CMake module files
[2.070s] Level 1:colcon.colcon_core.environment:checking '/home/mihir/abb_bot_ws/install/abb_bot_msgs' for CMake config files
[2.070s] Level 1:colcon.colcon_core.shell:create_environment_hook('abb_bot_msgs', 'cmake_prefix_path')
[2.084s] INFO:colcon.colcon_core.shell:Creating environment hook '/home/mihir/abb_bot_ws/install/abb_bot_msgs/share/abb_bot_msgs/hook/cmake_prefix_path.ps1'
[2.084s] INFO:colcon.colcon_core.shell:Creating environment descriptor '/home/mihir/abb_bot_ws/install/abb_bot_msgs/share/abb_bot_msgs/hook/cmake_prefix_path.dsv'
[2.084s] INFO:colcon.colcon_core.shell:Creating environment hook '/home/mihir/abb_bot_ws/install/abb_bot_msgs/share/abb_bot_msgs/hook/cmake_prefix_path.sh'
[2.085s] Level 1:colcon.colcon_core.environment:checking '/home/mihir/abb_bot_ws/install/abb_bot_msgs/bin'
[2.085s] Level 1:colcon.colcon_core.environment:checking '/home/mihir/abb_bot_ws/install/abb_bot_msgs/lib/pkgconfig/abb_bot_msgs.pc'
[2.085s] Level 1:colcon.colcon_core.environment:checking '/home/mihir/abb_bot_ws/install/abb_bot_msgs/lib/python3.10/site-packages'
[2.085s] Level 1:colcon.colcon_core.environment:checking '/home/mihir/abb_bot_ws/install/abb_bot_msgs/bin'
[2.099s] INFO:colcon.colcon_core.shell:Creating package script '/home/mihir/abb_bot_ws/install/abb_bot_msgs/share/abb_bot_msgs/package.ps1'
[2.099s] INFO:colcon.colcon_core.shell:Creating package descriptor '/home/mihir/abb_bot_ws/install/abb_bot_msgs/share/abb_bot_msgs/package.dsv'
[2.100s] INFO:colcon.colcon_core.shell:Creating package script '/home/mihir/abb_bot_ws/install/abb_bot_msgs/share/abb_bot_msgs/package.sh'
[2.100s] INFO:colcon.colcon_core.shell:Creating package script '/home/mihir/abb_bot_ws/install/abb_bot_msgs/share/abb_bot_msgs/package.bash'
[2.100s] INFO:colcon.colcon_core.shell:Creating package script '/home/mihir/abb_bot_ws/install/abb_bot_msgs/share/abb_bot_msgs/package.zsh'
[2.101s] Level 1:colcon.colcon_core.environment:create_file_with_runtime_dependencies(/home/mihir/abb_bot_ws/install/abb_bot_msgs/share/colcon-core/packages/abb_bot_msgs)
[2.103s] DEBUG:colcon.colcon_core.event_handler.log_command:Invoked command in '/home/mihir/abb_bot_ws/build/bot_remote' returned '0': CMAKE_PREFIX_PATH=/opt/ros/humble /usr/bin/cmake --build /home/mihir/abb_bot_ws/build/bot_remote -- -j8 -l8
[2.117s] Level 1:colcon.colcon_core.environment:create_environment_scripts_only(bot_controller)
[2.131s] Level 1:colcon.colcon_core.environment:checking '/home/mihir/abb_bot_ws/install/bot_controller' for CMake module files
[2.131s] Level 1:colcon.colcon_core.environment:checking '/home/mihir/abb_bot_ws/install/bot_controller' for CMake config files
[2.132s] Level 1:colcon.colcon_core.shell:create_environment_hook('bot_controller', 'cmake_prefix_path')
[2.146s] INFO:colcon.colcon_core.shell:Creating environment hook '/home/mihir/abb_bot_ws/install/bot_controller/share/bot_controller/hook/cmake_prefix_path.ps1'
[2.147s] INFO:colcon.colcon_core.shell:Creating environment descriptor '/home/mihir/abb_bot_ws/install/bot_controller/share/bot_controller/hook/cmake_prefix_path.dsv'
[2.147s] INFO:colcon.colcon_core.shell:Creating environment hook '/home/mihir/abb_bot_ws/install/bot_controller/share/bot_controller/hook/cmake_prefix_path.sh'
[2.147s] Level 1:colcon.colcon_core.environment:checking '/home/mihir/abb_bot_ws/install/bot_controller/bin'
[2.147s] Level 1:colcon.colcon_core.environment:checking '/home/mihir/abb_bot_ws/install/bot_controller/lib/pkgconfig/bot_controller.pc'
[2.147s] Level 1:colcon.colcon_core.environment:checking '/home/mihir/abb_bot_ws/install/bot_controller/lib/python3.10/site-packages'
[2.148s] Level 1:colcon.colcon_core.environment:checking '/home/mihir/abb_bot_ws/install/bot_controller/bin'
[2.180s] INFO:colcon.colcon_core.shell:Creating package script '/home/mihir/abb_bot_ws/install/bot_controller/share/bot_controller/package.ps1'
[2.181s] INFO:colcon.colcon_core.shell:Creating package descriptor '/home/mihir/abb_bot_ws/install/bot_controller/share/bot_controller/package.dsv'
[2.181s] INFO:colcon.colcon_core.shell:Creating package script '/home/mihir/abb_bot_ws/install/bot_controller/share/bot_controller/package.sh'
[2.182s] INFO:colcon.colcon_core.shell:Creating package script '/home/mihir/abb_bot_ws/install/bot_controller/share/bot_controller/package.bash'
[2.182s] INFO:colcon.colcon_core.shell:Creating package script '/home/mihir/abb_bot_ws/install/bot_controller/share/bot_controller/package.zsh'
[2.183s] Level 1:colcon.colcon_core.environment:create_file_with_runtime_dependencies(/home/mihir/abb_bot_ws/install/bot_controller/share/colcon-core/packages/bot_controller)
[2.185s] DEBUG:colcon.colcon_core.event_handler.log_command:Invoked command in '/home/mihir/abb_bot_ws/build/bot_msgs' returned '0': CMAKE_PREFIX_PATH=/opt/ros/humble /usr/bin/cmake --build /home/mihir/abb_bot_ws/build/bot_msgs -- -j8 -l8
[2.201s] Level 1:colcon.colcon_core.environment:create_environment_scripts_only(bot_description)
[2.215s] Level 1:colcon.colcon_core.environment:checking '/home/mihir/abb_bot_ws/install/bot_description' for CMake module files
[2.215s] Level 1:colcon.colcon_core.environment:checking '/home/mihir/abb_bot_ws/install/bot_description' for CMake config files
[2.215s] Level 1:colcon.colcon_core.shell:create_environment_hook('bot_description', 'cmake_prefix_path')
[2.230s] INFO:colcon.colcon_core.shell:Creating environment hook '/home/mihir/abb_bot_ws/install/bot_description/share/bot_description/hook/cmake_prefix_path.ps1'
[2.230s] INFO:colcon.colcon_core.shell:Creating environment descriptor '/home/mihir/abb_bot_ws/install/bot_description/share/bot_description/hook/cmake_prefix_path.dsv'
[2.230s] INFO:colcon.colcon_core.shell:Creating environment hook '/home/mihir/abb_bot_ws/install/bot_description/share/bot_description/hook/cmake_prefix_path.sh'
[2.231s] Level 1:colcon.colcon_core.environment:checking '/home/mihir/abb_bot_ws/install/bot_description/lib'
[2.231s] Level 1:colcon.colcon_core.environment:checking '/home/mihir/abb_bot_ws/install/bot_description/bin'
[2.231s] Level 1:colcon.colcon_core.environment:checking '/home/mihir/abb_bot_ws/install/bot_description/lib/pkgconfig/bot_description.pc'
[2.231s] Level 1:colcon.colcon_core.environment:checking '/home/mihir/abb_bot_ws/install/bot_description/lib/python3.10/site-packages'
[2.231s] Level 1:colcon.colcon_core.shell:create_environment_hook('bot_description', 'pythonpath')
[2.245s] INFO:colcon.colcon_core.shell:Creating environment hook '/home/mihir/abb_bot_ws/install/bot_description/share/bot_description/hook/pythonpath.ps1'
[2.246s] INFO:colcon.colcon_core.shell:Creating environment descriptor '/home/mihir/abb_bot_ws/install/bot_description/share/bot_description/hook/pythonpath.dsv'
[2.246s] INFO:colcon.colcon_core.shell:Creating environment hook '/home/mihir/abb_bot_ws/install/bot_description/share/bot_description/hook/pythonpath.sh'
[2.247s] Level 1:colcon.colcon_core.environment:checking '/home/mihir/abb_bot_ws/install/bot_description/bin'
[2.261s] INFO:colcon.colcon_core.shell:Creating package script '/home/mihir/abb_bot_ws/install/bot_description/share/bot_description/package.ps1'
[2.261s] INFO:colcon.colcon_core.shell:Creating package descriptor '/home/mihir/abb_bot_ws/install/bot_description/share/bot_description/package.dsv'
[2.262s] INFO:colcon.colcon_core.shell:Creating package script '/home/mihir/abb_bot_ws/install/bot_description/share/bot_description/package.sh'
[2.262s] INFO:colcon.colcon_core.shell:Creating package script '/home/mihir/abb_bot_ws/install/bot_description/share/bot_description/package.bash'
[2.263s] INFO:colcon.colcon_core.shell:Creating package script '/home/mihir/abb_bot_ws/install/bot_description/share/bot_description/package.zsh'
[2.263s] Level 1:colcon.colcon_core.environment:create_file_with_runtime_dependencies(/home/mihir/abb_bot_ws/install/bot_description/share/colcon-core/packages/bot_description)
[2.265s] DEBUG:colcon.colcon_core.event_handler.log_command:Invoking command in '/home/mihir/abb_bot_ws/build/bot_remote': CMAKE_PREFIX_PATH=/opt/ros/humble /usr/bin/cmake --install /home/mihir/abb_bot_ws/build/bot_remote
[2.267s] DEBUG:colcon.colcon_core.event_handler.log_command:Invoking command in '/home/mihir/abb_bot_ws/build/bot_msgs': CMAKE_PREFIX_PATH=/opt/ros/humble /usr/bin/cmake --install /home/mihir/abb_bot_ws/build/bot_msgs
[2.276s] Level 1:colcon.colcon_core.environment:create_environment_scripts_only(bot_remote)
[2.282s] DEBUG:colcon.colcon_core.event_handler.log_command:Invoked command in '/home/mihir/abb_bot_ws/build/bot_remote' returned '0': CMAKE_PREFIX_PATH=/opt/ros/humble /usr/bin/cmake --install /home/mihir/abb_bot_ws/build/bot_remote
[2.306s] Level 1:colcon.colcon_core.environment:checking '/home/mihir/abb_bot_ws/install/bot_remote' for CMake module files
[2.306s] Level 1:colcon.colcon_core.environment:checking '/home/mihir/abb_bot_ws/install/bot_remote' for CMake config files
[2.307s] Level 1:colcon.colcon_core.shell:create_environment_hook('bot_remote', 'cmake_prefix_path')
[2.332s] INFO:colcon.colcon_core.shell:Creating environment hook '/home/mihir/abb_bot_ws/install/bot_remote/share/bot_remote/hook/cmake_prefix_path.ps1'
[2.333s] INFO:colcon.colcon_core.shell:Creating environment descriptor '/home/mihir/abb_bot_ws/install/bot_remote/share/bot_remote/hook/cmake_prefix_path.dsv'
[2.333s] INFO:colcon.colcon_core.shell:Creating environment hook '/home/mihir/abb_bot_ws/install/bot_remote/share/bot_remote/hook/cmake_prefix_path.sh'
[2.334s] Level 1:colcon.colcon_core.environment:checking '/home/mihir/abb_bot_ws/install/bot_remote/bin'
[2.334s] Level 1:colcon.colcon_core.environment:checking '/home/mihir/abb_bot_ws/install/bot_remote/lib/pkgconfig/bot_remote.pc'
[2.334s] Level 1:colcon.colcon_core.environment:checking '/home/mihir/abb_bot_ws/install/bot_remote/lib/python3.10/site-packages'
[2.334s] Level 1:colcon.colcon_core.environment:checking '/home/mihir/abb_bot_ws/install/bot_remote/bin'
[2.348s] INFO:colcon.colcon_core.shell:Creating package script '/home/mihir/abb_bot_ws/install/bot_remote/share/bot_remote/package.ps1'
[2.349s] INFO:colcon.colcon_core.shell:Creating package descriptor '/home/mihir/abb_bot_ws/install/bot_remote/share/bot_remote/package.dsv'
[2.349s] INFO:colcon.colcon_core.shell:Creating package script '/home/mihir/abb_bot_ws/install/bot_remote/share/bot_remote/package.sh'
[2.349s] INFO:colcon.colcon_core.shell:Creating package script '/home/mihir/abb_bot_ws/install/bot_remote/share/bot_remote/package.bash'
[2.350s] INFO:colcon.colcon_core.shell:Creating package script '/home/mihir/abb_bot_ws/install/bot_remote/share/bot_remote/package.zsh'
[2.350s] Level 1:colcon.colcon_core.environment:create_file_with_runtime_dependencies(/home/mihir/abb_bot_ws/install/bot_remote/share/colcon-core/packages/bot_remote)
[2.351s] Level 1:colcon.colcon_core.environment:create_environment_scripts_only(bot_msgs)
[2.351s] DEBUG:colcon.colcon_core.event_handler.log_command:Invoked command in '/home/mihir/abb_bot_ws/build/bot_msgs' returned '0': CMAKE_PREFIX_PATH=/opt/ros/humble /usr/bin/cmake --install /home/mihir/abb_bot_ws/build/bot_msgs
[2.366s] Level 1:colcon.colcon_core.environment:checking '/home/mihir/abb_bot_ws/install/bot_msgs' for CMake module files
[2.367s] Level 1:colcon.colcon_core.environment:checking '/home/mihir/abb_bot_ws/install/bot_msgs' for CMake config files
[2.369s] Level 1:colcon.colcon_core.shell:create_environment_hook('bot_msgs', 'cmake_prefix_path')
[2.384s] INFO:colcon.colcon_core.shell:Creating environment hook '/home/mihir/abb_bot_ws/install/bot_msgs/share/bot_msgs/hook/cmake_prefix_path.ps1'
[2.384s] INFO:colcon.colcon_core.shell:Creating environment descriptor '/home/mihir/abb_bot_ws/install/bot_msgs/share/bot_msgs/hook/cmake_prefix_path.dsv'
[2.385s] INFO:colcon.colcon_core.shell:Creating environment hook '/home/mihir/abb_bot_ws/install/bot_msgs/share/bot_msgs/hook/cmake_prefix_path.sh'
[2.385s] Level 1:colcon.colcon_core.environment:checking '/home/mihir/abb_bot_ws/install/bot_msgs/lib'
[2.385s] Level 1:colcon.colcon_core.shell:create_environment_hook('bot_msgs', 'ld_library_path_lib')
[2.401s] INFO:colcon.colcon_core.shell:Creating environment hook '/home/mihir/abb_bot_ws/install/bot_msgs/share/bot_msgs/hook/ld_library_path_lib.ps1'
[2.401s] INFO:colcon.colcon_core.shell:Creating environment descriptor '/home/mihir/abb_bot_ws/install/bot_msgs/share/bot_msgs/hook/ld_library_path_lib.dsv'
[2.401s] INFO:colcon.colcon_core.shell:Creating environment hook '/home/mihir/abb_bot_ws/install/bot_msgs/share/bot_msgs/hook/ld_library_path_lib.sh'
[2.402s] Level 1:colcon.colcon_core.environment:checking '/home/mihir/abb_bot_ws/install/bot_msgs/bin'
[2.402s] Level 1:colcon.colcon_core.environment:checking '/home/mihir/abb_bot_ws/install/bot_msgs/lib/pkgconfig/bot_msgs.pc'
[2.402s] Level 1:colcon.colcon_core.environment:checking '/home/mihir/abb_bot_ws/install/bot_msgs/lib/python3.10/site-packages'
[2.402s] Level 1:colcon.colcon_core.environment:checking '/home/mihir/abb_bot_ws/install/bot_msgs/bin'
[2.415s] INFO:colcon.colcon_core.shell:Creating package script '/home/mihir/abb_bot_ws/install/bot_msgs/share/bot_msgs/package.ps1'
[2.416s] INFO:colcon.colcon_core.shell:Creating package descriptor '/home/mihir/abb_bot_ws/install/bot_msgs/share/bot_msgs/package.dsv'
[2.416s] INFO:colcon.colcon_core.shell:Creating package script '/home/mihir/abb_bot_ws/install/bot_msgs/share/bot_msgs/package.sh'
[2.417s] INFO:colcon.colcon_core.shell:Creating package script '/home/mihir/abb_bot_ws/install/bot_msgs/share/bot_msgs/package.bash'
[2.417s] INFO:colcon.colcon_core.shell:Creating package script '/home/mihir/abb_bot_ws/install/bot_msgs/share/bot_msgs/package.zsh'
[2.418s] Level 1:colcon.colcon_core.environment:create_file_with_runtime_dependencies(/home/mihir/abb_bot_ws/install/bot_msgs/share/colcon-core/packages/bot_msgs)
[2.441s] Level 1:colcon.colcon_core.environment:create_environment_scripts_only(bot_remote)
[2.455s] Level 1:colcon.colcon_core.environment:checking '/home/mihir/abb_bot_ws/install/bot_remote' for CMake module files
[2.455s] Level 1:colcon.colcon_core.environment:checking '/home/mihir/abb_bot_ws/install/bot_remote' for CMake config files
[2.455s] Level 1:colcon.colcon_core.shell:create_environment_hook('bot_remote', 'cmake_prefix_path')
[2.471s] INFO:colcon.colcon_core.shell:Creating environment hook '/home/mihir/abb_bot_ws/install/bot_remote/share/bot_remote/hook/cmake_prefix_path.ps1'
[2.471s] INFO:colcon.colcon_core.shell:Creating environment descriptor '/home/mihir/abb_bot_ws/install/bot_remote/share/bot_remote/hook/cmake_prefix_path.dsv'
[2.471s] INFO:colcon.colcon_core.shell:Creating environment hook '/home/mihir/abb_bot_ws/install/bot_remote/share/bot_remote/hook/cmake_prefix_path.sh'
[2.472s] Level 1:colcon.colcon_core.environment:checking '/home/mihir/abb_bot_ws/install/bot_remote/bin'
[2.472s] Level 1:colcon.colcon_core.environment:checking '/home/mihir/abb_bot_ws/install/bot_remote/lib/pkgconfig/bot_remote.pc'
[2.472s] Level 1:colcon.colcon_core.environment:checking '/home/mihir/abb_bot_ws/install/bot_remote/lib/python3.10/site-packages'
[2.472s] Level 1:colcon.colcon_core.environment:checking '/home/mihir/abb_bot_ws/install/bot_remote/bin'
[2.487s] INFO:colcon.colcon_core.shell:Creating package script '/home/mihir/abb_bot_ws/install/bot_remote/share/bot_remote/package.ps1'
[2.488s] INFO:colcon.colcon_core.shell:Creating package descriptor '/home/mihir/abb_bot_ws/install/bot_remote/share/bot_remote/package.dsv'
[2.488s] INFO:colcon.colcon_core.shell:Creating package script '/home/mihir/abb_bot_ws/install/bot_remote/share/bot_remote/package.sh'
[2.488s] INFO:colcon.colcon_core.shell:Creating package script '/home/mihir/abb_bot_ws/install/bot_remote/share/bot_remote/package.bash'
[2.489s] INFO:colcon.colcon_core.shell:Creating package script '/home/mihir/abb_bot_ws/install/bot_remote/share/bot_remote/package.zsh'
[2.489s] Level 1:colcon.colcon_core.environment:create_file_with_runtime_dependencies(/home/mihir/abb_bot_ws/install/bot_remote/share/colcon-core/packages/bot_remote)
[2.505s] Level 1:colcon.colcon_core.environment:create_environment_scripts_only(bot_msgs)
[2.519s] Level 1:colcon.colcon_core.environment:checking '/home/mihir/abb_bot_ws/install/bot_msgs' for CMake module files
[2.520s] Level 1:colcon.colcon_core.environment:checking '/home/mihir/abb_bot_ws/install/bot_msgs' for CMake config files
[2.520s] Level 1:colcon.colcon_core.shell:create_environment_hook('bot_msgs', 'cmake_prefix_path')
[2.535s] INFO:colcon.colcon_core.shell:Creating environment hook '/home/mihir/abb_bot_ws/install/bot_msgs/share/bot_msgs/hook/cmake_prefix_path.ps1'
[2.535s] INFO:colcon.colcon_core.shell:Creating environment descriptor '/home/mihir/abb_bot_ws/install/bot_msgs/share/bot_msgs/hook/cmake_prefix_path.dsv'
[2.535s] INFO:colcon.colcon_core.shell:Creating environment hook '/home/mihir/abb_bot_ws/install/bot_msgs/share/bot_msgs/hook/cmake_prefix_path.sh'
[2.536s] Level 1:colcon.colcon_core.environment:checking '/home/mihir/abb_bot_ws/install/bot_msgs/lib'
[2.537s] Level 1:colcon.colcon_core.shell:create_environment_hook('bot_msgs', 'ld_library_path_lib')
[2.560s] INFO:colcon.colcon_core.shell:Creating environment hook '/home/mihir/abb_bot_ws/install/bot_msgs/share/bot_msgs/hook/ld_library_path_lib.ps1'
[2.560s] INFO:colcon.colcon_core.shell:Creating environment descriptor '/home/mihir/abb_bot_ws/install/bot_msgs/share/bot_msgs/hook/ld_library_path_lib.dsv'
[2.561s] INFO:colcon.colcon_core.shell:Creating environment hook '/home/mihir/abb_bot_ws/install/bot_msgs/share/bot_msgs/hook/ld_library_path_lib.sh'
[2.561s] Level 1:colcon.colcon_core.environment:checking '/home/mihir/abb_bot_ws/install/bot_msgs/bin'
[2.561s] Level 1:colcon.colcon_core.environment:checking '/home/mihir/abb_bot_ws/install/bot_msgs/lib/pkgconfig/bot_msgs.pc'
[2.561s] Level 1:colcon.colcon_core.environment:checking '/home/mihir/abb_bot_ws/install/bot_msgs/lib/python3.10/site-packages'
[2.562s] Level 1:colcon.colcon_core.environment:checking '/home/mihir/abb_bot_ws/install/bot_msgs/bin'
[2.588s] INFO:colcon.colcon_core.shell:Creating package script '/home/mihir/abb_bot_ws/install/bot_msgs/share/bot_msgs/package.ps1'
[2.589s] INFO:colcon.colcon_core.shell:Creating package descriptor '/home/mihir/abb_bot_ws/install/bot_msgs/share/bot_msgs/package.dsv'
[2.589s] INFO:colcon.colcon_core.shell:Creating package script '/home/mihir/abb_bot_ws/install/bot_msgs/share/bot_msgs/package.sh'
[2.590s] INFO:colcon.colcon_core.shell:Creating package script '/home/mihir/abb_bot_ws/install/bot_msgs/share/bot_msgs/package.bash'
[2.590s] INFO:colcon.colcon_core.shell:Creating package script '/home/mihir/abb_bot_ws/install/bot_msgs/share/bot_msgs/package.zsh'
[2.591s] Level 1:colcon.colcon_core.environment:create_file_with_runtime_dependencies(/home/mihir/abb_bot_ws/install/bot_msgs/share/colcon-core/packages/bot_msgs)
[2.591s] DEBUG:colcon.colcon_parallel_executor.executor.parallel:closing loop
[2.591s] DEBUG:colcon.colcon_parallel_executor.executor.parallel:loop closed
[2.591s] DEBUG:colcon.colcon_parallel_executor.executor.parallel:run_until_complete finished with '0'
[2.592s] DEBUG:colcon.colcon_core.event_reactor:joining thread
[2.621s] INFO:colcon.colcon_core.plugin_system:Skipping extension 'colcon_notification.desktop_notification.terminal_notifier': Not used on non-Darwin systems
[2.622s] INFO:colcon.colcon_core.plugin_system:Skipping extension 'colcon_notification.desktop_notification.win32': Not used on non-Windows systems
[2.622s] INFO:colcon.colcon_notification.desktop_notification:Sending desktop notification using 'notify2'
[2.632s] DEBUG:colcon.colcon_core.event_reactor:joined thread
[2.657s] INFO:colcon.colcon_core.shell:Creating prefix script '/home/mihir/abb_bot_ws/install/local_setup.ps1'
[2.659s] INFO:colcon.colcon_core.shell:Creating prefix util module '/home/mihir/abb_bot_ws/install/_local_setup_util_ps1.py'
[2.661s] INFO:colcon.colcon_core.shell:Creating prefix chain script '/home/mihir/abb_bot_ws/install/setup.ps1'
[2.690s] INFO:colcon.colcon_core.shell:Creating prefix script '/home/mihir/abb_bot_ws/install/local_setup.sh'
[2.691s] INFO:colcon.colcon_core.shell:Creating prefix util module '/home/mihir/abb_bot_ws/install/_local_setup_util_sh.py'
[2.691s] INFO:colcon.colcon_core.shell:Creating prefix chain script '/home/mihir/abb_bot_ws/install/setup.sh'
[2.718s] INFO:colcon.colcon_core.shell:Creating prefix script '/home/mihir/abb_bot_ws/install/local_setup.bash'
[2.719s] INFO:colcon.colcon_core.shell:Creating prefix chain script '/home/mihir/abb_bot_ws/install/setup.bash'
[2.742s] INFO:colcon.colcon_core.shell:Creating prefix script '/home/mihir/abb_bot_ws/install/local_setup.zsh'
[2.742s] INFO:colcon.colcon_core.shell:Creating prefix chain script '/home/mihir/abb_bot_ws/install/setup.zsh'
