[0.123s] Invoking command in '/home/mihir/abb_bot_ws/build/bot_controller': CMAKE_PREFIX_PATH=/opt/ros/humble /usr/bin/cmake /home/mihir/abb_bot_ws/src/bot_controller -DCMAKE_INSTALL_PREFIX=/home/mihir/abb_bot_ws/install/bot_controller
[0.179s] -- The C compiler identification is GNU 11.4.0
[0.257s] -- The CXX compiler identification is GNU 11.4.0
[0.265s] -- Detecting C compiler ABI info
[0.353s] -- Detecting C compiler ABI info - done
[0.367s] -- Check for working C compiler: /usr/bin/cc - skipped
[0.367s] -- Detecting C compile features
[0.368s] -- Detecting C compile features - done
[0.373s] -- Detecting CXX compiler ABI info
[0.586s] -- Detecting CXX compiler ABI info - done
[0.604s] -- Check for working CXX compiler: /usr/bin/c++ - skipped
[0.604s] -- Detecting CXX compile features
[0.604s] -- Detecting CXX compile features - done
[0.609s] -- Found ament_cmake: 1.3.6 (/opt/ros/humble/share/ament_cmake/cmake)
[0.967s] -- Found Python3: /usr/bin/python3.10 (found version "3.10.12") found components: Interpreter 
[1.183s] -- Found ament_lint_auto: 0.12.9 (/opt/ros/humble/share/ament_lint_auto/cmake)
[1.356s] -- Added test 'lint_cmake' to check CMake code style
[1.357s] -- Added test 'xmllint' to check XML markup files
[1.358s] -- Configuring done
[1.361s] -- Generating done
[1.362s] -- Build files have been written to: /home/mihir/abb_bot_ws/build/bot_controller
[1.369s] Invoked command in '/home/mihir/abb_bot_ws/build/bot_controller' returned '0': CMAKE_PREFIX_PATH=/opt/ros/humble /usr/bin/cmake /home/mihir/abb_bot_ws/src/bot_controller -DCMAKE_INSTALL_PREFIX=/home/mihir/abb_bot_ws/install/bot_controller
[1.372s] Invoking command in '/home/mihir/abb_bot_ws/build/bot_controller': CMAKE_PREFIX_PATH=/opt/ros/humble /usr/bin/cmake --build /home/mihir/abb_bot_ws/build/bot_controller -- -j8 -l8
[1.410s] Invoked command in '/home/mihir/abb_bot_ws/build/bot_controller' returned '0': CMAKE_PREFIX_PATH=/opt/ros/humble /usr/bin/cmake --build /home/mihir/abb_bot_ws/build/bot_controller -- -j8 -l8
[1.432s] Invoking command in '/home/mihir/abb_bot_ws/build/bot_controller': CMAKE_PREFIX_PATH=/opt/ros/humble /usr/bin/cmake --install /home/mihir/abb_bot_ws/build/bot_controller
[1.442s] -- Install configuration: ""
[1.442s] -- Installing: /home/mihir/abb_bot_ws/install/bot_controller/share/bot_controller/config
[1.442s] -- Installing: /home/mihir/abb_bot_ws/install/bot_controller/share/bot_controller/config/bot_controllers.yaml
[1.442s] -- Installing: /home/mihir/abb_bot_ws/install/bot_controller/share/ament_index/resource_index/package_run_dependencies/bot_controller
[1.442s] -- Installing: /home/mihir/abb_bot_ws/install/bot_controller/share/ament_index/resource_index/parent_prefix_path/bot_controller
[1.442s] -- Installing: /home/mihir/abb_bot_ws/install/bot_controller/share/bot_controller/environment/ament_prefix_path.sh
[1.443s] -- Installing: /home/mihir/abb_bot_ws/install/bot_controller/share/bot_controller/environment/ament_prefix_path.dsv
[1.443s] -- Installing: /home/mihir/abb_bot_ws/install/bot_controller/share/bot_controller/environment/path.sh
[1.443s] -- Installing: /home/mihir/abb_bot_ws/install/bot_controller/share/bot_controller/environment/path.dsv
[1.443s] -- Installing: /home/mihir/abb_bot_ws/install/bot_controller/share/bot_controller/local_setup.bash
[1.443s] -- Installing: /home/mihir/abb_bot_ws/install/bot_controller/share/bot_controller/local_setup.sh
[1.443s] -- Installing: /home/mihir/abb_bot_ws/install/bot_controller/share/bot_controller/local_setup.zsh
[1.443s] -- Installing: /home/mihir/abb_bot_ws/install/bot_controller/share/bot_controller/local_setup.dsv
[1.444s] -- Installing: /home/mihir/abb_bot_ws/install/bot_controller/share/bot_controller/package.dsv
[1.444s] -- Installing: /home/mihir/abb_bot_ws/install/bot_controller/share/ament_index/resource_index/packages/bot_controller
[1.444s] -- Installing: /home/mihir/abb_bot_ws/install/bot_controller/share/bot_controller/cmake/bot_controllerConfig.cmake
[1.444s] -- Installing: /home/mihir/abb_bot_ws/install/bot_controller/share/bot_controller/cmake/bot_controllerConfig-version.cmake
[1.444s] -- Installing: /home/mihir/abb_bot_ws/install/bot_controller/share/bot_controller/package.xml
[1.446s] Invoked command in '/home/mihir/abb_bot_ws/build/bot_controller' returned '0': CMAKE_PREFIX_PATH=/opt/ros/humble /usr/bin/cmake --install /home/mihir/abb_bot_ws/build/bot_controller
