[0.615s] Invoking command in '/home/mihir/abb_bot_ws/build/bot_description': CMAKE_PREFIX_PATH=/opt/ros/humble /usr/bin/cmake --build /home/mihir/abb_bot_ws/build/bot_description -- -j8 -l8
[0.814s] Invoked command in '/home/mihir/abb_bot_ws/build/bot_description' returned '0': CMAKE_PREFIX_PATH=/opt/ros/humble /usr/bin/cmake --build /home/mihir/abb_bot_ws/build/bot_description -- -j8 -l8
[0.955s] Invoking command in '/home/mihir/abb_bot_ws/build/bot_description': CMAKE_PREFIX_PATH=/opt/ros/humble /usr/bin/cmake --install /home/mihir/abb_bot_ws/build/bot_description
[1.016s] -- Install configuration: ""
[1.017s] -- Up-to-date: /home/mihir/abb_bot_ws/install/bot_description/share/bot_description/meshes
[1.019s] -- Up-to-date: /home/mihir/abb_bot_ws/install/bot_description/share/bot_description/meshes/Base_link.STL
[1.020s] -- Up-to-date: /home/mihir/abb_bot_ws/install/bot_description/share/bot_description/meshes/Link_5.STL
[1.021s] -- Up-to-date: /home/mihir/abb_bot_ws/install/bot_description/share/bot_description/meshes/Link_3.STL
[1.022s] -- Up-to-date: /home/mihir/abb_bot_ws/install/bot_description/share/bot_description/meshes/Link_1.STL
[1.023s] -- Up-to-date: /home/mihir/abb_bot_ws/install/bot_description/share/bot_description/meshes/Link_2.STL
[1.023s] -- Up-to-date: /home/mihir/abb_bot_ws/install/bot_description/share/bot_description/meshes/Link_6.STL
[1.025s] -- Up-to-date: /home/mihir/abb_bot_ws/install/bot_description/share/bot_description/meshes/Link_4.STL
[1.026s] -- Up-to-date: /home/mihir/abb_bot_ws/install/bot_description/share/bot_description/meshes/End_effector.STL
[1.030s] -- Up-to-date: /home/mihir/abb_bot_ws/install/bot_description/share/bot_description/urdf
[1.033s] -- Up-to-date: /home/mihir/abb_bot_ws/install/bot_description/share/bot_description/urdf/bot_ros2_control.xacro
[1.035s] -- Installing: /home/mihir/abb_bot_ws/install/bot_description/share/bot_description/urdf/bot_gazebo.xacro
[1.042s] -- Up-to-date: /home/mihir/abb_bot_ws/install/bot_description/share/bot_description/urdf/bot.urdf.xacro
[1.043s] -- Up-to-date: /home/mihir/abb_bot_ws/install/bot_description/share/bot_description/launch
[1.044s] -- Up-to-date: /home/mihir/abb_bot_ws/install/bot_description/share/bot_description/launch/display.launch.py
[1.046s] -- Up-to-date: /home/mihir/abb_bot_ws/install/bot_description/share/bot_description/launch/gazebo.launch.py
[1.048s] -- Up-to-date: /home/mihir/abb_bot_ws/install/bot_description/share/bot_description/rviz
[1.050s] -- Up-to-date: /home/mihir/abb_bot_ws/install/bot_description/share/bot_description/rviz/display.rviz
[1.051s] -- Up-to-date: /home/mihir/abb_bot_ws/install/bot_description/share/ament_index/resource_index/package_run_dependencies/bot_description
[1.051s] -- Up-to-date: /home/mihir/abb_bot_ws/install/bot_description/share/ament_index/resource_index/parent_prefix_path/bot_description
[1.058s] -- Up-to-date: /home/mihir/abb_bot_ws/install/bot_description/share/bot_description/environment/ament_prefix_path.sh
[1.063s] -- Up-to-date: /home/mihir/abb_bot_ws/install/bot_description/share/bot_description/environment/ament_prefix_path.dsv
[1.065s] -- Up-to-date: /home/mihir/abb_bot_ws/install/bot_description/share/bot_description/environment/path.sh
[1.065s] -- Up-to-date: /home/mihir/abb_bot_ws/install/bot_description/share/bot_description/environment/path.dsv
[1.065s] -- Up-to-date: /home/mihir/abb_bot_ws/install/bot_description/share/bot_description/local_setup.bash
[1.066s] -- Up-to-date: /home/mihir/abb_bot_ws/install/bot_description/share/bot_description/local_setup.sh
[1.066s] -- Up-to-date: /home/mihir/abb_bot_ws/install/bot_description/share/bot_description/local_setup.zsh
[1.067s] -- Up-to-date: /home/mihir/abb_bot_ws/install/bot_description/share/bot_description/local_setup.dsv
[1.067s] -- Installing: /home/mihir/abb_bot_ws/install/bot_description/share/bot_description/package.dsv
[1.068s] -- Up-to-date: /home/mihir/abb_bot_ws/install/bot_description/share/ament_index/resource_index/packages/bot_description
[1.068s] -- Up-to-date: /home/mihir/abb_bot_ws/install/bot_description/share/bot_description/cmake/bot_descriptionConfig.cmake
[1.069s] -- Up-to-date: /home/mihir/abb_bot_ws/install/bot_description/share/bot_description/cmake/bot_descriptionConfig-version.cmake
[1.069s] -- Up-to-date: /home/mihir/abb_bot_ws/install/bot_description/share/bot_description/package.xml
[1.370s] Invoked command in '/home/mihir/abb_bot_ws/build/bot_description' returned '0': CMAKE_PREFIX_PATH=/opt/ros/humble /usr/bin/cmake --install /home/mihir/abb_bot_ws/build/bot_description
