[0.299s] Invoking command in '/home/mihir/abb_bot_ws/build/abbbot_msgs': CMAKE_PREFIX_PATH=/opt/ros/humble /usr/bin/cmake --build /home/mihir/abb_bot_ws/build/abbbot_msgs -- -j8 -l8
[0.348s] Invoked command in '/home/mihir/abb_bot_ws/build/abbbot_msgs' returned '0': CMAKE_PREFIX_PATH=/opt/ros/humble /usr/bin/cmake --build /home/mihir/abb_bot_ws/build/abbbot_msgs -- -j8 -l8
[0.394s] Invoking command in '/home/mihir/abb_bot_ws/build/abbbot_msgs': CMAKE_PREFIX_PATH=/opt/ros/humble /usr/bin/cmake --install /home/mihir/abb_bot_ws/build/abbbot_msgs
[0.415s] -- Install configuration: ""
[0.415s] -- Up-to-date: /home/mihir/abb_bot_ws/install/abbbot_msgs/share/ament_index/resource_index/package_run_dependencies/abbbot_msgs
[0.416s] -- Up-to-date: /home/mihir/abb_bot_ws/install/abbbot_msgs/share/ament_index/resource_index/parent_prefix_path/abbbot_msgs
[0.416s] -- Up-to-date: /home/mihir/abb_bot_ws/install/abbbot_msgs/share/abbbot_msgs/environment/ament_prefix_path.sh
[0.416s] -- Up-to-date: /home/mihir/abb_bot_ws/install/abbbot_msgs/share/abbbot_msgs/environment/ament_prefix_path.dsv
[0.417s] -- Up-to-date: /home/mihir/abb_bot_ws/install/abbbot_msgs/share/abbbot_msgs/environment/path.sh
[0.417s] -- Up-to-date: /home/mihir/abb_bot_ws/install/abbbot_msgs/share/abbbot_msgs/environment/path.dsv
[0.417s] -- Up-to-date: /home/mihir/abb_bot_ws/install/abbbot_msgs/share/abbbot_msgs/local_setup.bash
[0.417s] -- Up-to-date: /home/mihir/abb_bot_ws/install/abbbot_msgs/share/abbbot_msgs/local_setup.sh
[0.418s] -- Up-to-date: /home/mihir/abb_bot_ws/install/abbbot_msgs/share/abbbot_msgs/local_setup.zsh
[0.418s] -- Up-to-date: /home/mihir/abb_bot_ws/install/abbbot_msgs/share/abbbot_msgs/local_setup.dsv
[0.418s] -- Installing: /home/mihir/abb_bot_ws/install/abbbot_msgs/share/abbbot_msgs/package.dsv
[0.420s] -- Up-to-date: /home/mihir/abb_bot_ws/install/abbbot_msgs/share/ament_index/resource_index/packages/abbbot_msgs
[0.421s] -- Up-to-date: /home/mihir/abb_bot_ws/install/abbbot_msgs/share/abbbot_msgs/cmake/abbbot_msgsConfig.cmake
[0.421s] -- Up-to-date: /home/mihir/abb_bot_ws/install/abbbot_msgs/share/abbbot_msgs/cmake/abbbot_msgsConfig-version.cmake
[0.421s] -- Up-to-date: /home/mihir/abb_bot_ws/install/abbbot_msgs/share/abbbot_msgs/package.xml
[0.438s] Invoked command in '/home/mihir/abb_bot_ws/build/abbbot_msgs' returned '0': CMAKE_PREFIX_PATH=/opt/ros/humble /usr/bin/cmake --install /home/mihir/abb_bot_ws/build/abbbot_msgs
