[0.386s] Invoking command in '/home/mihir/abb_bot_ws/build/abbbot_msgs': CMAKE_PREFIX_PATH=/opt/ros/humble /usr/bin/cmake --build /home/mihir/abb_bot_ws/build/abbbot_msgs -- -j8 -l8
[0.433s] -- Found ament_cmake: 1.3.6 (/opt/ros/humble/share/ament_cmake/cmake)
[0.727s] -- Found std_msgs: 4.2.3 (/opt/ros/humble/share/std_msgs/cmake)
[0.803s] -- Found rosidl_generator_c: 3.1.5 (/opt/ros/humble/share/rosidl_generator_c/cmake)
[0.814s] -- Found rosidl_adapter: 3.1.5 (/opt/ros/humble/share/rosidl_adapter/cmake)
[0.830s] -- Found rosidl_generator_cpp: 3.1.5 (/opt/ros/humble/share/rosidl_generator_cpp/cmake)
[0.861s] -- Using all available rosidl_typesupport_c: rosidl_typesupport_fastrtps_c;rosidl_typesupport_introspection_c
[0.901s] -- Using all available rosidl_typesupport_cpp: rosidl_typesupport_fastrtps_cpp;rosidl_typesupport_introspection_cpp
[0.996s] -- Found rosidl_default_generators: 1.2.0 (/opt/ros/humble/share/rosidl_default_generators/cmake)
[1.014s] [31mCMake Error at /opt/ros/humble/share/rosidl_cmake/cmake/rosidl_generate_interfaces.cmake:93 (message):
[1.014s]   rosidl_generate_interfaces() the passed file 'action/BotTask.action'
[1.014s]   doesn't exist relative to the CMAKE_CURRENT_SOURCE_DIR
[1.015s]   '/home/mihir/abb_bot_ws/src/abbbot_msgs'
[1.015s] Call Stack (most recent call first):
[1.015s]   CMakeLists.txt:16 (rosidl_generate_interfaces)
[1.015s] 
[1.015s] [0m
[1.015s] -- Configuring incomplete, errors occurred!
[1.015s] See also "/home/mihir/abb_bot_ws/build/abbbot_msgs/CMakeFiles/CMakeOutput.log".
[1.022s] gmake: *** [Makefile:226: cmake_check_build_system] Error 1
[1.237s] Invoked command in '/home/mihir/abb_bot_ws/build/abbbot_msgs' returned '2': CMAKE_PREFIX_PATH=/opt/ros/humble /usr/bin/cmake --build /home/mihir/abb_bot_ws/build/abbbot_msgs -- -j8 -l8
