[0.798s] DEBUG:colcon:Command line arguments: ['/usr/bin/colcon', 'list', '-p', '--base-paths', '/home/mihir/abb_bot_ws']
[0.798s] DEBUG:colcon:Parsed command line arguments: Namespace(log_base=None, log_level=None, verb_name='list', build_base='build', ignore_user_meta=False, metas=['./colcon.meta'], base_paths=['/home/mihir/abb_bot_ws'], packages_ignore=None, packages_ignore_regex=None, paths=None, packages_up_to=None, packages_up_to_regex=None, packages_above=None, packages_above_and_dependencies=None, packages_above_depth=None, packages_select_by_dep=None, packages_skip_by_dep=None, packages_skip_up_to=None, packages_select_build_failed=False, packages_skip_build_finished=False, packages_select_test_failures=False, packages_skip_test_passed=False, packages_select=None, packages_skip=None, packages_select_regex=None, packages_skip_regex=None, packages_start=None, packages_end=None, allow_overriding=[], topological_order=False, names_only=False, paths_only=True, topological_graph=False, topological_graph_dot=False, topological_graph_density=False, topological_graph_legend=False, topological_graph_dot_cluster=False, topological_graph_dot_include_skipped=False, verb_parser=<colcon_defaults.argument_parser.defaults.DefaultArgumentsDecorator object at 0x7f55f2789150>, verb_extension=<colcon_package_information.verb.list.ListVerb object at 0x7f55f2799900>, main=<bound method ListVerb.main of <colcon_package_information.verb.list.ListVerb object at 0x7f55f2799900>>)
[0.855s] Level 1:colcon.colcon_core.package_discovery:discover_packages(colcon_meta) check parameters
[0.856s] Level 1:colcon.colcon_core.package_discovery:discover_packages(recursive) check parameters
[0.856s] Level 1:colcon.colcon_core.package_discovery:discover_packages(ignore) check parameters
[0.856s] Level 1:colcon.colcon_core.package_discovery:discover_packages(path) check parameters
[0.856s] Level 1:colcon.colcon_core.package_discovery:discover_packages(recursive) discover
[0.856s] INFO:colcon.colcon_core.package_discovery:Crawling recursively for packages in '/home/mihir/abb_bot_ws'
[0.857s] Level 1:colcon.colcon_core.package_identification:_identify(/home/mihir/abb_bot_ws) by extensions ['ignore', 'ignore_ament_install']
[0.858s] Level 1:colcon.colcon_core.package_identification:_identify(/home/mihir/abb_bot_ws) by extension 'ignore'
[0.858s] Level 1:colcon.colcon_core.package_identification:_identify(/home/mihir/abb_bot_ws) by extension 'ignore_ament_install'
[0.858s] Level 1:colcon.colcon_core.package_identification:_identify(/home/mihir/abb_bot_ws) by extensions ['colcon_pkg']
[0.858s] Level 1:colcon.colcon_core.package_identification:_identify(/home/mihir/abb_bot_ws) by extension 'colcon_pkg'
[0.858s] Level 1:colcon.colcon_core.package_identification:_identify(/home/mihir/abb_bot_ws) by extensions ['colcon_meta']
[0.858s] Level 1:colcon.colcon_core.package_identification:_identify(/home/mihir/abb_bot_ws) by extension 'colcon_meta'
[0.858s] Level 1:colcon.colcon_core.package_identification:_identify(/home/mihir/abb_bot_ws) by extensions ['ros']
[0.858s] Level 1:colcon.colcon_core.package_identification:_identify(/home/mihir/abb_bot_ws) by extension 'ros'
[0.868s] Level 1:colcon.colcon_core.package_identification:_identify(/home/mihir/abb_bot_ws) by extensions ['cmake', 'python']
[0.868s] Level 1:colcon.colcon_core.package_identification:_identify(/home/mihir/abb_bot_ws) by extension 'cmake'
[0.868s] Level 1:colcon.colcon_core.package_identification:_identify(/home/mihir/abb_bot_ws) by extension 'python'
[0.868s] Level 1:colcon.colcon_core.package_identification:_identify(/home/mihir/abb_bot_ws) by extensions ['python_setup_py']
[0.868s] Level 1:colcon.colcon_core.package_identification:_identify(/home/mihir/abb_bot_ws) by extension 'python_setup_py'
[0.868s] Level 1:colcon.colcon_core.package_identification:_identify(/home/mihir/abb_bot_ws/build) by extensions ['ignore', 'ignore_ament_install']
[0.869s] Level 1:colcon.colcon_core.package_identification:_identify(/home/mihir/abb_bot_ws/build) by extension 'ignore'
[0.869s] Level 1:colcon.colcon_core.package_identification:_identify(/home/mihir/abb_bot_ws/build) ignored
[0.870s] Level 1:colcon.colcon_core.package_identification:_identify(/home/mihir/abb_bot_ws/install) by extensions ['ignore', 'ignore_ament_install']
[0.870s] Level 1:colcon.colcon_core.package_identification:_identify(/home/mihir/abb_bot_ws/install) by extension 'ignore'
[0.870s] Level 1:colcon.colcon_core.package_identification:_identify(/home/mihir/abb_bot_ws/install) ignored
[0.871s] Level 1:colcon.colcon_core.package_identification:_identify(/home/mihir/abb_bot_ws/log) by extensions ['ignore', 'ignore_ament_install']
[0.871s] Level 1:colcon.colcon_core.package_identification:_identify(/home/mihir/abb_bot_ws/log) by extension 'ignore'
[0.871s] Level 1:colcon.colcon_core.package_identification:_identify(/home/mihir/abb_bot_ws/log) ignored
[0.872s] Level 1:colcon.colcon_core.package_identification:_identify(/home/mihir/abb_bot_ws/src) by extensions ['ignore', 'ignore_ament_install']
[0.872s] Level 1:colcon.colcon_core.package_identification:_identify(/home/mihir/abb_bot_ws/src) by extension 'ignore'
[0.872s] Level 1:colcon.colcon_core.package_identification:_identify(/home/mihir/abb_bot_ws/src) by extension 'ignore_ament_install'
[0.872s] Level 1:colcon.colcon_core.package_identification:_identify(/home/mihir/abb_bot_ws/src) by extensions ['colcon_pkg']
[0.872s] Level 1:colcon.colcon_core.package_identification:_identify(/home/mihir/abb_bot_ws/src) by extension 'colcon_pkg'
[0.873s] Level 1:colcon.colcon_core.package_identification:_identify(/home/mihir/abb_bot_ws/src) by extensions ['colcon_meta']
[0.873s] Level 1:colcon.colcon_core.package_identification:_identify(/home/mihir/abb_bot_ws/src) by extension 'colcon_meta'
[0.873s] Level 1:colcon.colcon_core.package_identification:_identify(/home/mihir/abb_bot_ws/src) by extensions ['ros']
[0.873s] Level 1:colcon.colcon_core.package_identification:_identify(/home/mihir/abb_bot_ws/src) by extension 'ros'
[0.873s] Level 1:colcon.colcon_core.package_identification:_identify(/home/mihir/abb_bot_ws/src) by extensions ['cmake', 'python']
[0.873s] Level 1:colcon.colcon_core.package_identification:_identify(/home/mihir/abb_bot_ws/src) by extension 'cmake'
[0.873s] Level 1:colcon.colcon_core.package_identification:_identify(/home/mihir/abb_bot_ws/src) by extension 'python'
[0.873s] Level 1:colcon.colcon_core.package_identification:_identify(/home/mihir/abb_bot_ws/src) by extensions ['python_setup_py']
[0.873s] Level 1:colcon.colcon_core.package_identification:_identify(/home/mihir/abb_bot_ws/src) by extension 'python_setup_py'
[0.873s] Level 1:colcon.colcon_core.package_identification:_identify(/home/mihir/abb_bot_ws/src/abb_bot_msgs) by extensions ['ignore', 'ignore_ament_install']
[0.873s] Level 1:colcon.colcon_core.package_identification:_identify(/home/mihir/abb_bot_ws/src/abb_bot_msgs) by extension 'ignore'
[0.873s] Level 1:colcon.colcon_core.package_identification:_identify(/home/mihir/abb_bot_ws/src/abb_bot_msgs) by extension 'ignore_ament_install'
[0.873s] Level 1:colcon.colcon_core.package_identification:_identify(/home/mihir/abb_bot_ws/src/abb_bot_msgs) by extensions ['colcon_pkg']
[0.873s] Level 1:colcon.colcon_core.package_identification:_identify(/home/mihir/abb_bot_ws/src/abb_bot_msgs) by extension 'colcon_pkg'
[0.874s] Level 1:colcon.colcon_core.package_identification:_identify(/home/mihir/abb_bot_ws/src/abb_bot_msgs) by extensions ['colcon_meta']
[0.874s] Level 1:colcon.colcon_core.package_identification:_identify(/home/mihir/abb_bot_ws/src/abb_bot_msgs) by extension 'colcon_meta'
[0.874s] Level 1:colcon.colcon_core.package_identification:_identify(/home/mihir/abb_bot_ws/src/abb_bot_msgs) by extensions ['ros']
[0.874s] Level 1:colcon.colcon_core.package_identification:_identify(/home/mihir/abb_bot_ws/src/abb_bot_msgs) by extension 'ros'
[0.882s] DEBUG:colcon.colcon_core.package_identification:Package '/home/mihir/abb_bot_ws/src/abb_bot_msgs' with type 'ros.ament_cmake' and name 'abb_bot_msgs'
[0.883s] Level 1:colcon.colcon_core.package_identification:_identify(/home/mihir/abb_bot_ws/src/bot_controller) by extensions ['ignore', 'ignore_ament_install']
[0.883s] Level 1:colcon.colcon_core.package_identification:_identify(/home/mihir/abb_bot_ws/src/bot_controller) by extension 'ignore'
[0.883s] Level 1:colcon.colcon_core.package_identification:_identify(/home/mihir/abb_bot_ws/src/bot_controller) by extension 'ignore_ament_install'
[0.883s] Level 1:colcon.colcon_core.package_identification:_identify(/home/mihir/abb_bot_ws/src/bot_controller) by extensions ['colcon_pkg']
[0.883s] Level 1:colcon.colcon_core.package_identification:_identify(/home/mihir/abb_bot_ws/src/bot_controller) by extension 'colcon_pkg'
[0.883s] Level 1:colcon.colcon_core.package_identification:_identify(/home/mihir/abb_bot_ws/src/bot_controller) by extensions ['colcon_meta']
[0.883s] Level 1:colcon.colcon_core.package_identification:_identify(/home/mihir/abb_bot_ws/src/bot_controller) by extension 'colcon_meta'
[0.883s] Level 1:colcon.colcon_core.package_identification:_identify(/home/mihir/abb_bot_ws/src/bot_controller) by extensions ['ros']
[0.883s] Level 1:colcon.colcon_core.package_identification:_identify(/home/mihir/abb_bot_ws/src/bot_controller) by extension 'ros'
[0.883s] DEBUG:colcon.colcon_core.package_identification:Package '/home/mihir/abb_bot_ws/src/bot_controller' with type 'ros.ament_cmake' and name 'bot_controller'
[0.883s] Level 1:colcon.colcon_core.package_identification:_identify(/home/mihir/abb_bot_ws/src/bot_description) by extensions ['ignore', 'ignore_ament_install']
[0.884s] Level 1:colcon.colcon_core.package_identification:_identify(/home/mihir/abb_bot_ws/src/bot_description) by extension 'ignore'
[0.884s] Level 1:colcon.colcon_core.package_identification:_identify(/home/mihir/abb_bot_ws/src/bot_description) by extension 'ignore_ament_install'
[0.884s] Level 1:colcon.colcon_core.package_identification:_identify(/home/mihir/abb_bot_ws/src/bot_description) by extensions ['colcon_pkg']
[0.884s] Level 1:colcon.colcon_core.package_identification:_identify(/home/mihir/abb_bot_ws/src/bot_description) by extension 'colcon_pkg'
[0.884s] Level 1:colcon.colcon_core.package_identification:_identify(/home/mihir/abb_bot_ws/src/bot_description) by extensions ['colcon_meta']
[0.884s] Level 1:colcon.colcon_core.package_identification:_identify(/home/mihir/abb_bot_ws/src/bot_description) by extension 'colcon_meta'
[0.884s] Level 1:colcon.colcon_core.package_identification:_identify(/home/mihir/abb_bot_ws/src/bot_description) by extensions ['ros']
[0.884s] Level 1:colcon.colcon_core.package_identification:_identify(/home/mihir/abb_bot_ws/src/bot_description) by extension 'ros'
[0.885s] DEBUG:colcon.colcon_core.package_identification:Package '/home/mihir/abb_bot_ws/src/bot_description' with type 'ros.ament_cmake' and name 'bot_description'
[0.885s] Level 1:colcon.colcon_core.package_identification:_identify(/home/mihir/abb_bot_ws/src/bot_moveit) by extensions ['ignore', 'ignore_ament_install']
[0.885s] Level 1:colcon.colcon_core.package_identification:_identify(/home/mihir/abb_bot_ws/src/bot_moveit) by extension 'ignore'
[0.885s] Level 1:colcon.colcon_core.package_identification:_identify(/home/mihir/abb_bot_ws/src/bot_moveit) by extension 'ignore_ament_install'
[0.885s] Level 1:colcon.colcon_core.package_identification:_identify(/home/mihir/abb_bot_ws/src/bot_moveit) by extensions ['colcon_pkg']
[0.885s] Level 1:colcon.colcon_core.package_identification:_identify(/home/mihir/abb_bot_ws/src/bot_moveit) by extension 'colcon_pkg'
[0.885s] Level 1:colcon.colcon_core.package_identification:_identify(/home/mihir/abb_bot_ws/src/bot_moveit) by extensions ['colcon_meta']
[0.885s] Level 1:colcon.colcon_core.package_identification:_identify(/home/mihir/abb_bot_ws/src/bot_moveit) by extension 'colcon_meta'
[0.886s] Level 1:colcon.colcon_core.package_identification:_identify(/home/mihir/abb_bot_ws/src/bot_moveit) by extensions ['ros']
[0.886s] Level 1:colcon.colcon_core.package_identification:_identify(/home/mihir/abb_bot_ws/src/bot_moveit) by extension 'ros'
[0.888s] DEBUG:colcon.colcon_core.package_identification:Package '/home/mihir/abb_bot_ws/src/bot_moveit' with type 'ros.ament_cmake' and name 'bot_moveit'
[0.889s] Level 1:colcon.colcon_core.package_identification:_identify(/home/mihir/abb_bot_ws/src/bot_msgs) by extensions ['ignore', 'ignore_ament_install']
[0.890s] Level 1:colcon.colcon_core.package_identification:_identify(/home/mihir/abb_bot_ws/src/bot_msgs) by extension 'ignore'
[0.890s] Level 1:colcon.colcon_core.package_identification:_identify(/home/mihir/abb_bot_ws/src/bot_msgs) by extension 'ignore_ament_install'
[0.890s] Level 1:colcon.colcon_core.package_identification:_identify(/home/mihir/abb_bot_ws/src/bot_msgs) by extensions ['colcon_pkg']
[0.890s] Level 1:colcon.colcon_core.package_identification:_identify(/home/mihir/abb_bot_ws/src/bot_msgs) by extension 'colcon_pkg'
[0.891s] Level 1:colcon.colcon_core.package_identification:_identify(/home/mihir/abb_bot_ws/src/bot_msgs) by extensions ['colcon_meta']
[0.891s] Level 1:colcon.colcon_core.package_identification:_identify(/home/mihir/abb_bot_ws/src/bot_msgs) by extension 'colcon_meta'
[0.891s] Level 1:colcon.colcon_core.package_identification:_identify(/home/mihir/abb_bot_ws/src/bot_msgs) by extensions ['ros']
[0.891s] Level 1:colcon.colcon_core.package_identification:_identify(/home/mihir/abb_bot_ws/src/bot_msgs) by extension 'ros'
[0.893s] DEBUG:colcon.colcon_core.package_identification:Package '/home/mihir/abb_bot_ws/src/bot_msgs' with type 'ros.ament_cmake' and name 'bot_msgs'
[0.893s] Level 1:colcon.colcon_core.package_identification:_identify(/home/mihir/abb_bot_ws/src/bot_remote) by extensions ['ignore', 'ignore_ament_install']
[0.893s] Level 1:colcon.colcon_core.package_identification:_identify(/home/mihir/abb_bot_ws/src/bot_remote) by extension 'ignore'
[0.894s] Level 1:colcon.colcon_core.package_identification:_identify(/home/mihir/abb_bot_ws/src/bot_remote) by extension 'ignore_ament_install'
[0.894s] Level 1:colcon.colcon_core.package_identification:_identify(/home/mihir/abb_bot_ws/src/bot_remote) by extensions ['colcon_pkg']
[0.894s] Level 1:colcon.colcon_core.package_identification:_identify(/home/mihir/abb_bot_ws/src/bot_remote) by extension 'colcon_pkg'
[0.894s] Level 1:colcon.colcon_core.package_identification:_identify(/home/mihir/abb_bot_ws/src/bot_remote) by extensions ['colcon_meta']
[0.894s] Level 1:colcon.colcon_core.package_identification:_identify(/home/mihir/abb_bot_ws/src/bot_remote) by extension 'colcon_meta'
[0.894s] Level 1:colcon.colcon_core.package_identification:_identify(/home/mihir/abb_bot_ws/src/bot_remote) by extensions ['ros']
[0.894s] Level 1:colcon.colcon_core.package_identification:_identify(/home/mihir/abb_bot_ws/src/bot_remote) by extension 'ros'
[0.894s] DEBUG:colcon.colcon_core.package_identification:Package '/home/mihir/abb_bot_ws/src/bot_remote' with type 'ros.ament_cmake' and name 'bot_remote'
[0.894s] Level 1:colcon.colcon_core.package_identification:_identify(/home/mihir/abb_bot_ws/src/build) by extensions ['ignore', 'ignore_ament_install']
[0.895s] Level 1:colcon.colcon_core.package_identification:_identify(/home/mihir/abb_bot_ws/src/build) by extension 'ignore'
[0.895s] Level 1:colcon.colcon_core.package_identification:_identify(/home/mihir/abb_bot_ws/src/build) ignored
[0.895s] Level 1:colcon.colcon_core.package_identification:_identify(/home/mihir/abb_bot_ws/src/install) by extensions ['ignore', 'ignore_ament_install']
[0.895s] Level 1:colcon.colcon_core.package_identification:_identify(/home/mihir/abb_bot_ws/src/install) by extension 'ignore'
[0.895s] Level 1:colcon.colcon_core.package_identification:_identify(/home/mihir/abb_bot_ws/src/install) ignored
[0.895s] Level 1:colcon.colcon_core.package_identification:_identify(/home/mihir/abb_bot_ws/src/log) by extensions ['ignore', 'ignore_ament_install']
[0.895s] Level 1:colcon.colcon_core.package_identification:_identify(/home/mihir/abb_bot_ws/src/log) by extension 'ignore'
[0.895s] Level 1:colcon.colcon_core.package_identification:_identify(/home/mihir/abb_bot_ws/src/log) ignored
[0.895s] Level 1:colcon.colcon_core.package_discovery:discover_packages(recursive) using defaults
