-- Install configuration: ""
-- Up-to-date: /home/mihir/abb_bot_ws/install/bot_moveit/share/bot_moveit/launch
-- Up-to-date: /home/mihir/abb_bot_ws/install/bot_moveit/share/bot_moveit/launch/moveit.launch.py
-- Up-to-date: /home/mihir/abb_bot_ws/install/bot_moveit/share/bot_moveit/config
-- Up-to-date: /home/mihir/abb_bot_ws/install/bot_moveit/share/bot_moveit/config/kinematics.yaml
-- Up-to-date: /home/mihir/abb_bot_ws/install/bot_moveit/share/bot_moveit/config/pilz_cartesian_limits.yaml
-- Installing: /home/mihir/abb_bot_ws/install/bot_moveit/share/bot_moveit/config/moveit.rviz
-- Up-to-date: /home/mihir/abb_bot_ws/install/bot_moveit/share/bot_moveit/config/joint_limits.yaml
-- Up-to-date: /home/mihir/abb_bot_ws/install/bot_moveit/share/bot_moveit/config/initial_positions.yaml
-- Up-to-date: /home/mihir/abb_bot_ws/install/bot_moveit/share/bot_moveit/config/bot.srdf
-- Up-to-date: /home/mihir/abb_bot_ws/install/bot_moveit/share/bot_moveit/config/moveit_controllers.yaml
-- Up-to-date: /home/mihir/abb_bot_ws/install/bot_moveit/share/ament_index/resource_index/package_run_dependencies/bot_moveit
-- Up-to-date: /home/mihir/abb_bot_ws/install/bot_moveit/share/ament_index/resource_index/parent_prefix_path/bot_moveit
-- Up-to-date: /home/mihir/abb_bot_ws/install/bot_moveit/share/bot_moveit/environment/ament_prefix_path.sh
-- Up-to-date: /home/mihir/abb_bot_ws/install/bot_moveit/share/bot_moveit/environment/ament_prefix_path.dsv
-- Up-to-date: /home/mihir/abb_bot_ws/install/bot_moveit/share/bot_moveit/environment/path.sh
-- Up-to-date: /home/mihir/abb_bot_ws/install/bot_moveit/share/bot_moveit/environment/path.dsv
-- Up-to-date: /home/mihir/abb_bot_ws/install/bot_moveit/share/bot_moveit/local_setup.bash
-- Up-to-date: /home/mihir/abb_bot_ws/install/bot_moveit/share/bot_moveit/local_setup.sh
-- Up-to-date: /home/mihir/abb_bot_ws/install/bot_moveit/share/bot_moveit/local_setup.zsh
-- Up-to-date: /home/mihir/abb_bot_ws/install/bot_moveit/share/bot_moveit/local_setup.dsv
-- Up-to-date: /home/mihir/abb_bot_ws/install/bot_moveit/share/bot_moveit/package.dsv
-- Up-to-date: /home/mihir/abb_bot_ws/install/bot_moveit/share/ament_index/resource_index/packages/bot_moveit
-- Up-to-date: /home/mihir/abb_bot_ws/install/bot_moveit/share/bot_moveit/cmake/bot_moveitConfig.cmake
-- Up-to-date: /home/mihir/abb_bot_ws/install/bot_moveit/share/bot_moveit/cmake/bot_moveitConfig-version.cmake
-- Up-to-date: /home/mihir/abb_bot_ws/install/bot_moveit/share/bot_moveit/package.xml
