[0.098s] Invoking command in '/home/mihir/abb_bot_ws/build/bot_remote': CMAKE_PREFIX_PATH=/opt/ros/humble /usr/bin/cmake --build /home/mihir/abb_bot_ws/build/bot_remote -- -j8 -l8
[0.167s] [35m[1mConsolidate compiler generated dependencies of target task_server[0m
[0.185s] [ 50%] Built target task_server
[0.192s] [100%] Built target task_server_node
[0.398s] Invoked command in '/home/mihir/abb_bot_ws/build/bot_remote' returned '0': CMAKE_PREFIX_PATH=/opt/ros/humble /usr/bin/cmake --build /home/mihir/abb_bot_ws/build/bot_remote -- -j8 -l8
[0.715s] Invoking command in '/home/mihir/abb_bot_ws/build/bot_remote': CMAKE_PREFIX_PATH=/opt/ros/humble /usr/bin/cmake --install /home/mihir/abb_bot_ws/build/bot_remote
[0.809s] -- Install configuration: ""
[0.810s] -- Up-to-date: /home/mihir/abb_bot_ws/install/bot_remote/lib/bot_remote/task_server_node
[0.810s] -- Up-to-date: /home/mihir/abb_bot_ws/install/bot_remote/lib/libtask_server.so
[0.810s] -- Up-to-date: /home/mihir/abb_bot_ws/install/bot_remote/share/ament_index/resource_index/package_run_dependencies/bot_remote
[0.811s] -- Up-to-date: /home/mihir/abb_bot_ws/install/bot_remote/share/ament_index/resource_index/parent_prefix_path/bot_remote
[0.811s] -- Up-to-date: /home/mihir/abb_bot_ws/install/bot_remote/share/bot_remote/environment/ament_prefix_path.sh
[0.811s] -- Up-to-date: /home/mihir/abb_bot_ws/install/bot_remote/share/bot_remote/environment/ament_prefix_path.dsv
[0.811s] -- Up-to-date: /home/mihir/abb_bot_ws/install/bot_remote/share/bot_remote/environment/path.sh
[0.812s] -- Up-to-date: /home/mihir/abb_bot_ws/install/bot_remote/share/bot_remote/environment/path.dsv
[0.812s] -- Up-to-date: /home/mihir/abb_bot_ws/install/bot_remote/share/bot_remote/local_setup.bash
[0.812s] -- Up-to-date: /home/mihir/abb_bot_ws/install/bot_remote/share/bot_remote/local_setup.sh
[0.812s] -- Up-to-date: /home/mihir/abb_bot_ws/install/bot_remote/share/bot_remote/local_setup.zsh
[0.812s] -- Up-to-date: /home/mihir/abb_bot_ws/install/bot_remote/share/bot_remote/local_setup.dsv
[0.813s] -- Up-to-date: /home/mihir/abb_bot_ws/install/bot_remote/share/bot_remote/package.dsv
[0.813s] -- Up-to-date: /home/mihir/abb_bot_ws/install/bot_remote/share/ament_index/resource_index/packages/bot_remote
[0.813s] -- Up-to-date: /home/mihir/abb_bot_ws/install/bot_remote/share/ament_index/resource_index/rclcpp_components/bot_remote
[0.814s] -- Up-to-date: /home/mihir/abb_bot_ws/install/bot_remote/share/bot_remote/cmake/bot_remoteConfig.cmake
[0.814s] -- Up-to-date: /home/mihir/abb_bot_ws/install/bot_remote/share/bot_remote/cmake/bot_remoteConfig-version.cmake
[0.814s] -- Up-to-date: /home/mihir/abb_bot_ws/install/bot_remote/share/bot_remote/package.xml
[0.815s] Invoked command in '/home/mihir/abb_bot_ws/build/bot_remote' returned '0': CMAKE_PREFIX_PATH=/opt/ros/humble /usr/bin/cmake --install /home/mihir/abb_bot_ws/build/bot_remote
