-- Found ament_cmake: 1.3.6 (/opt/ros/humble/share/ament_cmake/cmake)
-- Found ament_lint_auto: 0.12.9 (/opt/ros/humble/share/ament_lint_auto/cmake)
-- Added test 'cppcheck' to perform static code analysis on C / C++ code
-- Configured cppcheck include dirs: 
-- Configured cppcheck exclude dirs and/or files: 
-- Added test 'lint_cmake' to check CMake code style
-- Added test 'uncrustify' to check C / C++ code style
-- Configured uncrustify additional arguments: 
-- Added test 'xmllint' to check XML markup files
-- Configuring done
-- Generating done
-- Build files have been written to: /home/mihir/abb_bot_ws/build/bot_remote
-- Install configuration: ""
-- Installing: /home/mihir/abb_bot_ws/install/bot_remote/share/ament_index/resource_index/package_run_dependencies/bot_remote
-- Up-to-date: /home/mihir/abb_bot_ws/install/bot_remote/share/ament_index/resource_index/parent_prefix_path/bot_remote
-- Up-to-date: /home/mihir/abb_bot_ws/install/bot_remote/share/bot_remote/environment/ament_prefix_path.sh
-- Installing: /home/mihir/abb_bot_ws/install/bot_remote/share/bot_remote/environment/ament_prefix_path.dsv
-- Up-to-date: /home/mihir/abb_bot_ws/install/bot_remote/share/bot_remote/environment/path.sh
-- Installing: /home/mihir/abb_bot_ws/install/bot_remote/share/bot_remote/environment/path.dsv
-- Up-to-date: /home/mihir/abb_bot_ws/install/bot_remote/share/bot_remote/local_setup.bash
-- Up-to-date: /home/mihir/abb_bot_ws/install/bot_remote/share/bot_remote/local_setup.sh
-- Up-to-date: /home/mihir/abb_bot_ws/install/bot_remote/share/bot_remote/local_setup.zsh
-- Installing: /home/mihir/abb_bot_ws/install/bot_remote/share/bot_remote/local_setup.dsv
-- Installing: /home/mihir/abb_bot_ws/install/bot_remote/share/bot_remote/package.dsv
-- Up-to-date: /home/mihir/abb_bot_ws/install/bot_remote/share/ament_index/resource_index/packages/bot_remote
-- Up-to-date: /home/mihir/abb_bot_ws/install/bot_remote/share/bot_remote/cmake/bot_remoteConfig.cmake
-- Up-to-date: /home/mihir/abb_bot_ws/install/bot_remote/share/bot_remote/cmake/bot_remoteConfig-version.cmake
-- Installing: /home/mihir/abb_bot_ws/install/bot_remote/share/bot_remote/package.xml
