[0.925s] DEBUG:colcon:Command line arguments: ['/usr/bin/colcon', 'build']
[0.926s] DEBUG:colcon:Parsed command line arguments: Namespace(log_base=None, log_level=None, verb_name='build', build_base='build', install_base='install', merge_install=False, symlink_install=False, test_result_base=None, continue_on_error=False, executor='parallel', parallel_workers=8, event_handlers=None, ignore_user_meta=False, metas=['./colcon.meta'], base_paths=['.'], packages_ignore=None, packages_ignore_regex=None, paths=None, packages_up_to=None, packages_up_to_regex=None, packages_above=None, packages_above_and_dependencies=None, packages_above_depth=None, packages_select_by_dep=None, packages_skip_by_dep=None, packages_skip_up_to=None, packages_select_build_failed=False, packages_skip_build_finished=False, packages_select_test_failures=False, packages_skip_test_passed=False, packages_select=None, packages_skip=None, packages_select_regex=None, packages_skip_regex=None, packages_start=None, packages_end=None, allow_overriding=[], cmake_args=None, cmake_target=None, cmake_target_skip_unavailable=False, cmake_clean_cache=False, cmake_clean_first=False, cmake_force_configure=False, ament_cmake_args=None, catkin_cmake_args=None, catkin_skip_building_tests=False, verb_parser=<colcon_defaults.argument_parser.defaults.DefaultArgumentsDecorator object at 0x7f14fb1da380>, verb_extension=<colcon_core.verb.build.BuildVerb object at 0x7f14fb5efe20>, main=<bound method BuildVerb.main of <colcon_core.verb.build.BuildVerb object at 0x7f14fb5efe20>>)
[0.969s] Level 1:colcon.colcon_core.package_discovery:discover_packages(colcon_meta) check parameters
[0.969s] Level 1:colcon.colcon_core.package_discovery:discover_packages(recursive) check parameters
[0.969s] Level 1:colcon.colcon_core.package_discovery:discover_packages(ignore) check parameters
[0.969s] Level 1:colcon.colcon_core.package_discovery:discover_packages(path) check parameters
[0.969s] Level 1:colcon.colcon_core.package_discovery:discover_packages(colcon_meta) discover
[0.969s] Level 1:colcon.colcon_core.package_discovery:discover_packages(recursive) discover
[0.969s] INFO:colcon.colcon_core.package_discovery:Crawling recursively for packages in '/home/mihir/abb_bot_ws'
[0.969s] Level 1:colcon.colcon_core.package_identification:_identify(.) by extensions ['ignore', 'ignore_ament_install']
[0.970s] Level 1:colcon.colcon_core.package_identification:_identify(.) by extension 'ignore'
[0.970s] Level 1:colcon.colcon_core.package_identification:_identify(.) by extension 'ignore_ament_install'
[0.970s] Level 1:colcon.colcon_core.package_identification:_identify(.) by extensions ['colcon_pkg']
[0.970s] Level 1:colcon.colcon_core.package_identification:_identify(.) by extension 'colcon_pkg'
[0.970s] Level 1:colcon.colcon_core.package_identification:_identify(.) by extensions ['colcon_meta']
[0.970s] Level 1:colcon.colcon_core.package_identification:_identify(.) by extension 'colcon_meta'
[0.970s] Level 1:colcon.colcon_core.package_identification:_identify(.) by extensions ['ros']
[0.970s] Level 1:colcon.colcon_core.package_identification:_identify(.) by extension 'ros'
[0.979s] Level 1:colcon.colcon_core.package_identification:_identify(.) by extensions ['cmake', 'python']
[0.979s] Level 1:colcon.colcon_core.package_identification:_identify(.) by extension 'cmake'
[0.979s] Level 1:colcon.colcon_core.package_identification:_identify(.) by extension 'python'
[0.980s] Level 1:colcon.colcon_core.package_identification:_identify(.) by extensions ['python_setup_py']
[0.980s] Level 1:colcon.colcon_core.package_identification:_identify(.) by extension 'python_setup_py'
[0.980s] Level 1:colcon.colcon_core.package_identification:_identify(build) by extensions ['ignore', 'ignore_ament_install']
[0.980s] Level 1:colcon.colcon_core.package_identification:_identify(build) by extension 'ignore'
[0.980s] Level 1:colcon.colcon_core.package_identification:_identify(build) ignored
[0.980s] Level 1:colcon.colcon_core.package_identification:_identify(install) by extensions ['ignore', 'ignore_ament_install']
[0.980s] Level 1:colcon.colcon_core.package_identification:_identify(install) by extension 'ignore'
[0.980s] Level 1:colcon.colcon_core.package_identification:_identify(install) ignored
[0.980s] Level 1:colcon.colcon_core.package_identification:_identify(log) by extensions ['ignore', 'ignore_ament_install']
[0.981s] Level 1:colcon.colcon_core.package_identification:_identify(log) by extension 'ignore'
[0.981s] Level 1:colcon.colcon_core.package_identification:_identify(log) ignored
[0.981s] Level 1:colcon.colcon_core.package_identification:_identify(src) by extensions ['ignore', 'ignore_ament_install']
[0.981s] Level 1:colcon.colcon_core.package_identification:_identify(src) by extension 'ignore'
[0.981s] Level 1:colcon.colcon_core.package_identification:_identify(src) by extension 'ignore_ament_install'
[0.981s] Level 1:colcon.colcon_core.package_identification:_identify(src) by extensions ['colcon_pkg']
[0.981s] Level 1:colcon.colcon_core.package_identification:_identify(src) by extension 'colcon_pkg'
[0.981s] Level 1:colcon.colcon_core.package_identification:_identify(src) by extensions ['colcon_meta']
[0.981s] Level 1:colcon.colcon_core.package_identification:_identify(src) by extension 'colcon_meta'
[0.981s] Level 1:colcon.colcon_core.package_identification:_identify(src) by extensions ['ros']
[0.981s] Level 1:colcon.colcon_core.package_identification:_identify(src) by extension 'ros'
[0.981s] Level 1:colcon.colcon_core.package_identification:_identify(src) by extensions ['cmake', 'python']
[0.982s] Level 1:colcon.colcon_core.package_identification:_identify(src) by extension 'cmake'
[0.982s] Level 1:colcon.colcon_core.package_identification:_identify(src) by extension 'python'
[0.982s] Level 1:colcon.colcon_core.package_identification:_identify(src) by extensions ['python_setup_py']
[0.982s] Level 1:colcon.colcon_core.package_identification:_identify(src) by extension 'python_setup_py'
[0.982s] Level 1:colcon.colcon_core.package_identification:_identify(src/bot_description) by extensions ['ignore', 'ignore_ament_install']
[0.982s] Level 1:colcon.colcon_core.package_identification:_identify(src/bot_description) by extension 'ignore'
[0.982s] Level 1:colcon.colcon_core.package_identification:_identify(src/bot_description) by extension 'ignore_ament_install'
[0.982s] Level 1:colcon.colcon_core.package_identification:_identify(src/bot_description) by extensions ['colcon_pkg']
[0.982s] Level 1:colcon.colcon_core.package_identification:_identify(src/bot_description) by extension 'colcon_pkg'
[0.982s] Level 1:colcon.colcon_core.package_identification:_identify(src/bot_description) by extensions ['colcon_meta']
[0.982s] Level 1:colcon.colcon_core.package_identification:_identify(src/bot_description) by extension 'colcon_meta'
[0.982s] Level 1:colcon.colcon_core.package_identification:_identify(src/bot_description) by extensions ['ros']
[0.982s] Level 1:colcon.colcon_core.package_identification:_identify(src/bot_description) by extension 'ros'
[0.984s] DEBUG:colcon.colcon_core.package_identification:Package 'src/bot_description' with type 'ros.ament_cmake' and name 'bot_description'
[0.984s] Level 1:colcon.colcon_core.package_discovery:discover_packages(recursive) using defaults
[0.984s] Level 1:colcon.colcon_core.package_discovery:discover_packages(ignore) discover
[0.984s] Level 1:colcon.colcon_core.package_discovery:discover_packages(ignore) using defaults
[0.984s] Level 1:colcon.colcon_core.package_discovery:discover_packages(path) discover
[0.984s] Level 1:colcon.colcon_core.package_discovery:discover_packages(path) using defaults
[1.072s] Level 1:colcon.colcon_core.package_discovery:discover_packages(prefix_path) check parameters
[1.073s] Level 1:colcon.colcon_core.package_discovery:discover_packages(prefix_path) discover
[1.100s] DEBUG:colcon.colcon_installed_package_information.package_discovery:Found 358 installed packages in /opt/ros/humble
[1.102s] Level 1:colcon.colcon_core.package_discovery:discover_packages(prefix_path) using defaults
[1.214s] Level 5:colcon.colcon_core.verb:set package 'bot_description' build argument 'cmake_args' from command line to 'None'
[1.214s] Level 5:colcon.colcon_core.verb:set package 'bot_description' build argument 'cmake_target' from command line to 'None'
[1.214s] Level 5:colcon.colcon_core.verb:set package 'bot_description' build argument 'cmake_target_skip_unavailable' from command line to 'False'
[1.214s] Level 5:colcon.colcon_core.verb:set package 'bot_description' build argument 'cmake_clean_cache' from command line to 'False'
[1.214s] Level 5:colcon.colcon_core.verb:set package 'bot_description' build argument 'cmake_clean_first' from command line to 'False'
[1.214s] Level 5:colcon.colcon_core.verb:set package 'bot_description' build argument 'cmake_force_configure' from command line to 'False'
[1.214s] Level 5:colcon.colcon_core.verb:set package 'bot_description' build argument 'ament_cmake_args' from command line to 'None'
[1.214s] Level 5:colcon.colcon_core.verb:set package 'bot_description' build argument 'catkin_cmake_args' from command line to 'None'
[1.215s] Level 5:colcon.colcon_core.verb:set package 'bot_description' build argument 'catkin_skip_building_tests' from command line to 'False'
[1.215s] DEBUG:colcon.colcon_core.verb:Building package 'bot_description' with the following arguments: {'ament_cmake_args': None, 'build_base': '/home/mihir/abb_bot_ws/build/bot_description', 'catkin_cmake_args': None, 'catkin_skip_building_tests': False, 'cmake_args': None, 'cmake_clean_cache': False, 'cmake_clean_first': False, 'cmake_force_configure': False, 'cmake_target': None, 'cmake_target_skip_unavailable': False, 'install_base': '/home/mihir/abb_bot_ws/install/bot_description', 'merge_install': False, 'path': '/home/mihir/abb_bot_ws/src/bot_description', 'symlink_install': False, 'test_result_base': None}
[1.228s] INFO:colcon.colcon_core.executor:Executing jobs using 'parallel' executor
[1.243s] DEBUG:colcon.colcon_parallel_executor.executor.parallel:run_until_complete
[1.243s] INFO:colcon.colcon_ros.task.ament_cmake.build:Building ROS package in '/home/mihir/abb_bot_ws/src/bot_description' with build type 'ament_cmake'
[1.244s] INFO:colcon.colcon_cmake.task.cmake.build:Building CMake package in '/home/mihir/abb_bot_ws/src/bot_description'
[1.262s] INFO:colcon.colcon_core.plugin_system:Skipping extension 'colcon_core.shell.bat': Not used on non-Windows systems
[1.262s] INFO:colcon.colcon_core.shell:Skip shell extension 'powershell' for command environment: Not usable outside of PowerShell
[1.262s] DEBUG:colcon.colcon_core.shell:Skip shell extension 'dsv' for command environment
[1.301s] DEBUG:colcon.colcon_core.event_handler.log_command:Invoking command in '/home/mihir/abb_bot_ws/build/bot_description': CMAKE_PREFIX_PATH=/opt/ros/humble /usr/bin/cmake --build /home/mihir/abb_bot_ws/build/bot_description -- -j8 -l8
[1.328s] DEBUG:colcon.colcon_core.event_handler.log_command:Invoked command in '/home/mihir/abb_bot_ws/build/bot_description' returned '0': CMAKE_PREFIX_PATH=/opt/ros/humble /usr/bin/cmake --build /home/mihir/abb_bot_ws/build/bot_description -- -j8 -l8
[1.351s] DEBUG:colcon.colcon_core.event_handler.log_command:Invoking command in '/home/mihir/abb_bot_ws/build/bot_description': CMAKE_PREFIX_PATH=/opt/ros/humble /usr/bin/cmake --install /home/mihir/abb_bot_ws/build/bot_description
[1.362s] Level 1:colcon.colcon_core.environment:create_environment_scripts_only(bot_description)
[1.364s] DEBUG:colcon.colcon_core.event_handler.log_command:Invoked command in '/home/mihir/abb_bot_ws/build/bot_description' returned '0': CMAKE_PREFIX_PATH=/opt/ros/humble /usr/bin/cmake --install /home/mihir/abb_bot_ws/build/bot_description
[1.383s] Level 1:colcon.colcon_core.environment:checking '/home/mihir/abb_bot_ws/install/bot_description' for CMake module files
[1.383s] Level 1:colcon.colcon_core.environment:checking '/home/mihir/abb_bot_ws/install/bot_description' for CMake config files
[1.383s] Level 1:colcon.colcon_core.shell:create_environment_hook('bot_description', 'cmake_prefix_path')
[1.400s] INFO:colcon.colcon_core.shell:Creating environment hook '/home/mihir/abb_bot_ws/install/bot_description/share/bot_description/hook/cmake_prefix_path.ps1'
[1.400s] INFO:colcon.colcon_core.shell:Creating environment descriptor '/home/mihir/abb_bot_ws/install/bot_description/share/bot_description/hook/cmake_prefix_path.dsv'
[1.401s] INFO:colcon.colcon_core.shell:Creating environment hook '/home/mihir/abb_bot_ws/install/bot_description/share/bot_description/hook/cmake_prefix_path.sh'
[1.401s] Level 1:colcon.colcon_core.environment:checking '/home/mihir/abb_bot_ws/install/bot_description/lib'
[1.402s] Level 1:colcon.colcon_core.environment:checking '/home/mihir/abb_bot_ws/install/bot_description/bin'
[1.402s] Level 1:colcon.colcon_core.environment:checking '/home/mihir/abb_bot_ws/install/bot_description/lib/pkgconfig/bot_description.pc'
[1.402s] Level 1:colcon.colcon_core.environment:checking '/home/mihir/abb_bot_ws/install/bot_description/lib/python3.10/site-packages'
[1.402s] Level 1:colcon.colcon_core.shell:create_environment_hook('bot_description', 'pythonpath')
[1.415s] INFO:colcon.colcon_core.shell:Creating environment hook '/home/mihir/abb_bot_ws/install/bot_description/share/bot_description/hook/pythonpath.ps1'
[1.416s] INFO:colcon.colcon_core.shell:Creating environment descriptor '/home/mihir/abb_bot_ws/install/bot_description/share/bot_description/hook/pythonpath.dsv'
[1.416s] INFO:colcon.colcon_core.shell:Creating environment hook '/home/mihir/abb_bot_ws/install/bot_description/share/bot_description/hook/pythonpath.sh'
[1.417s] Level 1:colcon.colcon_core.environment:checking '/home/mihir/abb_bot_ws/install/bot_description/bin'
[1.430s] INFO:colcon.colcon_core.shell:Creating package script '/home/mihir/abb_bot_ws/install/bot_description/share/bot_description/package.ps1'
[1.431s] INFO:colcon.colcon_core.shell:Creating package descriptor '/home/mihir/abb_bot_ws/install/bot_description/share/bot_description/package.dsv'
[1.431s] INFO:colcon.colcon_core.shell:Creating package script '/home/mihir/abb_bot_ws/install/bot_description/share/bot_description/package.sh'
[1.432s] INFO:colcon.colcon_core.shell:Creating package script '/home/mihir/abb_bot_ws/install/bot_description/share/bot_description/package.bash'
[1.433s] INFO:colcon.colcon_core.shell:Creating package script '/home/mihir/abb_bot_ws/install/bot_description/share/bot_description/package.zsh'
[1.433s] Level 1:colcon.colcon_core.environment:create_file_with_runtime_dependencies(/home/mihir/abb_bot_ws/install/bot_description/share/colcon-core/packages/bot_description)
[1.463s] Level 1:colcon.colcon_core.environment:create_environment_scripts_only(bot_description)
[1.480s] Level 1:colcon.colcon_core.environment:checking '/home/mihir/abb_bot_ws/install/bot_description' for CMake module files
[1.480s] Level 1:colcon.colcon_core.environment:checking '/home/mihir/abb_bot_ws/install/bot_description' for CMake config files
[1.480s] Level 1:colcon.colcon_core.shell:create_environment_hook('bot_description', 'cmake_prefix_path')
[1.494s] INFO:colcon.colcon_core.shell:Creating environment hook '/home/mihir/abb_bot_ws/install/bot_description/share/bot_description/hook/cmake_prefix_path.ps1'
[1.494s] INFO:colcon.colcon_core.shell:Creating environment descriptor '/home/mihir/abb_bot_ws/install/bot_description/share/bot_description/hook/cmake_prefix_path.dsv'
[1.495s] INFO:colcon.colcon_core.shell:Creating environment hook '/home/mihir/abb_bot_ws/install/bot_description/share/bot_description/hook/cmake_prefix_path.sh'
[1.495s] Level 1:colcon.colcon_core.environment:checking '/home/mihir/abb_bot_ws/install/bot_description/lib'
[1.495s] Level 1:colcon.colcon_core.environment:checking '/home/mihir/abb_bot_ws/install/bot_description/bin'
[1.495s] Level 1:colcon.colcon_core.environment:checking '/home/mihir/abb_bot_ws/install/bot_description/lib/pkgconfig/bot_description.pc'
[1.496s] Level 1:colcon.colcon_core.environment:checking '/home/mihir/abb_bot_ws/install/bot_description/lib/python3.10/site-packages'
[1.496s] Level 1:colcon.colcon_core.shell:create_environment_hook('bot_description', 'pythonpath')
[1.509s] INFO:colcon.colcon_core.shell:Creating environment hook '/home/mihir/abb_bot_ws/install/bot_description/share/bot_description/hook/pythonpath.ps1'
[1.510s] INFO:colcon.colcon_core.shell:Creating environment descriptor '/home/mihir/abb_bot_ws/install/bot_description/share/bot_description/hook/pythonpath.dsv'
[1.510s] INFO:colcon.colcon_core.shell:Creating environment hook '/home/mihir/abb_bot_ws/install/bot_description/share/bot_description/hook/pythonpath.sh'
[1.510s] Level 1:colcon.colcon_core.environment:checking '/home/mihir/abb_bot_ws/install/bot_description/bin'
[1.524s] INFO:colcon.colcon_core.shell:Creating package script '/home/mihir/abb_bot_ws/install/bot_description/share/bot_description/package.ps1'
[1.524s] INFO:colcon.colcon_core.shell:Creating package descriptor '/home/mihir/abb_bot_ws/install/bot_description/share/bot_description/package.dsv'
[1.525s] INFO:colcon.colcon_core.shell:Creating package script '/home/mihir/abb_bot_ws/install/bot_description/share/bot_description/package.sh'
[1.525s] INFO:colcon.colcon_core.shell:Creating package script '/home/mihir/abb_bot_ws/install/bot_description/share/bot_description/package.bash'
[1.526s] INFO:colcon.colcon_core.shell:Creating package script '/home/mihir/abb_bot_ws/install/bot_description/share/bot_description/package.zsh'
[1.526s] Level 1:colcon.colcon_core.environment:create_file_with_runtime_dependencies(/home/mihir/abb_bot_ws/install/bot_description/share/colcon-core/packages/bot_description)
[1.526s] DEBUG:colcon.colcon_parallel_executor.executor.parallel:closing loop
[1.526s] DEBUG:colcon.colcon_parallel_executor.executor.parallel:loop closed
[1.526s] DEBUG:colcon.colcon_parallel_executor.executor.parallel:run_until_complete finished with '0'
[1.526s] DEBUG:colcon.colcon_core.event_reactor:joining thread
[1.547s] INFO:colcon.colcon_core.plugin_system:Skipping extension 'colcon_notification.desktop_notification.terminal_notifier': Not used on non-Darwin systems
[1.547s] INFO:colcon.colcon_core.plugin_system:Skipping extension 'colcon_notification.desktop_notification.win32': Not used on non-Windows systems
[1.547s] INFO:colcon.colcon_notification.desktop_notification:Sending desktop notification using 'notify2'
[1.556s] DEBUG:colcon.colcon_core.event_reactor:joined thread
[1.572s] INFO:colcon.colcon_core.shell:Creating prefix script '/home/mihir/abb_bot_ws/install/local_setup.ps1'
[1.573s] INFO:colcon.colcon_core.shell:Creating prefix util module '/home/mihir/abb_bot_ws/install/_local_setup_util_ps1.py'
[1.574s] INFO:colcon.colcon_core.shell:Creating prefix chain script '/home/mihir/abb_bot_ws/install/setup.ps1'
[1.591s] INFO:colcon.colcon_core.shell:Creating prefix script '/home/mihir/abb_bot_ws/install/local_setup.sh'
[1.592s] INFO:colcon.colcon_core.shell:Creating prefix util module '/home/mihir/abb_bot_ws/install/_local_setup_util_sh.py'
[1.592s] INFO:colcon.colcon_core.shell:Creating prefix chain script '/home/mihir/abb_bot_ws/install/setup.sh'
[1.608s] INFO:colcon.colcon_core.shell:Creating prefix script '/home/mihir/abb_bot_ws/install/local_setup.bash'
[1.608s] INFO:colcon.colcon_core.shell:Creating prefix chain script '/home/mihir/abb_bot_ws/install/setup.bash'
[1.623s] INFO:colcon.colcon_core.shell:Creating prefix script '/home/mihir/abb_bot_ws/install/local_setup.zsh'
[1.623s] INFO:colcon.colcon_core.shell:Creating prefix chain script '/home/mihir/abb_bot_ws/install/setup.zsh'
