[0.112s] Invoking command in '/home/mihir/abb_bot_ws/build/bot_description': CMAKE_PREFIX_PATH=/opt/ros/humble /usr/bin/cmake --build /home/mihir/abb_bot_ws/build/bot_description -- -j8 -l8
[0.132s] -- Found ament_cmake: 1.3.6 (/opt/ros/humble/share/ament_cmake/cmake)
[0.291s] -- Found urdf: 2.6.0 (/opt/ros/humble/share/urdf/cmake)
[0.329s] -- Found ament_lint_auto: 0.12.9 (/opt/ros/humble/share/ament_lint_auto/cmake)
[0.397s] -- Added test 'flake8' to check Python code syntax and style conventions
[0.398s] -- Added test 'lint_cmake' to check CMake code style
[0.399s] -- Added test 'pep257' to check Python code against some of the docstring style conventions in PEP 257
[0.400s] -- Added test 'xmllint' to check XML markup files
[0.401s] -- Configuring done
[0.404s] -- Generating done
[0.405s] -- Build files have been written to: /home/mihir/abb_bot_ws/build/bot_description
[0.496s] Invoked command in '/home/mihir/abb_bot_ws/build/bot_description' returned '0': CMAKE_PREFIX_PATH=/opt/ros/humble /usr/bin/cmake --build /home/mihir/abb_bot_ws/build/bot_description -- -j8 -l8
[0.518s] Invoking command in '/home/mihir/abb_bot_ws/build/bot_description': CMAKE_PREFIX_PATH=/opt/ros/humble /usr/bin/cmake --install /home/mihir/abb_bot_ws/build/bot_description
[0.524s] -- Install configuration: ""
[0.524s] -- Up-to-date: /home/mihir/abb_bot_ws/install/bot_description/share/bot_description/meshes
[0.524s] -- Up-to-date: /home/mihir/abb_bot_ws/install/bot_description/share/bot_description/meshes/Base_link.STL
[0.524s] -- Up-to-date: /home/mihir/abb_bot_ws/install/bot_description/share/bot_description/meshes/Link_5.STL
[0.524s] -- Up-to-date: /home/mihir/abb_bot_ws/install/bot_description/share/bot_description/meshes/Link_3.STL
[0.524s] -- Up-to-date: /home/mihir/abb_bot_ws/install/bot_description/share/bot_description/meshes/Link_1.STL
[0.525s] -- Up-to-date: /home/mihir/abb_bot_ws/install/bot_description/share/bot_description/meshes/Link_2.STL
[0.525s] -- Up-to-date: /home/mihir/abb_bot_ws/install/bot_description/share/bot_description/meshes/Link_6.STL
[0.525s] -- Up-to-date: /home/mihir/abb_bot_ws/install/bot_description/share/bot_description/meshes/Link_4.STL
[0.525s] -- Up-to-date: /home/mihir/abb_bot_ws/install/bot_description/share/bot_description/meshes/End_effector.STL
[0.525s] -- Up-to-date: /home/mihir/abb_bot_ws/install/bot_description/share/bot_description/urdf
[0.525s] -- Up-to-date: /home/mihir/abb_bot_ws/install/bot_description/share/bot_description/urdf/bot_ros2_control.xacro
[0.526s] -- Installing: /home/mihir/abb_bot_ws/install/bot_description/share/bot_description/urdf/bot_gazebo.xacro
[0.526s] -- Up-to-date: /home/mihir/abb_bot_ws/install/bot_description/share/bot_description/urdf/bot.urdf.xacro
[0.526s] -- Up-to-date: /home/mihir/abb_bot_ws/install/bot_description/share/bot_description/launch
[0.526s] -- Up-to-date: /home/mihir/abb_bot_ws/install/bot_description/share/bot_description/launch/display.launch.py
[0.526s] -- Installing: /home/mihir/abb_bot_ws/install/bot_description/share/bot_description/launch/gazebo.launch.py
[0.526s] -- Up-to-date: /home/mihir/abb_bot_ws/install/bot_description/share/bot_description/rviz
[0.526s] -- Up-to-date: /home/mihir/abb_bot_ws/install/bot_description/share/bot_description/rviz/display.rviz
[0.527s] -- Installing: /home/mihir/abb_bot_ws/install/bot_description/share/ament_index/resource_index/package_run_dependencies/bot_description
[0.527s] -- Up-to-date: /home/mihir/abb_bot_ws/install/bot_description/share/ament_index/resource_index/parent_prefix_path/bot_description
[0.527s] -- Up-to-date: /home/mihir/abb_bot_ws/install/bot_description/share/bot_description/environment/ament_prefix_path.sh
[0.527s] -- Installing: /home/mihir/abb_bot_ws/install/bot_description/share/bot_description/environment/ament_prefix_path.dsv
[0.527s] -- Up-to-date: /home/mihir/abb_bot_ws/install/bot_description/share/bot_description/environment/path.sh
[0.527s] -- Installing: /home/mihir/abb_bot_ws/install/bot_description/share/bot_description/environment/path.dsv
[0.527s] -- Up-to-date: /home/mihir/abb_bot_ws/install/bot_description/share/bot_description/local_setup.bash
[0.527s] -- Up-to-date: /home/mihir/abb_bot_ws/install/bot_description/share/bot_description/local_setup.sh
[0.527s] -- Up-to-date: /home/mihir/abb_bot_ws/install/bot_description/share/bot_description/local_setup.zsh
[0.527s] -- Installing: /home/mihir/abb_bot_ws/install/bot_description/share/bot_description/local_setup.dsv
[0.527s] -- Installing: /home/mihir/abb_bot_ws/install/bot_description/share/bot_description/package.dsv
[0.528s] -- Up-to-date: /home/mihir/abb_bot_ws/install/bot_description/share/ament_index/resource_index/packages/bot_description
[0.528s] -- Up-to-date: /home/mihir/abb_bot_ws/install/bot_description/share/bot_description/cmake/bot_descriptionConfig.cmake
[0.528s] -- Up-to-date: /home/mihir/abb_bot_ws/install/bot_description/share/bot_description/cmake/bot_descriptionConfig-version.cmake
[0.528s] -- Installing: /home/mihir/abb_bot_ws/install/bot_description/share/bot_description/package.xml
[0.529s] Invoked command in '/home/mihir/abb_bot_ws/build/bot_description' returned '0': CMAKE_PREFIX_PATH=/opt/ros/humble /usr/bin/cmake --install /home/mihir/abb_bot_ws/build/bot_description
