[0.263s] Invoking command in '/home/mihir/abb_bot_ws/build/abbbot_msgs': CMAKE_PREFIX_PATH=/opt/ros/humble /usr/bin/cmake --build /home/mihir/abb_bot_ws/build/abbbot_msgs -- -j8 -l8
[0.335s] [35m[1mConsolidate compiler generated dependencies of target abbbot_msgs__rosidl_generator_c[0m
[0.357s] [  3%] Built target abbbot_msgs__cpp
[0.370s] [ 12%] Built target abbbot_msgs__rosidl_generator_c
[0.412s] [35m[1mConsolidate compiler generated dependencies of target abbbot_msgs__rosidl_typesupport_cpp[0m
[0.412s] [35m[1mConsolidate compiler generated dependencies of target abbbot_msgs__rosidl_typesupport_fastrtps_cpp[0m
[0.428s] [ 22%] Built target abbbot_msgs__rosidl_typesupport_cpp
[0.429s] [35m[1mConsolidate compiler generated dependencies of target abbbot_msgs__rosidl_typesupport_introspection_cpp[0m
[0.442s] [ 25%] Built target ament_cmake_python_copy_abbbot_msgs
[0.444s] [ 32%] Built target abbbot_msgs__rosidl_typesupport_fastrtps_cpp
[0.448s] [35m[1mConsolidate compiler generated dependencies of target abbbot_msgs__rosidl_typesupport_fastrtps_c[0m
[0.466s] [35m[1mConsolidate compiler generated dependencies of target abbbot_msgs__rosidl_typesupport_c[0m
[0.479s] [35m[1mConsolidate compiler generated dependencies of target abbbot_msgs__rosidl_typesupport_introspection_c[0m
[0.506s] [ 41%] Built target abbbot_msgs__rosidl_typesupport_introspection_cpp
[0.509s] [ 64%] Built target abbbot_msgs__rosidl_typesupport_c
[0.509s] [ 64%] Built target abbbot_msgs__rosidl_typesupport_fastrtps_c
[0.509s] [ 70%] Built target abbbot_msgs__rosidl_typesupport_introspection_c
[0.530s] [ 70%] Built target abbbot_msgs
[0.552s] [ 74%] Built target abbbot_msgs__py
[0.569s] [35m[1mConsolidate compiler generated dependencies of target abbbot_msgs__rosidl_generator_py[0m
[0.594s] [ 80%] Built target abbbot_msgs__rosidl_generator_py
[0.612s] [35m[1mConsolidate compiler generated dependencies of target abbbot_msgs__rosidl_typesupport_introspection_c__pyext[0m
[0.612s] [35m[1mConsolidate compiler generated dependencies of target abbbot_msgs__rosidl_typesupport_c__pyext[0m
[0.612s] [35m[1mConsolidate compiler generated dependencies of target abbbot_msgs__rosidl_typesupport_fastrtps_c__pyext[0m
[0.632s] [ 87%] Built target abbbot_msgs__rosidl_typesupport_fastrtps_c__pyext
[0.632s] [ 93%] Built target abbbot_msgs__rosidl_typesupport_c__pyext
[0.634s] [100%] Built target abbbot_msgs__rosidl_typesupport_introspection_c__pyext
[0.906s] running egg_info
[0.908s] writing abbbot_msgs.egg-info/PKG-INFO
[0.909s] writing dependency_links to abbbot_msgs.egg-info/dependency_links.txt
[0.909s] writing top-level names to abbbot_msgs.egg-info/top_level.txt
[0.912s] reading manifest file 'abbbot_msgs.egg-info/SOURCES.txt'
[0.913s] writing manifest file 'abbbot_msgs.egg-info/SOURCES.txt'
[0.959s] [100%] Built target ament_cmake_python_build_abbbot_msgs_egg
[1.182s] Invoked command in '/home/mihir/abb_bot_ws/build/abbbot_msgs' returned '0': CMAKE_PREFIX_PATH=/opt/ros/humble /usr/bin/cmake --build /home/mihir/abb_bot_ws/build/abbbot_msgs -- -j8 -l8
[1.251s] Invoking command in '/home/mihir/abb_bot_ws/build/abbbot_msgs': CMAKE_PREFIX_PATH=/opt/ros/humble /usr/bin/cmake --install /home/mihir/abb_bot_ws/build/abbbot_msgs
[1.277s] -- Install configuration: ""
[1.277s] -- Up-to-date: /home/mihir/abb_bot_ws/install/abbbot_msgs/share/ament_index/resource_index/rosidl_interfaces/abbbot_msgs
[1.277s] -- Up-to-date: /home/mihir/abb_bot_ws/install/abbbot_msgs/include/abbbot_msgs/abbbot_msgs
[1.278s] -- Up-to-date: /home/mihir/abb_bot_ws/install/abbbot_msgs/include/abbbot_msgs/abbbot_msgs/msg
[1.278s] -- Up-to-date: /home/mihir/abb_bot_ws/install/abbbot_msgs/include/abbbot_msgs/abbbot_msgs/msg/rosidl_generator_c__visibility_control.h
[1.278s] -- Up-to-date: /home/mihir/abb_bot_ws/install/abbbot_msgs/include/abbbot_msgs/abbbot_msgs/action
[1.278s] -- Up-to-date: /home/mihir/abb_bot_ws/install/abbbot_msgs/include/abbbot_msgs/abbbot_msgs/action/abbbot_task.h
[1.278s] -- Up-to-date: /home/mihir/abb_bot_ws/install/abbbot_msgs/include/abbbot_msgs/abbbot_msgs/action/detail
[1.278s] -- Up-to-date: /home/mihir/abb_bot_ws/install/abbbot_msgs/include/abbbot_msgs/abbbot_msgs/action/detail/abbbot_task__struct.h
[1.278s] -- Up-to-date: /home/mihir/abb_bot_ws/install/abbbot_msgs/include/abbbot_msgs/abbbot_msgs/action/detail/abbbot_task__type_support.h
[1.279s] -- Up-to-date: /home/mihir/abb_bot_ws/install/abbbot_msgs/include/abbbot_msgs/abbbot_msgs/action/detail/abbbot_task__functions.c
[1.279s] -- Up-to-date: /home/mihir/abb_bot_ws/install/abbbot_msgs/include/abbbot_msgs/abbbot_msgs/action/detail/abbbot_task__functions.h
[1.279s] -- Up-to-date: /home/mihir/abb_bot_ws/install/abbbot_msgs/share/abbbot_msgs/environment/library_path.sh
[1.279s] -- Up-to-date: /home/mihir/abb_bot_ws/install/abbbot_msgs/share/abbbot_msgs/environment/library_path.dsv
[1.279s] -- Up-to-date: /home/mihir/abb_bot_ws/install/abbbot_msgs/lib/libabbbot_msgs__rosidl_generator_c.so
[1.280s] -- Up-to-date: /home/mihir/abb_bot_ws/install/abbbot_msgs/include/abbbot_msgs/abbbot_msgs
[1.280s] -- Up-to-date: /home/mihir/abb_bot_ws/install/abbbot_msgs/include/abbbot_msgs/abbbot_msgs/msg
[1.280s] -- Up-to-date: /home/mihir/abb_bot_ws/install/abbbot_msgs/include/abbbot_msgs/abbbot_msgs/msg/rosidl_typesupport_fastrtps_c__visibility_control.h
[1.280s] -- Up-to-date: /home/mihir/abb_bot_ws/install/abbbot_msgs/include/abbbot_msgs/abbbot_msgs/action
[1.280s] -- Up-to-date: /home/mihir/abb_bot_ws/install/abbbot_msgs/include/abbbot_msgs/abbbot_msgs/action/detail
[1.280s] -- Up-to-date: /home/mihir/abb_bot_ws/install/abbbot_msgs/include/abbbot_msgs/abbbot_msgs/action/detail/abbbot_task__rosidl_typesupport_fastrtps_c.h
[1.281s] -- Up-to-date: /home/mihir/abb_bot_ws/install/abbbot_msgs/lib/libabbbot_msgs__rosidl_typesupport_fastrtps_c.so
[1.281s] -- Up-to-date: /home/mihir/abb_bot_ws/install/abbbot_msgs/include/abbbot_msgs/abbbot_msgs
[1.281s] -- Up-to-date: /home/mihir/abb_bot_ws/install/abbbot_msgs/include/abbbot_msgs/abbbot_msgs/action
[1.281s] -- Up-to-date: /home/mihir/abb_bot_ws/install/abbbot_msgs/include/abbbot_msgs/abbbot_msgs/action/abbbot_task.hpp
[1.281s] -- Up-to-date: /home/mihir/abb_bot_ws/install/abbbot_msgs/include/abbbot_msgs/abbbot_msgs/action/detail
[1.281s] -- Up-to-date: /home/mihir/abb_bot_ws/install/abbbot_msgs/include/abbbot_msgs/abbbot_msgs/action/detail/abbbot_task__struct.hpp
[1.282s] -- Up-to-date: /home/mihir/abb_bot_ws/install/abbbot_msgs/include/abbbot_msgs/abbbot_msgs/action/detail/abbbot_task__builder.hpp
[1.282s] -- Up-to-date: /home/mihir/abb_bot_ws/install/abbbot_msgs/include/abbbot_msgs/abbbot_msgs/action/detail/abbbot_task__traits.hpp
[1.282s] -- Up-to-date: /home/mihir/abb_bot_ws/install/abbbot_msgs/include/abbbot_msgs/abbbot_msgs
[1.282s] -- Up-to-date: /home/mihir/abb_bot_ws/install/abbbot_msgs/include/abbbot_msgs/abbbot_msgs/msg
[1.282s] -- Up-to-date: /home/mihir/abb_bot_ws/install/abbbot_msgs/include/abbbot_msgs/abbbot_msgs/msg/rosidl_typesupport_fastrtps_cpp__visibility_control.h
[1.282s] -- Up-to-date: /home/mihir/abb_bot_ws/install/abbbot_msgs/include/abbbot_msgs/abbbot_msgs/action
[1.282s] -- Up-to-date: /home/mihir/abb_bot_ws/install/abbbot_msgs/include/abbbot_msgs/abbbot_msgs/action/detail
[1.282s] -- Up-to-date: /home/mihir/abb_bot_ws/install/abbbot_msgs/include/abbbot_msgs/abbbot_msgs/action/detail/dds_fastrtps
[1.284s] -- Up-to-date: /home/mihir/abb_bot_ws/install/abbbot_msgs/include/abbbot_msgs/abbbot_msgs/action/detail/abbbot_task__rosidl_typesupport_fastrtps_cpp.hpp
[1.285s] -- Up-to-date: /home/mihir/abb_bot_ws/install/abbbot_msgs/lib/libabbbot_msgs__rosidl_typesupport_fastrtps_cpp.so
[1.286s] -- Up-to-date: /home/mihir/abb_bot_ws/install/abbbot_msgs/include/abbbot_msgs/abbbot_msgs
[1.286s] -- Up-to-date: /home/mihir/abb_bot_ws/install/abbbot_msgs/include/abbbot_msgs/abbbot_msgs/msg
[1.286s] -- Up-to-date: /home/mihir/abb_bot_ws/install/abbbot_msgs/include/abbbot_msgs/abbbot_msgs/msg/rosidl_typesupport_introspection_c__visibility_control.h
[1.286s] -- Up-to-date: /home/mihir/abb_bot_ws/install/abbbot_msgs/include/abbbot_msgs/abbbot_msgs/action
[1.286s] -- Up-to-date: /home/mihir/abb_bot_ws/install/abbbot_msgs/include/abbbot_msgs/abbbot_msgs/action/detail
[1.286s] -- Up-to-date: /home/mihir/abb_bot_ws/install/abbbot_msgs/include/abbbot_msgs/abbbot_msgs/action/detail/abbbot_task__rosidl_typesupport_introspection_c.h
[1.286s] -- Up-to-date: /home/mihir/abb_bot_ws/install/abbbot_msgs/include/abbbot_msgs/abbbot_msgs/action/detail/abbbot_task__type_support.c
[1.289s] -- Up-to-date: /home/mihir/abb_bot_ws/install/abbbot_msgs/lib/libabbbot_msgs__rosidl_typesupport_introspection_c.so
[1.289s] -- Up-to-date: /home/mihir/abb_bot_ws/install/abbbot_msgs/lib/libabbbot_msgs__rosidl_typesupport_c.so
[1.289s] -- Up-to-date: /home/mihir/abb_bot_ws/install/abbbot_msgs/include/abbbot_msgs/abbbot_msgs
[1.289s] -- Up-to-date: /home/mihir/abb_bot_ws/install/abbbot_msgs/include/abbbot_msgs/abbbot_msgs/action
[1.289s] -- Up-to-date: /home/mihir/abb_bot_ws/install/abbbot_msgs/include/abbbot_msgs/abbbot_msgs/action/detail
[1.289s] -- Up-to-date: /home/mihir/abb_bot_ws/install/abbbot_msgs/include/abbbot_msgs/abbbot_msgs/action/detail/abbbot_task__type_support.cpp
[1.289s] -- Up-to-date: /home/mihir/abb_bot_ws/install/abbbot_msgs/include/abbbot_msgs/abbbot_msgs/action/detail/abbbot_task__rosidl_typesupport_introspection_cpp.hpp
[1.290s] -- Up-to-date: /home/mihir/abb_bot_ws/install/abbbot_msgs/lib/libabbbot_msgs__rosidl_typesupport_introspection_cpp.so
[1.290s] -- Up-to-date: /home/mihir/abb_bot_ws/install/abbbot_msgs/lib/libabbbot_msgs__rosidl_typesupport_cpp.so
[1.290s] -- Up-to-date: /home/mihir/abb_bot_ws/install/abbbot_msgs/share/abbbot_msgs/environment/pythonpath.sh
[1.290s] -- Up-to-date: /home/mihir/abb_bot_ws/install/abbbot_msgs/share/abbbot_msgs/environment/pythonpath.dsv
[1.290s] -- Up-to-date: /home/mihir/abb_bot_ws/install/abbbot_msgs/local/lib/python3.10/dist-packages/abbbot_msgs-0.0.0-py3.10.egg-info
[1.290s] -- Installing: /home/mihir/abb_bot_ws/install/abbbot_msgs/local/lib/python3.10/dist-packages/abbbot_msgs-0.0.0-py3.10.egg-info/SOURCES.txt
[1.290s] -- Installing: /home/mihir/abb_bot_ws/install/abbbot_msgs/local/lib/python3.10/dist-packages/abbbot_msgs-0.0.0-py3.10.egg-info/PKG-INFO
[1.290s] -- Installing: /home/mihir/abb_bot_ws/install/abbbot_msgs/local/lib/python3.10/dist-packages/abbbot_msgs-0.0.0-py3.10.egg-info/top_level.txt
[1.291s] -- Installing: /home/mihir/abb_bot_ws/install/abbbot_msgs/local/lib/python3.10/dist-packages/abbbot_msgs-0.0.0-py3.10.egg-info/dependency_links.txt
[1.291s] -- Up-to-date: /home/mihir/abb_bot_ws/install/abbbot_msgs/local/lib/python3.10/dist-packages/abbbot_msgs
[1.291s] -- Up-to-date: /home/mihir/abb_bot_ws/install/abbbot_msgs/local/lib/python3.10/dist-packages/abbbot_msgs/_abbbot_msgs_s.ep.rosidl_typesupport_introspection_c.c
[1.291s] -- Up-to-date: /home/mihir/abb_bot_ws/install/abbbot_msgs/local/lib/python3.10/dist-packages/abbbot_msgs/libabbbot_msgs__rosidl_generator_py.so
[1.291s] -- Up-to-date: /home/mihir/abb_bot_ws/install/abbbot_msgs/local/lib/python3.10/dist-packages/abbbot_msgs/abbbot_msgs_s__rosidl_typesupport_introspection_c.cpython-310-x86_64-linux-gnu.so
[1.292s] -- Up-to-date: /home/mihir/abb_bot_ws/install/abbbot_msgs/local/lib/python3.10/dist-packages/abbbot_msgs/abbbot_msgs_s__rosidl_typesupport_c.cpython-310-x86_64-linux-gnu.so
[1.292s] -- Up-to-date: /home/mihir/abb_bot_ws/install/abbbot_msgs/local/lib/python3.10/dist-packages/abbbot_msgs/action
[1.292s] -- Up-to-date: /home/mihir/abb_bot_ws/install/abbbot_msgs/local/lib/python3.10/dist-packages/abbbot_msgs/action/_abbbot_task_s.c
[1.292s] -- Up-to-date: /home/mihir/abb_bot_ws/install/abbbot_msgs/local/lib/python3.10/dist-packages/abbbot_msgs/action/__init__.py
[1.292s] -- Up-to-date: /home/mihir/abb_bot_ws/install/abbbot_msgs/local/lib/python3.10/dist-packages/abbbot_msgs/action/_abbbot_task.py
[1.292s] -- Up-to-date: /home/mihir/abb_bot_ws/install/abbbot_msgs/local/lib/python3.10/dist-packages/abbbot_msgs/_abbbot_msgs_s.ep.rosidl_typesupport_c.c
[1.292s] -- Up-to-date: /home/mihir/abb_bot_ws/install/abbbot_msgs/local/lib/python3.10/dist-packages/abbbot_msgs/_abbbot_msgs_s.ep.rosidl_typesupport_fastrtps_c.c
[1.292s] -- Up-to-date: /home/mihir/abb_bot_ws/install/abbbot_msgs/local/lib/python3.10/dist-packages/abbbot_msgs/abbbot_msgs_s__rosidl_typesupport_fastrtps_c.cpython-310-x86_64-linux-gnu.so
[1.293s] -- Up-to-date: /home/mihir/abb_bot_ws/install/abbbot_msgs/local/lib/python3.10/dist-packages/abbbot_msgs/__init__.py
[1.334s] Listing '/home/mihir/abb_bot_ws/install/abbbot_msgs/local/lib/python3.10/dist-packages/abbbot_msgs'...
[1.334s] Listing '/home/mihir/abb_bot_ws/install/abbbot_msgs/local/lib/python3.10/dist-packages/abbbot_msgs/action'...
[1.343s] -- Up-to-date: /home/mihir/abb_bot_ws/install/abbbot_msgs/local/lib/python3.10/dist-packages/abbbot_msgs/abbbot_msgs_s__rosidl_typesupport_fastrtps_c.cpython-310-x86_64-linux-gnu.so
[1.343s] -- Up-to-date: /home/mihir/abb_bot_ws/install/abbbot_msgs/local/lib/python3.10/dist-packages/abbbot_msgs/abbbot_msgs_s__rosidl_typesupport_introspection_c.cpython-310-x86_64-linux-gnu.so
[1.344s] -- Up-to-date: /home/mihir/abb_bot_ws/install/abbbot_msgs/local/lib/python3.10/dist-packages/abbbot_msgs/abbbot_msgs_s__rosidl_typesupport_c.cpython-310-x86_64-linux-gnu.so
[1.344s] -- Up-to-date: /home/mihir/abb_bot_ws/install/abbbot_msgs/lib/libabbbot_msgs__rosidl_generator_py.so
[1.344s] -- Up-to-date: /home/mihir/abb_bot_ws/install/abbbot_msgs/share/abbbot_msgs/action/AbbbotTask.idl
[1.344s] -- Up-to-date: /home/mihir/abb_bot_ws/install/abbbot_msgs/share/abbbot_msgs/action/AbbbotTask.action
[1.345s] -- Up-to-date: /home/mihir/abb_bot_ws/install/abbbot_msgs/share/ament_index/resource_index/package_run_dependencies/abbbot_msgs
[1.345s] -- Up-to-date: /home/mihir/abb_bot_ws/install/abbbot_msgs/share/ament_index/resource_index/parent_prefix_path/abbbot_msgs
[1.346s] -- Up-to-date: /home/mihir/abb_bot_ws/install/abbbot_msgs/share/abbbot_msgs/environment/ament_prefix_path.sh
[1.346s] -- Up-to-date: /home/mihir/abb_bot_ws/install/abbbot_msgs/share/abbbot_msgs/environment/ament_prefix_path.dsv
[1.347s] -- Up-to-date: /home/mihir/abb_bot_ws/install/abbbot_msgs/share/abbbot_msgs/environment/path.sh
[1.347s] -- Up-to-date: /home/mihir/abb_bot_ws/install/abbbot_msgs/share/abbbot_msgs/environment/path.dsv
[1.347s] -- Up-to-date: /home/mihir/abb_bot_ws/install/abbbot_msgs/share/abbbot_msgs/local_setup.bash
[1.348s] -- Up-to-date: /home/mihir/abb_bot_ws/install/abbbot_msgs/share/abbbot_msgs/local_setup.sh
[1.348s] -- Up-to-date: /home/mihir/abb_bot_ws/install/abbbot_msgs/share/abbbot_msgs/local_setup.zsh
[1.348s] -- Up-to-date: /home/mihir/abb_bot_ws/install/abbbot_msgs/share/abbbot_msgs/local_setup.dsv
[1.348s] -- Installing: /home/mihir/abb_bot_ws/install/abbbot_msgs/share/abbbot_msgs/package.dsv
[1.349s] -- Up-to-date: /home/mihir/abb_bot_ws/install/abbbot_msgs/share/ament_index/resource_index/packages/abbbot_msgs
[1.349s] -- Up-to-date: /home/mihir/abb_bot_ws/install/abbbot_msgs/share/abbbot_msgs/cmake/export_abbbot_msgs__rosidl_generator_cExport.cmake
[1.349s] -- Up-to-date: /home/mihir/abb_bot_ws/install/abbbot_msgs/share/abbbot_msgs/cmake/export_abbbot_msgs__rosidl_generator_cExport-noconfig.cmake
[1.349s] -- Up-to-date: /home/mihir/abb_bot_ws/install/abbbot_msgs/share/abbbot_msgs/cmake/export_abbbot_msgs__rosidl_typesupport_fastrtps_cExport.cmake
[1.349s] -- Up-to-date: /home/mihir/abb_bot_ws/install/abbbot_msgs/share/abbbot_msgs/cmake/export_abbbot_msgs__rosidl_typesupport_fastrtps_cExport-noconfig.cmake
[1.350s] -- Up-to-date: /home/mihir/abb_bot_ws/install/abbbot_msgs/share/abbbot_msgs/cmake/export_abbbot_msgs__rosidl_generator_cppExport.cmake
[1.350s] -- Up-to-date: /home/mihir/abb_bot_ws/install/abbbot_msgs/share/abbbot_msgs/cmake/export_abbbot_msgs__rosidl_typesupport_fastrtps_cppExport.cmake
[1.351s] -- Up-to-date: /home/mihir/abb_bot_ws/install/abbbot_msgs/share/abbbot_msgs/cmake/export_abbbot_msgs__rosidl_typesupport_fastrtps_cppExport-noconfig.cmake
[1.351s] -- Up-to-date: /home/mihir/abb_bot_ws/install/abbbot_msgs/share/abbbot_msgs/cmake/abbbot_msgs__rosidl_typesupport_introspection_cExport.cmake
[1.351s] -- Up-to-date: /home/mihir/abb_bot_ws/install/abbbot_msgs/share/abbbot_msgs/cmake/abbbot_msgs__rosidl_typesupport_introspection_cExport-noconfig.cmake
[1.352s] -- Up-to-date: /home/mihir/abb_bot_ws/install/abbbot_msgs/share/abbbot_msgs/cmake/abbbot_msgs__rosidl_typesupport_cExport.cmake
[1.352s] -- Up-to-date: /home/mihir/abb_bot_ws/install/abbbot_msgs/share/abbbot_msgs/cmake/abbbot_msgs__rosidl_typesupport_cExport-noconfig.cmake
[1.352s] -- Up-to-date: /home/mihir/abb_bot_ws/install/abbbot_msgs/share/abbbot_msgs/cmake/abbbot_msgs__rosidl_typesupport_introspection_cppExport.cmake
[1.352s] -- Up-to-date: /home/mihir/abb_bot_ws/install/abbbot_msgs/share/abbbot_msgs/cmake/abbbot_msgs__rosidl_typesupport_introspection_cppExport-noconfig.cmake
[1.353s] -- Up-to-date: /home/mihir/abb_bot_ws/install/abbbot_msgs/share/abbbot_msgs/cmake/abbbot_msgs__rosidl_typesupport_cppExport.cmake
[1.353s] -- Up-to-date: /home/mihir/abb_bot_ws/install/abbbot_msgs/share/abbbot_msgs/cmake/abbbot_msgs__rosidl_typesupport_cppExport-noconfig.cmake
[1.354s] -- Up-to-date: /home/mihir/abb_bot_ws/install/abbbot_msgs/share/abbbot_msgs/cmake/export_abbbot_msgs__rosidl_generator_pyExport.cmake
[1.354s] -- Up-to-date: /home/mihir/abb_bot_ws/install/abbbot_msgs/share/abbbot_msgs/cmake/export_abbbot_msgs__rosidl_generator_pyExport-noconfig.cmake
[1.354s] -- Up-to-date: /home/mihir/abb_bot_ws/install/abbbot_msgs/share/abbbot_msgs/cmake/rosidl_cmake-extras.cmake
[1.354s] -- Up-to-date: /home/mihir/abb_bot_ws/install/abbbot_msgs/share/abbbot_msgs/cmake/ament_cmake_export_dependencies-extras.cmake
[1.355s] -- Up-to-date: /home/mihir/abb_bot_ws/install/abbbot_msgs/share/abbbot_msgs/cmake/ament_cmake_export_include_directories-extras.cmake
[1.355s] -- Up-to-date: /home/mihir/abb_bot_ws/install/abbbot_msgs/share/abbbot_msgs/cmake/ament_cmake_export_libraries-extras.cmake
[1.356s] -- Up-to-date: /home/mihir/abb_bot_ws/install/abbbot_msgs/share/abbbot_msgs/cmake/ament_cmake_export_targets-extras.cmake
[1.356s] -- Up-to-date: /home/mihir/abb_bot_ws/install/abbbot_msgs/share/abbbot_msgs/cmake/rosidl_cmake_export_typesupport_targets-extras.cmake
[1.356s] -- Up-to-date: /home/mihir/abb_bot_ws/install/abbbot_msgs/share/abbbot_msgs/cmake/rosidl_cmake_export_typesupport_libraries-extras.cmake
[1.357s] -- Up-to-date: /home/mihir/abb_bot_ws/install/abbbot_msgs/share/abbbot_msgs/cmake/abbbot_msgsConfig.cmake
[1.357s] -- Up-to-date: /home/mihir/abb_bot_ws/install/abbbot_msgs/share/abbbot_msgs/cmake/abbbot_msgsConfig-version.cmake
[1.357s] -- Up-to-date: /home/mihir/abb_bot_ws/install/abbbot_msgs/share/abbbot_msgs/package.xml
[1.428s] Invoked command in '/home/mihir/abb_bot_ws/build/abbbot_msgs' returned '0': CMAKE_PREFIX_PATH=/opt/ros/humble /usr/bin/cmake --install /home/mihir/abb_bot_ws/build/abbbot_msgs
