[0.244s] Invoking command in '/home/mihir/abb_bot_ws/build/abb_bot_msgs': CMAKE_PREFIX_PATH=/opt/ros/humble /usr/bin/cmake --build /home/mihir/abb_bot_ws/build/abb_bot_msgs -- -j8 -l8
[0.274s] -- Found ament_cmake: 1.3.6 (/opt/ros/humble/share/ament_cmake/cmake)
[0.433s] -- Found std_msgs: 4.2.3 (/opt/ros/humble/share/std_msgs/cmake)
[0.473s] -- Found rosidl_generator_c: 3.1.5 (/opt/ros/humble/share/rosidl_generator_c/cmake)
[0.476s] -- Found rosidl_adapter: 3.1.5 (/opt/ros/humble/share/rosidl_adapter/cmake)
[0.485s] -- Found rosidl_generator_cpp: 3.1.5 (/opt/ros/humble/share/rosidl_generator_cpp/cmake)
[0.520s] -- Using all available rosidl_typesupport_c: rosidl_typesupport_fastrtps_c;rosidl_typesupport_introspection_c
[0.542s] -- Using all available rosidl_typesupport_cpp: rosidl_typesupport_fastrtps_cpp;rosidl_typesupport_introspection_cpp
[0.602s] -- Found rosidl_default_generators: 1.2.0 (/opt/ros/humble/share/rosidl_default_generators/cmake)
[0.871s] -- Found ament_cmake_ros: 0.10.0 (/opt/ros/humble/share/ament_cmake_ros/cmake)
[1.215s] -- Using all available rosidl_typesupport_c: rosidl_typesupport_fastrtps_c;rosidl_typesupport_introspection_c
[1.319s] -- Using all available rosidl_typesupport_cpp: rosidl_typesupport_fastrtps_cpp;rosidl_typesupport_introspection_cpp
[1.337s] -- Found python_cmake_module: 0.10.0 (/opt/ros/humble/share/python_cmake_module/cmake)
[1.356s] -- Using PYTHON_EXECUTABLE: /usr/bin/python3
[1.356s] -- Using PYTHON_INCLUDE_DIRS: /usr/include/python3.10
[1.356s] -- Using PYTHON_LIBRARIES: /usr/lib/x86_64-linux-gnu/libpython3.10.so
[1.364s] -- Found ament_lint_auto: 0.12.9 (/opt/ros/humble/share/ament_lint_auto/cmake)
[1.373s] -- Added test 'lint_cmake' to check CMake code style
[1.374s] -- Added test 'xmllint' to check XML markup files
[1.375s] -- Configuring done
[1.402s] -- Generating done
[1.404s] -- Build files have been written to: /home/mihir/abb_bot_ws/build/abb_bot_msgs
[1.426s] [  3%] [34m[1mGenerating C code for ROS interfaces[0m
[1.436s] [  6%] [34m[1mGenerating C++ code for ROS interfaces[0m
[1.448s] [  6%] Built target ament_cmake_python_copy_abb_bot_msgs
[1.755s] [  6%] Built target abb_bot_msgs__cpp
[1.756s] running egg_info
[1.758s] writing abb_bot_msgs.egg-info/PKG-INFO
[1.758s] writing dependency_links to abb_bot_msgs.egg-info/dependency_links.txt
[1.759s] writing top-level names to abb_bot_msgs.egg-info/top_level.txt
[1.770s] [  9%] [34m[1mGenerating C++ type support for eProsima Fast-RTPS[0m
[1.770s] [ 12%] [34m[1mGenerating C++ type support dispatch for ROS interfaces[0m
[1.770s] reading manifest file 'abb_bot_msgs.egg-info/SOURCES.txt'
[1.771s] writing manifest file 'abb_bot_msgs.egg-info/SOURCES.txt'
[1.774s] [ 16%] [34m[1mGenerating C++ introspection for ROS interfaces[0m
[1.792s] [ 19%] [32mBuilding C object CMakeFiles/abb_bot_msgs__rosidl_generator_c.dir/rosidl_generator_c/abb_bot_msgs/srv/detail/add_two_ints__functions.c.o[0m
[1.828s] [ 19%] Built target ament_cmake_python_build_abb_bot_msgs_egg
[1.872s] [ 22%] [32m[1mLinking C shared library libabb_bot_msgs__rosidl_generator_c.so[0m
[1.908s] [ 22%] Built target abb_bot_msgs__rosidl_generator_c
[1.924s] [ 25%] [34m[1mGenerating C introspection for ROS interfaces[0m
[1.927s] [ 29%] [34m[1mGenerating C type support dispatch for ROS interfaces[0m
[1.927s] [ 32%] [34m[1mGenerating C type support for eProsima Fast-RTPS[0m
[2.250s] [ 35%] [32mBuilding CXX object CMakeFiles/abb_bot_msgs__rosidl_typesupport_fastrtps_cpp.dir/rosidl_typesupport_fastrtps_cpp/abb_bot_msgs/srv/detail/dds_fastrtps/add_two_ints__type_support.cpp.o[0m
[2.275s] [ 38%] [32mBuilding CXX object CMakeFiles/abb_bot_msgs__rosidl_typesupport_cpp.dir/rosidl_typesupport_cpp/abb_bot_msgs/srv/add_two_ints__type_support.cpp.o[0m
[2.302s] [ 41%] [32mBuilding CXX object CMakeFiles/abb_bot_msgs__rosidl_typesupport_introspection_cpp.dir/rosidl_typesupport_introspection_cpp/abb_bot_msgs/srv/detail/add_two_ints__type_support.cpp.o[0m
[2.394s] [ 45%] [32mBuilding C object CMakeFiles/abb_bot_msgs__rosidl_typesupport_introspection_c.dir/rosidl_typesupport_introspection_c/abb_bot_msgs/srv/detail/add_two_ints__type_support.c.o[0m
[2.402s] [ 48%] [32mBuilding CXX object CMakeFiles/abb_bot_msgs__rosidl_typesupport_fastrtps_c.dir/rosidl_typesupport_fastrtps_c/abb_bot_msgs/srv/detail/add_two_ints__type_support_c.cpp.o[0m
[2.418s] [ 51%] [32mBuilding CXX object CMakeFiles/abb_bot_msgs__rosidl_typesupport_c.dir/rosidl_typesupport_c/abb_bot_msgs/srv/add_two_ints__type_support.cpp.o[0m
[2.453s] [ 54%] [32m[1mLinking C shared library libabb_bot_msgs__rosidl_typesupport_introspection_c.so[0m
[2.479s] [ 58%] [32m[1mLinking CXX shared library libabb_bot_msgs__rosidl_typesupport_c.so[0m
[2.499s] [ 58%] Built target abb_bot_msgs__rosidl_typesupport_introspection_c
[2.530s] [ 58%] Built target abb_bot_msgs__rosidl_typesupport_c
[2.740s] [ 61%] [32m[1mLinking CXX shared library libabb_bot_msgs__rosidl_typesupport_cpp.so[0m
[2.790s] [ 64%] [32m[1mLinking CXX shared library libabb_bot_msgs__rosidl_typesupport_fastrtps_cpp.so[0m
[2.806s] [ 64%] Built target abb_bot_msgs__rosidl_typesupport_cpp
[2.842s] [ 67%] [32m[1mLinking CXX shared library libabb_bot_msgs__rosidl_typesupport_introspection_cpp.so[0m
[2.863s] [ 70%] [32m[1mLinking CXX shared library libabb_bot_msgs__rosidl_typesupport_fastrtps_c.so[0m
[2.895s] [ 70%] Built target abb_bot_msgs__rosidl_typesupport_introspection_cpp
[2.901s] [ 70%] Built target abb_bot_msgs__rosidl_typesupport_fastrtps_cpp
[2.947s] [ 70%] Built target abb_bot_msgs__rosidl_typesupport_fastrtps_c
[2.964s] [ 70%] Built target abb_bot_msgs
[2.982s] [ 74%] [34m[1mGenerating Python code for ROS interfaces[0m
[3.329s] [ 74%] Built target abb_bot_msgs__py
[3.346s] [ 77%] [32mBuilding C object CMakeFiles/abb_bot_msgs__rosidl_generator_py.dir/rosidl_generator_py/abb_bot_msgs/srv/_add_two_ints_s.c.o[0m
[3.449s] [ 80%] [32m[1mLinking C shared library rosidl_generator_py/abb_bot_msgs/libabb_bot_msgs__rosidl_generator_py.so[0m
[3.482s] [ 80%] Built target abb_bot_msgs__rosidl_generator_py
[3.492s] [35m[1mConsolidate compiler generated dependencies of target abb_bot_msgs__rosidl_typesupport_fastrtps_c__pyext[0m
[3.492s] [35m[1mConsolidate compiler generated dependencies of target abb_bot_msgs__rosidl_typesupport_c__pyext[0m
[3.492s] [35m[1mConsolidate compiler generated dependencies of target abb_bot_msgs__rosidl_typesupport_introspection_c__pyext[0m
[3.505s] [ 83%] [32mBuilding C object CMakeFiles/abb_bot_msgs__rosidl_typesupport_fastrtps_c__pyext.dir/rosidl_generator_py/abb_bot_msgs/_abb_bot_msgs_s.ep.rosidl_typesupport_fastrtps_c.c.o[0m
[3.506s] [ 87%] [32mBuilding C object CMakeFiles/abb_bot_msgs__rosidl_typesupport_c__pyext.dir/rosidl_generator_py/abb_bot_msgs/_abb_bot_msgs_s.ep.rosidl_typesupport_c.c.o[0m
[3.508s] [ 90%] [32mBuilding C object CMakeFiles/abb_bot_msgs__rosidl_typesupport_introspection_c__pyext.dir/rosidl_generator_py/abb_bot_msgs/_abb_bot_msgs_s.ep.rosidl_typesupport_introspection_c.c.o[0m
[3.609s] [ 96%] [32m[1mLinking C shared library rosidl_generator_py/abb_bot_msgs/abb_bot_msgs_s__rosidl_typesupport_introspection_c.cpython-310-x86_64-linux-gnu.so[0m
[3.609s] [ 96%] [32m[1mLinking C shared library rosidl_generator_py/abb_bot_msgs/abb_bot_msgs_s__rosidl_typesupport_fastrtps_c.cpython-310-x86_64-linux-gnu.so[0m
[3.644s] [ 96%] Built target abb_bot_msgs__rosidl_typesupport_fastrtps_c__pyext
[3.644s] [ 96%] Built target abb_bot_msgs__rosidl_typesupport_introspection_c__pyext
[3.662s] [100%] [32m[1mLinking C shared library rosidl_generator_py/abb_bot_msgs/abb_bot_msgs_s__rosidl_typesupport_c.cpython-310-x86_64-linux-gnu.so[0m
[3.693s] [100%] Built target abb_bot_msgs__rosidl_typesupport_c__pyext
[3.704s] Invoked command in '/home/mihir/abb_bot_ws/build/abb_bot_msgs' returned '0': CMAKE_PREFIX_PATH=/opt/ros/humble /usr/bin/cmake --build /home/mihir/abb_bot_ws/build/abb_bot_msgs -- -j8 -l8
[3.753s] Invoking command in '/home/mihir/abb_bot_ws/build/abb_bot_msgs': CMAKE_PREFIX_PATH=/opt/ros/humble /usr/bin/cmake --install /home/mihir/abb_bot_ws/build/abb_bot_msgs
[3.760s] -- Install configuration: ""
[3.760s] -- Installing: /home/mihir/abb_bot_ws/install/abb_bot_msgs/share/ament_index/resource_index/rosidl_interfaces/abb_bot_msgs
[3.760s] -- Up-to-date: /home/mihir/abb_bot_ws/install/abb_bot_msgs/include/abb_bot_msgs/abb_bot_msgs
[3.760s] -- Up-to-date: /home/mihir/abb_bot_ws/install/abb_bot_msgs/include/abb_bot_msgs/abb_bot_msgs/msg
[3.761s] -- Up-to-date: /home/mihir/abb_bot_ws/install/abb_bot_msgs/include/abb_bot_msgs/abb_bot_msgs/msg/rosidl_generator_c__visibility_control.h
[3.761s] -- Installing: /home/mihir/abb_bot_ws/install/abb_bot_msgs/include/abb_bot_msgs/abb_bot_msgs/srv
[3.761s] -- Installing: /home/mihir/abb_bot_ws/install/abb_bot_msgs/include/abb_bot_msgs/abb_bot_msgs/srv/add_two_ints.h
[3.761s] -- Installing: /home/mihir/abb_bot_ws/install/abb_bot_msgs/include/abb_bot_msgs/abb_bot_msgs/srv/detail
[3.761s] -- Installing: /home/mihir/abb_bot_ws/install/abb_bot_msgs/include/abb_bot_msgs/abb_bot_msgs/srv/detail/add_two_ints__functions.c
[3.761s] -- Installing: /home/mihir/abb_bot_ws/install/abb_bot_msgs/include/abb_bot_msgs/abb_bot_msgs/srv/detail/add_two_ints__functions.h
[3.761s] -- Installing: /home/mihir/abb_bot_ws/install/abb_bot_msgs/include/abb_bot_msgs/abb_bot_msgs/srv/detail/add_two_ints__type_support.h
[3.761s] -- Installing: /home/mihir/abb_bot_ws/install/abb_bot_msgs/include/abb_bot_msgs/abb_bot_msgs/srv/detail/add_two_ints__struct.h
[3.761s] -- Up-to-date: /home/mihir/abb_bot_ws/install/abb_bot_msgs/include/abb_bot_msgs/abb_bot_msgs/action
[3.761s] -- Up-to-date: /home/mihir/abb_bot_ws/install/abb_bot_msgs/include/abb_bot_msgs/abb_bot_msgs/action/abb_bot_task.h
[3.762s] -- Up-to-date: /home/mihir/abb_bot_ws/install/abb_bot_msgs/include/abb_bot_msgs/abb_bot_msgs/action/detail
[3.762s] -- Up-to-date: /home/mihir/abb_bot_ws/install/abb_bot_msgs/include/abb_bot_msgs/abb_bot_msgs/action/detail/abb_bot_task__struct.h
[3.762s] -- Up-to-date: /home/mihir/abb_bot_ws/install/abb_bot_msgs/include/abb_bot_msgs/abb_bot_msgs/action/detail/abb_bot_task__functions.h
[3.762s] -- Up-to-date: /home/mihir/abb_bot_ws/install/abb_bot_msgs/include/abb_bot_msgs/abb_bot_msgs/action/detail/abb_bot_task__type_support.h
[3.762s] -- Up-to-date: /home/mihir/abb_bot_ws/install/abb_bot_msgs/include/abb_bot_msgs/abb_bot_msgs/action/detail/abb_bot_task__functions.c
[3.762s] -- Up-to-date: /home/mihir/abb_bot_ws/install/abb_bot_msgs/share/abb_bot_msgs/environment/library_path.sh
[3.762s] -- Installing: /home/mihir/abb_bot_ws/install/abb_bot_msgs/share/abb_bot_msgs/environment/library_path.dsv
[3.762s] -- Installing: /home/mihir/abb_bot_ws/install/abb_bot_msgs/lib/libabb_bot_msgs__rosidl_generator_c.so
[3.762s] -- Set runtime path of "/home/mihir/abb_bot_ws/install/abb_bot_msgs/lib/libabb_bot_msgs__rosidl_generator_c.so" to ""
[3.762s] -- Up-to-date: /home/mihir/abb_bot_ws/install/abb_bot_msgs/include/abb_bot_msgs/abb_bot_msgs
[3.763s] -- Up-to-date: /home/mihir/abb_bot_ws/install/abb_bot_msgs/include/abb_bot_msgs/abb_bot_msgs/msg
[3.763s] -- Up-to-date: /home/mihir/abb_bot_ws/install/abb_bot_msgs/include/abb_bot_msgs/abb_bot_msgs/msg/rosidl_typesupport_fastrtps_c__visibility_control.h
[3.763s] -- Up-to-date: /home/mihir/abb_bot_ws/install/abb_bot_msgs/include/abb_bot_msgs/abb_bot_msgs/srv
[3.763s] -- Up-to-date: /home/mihir/abb_bot_ws/install/abb_bot_msgs/include/abb_bot_msgs/abb_bot_msgs/srv/detail
[3.763s] -- Installing: /home/mihir/abb_bot_ws/install/abb_bot_msgs/include/abb_bot_msgs/abb_bot_msgs/srv/detail/add_two_ints__rosidl_typesupport_fastrtps_c.h
[3.763s] -- Up-to-date: /home/mihir/abb_bot_ws/install/abb_bot_msgs/include/abb_bot_msgs/abb_bot_msgs/action
[3.763s] -- Up-to-date: /home/mihir/abb_bot_ws/install/abb_bot_msgs/include/abb_bot_msgs/abb_bot_msgs/action/detail
[3.763s] -- Up-to-date: /home/mihir/abb_bot_ws/install/abb_bot_msgs/include/abb_bot_msgs/abb_bot_msgs/action/detail/abb_bot_task__rosidl_typesupport_fastrtps_c.h
[3.763s] -- Installing: /home/mihir/abb_bot_ws/install/abb_bot_msgs/lib/libabb_bot_msgs__rosidl_typesupport_fastrtps_c.so
[3.763s] -- Set runtime path of "/home/mihir/abb_bot_ws/install/abb_bot_msgs/lib/libabb_bot_msgs__rosidl_typesupport_fastrtps_c.so" to ""
[3.763s] -- Up-to-date: /home/mihir/abb_bot_ws/install/abb_bot_msgs/include/abb_bot_msgs/abb_bot_msgs
[3.764s] -- Up-to-date: /home/mihir/abb_bot_ws/install/abb_bot_msgs/include/abb_bot_msgs/abb_bot_msgs/srv
[3.764s] -- Installing: /home/mihir/abb_bot_ws/install/abb_bot_msgs/include/abb_bot_msgs/abb_bot_msgs/srv/add_two_ints.hpp
[3.764s] -- Up-to-date: /home/mihir/abb_bot_ws/install/abb_bot_msgs/include/abb_bot_msgs/abb_bot_msgs/srv/detail
[3.764s] -- Installing: /home/mihir/abb_bot_ws/install/abb_bot_msgs/include/abb_bot_msgs/abb_bot_msgs/srv/detail/add_two_ints__traits.hpp
[3.764s] -- Installing: /home/mihir/abb_bot_ws/install/abb_bot_msgs/include/abb_bot_msgs/abb_bot_msgs/srv/detail/add_two_ints__builder.hpp
[3.764s] -- Installing: /home/mihir/abb_bot_ws/install/abb_bot_msgs/include/abb_bot_msgs/abb_bot_msgs/srv/detail/add_two_ints__struct.hpp
[3.764s] -- Up-to-date: /home/mihir/abb_bot_ws/install/abb_bot_msgs/include/abb_bot_msgs/abb_bot_msgs/action
[3.764s] -- Up-to-date: /home/mihir/abb_bot_ws/install/abb_bot_msgs/include/abb_bot_msgs/abb_bot_msgs/action/abb_bot_task.hpp
[3.764s] -- Up-to-date: /home/mihir/abb_bot_ws/install/abb_bot_msgs/include/abb_bot_msgs/abb_bot_msgs/action/detail
[3.765s] -- Up-to-date: /home/mihir/abb_bot_ws/install/abb_bot_msgs/include/abb_bot_msgs/abb_bot_msgs/action/detail/abb_bot_task__builder.hpp
[3.765s] -- Up-to-date: /home/mihir/abb_bot_ws/install/abb_bot_msgs/include/abb_bot_msgs/abb_bot_msgs/action/detail/abb_bot_task__traits.hpp
[3.765s] -- Up-to-date: /home/mihir/abb_bot_ws/install/abb_bot_msgs/include/abb_bot_msgs/abb_bot_msgs/action/detail/abb_bot_task__struct.hpp
[3.765s] -- Up-to-date: /home/mihir/abb_bot_ws/install/abb_bot_msgs/include/abb_bot_msgs/abb_bot_msgs
[3.765s] -- Up-to-date: /home/mihir/abb_bot_ws/install/abb_bot_msgs/include/abb_bot_msgs/abb_bot_msgs/msg
[3.765s] -- Up-to-date: /home/mihir/abb_bot_ws/install/abb_bot_msgs/include/abb_bot_msgs/abb_bot_msgs/msg/rosidl_typesupport_fastrtps_cpp__visibility_control.h
[3.765s] -- Up-to-date: /home/mihir/abb_bot_ws/install/abb_bot_msgs/include/abb_bot_msgs/abb_bot_msgs/srv
[3.765s] -- Up-to-date: /home/mihir/abb_bot_ws/install/abb_bot_msgs/include/abb_bot_msgs/abb_bot_msgs/srv/detail
[3.765s] -- Installing: /home/mihir/abb_bot_ws/install/abb_bot_msgs/include/abb_bot_msgs/abb_bot_msgs/srv/detail/add_two_ints__rosidl_typesupport_fastrtps_cpp.hpp
[3.765s] -- Installing: /home/mihir/abb_bot_ws/install/abb_bot_msgs/include/abb_bot_msgs/abb_bot_msgs/srv/detail/dds_fastrtps
[3.766s] -- Up-to-date: /home/mihir/abb_bot_ws/install/abb_bot_msgs/include/abb_bot_msgs/abb_bot_msgs/action
[3.766s] -- Up-to-date: /home/mihir/abb_bot_ws/install/abb_bot_msgs/include/abb_bot_msgs/abb_bot_msgs/action/detail
[3.766s] -- Up-to-date: /home/mihir/abb_bot_ws/install/abb_bot_msgs/include/abb_bot_msgs/abb_bot_msgs/action/detail/abb_bot_task__rosidl_typesupport_fastrtps_cpp.hpp
[3.766s] -- Up-to-date: /home/mihir/abb_bot_ws/install/abb_bot_msgs/include/abb_bot_msgs/abb_bot_msgs/action/detail/dds_fastrtps
[3.766s] -- Installing: /home/mihir/abb_bot_ws/install/abb_bot_msgs/lib/libabb_bot_msgs__rosidl_typesupport_fastrtps_cpp.so
[3.766s] -- Set runtime path of "/home/mihir/abb_bot_ws/install/abb_bot_msgs/lib/libabb_bot_msgs__rosidl_typesupport_fastrtps_cpp.so" to ""
[3.766s] -- Up-to-date: /home/mihir/abb_bot_ws/install/abb_bot_msgs/include/abb_bot_msgs/abb_bot_msgs
[3.766s] -- Up-to-date: /home/mihir/abb_bot_ws/install/abb_bot_msgs/include/abb_bot_msgs/abb_bot_msgs/msg
[3.766s] -- Up-to-date: /home/mihir/abb_bot_ws/install/abb_bot_msgs/include/abb_bot_msgs/abb_bot_msgs/msg/rosidl_typesupport_introspection_c__visibility_control.h
[3.766s] -- Up-to-date: /home/mihir/abb_bot_ws/install/abb_bot_msgs/include/abb_bot_msgs/abb_bot_msgs/srv
[3.766s] -- Up-to-date: /home/mihir/abb_bot_ws/install/abb_bot_msgs/include/abb_bot_msgs/abb_bot_msgs/srv/detail
[3.766s] -- Installing: /home/mihir/abb_bot_ws/install/abb_bot_msgs/include/abb_bot_msgs/abb_bot_msgs/srv/detail/add_two_ints__type_support.c
[3.767s] -- Installing: /home/mihir/abb_bot_ws/install/abb_bot_msgs/include/abb_bot_msgs/abb_bot_msgs/srv/detail/add_two_ints__rosidl_typesupport_introspection_c.h
[3.767s] -- Up-to-date: /home/mihir/abb_bot_ws/install/abb_bot_msgs/include/abb_bot_msgs/abb_bot_msgs/action
[3.767s] -- Up-to-date: /home/mihir/abb_bot_ws/install/abb_bot_msgs/include/abb_bot_msgs/abb_bot_msgs/action/detail
[3.767s] -- Up-to-date: /home/mihir/abb_bot_ws/install/abb_bot_msgs/include/abb_bot_msgs/abb_bot_msgs/action/detail/abb_bot_task__type_support.c
[3.767s] -- Up-to-date: /home/mihir/abb_bot_ws/install/abb_bot_msgs/include/abb_bot_msgs/abb_bot_msgs/action/detail/abb_bot_task__rosidl_typesupport_introspection_c.h
[3.767s] -- Installing: /home/mihir/abb_bot_ws/install/abb_bot_msgs/lib/libabb_bot_msgs__rosidl_typesupport_introspection_c.so
[3.767s] -- Set runtime path of "/home/mihir/abb_bot_ws/install/abb_bot_msgs/lib/libabb_bot_msgs__rosidl_typesupport_introspection_c.so" to ""
[3.767s] -- Installing: /home/mihir/abb_bot_ws/install/abb_bot_msgs/lib/libabb_bot_msgs__rosidl_typesupport_c.so
[3.767s] -- Set runtime path of "/home/mihir/abb_bot_ws/install/abb_bot_msgs/lib/libabb_bot_msgs__rosidl_typesupport_c.so" to ""
[3.767s] -- Up-to-date: /home/mihir/abb_bot_ws/install/abb_bot_msgs/include/abb_bot_msgs/abb_bot_msgs
[3.768s] -- Up-to-date: /home/mihir/abb_bot_ws/install/abb_bot_msgs/include/abb_bot_msgs/abb_bot_msgs/srv
[3.768s] -- Up-to-date: /home/mihir/abb_bot_ws/install/abb_bot_msgs/include/abb_bot_msgs/abb_bot_msgs/srv/detail
[3.768s] -- Installing: /home/mihir/abb_bot_ws/install/abb_bot_msgs/include/abb_bot_msgs/abb_bot_msgs/srv/detail/add_two_ints__rosidl_typesupport_introspection_cpp.hpp
[3.768s] -- Installing: /home/mihir/abb_bot_ws/install/abb_bot_msgs/include/abb_bot_msgs/abb_bot_msgs/srv/detail/add_two_ints__type_support.cpp
[3.768s] -- Up-to-date: /home/mihir/abb_bot_ws/install/abb_bot_msgs/include/abb_bot_msgs/abb_bot_msgs/action
[3.768s] -- Up-to-date: /home/mihir/abb_bot_ws/install/abb_bot_msgs/include/abb_bot_msgs/abb_bot_msgs/action/detail
[3.768s] -- Up-to-date: /home/mihir/abb_bot_ws/install/abb_bot_msgs/include/abb_bot_msgs/abb_bot_msgs/action/detail/abb_bot_task__rosidl_typesupport_introspection_cpp.hpp
[3.768s] -- Up-to-date: /home/mihir/abb_bot_ws/install/abb_bot_msgs/include/abb_bot_msgs/abb_bot_msgs/action/detail/abb_bot_task__type_support.cpp
[3.768s] -- Installing: /home/mihir/abb_bot_ws/install/abb_bot_msgs/lib/libabb_bot_msgs__rosidl_typesupport_introspection_cpp.so
[3.768s] -- Set runtime path of "/home/mihir/abb_bot_ws/install/abb_bot_msgs/lib/libabb_bot_msgs__rosidl_typesupport_introspection_cpp.so" to ""
[3.768s] -- Installing: /home/mihir/abb_bot_ws/install/abb_bot_msgs/lib/libabb_bot_msgs__rosidl_typesupport_cpp.so
[3.769s] -- Set runtime path of "/home/mihir/abb_bot_ws/install/abb_bot_msgs/lib/libabb_bot_msgs__rosidl_typesupport_cpp.so" to ""
[3.769s] -- Up-to-date: /home/mihir/abb_bot_ws/install/abb_bot_msgs/share/abb_bot_msgs/environment/pythonpath.sh
[3.769s] -- Installing: /home/mihir/abb_bot_ws/install/abb_bot_msgs/share/abb_bot_msgs/environment/pythonpath.dsv
[3.769s] -- Up-to-date: /home/mihir/abb_bot_ws/install/abb_bot_msgs/local/lib/python3.10/dist-packages/abb_bot_msgs-0.0.0-py3.10.egg-info
[3.769s] -- Installing: /home/mihir/abb_bot_ws/install/abb_bot_msgs/local/lib/python3.10/dist-packages/abb_bot_msgs-0.0.0-py3.10.egg-info/SOURCES.txt
[3.769s] -- Installing: /home/mihir/abb_bot_ws/install/abb_bot_msgs/local/lib/python3.10/dist-packages/abb_bot_msgs-0.0.0-py3.10.egg-info/PKG-INFO
[3.769s] -- Installing: /home/mihir/abb_bot_ws/install/abb_bot_msgs/local/lib/python3.10/dist-packages/abb_bot_msgs-0.0.0-py3.10.egg-info/top_level.txt
[3.769s] -- Installing: /home/mihir/abb_bot_ws/install/abb_bot_msgs/local/lib/python3.10/dist-packages/abb_bot_msgs-0.0.0-py3.10.egg-info/dependency_links.txt
[3.769s] -- Up-to-date: /home/mihir/abb_bot_ws/install/abb_bot_msgs/local/lib/python3.10/dist-packages/abb_bot_msgs
[3.769s] -- Installing: /home/mihir/abb_bot_ws/install/abb_bot_msgs/local/lib/python3.10/dist-packages/abb_bot_msgs/abb_bot_msgs_s__rosidl_typesupport_introspection_c.cpython-310-x86_64-linux-gnu.so
[3.770s] -- Installing: /home/mihir/abb_bot_ws/install/abb_bot_msgs/local/lib/python3.10/dist-packages/abb_bot_msgs/libabb_bot_msgs__rosidl_generator_py.so
[3.770s] -- Installing: /home/mihir/abb_bot_ws/install/abb_bot_msgs/local/lib/python3.10/dist-packages/abb_bot_msgs/srv
[3.770s] -- Installing: /home/mihir/abb_bot_ws/install/abb_bot_msgs/local/lib/python3.10/dist-packages/abb_bot_msgs/srv/_add_two_ints.py
[3.770s] -- Installing: /home/mihir/abb_bot_ws/install/abb_bot_msgs/local/lib/python3.10/dist-packages/abb_bot_msgs/srv/_add_two_ints_s.c
[3.770s] -- Installing: /home/mihir/abb_bot_ws/install/abb_bot_msgs/local/lib/python3.10/dist-packages/abb_bot_msgs/srv/__init__.py
[3.770s] -- Up-to-date: /home/mihir/abb_bot_ws/install/abb_bot_msgs/local/lib/python3.10/dist-packages/abb_bot_msgs/action
[3.770s] -- Up-to-date: /home/mihir/abb_bot_ws/install/abb_bot_msgs/local/lib/python3.10/dist-packages/abb_bot_msgs/action/_abb_bot_task.py
[3.770s] -- Up-to-date: /home/mihir/abb_bot_ws/install/abb_bot_msgs/local/lib/python3.10/dist-packages/abb_bot_msgs/action/_abb_bot_task_s.c
[3.770s] -- Up-to-date: /home/mihir/abb_bot_ws/install/abb_bot_msgs/local/lib/python3.10/dist-packages/abb_bot_msgs/action/__init__.py
[3.770s] -- Installing: /home/mihir/abb_bot_ws/install/abb_bot_msgs/local/lib/python3.10/dist-packages/abb_bot_msgs/abb_bot_msgs_s__rosidl_typesupport_c.cpython-310-x86_64-linux-gnu.so
[3.771s] -- Installing: /home/mihir/abb_bot_ws/install/abb_bot_msgs/local/lib/python3.10/dist-packages/abb_bot_msgs/_abb_bot_msgs_s.ep.rosidl_typesupport_fastrtps_c.c
[3.771s] -- Installing: /home/mihir/abb_bot_ws/install/abb_bot_msgs/local/lib/python3.10/dist-packages/abb_bot_msgs/_abb_bot_msgs_s.ep.rosidl_typesupport_introspection_c.c
[3.771s] -- Installing: /home/mihir/abb_bot_ws/install/abb_bot_msgs/local/lib/python3.10/dist-packages/abb_bot_msgs/__init__.py
[3.771s] -- Installing: /home/mihir/abb_bot_ws/install/abb_bot_msgs/local/lib/python3.10/dist-packages/abb_bot_msgs/abb_bot_msgs_s__rosidl_typesupport_fastrtps_c.cpython-310-x86_64-linux-gnu.so
[3.771s] -- Installing: /home/mihir/abb_bot_ws/install/abb_bot_msgs/local/lib/python3.10/dist-packages/abb_bot_msgs/_abb_bot_msgs_s.ep.rosidl_typesupport_c.c
[3.804s] Listing '/home/mihir/abb_bot_ws/install/abb_bot_msgs/local/lib/python3.10/dist-packages/abb_bot_msgs'...
[3.804s] Compiling '/home/mihir/abb_bot_ws/install/abb_bot_msgs/local/lib/python3.10/dist-packages/abb_bot_msgs/__init__.py'...
[3.804s] Listing '/home/mihir/abb_bot_ws/install/abb_bot_msgs/local/lib/python3.10/dist-packages/abb_bot_msgs/action'...
[3.804s] Listing '/home/mihir/abb_bot_ws/install/abb_bot_msgs/local/lib/python3.10/dist-packages/abb_bot_msgs/srv'...
[3.804s] Compiling '/home/mihir/abb_bot_ws/install/abb_bot_msgs/local/lib/python3.10/dist-packages/abb_bot_msgs/srv/__init__.py'...
[3.804s] Compiling '/home/mihir/abb_bot_ws/install/abb_bot_msgs/local/lib/python3.10/dist-packages/abb_bot_msgs/srv/_add_two_ints.py'...
[3.809s] -- Installing: /home/mihir/abb_bot_ws/install/abb_bot_msgs/local/lib/python3.10/dist-packages/abb_bot_msgs/abb_bot_msgs_s__rosidl_typesupport_fastrtps_c.cpython-310-x86_64-linux-gnu.so
[3.809s] -- Set runtime path of "/home/mihir/abb_bot_ws/install/abb_bot_msgs/local/lib/python3.10/dist-packages/abb_bot_msgs/abb_bot_msgs_s__rosidl_typesupport_fastrtps_c.cpython-310-x86_64-linux-gnu.so" to ""
[3.809s] -- Installing: /home/mihir/abb_bot_ws/install/abb_bot_msgs/local/lib/python3.10/dist-packages/abb_bot_msgs/abb_bot_msgs_s__rosidl_typesupport_introspection_c.cpython-310-x86_64-linux-gnu.so
[3.809s] -- Set runtime path of "/home/mihir/abb_bot_ws/install/abb_bot_msgs/local/lib/python3.10/dist-packages/abb_bot_msgs/abb_bot_msgs_s__rosidl_typesupport_introspection_c.cpython-310-x86_64-linux-gnu.so" to ""
[3.809s] -- Installing: /home/mihir/abb_bot_ws/install/abb_bot_msgs/local/lib/python3.10/dist-packages/abb_bot_msgs/abb_bot_msgs_s__rosidl_typesupport_c.cpython-310-x86_64-linux-gnu.so
[3.810s] -- Set runtime path of "/home/mihir/abb_bot_ws/install/abb_bot_msgs/local/lib/python3.10/dist-packages/abb_bot_msgs/abb_bot_msgs_s__rosidl_typesupport_c.cpython-310-x86_64-linux-gnu.so" to ""
[3.810s] -- Installing: /home/mihir/abb_bot_ws/install/abb_bot_msgs/lib/libabb_bot_msgs__rosidl_generator_py.so
[3.811s] -- Set runtime path of "/home/mihir/abb_bot_ws/install/abb_bot_msgs/lib/libabb_bot_msgs__rosidl_generator_py.so" to ""
[3.811s] -- Installing: /home/mihir/abb_bot_ws/install/abb_bot_msgs/share/abb_bot_msgs/srv/AddTwoInts.idl
[3.811s] -- Installing: /home/mihir/abb_bot_ws/install/abb_bot_msgs/share/abb_bot_msgs/srv/AddTwoInts.srv
[3.811s] -- Installing: /home/mihir/abb_bot_ws/install/abb_bot_msgs/share/abb_bot_msgs/srv/AddTwoInts_Request.msg
[3.811s] -- Installing: /home/mihir/abb_bot_ws/install/abb_bot_msgs/share/abb_bot_msgs/srv/AddTwoInts_Response.msg
[3.811s] -- Installing: /home/mihir/abb_bot_ws/install/abb_bot_msgs/share/ament_index/resource_index/package_run_dependencies/abb_bot_msgs
[3.811s] -- Up-to-date: /home/mihir/abb_bot_ws/install/abb_bot_msgs/share/ament_index/resource_index/parent_prefix_path/abb_bot_msgs
[3.811s] -- Up-to-date: /home/mihir/abb_bot_ws/install/abb_bot_msgs/share/abb_bot_msgs/environment/ament_prefix_path.sh
[3.811s] -- Installing: /home/mihir/abb_bot_ws/install/abb_bot_msgs/share/abb_bot_msgs/environment/ament_prefix_path.dsv
[3.812s] -- Up-to-date: /home/mihir/abb_bot_ws/install/abb_bot_msgs/share/abb_bot_msgs/environment/path.sh
[3.812s] -- Installing: /home/mihir/abb_bot_ws/install/abb_bot_msgs/share/abb_bot_msgs/environment/path.dsv
[3.812s] -- Up-to-date: /home/mihir/abb_bot_ws/install/abb_bot_msgs/share/abb_bot_msgs/local_setup.bash
[3.812s] -- Installing: /home/mihir/abb_bot_ws/install/abb_bot_msgs/share/abb_bot_msgs/local_setup.sh
[3.812s] -- Up-to-date: /home/mihir/abb_bot_ws/install/abb_bot_msgs/share/abb_bot_msgs/local_setup.zsh
[3.812s] -- Installing: /home/mihir/abb_bot_ws/install/abb_bot_msgs/share/abb_bot_msgs/local_setup.dsv
[3.812s] -- Installing: /home/mihir/abb_bot_ws/install/abb_bot_msgs/share/abb_bot_msgs/package.dsv
[3.812s] -- Up-to-date: /home/mihir/abb_bot_ws/install/abb_bot_msgs/share/ament_index/resource_index/packages/abb_bot_msgs
[3.812s] -- Old export file "/home/mihir/abb_bot_ws/install/abb_bot_msgs/share/abb_bot_msgs/cmake/export_abb_bot_msgs__rosidl_generator_cExport.cmake" will be replaced.  Removing files [/home/mihir/abb_bot_ws/install/abb_bot_msgs/share/abb_bot_msgs/cmake/export_abb_bot_msgs__rosidl_generator_cExport-noconfig.cmake].
[3.812s] -- Installing: /home/mihir/abb_bot_ws/install/abb_bot_msgs/share/abb_bot_msgs/cmake/export_abb_bot_msgs__rosidl_generator_cExport.cmake
[3.813s] -- Installing: /home/mihir/abb_bot_ws/install/abb_bot_msgs/share/abb_bot_msgs/cmake/export_abb_bot_msgs__rosidl_generator_cExport-noconfig.cmake
[3.813s] -- Old export file "/home/mihir/abb_bot_ws/install/abb_bot_msgs/share/abb_bot_msgs/cmake/export_abb_bot_msgs__rosidl_typesupport_fastrtps_cExport.cmake" will be replaced.  Removing files [/home/mihir/abb_bot_ws/install/abb_bot_msgs/share/abb_bot_msgs/cmake/export_abb_bot_msgs__rosidl_typesupport_fastrtps_cExport-noconfig.cmake].
[3.813s] -- Installing: /home/mihir/abb_bot_ws/install/abb_bot_msgs/share/abb_bot_msgs/cmake/export_abb_bot_msgs__rosidl_typesupport_fastrtps_cExport.cmake
[3.813s] -- Installing: /home/mihir/abb_bot_ws/install/abb_bot_msgs/share/abb_bot_msgs/cmake/export_abb_bot_msgs__rosidl_typesupport_fastrtps_cExport-noconfig.cmake
[3.813s] -- Installing: /home/mihir/abb_bot_ws/install/abb_bot_msgs/share/abb_bot_msgs/cmake/export_abb_bot_msgs__rosidl_generator_cppExport.cmake
[3.813s] -- Old export file "/home/mihir/abb_bot_ws/install/abb_bot_msgs/share/abb_bot_msgs/cmake/export_abb_bot_msgs__rosidl_typesupport_fastrtps_cppExport.cmake" will be replaced.  Removing files [/home/mihir/abb_bot_ws/install/abb_bot_msgs/share/abb_bot_msgs/cmake/export_abb_bot_msgs__rosidl_typesupport_fastrtps_cppExport-noconfig.cmake].
[3.813s] -- Installing: /home/mihir/abb_bot_ws/install/abb_bot_msgs/share/abb_bot_msgs/cmake/export_abb_bot_msgs__rosidl_typesupport_fastrtps_cppExport.cmake
[3.813s] -- Installing: /home/mihir/abb_bot_ws/install/abb_bot_msgs/share/abb_bot_msgs/cmake/export_abb_bot_msgs__rosidl_typesupport_fastrtps_cppExport-noconfig.cmake
[3.814s] -- Old export file "/home/mihir/abb_bot_ws/install/abb_bot_msgs/share/abb_bot_msgs/cmake/abb_bot_msgs__rosidl_typesupport_introspection_cExport.cmake" will be replaced.  Removing files [/home/mihir/abb_bot_ws/install/abb_bot_msgs/share/abb_bot_msgs/cmake/abb_bot_msgs__rosidl_typesupport_introspection_cExport-noconfig.cmake].
[3.814s] -- Installing: /home/mihir/abb_bot_ws/install/abb_bot_msgs/share/abb_bot_msgs/cmake/abb_bot_msgs__rosidl_typesupport_introspection_cExport.cmake
[3.814s] -- Installing: /home/mihir/abb_bot_ws/install/abb_bot_msgs/share/abb_bot_msgs/cmake/abb_bot_msgs__rosidl_typesupport_introspection_cExport-noconfig.cmake
[3.814s] -- Old export file "/home/mihir/abb_bot_ws/install/abb_bot_msgs/share/abb_bot_msgs/cmake/abb_bot_msgs__rosidl_typesupport_cExport.cmake" will be replaced.  Removing files [/home/mihir/abb_bot_ws/install/abb_bot_msgs/share/abb_bot_msgs/cmake/abb_bot_msgs__rosidl_typesupport_cExport-noconfig.cmake].
[3.814s] -- Installing: /home/mihir/abb_bot_ws/install/abb_bot_msgs/share/abb_bot_msgs/cmake/abb_bot_msgs__rosidl_typesupport_cExport.cmake
[3.814s] -- Installing: /home/mihir/abb_bot_ws/install/abb_bot_msgs/share/abb_bot_msgs/cmake/abb_bot_msgs__rosidl_typesupport_cExport-noconfig.cmake
[3.814s] -- Old export file "/home/mihir/abb_bot_ws/install/abb_bot_msgs/share/abb_bot_msgs/cmake/abb_bot_msgs__rosidl_typesupport_introspection_cppExport.cmake" will be replaced.  Removing files [/home/mihir/abb_bot_ws/install/abb_bot_msgs/share/abb_bot_msgs/cmake/abb_bot_msgs__rosidl_typesupport_introspection_cppExport-noconfig.cmake].
[3.815s] -- Installing: /home/mihir/abb_bot_ws/install/abb_bot_msgs/share/abb_bot_msgs/cmake/abb_bot_msgs__rosidl_typesupport_introspection_cppExport.cmake
[3.815s] -- Installing: /home/mihir/abb_bot_ws/install/abb_bot_msgs/share/abb_bot_msgs/cmake/abb_bot_msgs__rosidl_typesupport_introspection_cppExport-noconfig.cmake
[3.815s] -- Old export file "/home/mihir/abb_bot_ws/install/abb_bot_msgs/share/abb_bot_msgs/cmake/abb_bot_msgs__rosidl_typesupport_cppExport.cmake" will be replaced.  Removing files [/home/mihir/abb_bot_ws/install/abb_bot_msgs/share/abb_bot_msgs/cmake/abb_bot_msgs__rosidl_typesupport_cppExport-noconfig.cmake].
[3.815s] -- Installing: /home/mihir/abb_bot_ws/install/abb_bot_msgs/share/abb_bot_msgs/cmake/abb_bot_msgs__rosidl_typesupport_cppExport.cmake
[3.815s] -- Installing: /home/mihir/abb_bot_ws/install/abb_bot_msgs/share/abb_bot_msgs/cmake/abb_bot_msgs__rosidl_typesupport_cppExport-noconfig.cmake
[3.815s] -- Old export file "/home/mihir/abb_bot_ws/install/abb_bot_msgs/share/abb_bot_msgs/cmake/export_abb_bot_msgs__rosidl_generator_pyExport.cmake" will be replaced.  Removing files [/home/mihir/abb_bot_ws/install/abb_bot_msgs/share/abb_bot_msgs/cmake/export_abb_bot_msgs__rosidl_generator_pyExport-noconfig.cmake].
[3.815s] -- Installing: /home/mihir/abb_bot_ws/install/abb_bot_msgs/share/abb_bot_msgs/cmake/export_abb_bot_msgs__rosidl_generator_pyExport.cmake
[3.815s] -- Installing: /home/mihir/abb_bot_ws/install/abb_bot_msgs/share/abb_bot_msgs/cmake/export_abb_bot_msgs__rosidl_generator_pyExport-noconfig.cmake
[3.816s] -- Installing: /home/mihir/abb_bot_ws/install/abb_bot_msgs/share/abb_bot_msgs/cmake/rosidl_cmake-extras.cmake
[3.816s] -- Up-to-date: /home/mihir/abb_bot_ws/install/abb_bot_msgs/share/abb_bot_msgs/cmake/ament_cmake_export_include_directories-extras.cmake
[3.816s] -- Up-to-date: /home/mihir/abb_bot_ws/install/abb_bot_msgs/share/abb_bot_msgs/cmake/ament_cmake_export_libraries-extras.cmake
[3.816s] -- Up-to-date: /home/mihir/abb_bot_ws/install/abb_bot_msgs/share/abb_bot_msgs/cmake/ament_cmake_export_targets-extras.cmake
[3.816s] -- Up-to-date: /home/mihir/abb_bot_ws/install/abb_bot_msgs/share/abb_bot_msgs/cmake/rosidl_cmake_export_typesupport_targets-extras.cmake
[3.816s] -- Installing: /home/mihir/abb_bot_ws/install/abb_bot_msgs/share/abb_bot_msgs/cmake/ament_cmake_export_dependencies-extras.cmake
[3.816s] -- Up-to-date: /home/mihir/abb_bot_ws/install/abb_bot_msgs/share/abb_bot_msgs/cmake/rosidl_cmake_export_typesupport_libraries-extras.cmake
[3.816s] -- Installing: /home/mihir/abb_bot_ws/install/abb_bot_msgs/share/abb_bot_msgs/cmake/abb_bot_msgsConfig.cmake
[3.816s] -- Up-to-date: /home/mihir/abb_bot_ws/install/abb_bot_msgs/share/abb_bot_msgs/cmake/abb_bot_msgsConfig-version.cmake
[3.816s] -- Installing: /home/mihir/abb_bot_ws/install/abb_bot_msgs/share/abb_bot_msgs/package.xml
[3.819s] Invoked command in '/home/mihir/abb_bot_ws/build/abb_bot_msgs' returned '0': CMAKE_PREFIX_PATH=/opt/ros/humble /usr/bin/cmake --install /home/mihir/abb_bot_ws/build/abb_bot_msgs
