[0.919s] DEBUG:colcon:Command line arguments: ['/usr/bin/colcon', 'build']
[0.919s] DEBUG:colcon:Parsed command line arguments: Namespace(log_base=None, log_level=None, verb_name='build', build_base='build', install_base='install', merge_install=False, symlink_install=False, test_result_base=None, continue_on_error=False, executor='parallel', parallel_workers=8, event_handlers=None, ignore_user_meta=False, metas=['./colcon.meta'], base_paths=['.'], packages_ignore=None, packages_ignore_regex=None, paths=None, packages_up_to=None, packages_up_to_regex=None, packages_above=None, packages_above_and_dependencies=None, packages_above_depth=None, packages_select_by_dep=None, packages_skip_by_dep=None, packages_skip_up_to=None, packages_select_build_failed=False, packages_skip_build_finished=False, packages_select_test_failures=False, packages_skip_test_passed=False, packages_select=None, packages_skip=None, packages_select_regex=None, packages_skip_regex=None, packages_start=None, packages_end=None, allow_overriding=[], cmake_args=None, cmake_target=None, cmake_target_skip_unavailable=False, cmake_clean_cache=False, cmake_clean_first=False, cmake_force_configure=False, ament_cmake_args=None, catkin_cmake_args=None, catkin_skip_building_tests=False, verb_parser=<colcon_defaults.argument_parser.defaults.DefaultArgumentsDecorator object at 0x7f99df9c12d0>, verb_extension=<colcon_core.verb.build.BuildVerb object at 0x7f99dfddbe20>, main=<bound method BuildVerb.main of <colcon_core.verb.build.BuildVerb object at 0x7f99dfddbe20>>)
[0.962s] Level 1:colcon.colcon_core.package_discovery:discover_packages(colcon_meta) check parameters
[0.962s] Level 1:colcon.colcon_core.package_discovery:discover_packages(recursive) check parameters
[0.962s] Level 1:colcon.colcon_core.package_discovery:discover_packages(ignore) check parameters
[0.962s] Level 1:colcon.colcon_core.package_discovery:discover_packages(path) check parameters
[0.962s] Level 1:colcon.colcon_core.package_discovery:discover_packages(colcon_meta) discover
[0.962s] Level 1:colcon.colcon_core.package_discovery:discover_packages(recursive) discover
[0.962s] INFO:colcon.colcon_core.package_discovery:Crawling recursively for packages in '/home/mihir/abb_bot_ws'
[0.962s] Level 1:colcon.colcon_core.package_identification:_identify(.) by extensions ['ignore', 'ignore_ament_install']
[0.962s] Level 1:colcon.colcon_core.package_identification:_identify(.) by extension 'ignore'
[0.962s] Level 1:colcon.colcon_core.package_identification:_identify(.) by extension 'ignore_ament_install'
[0.962s] Level 1:colcon.colcon_core.package_identification:_identify(.) by extensions ['colcon_pkg']
[0.962s] Level 1:colcon.colcon_core.package_identification:_identify(.) by extension 'colcon_pkg'
[0.963s] Level 1:colcon.colcon_core.package_identification:_identify(.) by extensions ['colcon_meta']
[0.963s] Level 1:colcon.colcon_core.package_identification:_identify(.) by extension 'colcon_meta'
[0.963s] Level 1:colcon.colcon_core.package_identification:_identify(.) by extensions ['ros']
[0.963s] Level 1:colcon.colcon_core.package_identification:_identify(.) by extension 'ros'
[0.974s] Level 1:colcon.colcon_core.package_identification:_identify(.) by extensions ['cmake', 'python']
[0.975s] Level 1:colcon.colcon_core.package_identification:_identify(.) by extension 'cmake'
[0.975s] Level 1:colcon.colcon_core.package_identification:_identify(.) by extension 'python'
[0.975s] Level 1:colcon.colcon_core.package_identification:_identify(.) by extensions ['python_setup_py']
[0.975s] Level 1:colcon.colcon_core.package_identification:_identify(.) by extension 'python_setup_py'
[0.975s] Level 1:colcon.colcon_core.package_identification:_identify(build) by extensions ['ignore', 'ignore_ament_install']
[0.975s] Level 1:colcon.colcon_core.package_identification:_identify(build) by extension 'ignore'
[0.975s] Level 1:colcon.colcon_core.package_identification:_identify(build) ignored
[0.975s] Level 1:colcon.colcon_core.package_identification:_identify(install) by extensions ['ignore', 'ignore_ament_install']
[0.976s] Level 1:colcon.colcon_core.package_identification:_identify(install) by extension 'ignore'
[0.976s] Level 1:colcon.colcon_core.package_identification:_identify(install) ignored
[0.976s] Level 1:colcon.colcon_core.package_identification:_identify(log) by extensions ['ignore', 'ignore_ament_install']
[0.976s] Level 1:colcon.colcon_core.package_identification:_identify(log) by extension 'ignore'
[0.976s] Level 1:colcon.colcon_core.package_identification:_identify(log) ignored
[0.976s] Level 1:colcon.colcon_core.package_identification:_identify(src) by extensions ['ignore', 'ignore_ament_install']
[0.976s] Level 1:colcon.colcon_core.package_identification:_identify(src) by extension 'ignore'
[0.977s] Level 1:colcon.colcon_core.package_identification:_identify(src) by extension 'ignore_ament_install'
[0.977s] Level 1:colcon.colcon_core.package_identification:_identify(src) by extensions ['colcon_pkg']
[0.977s] Level 1:colcon.colcon_core.package_identification:_identify(src) by extension 'colcon_pkg'
[0.977s] Level 1:colcon.colcon_core.package_identification:_identify(src) by extensions ['colcon_meta']
[0.977s] Level 1:colcon.colcon_core.package_identification:_identify(src) by extension 'colcon_meta'
[0.977s] Level 1:colcon.colcon_core.package_identification:_identify(src) by extensions ['ros']
[0.977s] Level 1:colcon.colcon_core.package_identification:_identify(src) by extension 'ros'
[0.977s] Level 1:colcon.colcon_core.package_identification:_identify(src) by extensions ['cmake', 'python']
[0.977s] Level 1:colcon.colcon_core.package_identification:_identify(src) by extension 'cmake'
[0.977s] Level 1:colcon.colcon_core.package_identification:_identify(src) by extension 'python'
[0.977s] Level 1:colcon.colcon_core.package_identification:_identify(src) by extensions ['python_setup_py']
[0.977s] Level 1:colcon.colcon_core.package_identification:_identify(src) by extension 'python_setup_py'
[0.977s] Level 1:colcon.colcon_core.package_identification:_identify(src/bot_controller) by extensions ['ignore', 'ignore_ament_install']
[0.977s] Level 1:colcon.colcon_core.package_identification:_identify(src/bot_controller) by extension 'ignore'
[0.978s] Level 1:colcon.colcon_core.package_identification:_identify(src/bot_controller) by extension 'ignore_ament_install'
[0.978s] Level 1:colcon.colcon_core.package_identification:_identify(src/bot_controller) by extensions ['colcon_pkg']
[0.978s] Level 1:colcon.colcon_core.package_identification:_identify(src/bot_controller) by extension 'colcon_pkg'
[0.978s] Level 1:colcon.colcon_core.package_identification:_identify(src/bot_controller) by extensions ['colcon_meta']
[0.978s] Level 1:colcon.colcon_core.package_identification:_identify(src/bot_controller) by extension 'colcon_meta'
[0.978s] Level 1:colcon.colcon_core.package_identification:_identify(src/bot_controller) by extensions ['ros']
[0.978s] Level 1:colcon.colcon_core.package_identification:_identify(src/bot_controller) by extension 'ros'
[0.981s] DEBUG:colcon.colcon_core.package_identification:Package 'src/bot_controller' with type 'ros.ament_cmake' and name 'bot_controller'
[0.981s] Level 1:colcon.colcon_core.package_identification:_identify(src/bot_description) by extensions ['ignore', 'ignore_ament_install']
[0.981s] Level 1:colcon.colcon_core.package_identification:_identify(src/bot_description) by extension 'ignore'
[0.981s] Level 1:colcon.colcon_core.package_identification:_identify(src/bot_description) by extension 'ignore_ament_install'
[0.981s] Level 1:colcon.colcon_core.package_identification:_identify(src/bot_description) by extensions ['colcon_pkg']
[0.981s] Level 1:colcon.colcon_core.package_identification:_identify(src/bot_description) by extension 'colcon_pkg'
[0.981s] Level 1:colcon.colcon_core.package_identification:_identify(src/bot_description) by extensions ['colcon_meta']
[0.981s] Level 1:colcon.colcon_core.package_identification:_identify(src/bot_description) by extension 'colcon_meta'
[0.982s] Level 1:colcon.colcon_core.package_identification:_identify(src/bot_description) by extensions ['ros']
[0.982s] Level 1:colcon.colcon_core.package_identification:_identify(src/bot_description) by extension 'ros'
[0.982s] DEBUG:colcon.colcon_core.package_identification:Package 'src/bot_description' with type 'ros.ament_cmake' and name 'bot_description'
[0.982s] Level 1:colcon.colcon_core.package_identification:_identify(src/bot_moveit) by extensions ['ignore', 'ignore_ament_install']
[0.982s] Level 1:colcon.colcon_core.package_identification:_identify(src/bot_moveit) by extension 'ignore'
[0.982s] Level 1:colcon.colcon_core.package_identification:_identify(src/bot_moveit) by extension 'ignore_ament_install'
[0.982s] Level 1:colcon.colcon_core.package_identification:_identify(src/bot_moveit) by extensions ['colcon_pkg']
[0.983s] Level 1:colcon.colcon_core.package_identification:_identify(src/bot_moveit) by extension 'colcon_pkg'
[0.983s] Level 1:colcon.colcon_core.package_identification:_identify(src/bot_moveit) by extensions ['colcon_meta']
[0.983s] Level 1:colcon.colcon_core.package_identification:_identify(src/bot_moveit) by extension 'colcon_meta'
[0.983s] Level 1:colcon.colcon_core.package_identification:_identify(src/bot_moveit) by extensions ['ros']
[0.983s] Level 1:colcon.colcon_core.package_identification:_identify(src/bot_moveit) by extension 'ros'
[0.983s] DEBUG:colcon.colcon_core.package_identification:Package 'src/bot_moveit' with type 'ros.ament_cmake' and name 'bot_moveit'
[0.983s] Level 1:colcon.colcon_core.package_identification:_identify(src/build) by extensions ['ignore', 'ignore_ament_install']
[0.983s] Level 1:colcon.colcon_core.package_identification:_identify(src/build) by extension 'ignore'
[0.983s] Level 1:colcon.colcon_core.package_identification:_identify(src/build) ignored
[0.984s] Level 1:colcon.colcon_core.package_identification:_identify(src/install) by extensions ['ignore', 'ignore_ament_install']
[0.984s] Level 1:colcon.colcon_core.package_identification:_identify(src/install) by extension 'ignore'
[0.984s] Level 1:colcon.colcon_core.package_identification:_identify(src/install) ignored
[0.984s] Level 1:colcon.colcon_core.package_identification:_identify(src/log) by extensions ['ignore', 'ignore_ament_install']
[0.984s] Level 1:colcon.colcon_core.package_identification:_identify(src/log) by extension 'ignore'
[0.984s] Level 1:colcon.colcon_core.package_identification:_identify(src/log) ignored
[0.984s] Level 1:colcon.colcon_core.package_discovery:discover_packages(recursive) using defaults
[0.984s] Level 1:colcon.colcon_core.package_discovery:discover_packages(ignore) discover
[0.984s] Level 1:colcon.colcon_core.package_discovery:discover_packages(ignore) using defaults
[0.984s] Level 1:colcon.colcon_core.package_discovery:discover_packages(path) discover
[0.984s] Level 1:colcon.colcon_core.package_discovery:discover_packages(path) using defaults
[1.079s] Level 1:colcon.colcon_core.package_discovery:discover_packages(prefix_path) check parameters
[1.079s] Level 1:colcon.colcon_core.package_discovery:discover_packages(prefix_path) discover
[1.110s] DEBUG:colcon.colcon_installed_package_information.package_discovery:Found 360 installed packages in /opt/ros/humble
[1.112s] Level 1:colcon.colcon_core.package_discovery:discover_packages(prefix_path) using defaults
[1.212s] Level 5:colcon.colcon_core.verb:set package 'bot_controller' build argument 'cmake_args' from command line to 'None'
[1.212s] Level 5:colcon.colcon_core.verb:set package 'bot_controller' build argument 'cmake_target' from command line to 'None'
[1.212s] Level 5:colcon.colcon_core.verb:set package 'bot_controller' build argument 'cmake_target_skip_unavailable' from command line to 'False'
[1.212s] Level 5:colcon.colcon_core.verb:set package 'bot_controller' build argument 'cmake_clean_cache' from command line to 'False'
[1.212s] Level 5:colcon.colcon_core.verb:set package 'bot_controller' build argument 'cmake_clean_first' from command line to 'False'
[1.212s] Level 5:colcon.colcon_core.verb:set package 'bot_controller' build argument 'cmake_force_configure' from command line to 'False'
[1.212s] Level 5:colcon.colcon_core.verb:set package 'bot_controller' build argument 'ament_cmake_args' from command line to 'None'
[1.212s] Level 5:colcon.colcon_core.verb:set package 'bot_controller' build argument 'catkin_cmake_args' from command line to 'None'
[1.212s] Level 5:colcon.colcon_core.verb:set package 'bot_controller' build argument 'catkin_skip_building_tests' from command line to 'False'
[1.212s] DEBUG:colcon.colcon_core.verb:Building package 'bot_controller' with the following arguments: {'ament_cmake_args': None, 'build_base': '/home/mihir/abb_bot_ws/build/bot_controller', 'catkin_cmake_args': None, 'catkin_skip_building_tests': False, 'cmake_args': None, 'cmake_clean_cache': False, 'cmake_clean_first': False, 'cmake_force_configure': False, 'cmake_target': None, 'cmake_target_skip_unavailable': False, 'install_base': '/home/mihir/abb_bot_ws/install/bot_controller', 'merge_install': False, 'path': '/home/mihir/abb_bot_ws/src/bot_controller', 'symlink_install': False, 'test_result_base': None}
[1.228s] Level 5:colcon.colcon_core.verb:set package 'bot_description' build argument 'cmake_args' from command line to 'None'
[1.228s] Level 5:colcon.colcon_core.verb:set package 'bot_description' build argument 'cmake_target' from command line to 'None'
[1.228s] Level 5:colcon.colcon_core.verb:set package 'bot_description' build argument 'cmake_target_skip_unavailable' from command line to 'False'
[1.228s] Level 5:colcon.colcon_core.verb:set package 'bot_description' build argument 'cmake_clean_cache' from command line to 'False'
[1.228s] Level 5:colcon.colcon_core.verb:set package 'bot_description' build argument 'cmake_clean_first' from command line to 'False'
[1.228s] Level 5:colcon.colcon_core.verb:set package 'bot_description' build argument 'cmake_force_configure' from command line to 'False'
[1.228s] Level 5:colcon.colcon_core.verb:set package 'bot_description' build argument 'ament_cmake_args' from command line to 'None'
[1.228s] Level 5:colcon.colcon_core.verb:set package 'bot_description' build argument 'catkin_cmake_args' from command line to 'None'
[1.228s] Level 5:colcon.colcon_core.verb:set package 'bot_description' build argument 'catkin_skip_building_tests' from command line to 'False'
[1.228s] DEBUG:colcon.colcon_core.verb:Building package 'bot_description' with the following arguments: {'ament_cmake_args': None, 'build_base': '/home/mihir/abb_bot_ws/build/bot_description', 'catkin_cmake_args': None, 'catkin_skip_building_tests': False, 'cmake_args': None, 'cmake_clean_cache': False, 'cmake_clean_first': False, 'cmake_force_configure': False, 'cmake_target': None, 'cmake_target_skip_unavailable': False, 'install_base': '/home/mihir/abb_bot_ws/install/bot_description', 'merge_install': False, 'path': '/home/mihir/abb_bot_ws/src/bot_description', 'symlink_install': False, 'test_result_base': None}
[1.247s] Level 5:colcon.colcon_core.verb:set package 'bot_moveit' build argument 'cmake_args' from command line to 'None'
[1.247s] Level 5:colcon.colcon_core.verb:set package 'bot_moveit' build argument 'cmake_target' from command line to 'None'
[1.247s] Level 5:colcon.colcon_core.verb:set package 'bot_moveit' build argument 'cmake_target_skip_unavailable' from command line to 'False'
[1.247s] Level 5:colcon.colcon_core.verb:set package 'bot_moveit' build argument 'cmake_clean_cache' from command line to 'False'
[1.247s] Level 5:colcon.colcon_core.verb:set package 'bot_moveit' build argument 'cmake_clean_first' from command line to 'False'
[1.247s] Level 5:colcon.colcon_core.verb:set package 'bot_moveit' build argument 'cmake_force_configure' from command line to 'False'
[1.247s] Level 5:colcon.colcon_core.verb:set package 'bot_moveit' build argument 'ament_cmake_args' from command line to 'None'
[1.247s] Level 5:colcon.colcon_core.verb:set package 'bot_moveit' build argument 'catkin_cmake_args' from command line to 'None'
[1.247s] Level 5:colcon.colcon_core.verb:set package 'bot_moveit' build argument 'catkin_skip_building_tests' from command line to 'False'
[1.247s] DEBUG:colcon.colcon_core.verb:Building package 'bot_moveit' with the following arguments: {'ament_cmake_args': None, 'build_base': '/home/mihir/abb_bot_ws/build/bot_moveit', 'catkin_cmake_args': None, 'catkin_skip_building_tests': False, 'cmake_args': None, 'cmake_clean_cache': False, 'cmake_clean_first': False, 'cmake_force_configure': False, 'cmake_target': None, 'cmake_target_skip_unavailable': False, 'install_base': '/home/mihir/abb_bot_ws/install/bot_moveit', 'merge_install': False, 'path': '/home/mihir/abb_bot_ws/src/bot_moveit', 'symlink_install': False, 'test_result_base': None}
[1.261s] INFO:colcon.colcon_core.executor:Executing jobs using 'parallel' executor
[1.276s] DEBUG:colcon.colcon_parallel_executor.executor.parallel:run_until_complete
[1.276s] INFO:colcon.colcon_ros.task.ament_cmake.build:Building ROS package in '/home/mihir/abb_bot_ws/src/bot_controller' with build type 'ament_cmake'
[1.276s] INFO:colcon.colcon_cmake.task.cmake.build:Building CMake package in '/home/mihir/abb_bot_ws/src/bot_controller'
[1.293s] INFO:colcon.colcon_core.plugin_system:Skipping extension 'colcon_core.shell.bat': Not used on non-Windows systems
[1.294s] INFO:colcon.colcon_core.shell:Skip shell extension 'powershell' for command environment: Not usable outside of PowerShell
[1.294s] DEBUG:colcon.colcon_core.shell:Skip shell extension 'dsv' for command environment
[1.328s] INFO:colcon.colcon_ros.task.ament_cmake.build:Building ROS package in '/home/mihir/abb_bot_ws/src/bot_description' with build type 'ament_cmake'
[1.328s] INFO:colcon.colcon_cmake.task.cmake.build:Building CMake package in '/home/mihir/abb_bot_ws/src/bot_description'
[1.345s] INFO:colcon.colcon_core.shell:Skip shell extension 'powershell' for command environment: Not usable outside of PowerShell
[1.345s] DEBUG:colcon.colcon_core.shell:Skip shell extension 'dsv' for command environment
[1.379s] INFO:colcon.colcon_ros.task.ament_cmake.build:Building ROS package in '/home/mihir/abb_bot_ws/src/bot_moveit' with build type 'ament_cmake'
[1.380s] INFO:colcon.colcon_cmake.task.cmake.build:Building CMake package in '/home/mihir/abb_bot_ws/src/bot_moveit'
[1.398s] INFO:colcon.colcon_core.shell:Skip shell extension 'powershell' for command environment: Not usable outside of PowerShell
[1.398s] DEBUG:colcon.colcon_core.shell:Skip shell extension 'dsv' for command environment
[1.436s] DEBUG:colcon.colcon_core.event_handler.log_command:Invoking command in '/home/mihir/abb_bot_ws/build/bot_controller': CMAKE_PREFIX_PATH=/opt/ros/humble /usr/bin/cmake --build /home/mihir/abb_bot_ws/build/bot_controller -- -j8 -l8
[1.440s] DEBUG:colcon.colcon_core.event_handler.log_command:Invoking command in '/home/mihir/abb_bot_ws/build/bot_description': CMAKE_PREFIX_PATH=/opt/ros/humble /usr/bin/cmake --build /home/mihir/abb_bot_ws/build/bot_description -- -j8 -l8
[1.443s] DEBUG:colcon.colcon_core.event_handler.log_command:Invoking command in '/home/mihir/abb_bot_ws/build/bot_moveit': CMAKE_PREFIX_PATH=/opt/ros/humble /usr/bin/cmake --build /home/mihir/abb_bot_ws/build/bot_moveit -- -j8 -l8
[1.472s] DEBUG:colcon.colcon_core.event_handler.log_command:Invoked command in '/home/mihir/abb_bot_ws/build/bot_controller' returned '0': CMAKE_PREFIX_PATH=/opt/ros/humble /usr/bin/cmake --build /home/mihir/abb_bot_ws/build/bot_controller -- -j8 -l8
[1.479s] DEBUG:colcon.colcon_core.event_handler.log_command:Invoked command in '/home/mihir/abb_bot_ws/build/bot_moveit' returned '0': CMAKE_PREFIX_PATH=/opt/ros/humble /usr/bin/cmake --build /home/mihir/abb_bot_ws/build/bot_moveit -- -j8 -l8
[1.506s] DEBUG:colcon.colcon_core.event_handler.log_command:Invoking command in '/home/mihir/abb_bot_ws/build/bot_controller': CMAKE_PREFIX_PATH=/opt/ros/humble /usr/bin/cmake --install /home/mihir/abb_bot_ws/build/bot_controller
[1.508s] DEBUG:colcon.colcon_core.event_handler.log_command:Invoking command in '/home/mihir/abb_bot_ws/build/bot_moveit': CMAKE_PREFIX_PATH=/opt/ros/humble /usr/bin/cmake --install /home/mihir/abb_bot_ws/build/bot_moveit
[1.518s] Level 1:colcon.colcon_core.environment:create_environment_scripts_only(bot_controller)
[1.525s] DEBUG:colcon.colcon_core.event_handler.log_command:Invoked command in '/home/mihir/abb_bot_ws/build/bot_controller' returned '0': CMAKE_PREFIX_PATH=/opt/ros/humble /usr/bin/cmake --install /home/mihir/abb_bot_ws/build/bot_controller
[1.546s] Level 1:colcon.colcon_core.environment:checking '/home/mihir/abb_bot_ws/install/bot_controller' for CMake module files
[1.546s] Level 1:colcon.colcon_core.environment:checking '/home/mihir/abb_bot_ws/install/bot_controller' for CMake config files
[1.547s] Level 1:colcon.colcon_core.shell:create_environment_hook('bot_controller', 'cmake_prefix_path')
[1.564s] INFO:colcon.colcon_core.shell:Creating environment hook '/home/mihir/abb_bot_ws/install/bot_controller/share/bot_controller/hook/cmake_prefix_path.ps1'
[1.564s] INFO:colcon.colcon_core.shell:Creating environment descriptor '/home/mihir/abb_bot_ws/install/bot_controller/share/bot_controller/hook/cmake_prefix_path.dsv'
[1.565s] INFO:colcon.colcon_core.shell:Creating environment hook '/home/mihir/abb_bot_ws/install/bot_controller/share/bot_controller/hook/cmake_prefix_path.sh'
[1.566s] Level 1:colcon.colcon_core.environment:checking '/home/mihir/abb_bot_ws/install/bot_controller/bin'
[1.566s] Level 1:colcon.colcon_core.environment:checking '/home/mihir/abb_bot_ws/install/bot_controller/lib/pkgconfig/bot_controller.pc'
[1.566s] Level 1:colcon.colcon_core.environment:checking '/home/mihir/abb_bot_ws/install/bot_controller/lib/python3.10/site-packages'
[1.566s] Level 1:colcon.colcon_core.environment:checking '/home/mihir/abb_bot_ws/install/bot_controller/bin'
[1.582s] INFO:colcon.colcon_core.shell:Creating package script '/home/mihir/abb_bot_ws/install/bot_controller/share/bot_controller/package.ps1'
[1.583s] INFO:colcon.colcon_core.shell:Creating package descriptor '/home/mihir/abb_bot_ws/install/bot_controller/share/bot_controller/package.dsv'
[1.584s] INFO:colcon.colcon_core.shell:Creating package script '/home/mihir/abb_bot_ws/install/bot_controller/share/bot_controller/package.sh'
[1.584s] INFO:colcon.colcon_core.shell:Creating package script '/home/mihir/abb_bot_ws/install/bot_controller/share/bot_controller/package.bash'
[1.585s] INFO:colcon.colcon_core.shell:Creating package script '/home/mihir/abb_bot_ws/install/bot_controller/share/bot_controller/package.zsh'
[1.586s] Level 1:colcon.colcon_core.environment:create_file_with_runtime_dependencies(/home/mihir/abb_bot_ws/install/bot_controller/share/colcon-core/packages/bot_controller)
[1.588s] Level 1:colcon.colcon_core.environment:create_environment_scripts_only(bot_moveit)
[1.589s] DEBUG:colcon.colcon_core.event_handler.log_command:Invoked command in '/home/mihir/abb_bot_ws/build/bot_moveit' returned '0': CMAKE_PREFIX_PATH=/opt/ros/humble /usr/bin/cmake --install /home/mihir/abb_bot_ws/build/bot_moveit
[1.610s] Level 1:colcon.colcon_core.environment:checking '/home/mihir/abb_bot_ws/install/bot_moveit' for CMake module files
[1.611s] Level 1:colcon.colcon_core.environment:checking '/home/mihir/abb_bot_ws/install/bot_moveit' for CMake config files
[1.611s] Level 1:colcon.colcon_core.shell:create_environment_hook('bot_moveit', 'cmake_prefix_path')
[1.635s] INFO:colcon.colcon_core.shell:Creating environment hook '/home/mihir/abb_bot_ws/install/bot_moveit/share/bot_moveit/hook/cmake_prefix_path.ps1'
[1.636s] INFO:colcon.colcon_core.shell:Creating environment descriptor '/home/mihir/abb_bot_ws/install/bot_moveit/share/bot_moveit/hook/cmake_prefix_path.dsv'
[1.636s] INFO:colcon.colcon_core.shell:Creating environment hook '/home/mihir/abb_bot_ws/install/bot_moveit/share/bot_moveit/hook/cmake_prefix_path.sh'
[1.637s] Level 1:colcon.colcon_core.environment:checking '/home/mihir/abb_bot_ws/install/bot_moveit/bin'
[1.637s] Level 1:colcon.colcon_core.environment:checking '/home/mihir/abb_bot_ws/install/bot_moveit/lib/pkgconfig/bot_moveit.pc'
[1.638s] Level 1:colcon.colcon_core.environment:checking '/home/mihir/abb_bot_ws/install/bot_moveit/lib/python3.10/site-packages'
[1.638s] Level 1:colcon.colcon_core.environment:checking '/home/mihir/abb_bot_ws/install/bot_moveit/bin'
[1.655s] INFO:colcon.colcon_core.shell:Creating package script '/home/mihir/abb_bot_ws/install/bot_moveit/share/bot_moveit/package.ps1'
[1.655s] INFO:colcon.colcon_core.shell:Creating package descriptor '/home/mihir/abb_bot_ws/install/bot_moveit/share/bot_moveit/package.dsv'
[1.656s] INFO:colcon.colcon_core.shell:Creating package script '/home/mihir/abb_bot_ws/install/bot_moveit/share/bot_moveit/package.sh'
[1.656s] INFO:colcon.colcon_core.shell:Creating package script '/home/mihir/abb_bot_ws/install/bot_moveit/share/bot_moveit/package.bash'
[1.656s] INFO:colcon.colcon_core.shell:Creating package script '/home/mihir/abb_bot_ws/install/bot_moveit/share/bot_moveit/package.zsh'
[1.657s] Level 1:colcon.colcon_core.environment:create_file_with_runtime_dependencies(/home/mihir/abb_bot_ws/install/bot_moveit/share/colcon-core/packages/bot_moveit)
[1.679s] Level 1:colcon.colcon_core.environment:create_environment_scripts_only(bot_controller)
[1.695s] Level 1:colcon.colcon_core.environment:checking '/home/mihir/abb_bot_ws/install/bot_controller' for CMake module files
[1.695s] Level 1:colcon.colcon_core.environment:checking '/home/mihir/abb_bot_ws/install/bot_controller' for CMake config files
[1.696s] Level 1:colcon.colcon_core.shell:create_environment_hook('bot_controller', 'cmake_prefix_path')
[1.714s] INFO:colcon.colcon_core.shell:Creating environment hook '/home/mihir/abb_bot_ws/install/bot_controller/share/bot_controller/hook/cmake_prefix_path.ps1'
[1.715s] INFO:colcon.colcon_core.shell:Creating environment descriptor '/home/mihir/abb_bot_ws/install/bot_controller/share/bot_controller/hook/cmake_prefix_path.dsv'
[1.715s] INFO:colcon.colcon_core.shell:Creating environment hook '/home/mihir/abb_bot_ws/install/bot_controller/share/bot_controller/hook/cmake_prefix_path.sh'
[1.716s] Level 1:colcon.colcon_core.environment:checking '/home/mihir/abb_bot_ws/install/bot_controller/bin'
[1.716s] Level 1:colcon.colcon_core.environment:checking '/home/mihir/abb_bot_ws/install/bot_controller/lib/pkgconfig/bot_controller.pc'
[1.716s] Level 1:colcon.colcon_core.environment:checking '/home/mihir/abb_bot_ws/install/bot_controller/lib/python3.10/site-packages'
[1.716s] Level 1:colcon.colcon_core.environment:checking '/home/mihir/abb_bot_ws/install/bot_controller/bin'
[1.738s] INFO:colcon.colcon_core.shell:Creating package script '/home/mihir/abb_bot_ws/install/bot_controller/share/bot_controller/package.ps1'
[1.738s] INFO:colcon.colcon_core.shell:Creating package descriptor '/home/mihir/abb_bot_ws/install/bot_controller/share/bot_controller/package.dsv'
[1.739s] INFO:colcon.colcon_core.shell:Creating package script '/home/mihir/abb_bot_ws/install/bot_controller/share/bot_controller/package.sh'
[1.739s] INFO:colcon.colcon_core.shell:Creating package script '/home/mihir/abb_bot_ws/install/bot_controller/share/bot_controller/package.bash'
[1.739s] INFO:colcon.colcon_core.shell:Creating package script '/home/mihir/abb_bot_ws/install/bot_controller/share/bot_controller/package.zsh'
[1.740s] Level 1:colcon.colcon_core.environment:create_file_with_runtime_dependencies(/home/mihir/abb_bot_ws/install/bot_controller/share/colcon-core/packages/bot_controller)
[1.761s] Level 1:colcon.colcon_core.environment:create_environment_scripts_only(bot_moveit)
[1.781s] Level 1:colcon.colcon_core.environment:checking '/home/mihir/abb_bot_ws/install/bot_moveit' for CMake module files
[1.781s] Level 1:colcon.colcon_core.environment:checking '/home/mihir/abb_bot_ws/install/bot_moveit' for CMake config files
[1.781s] Level 1:colcon.colcon_core.shell:create_environment_hook('bot_moveit', 'cmake_prefix_path')
[1.803s] INFO:colcon.colcon_core.shell:Creating environment hook '/home/mihir/abb_bot_ws/install/bot_moveit/share/bot_moveit/hook/cmake_prefix_path.ps1'
[1.803s] INFO:colcon.colcon_core.shell:Creating environment descriptor '/home/mihir/abb_bot_ws/install/bot_moveit/share/bot_moveit/hook/cmake_prefix_path.dsv'
[1.804s] INFO:colcon.colcon_core.shell:Creating environment hook '/home/mihir/abb_bot_ws/install/bot_moveit/share/bot_moveit/hook/cmake_prefix_path.sh'
[1.804s] Level 1:colcon.colcon_core.environment:checking '/home/mihir/abb_bot_ws/install/bot_moveit/bin'
[1.804s] Level 1:colcon.colcon_core.environment:checking '/home/mihir/abb_bot_ws/install/bot_moveit/lib/pkgconfig/bot_moveit.pc'
[1.805s] Level 1:colcon.colcon_core.environment:checking '/home/mihir/abb_bot_ws/install/bot_moveit/lib/python3.10/site-packages'
[1.805s] Level 1:colcon.colcon_core.environment:checking '/home/mihir/abb_bot_ws/install/bot_moveit/bin'
[1.821s] INFO:colcon.colcon_core.shell:Creating package script '/home/mihir/abb_bot_ws/install/bot_moveit/share/bot_moveit/package.ps1'
[1.821s] INFO:colcon.colcon_core.shell:Creating package descriptor '/home/mihir/abb_bot_ws/install/bot_moveit/share/bot_moveit/package.dsv'
[1.822s] INFO:colcon.colcon_core.shell:Creating package script '/home/mihir/abb_bot_ws/install/bot_moveit/share/bot_moveit/package.sh'
[1.822s] INFO:colcon.colcon_core.shell:Creating package script '/home/mihir/abb_bot_ws/install/bot_moveit/share/bot_moveit/package.bash'
[1.823s] INFO:colcon.colcon_core.shell:Creating package script '/home/mihir/abb_bot_ws/install/bot_moveit/share/bot_moveit/package.zsh'
[1.823s] Level 1:colcon.colcon_core.environment:create_file_with_runtime_dependencies(/home/mihir/abb_bot_ws/install/bot_moveit/share/colcon-core/packages/bot_moveit)
[1.825s] DEBUG:colcon.colcon_core.event_handler.log_command:Invoked command in '/home/mihir/abb_bot_ws/build/bot_description' returned '0': CMAKE_PREFIX_PATH=/opt/ros/humble /usr/bin/cmake --build /home/mihir/abb_bot_ws/build/bot_description -- -j8 -l8
[1.846s] DEBUG:colcon.colcon_core.event_handler.log_command:Invoking command in '/home/mihir/abb_bot_ws/build/bot_description': CMAKE_PREFIX_PATH=/opt/ros/humble /usr/bin/cmake --install /home/mihir/abb_bot_ws/build/bot_description
[1.857s] Level 1:colcon.colcon_core.environment:create_environment_scripts_only(bot_description)
[1.857s] DEBUG:colcon.colcon_core.event_handler.log_command:Invoked command in '/home/mihir/abb_bot_ws/build/bot_description' returned '0': CMAKE_PREFIX_PATH=/opt/ros/humble /usr/bin/cmake --install /home/mihir/abb_bot_ws/build/bot_description
[1.873s] Level 1:colcon.colcon_core.environment:checking '/home/mihir/abb_bot_ws/install/bot_description' for CMake module files
[1.873s] Level 1:colcon.colcon_core.environment:checking '/home/mihir/abb_bot_ws/install/bot_description' for CMake config files
[1.874s] Level 1:colcon.colcon_core.shell:create_environment_hook('bot_description', 'cmake_prefix_path')
[1.889s] INFO:colcon.colcon_core.shell:Creating environment hook '/home/mihir/abb_bot_ws/install/bot_description/share/bot_description/hook/cmake_prefix_path.ps1'
[1.889s] INFO:colcon.colcon_core.shell:Creating environment descriptor '/home/mihir/abb_bot_ws/install/bot_description/share/bot_description/hook/cmake_prefix_path.dsv'
[1.890s] INFO:colcon.colcon_core.shell:Creating environment hook '/home/mihir/abb_bot_ws/install/bot_description/share/bot_description/hook/cmake_prefix_path.sh'
[1.890s] Level 1:colcon.colcon_core.environment:checking '/home/mihir/abb_bot_ws/install/bot_description/lib'
[1.891s] Level 1:colcon.colcon_core.environment:checking '/home/mihir/abb_bot_ws/install/bot_description/bin'
[1.891s] Level 1:colcon.colcon_core.environment:checking '/home/mihir/abb_bot_ws/install/bot_description/lib/pkgconfig/bot_description.pc'
[1.891s] Level 1:colcon.colcon_core.environment:checking '/home/mihir/abb_bot_ws/install/bot_description/lib/python3.10/site-packages'
[1.891s] Level 1:colcon.colcon_core.shell:create_environment_hook('bot_description', 'pythonpath')
[1.908s] INFO:colcon.colcon_core.shell:Creating environment hook '/home/mihir/abb_bot_ws/install/bot_description/share/bot_description/hook/pythonpath.ps1'
[1.909s] INFO:colcon.colcon_core.shell:Creating environment descriptor '/home/mihir/abb_bot_ws/install/bot_description/share/bot_description/hook/pythonpath.dsv'
[1.909s] INFO:colcon.colcon_core.shell:Creating environment hook '/home/mihir/abb_bot_ws/install/bot_description/share/bot_description/hook/pythonpath.sh'
[1.909s] Level 1:colcon.colcon_core.environment:checking '/home/mihir/abb_bot_ws/install/bot_description/bin'
[1.925s] INFO:colcon.colcon_core.shell:Creating package script '/home/mihir/abb_bot_ws/install/bot_description/share/bot_description/package.ps1'
[1.925s] INFO:colcon.colcon_core.shell:Creating package descriptor '/home/mihir/abb_bot_ws/install/bot_description/share/bot_description/package.dsv'
[1.926s] INFO:colcon.colcon_core.shell:Creating package script '/home/mihir/abb_bot_ws/install/bot_description/share/bot_description/package.sh'
[1.926s] INFO:colcon.colcon_core.shell:Creating package script '/home/mihir/abb_bot_ws/install/bot_description/share/bot_description/package.bash'
[1.926s] INFO:colcon.colcon_core.shell:Creating package script '/home/mihir/abb_bot_ws/install/bot_description/share/bot_description/package.zsh'
[1.927s] Level 1:colcon.colcon_core.environment:create_file_with_runtime_dependencies(/home/mihir/abb_bot_ws/install/bot_description/share/colcon-core/packages/bot_description)
[1.958s] Level 1:colcon.colcon_core.environment:create_environment_scripts_only(bot_description)
[1.972s] Level 1:colcon.colcon_core.environment:checking '/home/mihir/abb_bot_ws/install/bot_description' for CMake module files
[1.972s] Level 1:colcon.colcon_core.environment:checking '/home/mihir/abb_bot_ws/install/bot_description' for CMake config files
[1.973s] Level 1:colcon.colcon_core.shell:create_environment_hook('bot_description', 'cmake_prefix_path')
[1.986s] INFO:colcon.colcon_core.shell:Creating environment hook '/home/mihir/abb_bot_ws/install/bot_description/share/bot_description/hook/cmake_prefix_path.ps1'
[1.987s] INFO:colcon.colcon_core.shell:Creating environment descriptor '/home/mihir/abb_bot_ws/install/bot_description/share/bot_description/hook/cmake_prefix_path.dsv'
[1.987s] INFO:colcon.colcon_core.shell:Creating environment hook '/home/mihir/abb_bot_ws/install/bot_description/share/bot_description/hook/cmake_prefix_path.sh'
[1.988s] Level 1:colcon.colcon_core.environment:checking '/home/mihir/abb_bot_ws/install/bot_description/lib'
[1.988s] Level 1:colcon.colcon_core.environment:checking '/home/mihir/abb_bot_ws/install/bot_description/bin'
[1.988s] Level 1:colcon.colcon_core.environment:checking '/home/mihir/abb_bot_ws/install/bot_description/lib/pkgconfig/bot_description.pc'
[1.988s] Level 1:colcon.colcon_core.environment:checking '/home/mihir/abb_bot_ws/install/bot_description/lib/python3.10/site-packages'
[1.988s] Level 1:colcon.colcon_core.shell:create_environment_hook('bot_description', 'pythonpath')
[2.003s] INFO:colcon.colcon_core.shell:Creating environment hook '/home/mihir/abb_bot_ws/install/bot_description/share/bot_description/hook/pythonpath.ps1'
[2.004s] INFO:colcon.colcon_core.shell:Creating environment descriptor '/home/mihir/abb_bot_ws/install/bot_description/share/bot_description/hook/pythonpath.dsv'
[2.005s] INFO:colcon.colcon_core.shell:Creating environment hook '/home/mihir/abb_bot_ws/install/bot_description/share/bot_description/hook/pythonpath.sh'
[2.005s] Level 1:colcon.colcon_core.environment:checking '/home/mihir/abb_bot_ws/install/bot_description/bin'
[2.031s] INFO:colcon.colcon_core.shell:Creating package script '/home/mihir/abb_bot_ws/install/bot_description/share/bot_description/package.ps1'
[2.032s] INFO:colcon.colcon_core.shell:Creating package descriptor '/home/mihir/abb_bot_ws/install/bot_description/share/bot_description/package.dsv'
[2.033s] INFO:colcon.colcon_core.shell:Creating package script '/home/mihir/abb_bot_ws/install/bot_description/share/bot_description/package.sh'
[2.033s] INFO:colcon.colcon_core.shell:Creating package script '/home/mihir/abb_bot_ws/install/bot_description/share/bot_description/package.bash'
[2.033s] INFO:colcon.colcon_core.shell:Creating package script '/home/mihir/abb_bot_ws/install/bot_description/share/bot_description/package.zsh'
[2.034s] Level 1:colcon.colcon_core.environment:create_file_with_runtime_dependencies(/home/mihir/abb_bot_ws/install/bot_description/share/colcon-core/packages/bot_description)
[2.034s] DEBUG:colcon.colcon_parallel_executor.executor.parallel:closing loop
[2.034s] DEBUG:colcon.colcon_parallel_executor.executor.parallel:loop closed
[2.034s] DEBUG:colcon.colcon_parallel_executor.executor.parallel:run_until_complete finished with '0'
[2.035s] DEBUG:colcon.colcon_core.event_reactor:joining thread
[2.056s] INFO:colcon.colcon_core.plugin_system:Skipping extension 'colcon_notification.desktop_notification.terminal_notifier': Not used on non-Darwin systems
[2.056s] INFO:colcon.colcon_core.plugin_system:Skipping extension 'colcon_notification.desktop_notification.win32': Not used on non-Windows systems
[2.057s] INFO:colcon.colcon_notification.desktop_notification:Sending desktop notification using 'notify2'
[2.068s] DEBUG:colcon.colcon_core.event_reactor:joined thread
[2.090s] INFO:colcon.colcon_core.shell:Creating prefix script '/home/mihir/abb_bot_ws/install/local_setup.ps1'
[2.091s] INFO:colcon.colcon_core.shell:Creating prefix util module '/home/mihir/abb_bot_ws/install/_local_setup_util_ps1.py'
[2.093s] INFO:colcon.colcon_core.shell:Creating prefix chain script '/home/mihir/abb_bot_ws/install/setup.ps1'
[2.113s] INFO:colcon.colcon_core.shell:Creating prefix script '/home/mihir/abb_bot_ws/install/local_setup.sh'
[2.114s] INFO:colcon.colcon_core.shell:Creating prefix util module '/home/mihir/abb_bot_ws/install/_local_setup_util_sh.py'
[2.114s] INFO:colcon.colcon_core.shell:Creating prefix chain script '/home/mihir/abb_bot_ws/install/setup.sh'
[2.138s] INFO:colcon.colcon_core.shell:Creating prefix script '/home/mihir/abb_bot_ws/install/local_setup.bash'
[2.139s] INFO:colcon.colcon_core.shell:Creating prefix chain script '/home/mihir/abb_bot_ws/install/setup.bash'
[2.159s] INFO:colcon.colcon_core.shell:Creating prefix script '/home/mihir/abb_bot_ws/install/local_setup.zsh'
[2.160s] INFO:colcon.colcon_core.shell:Creating prefix chain script '/home/mihir/abb_bot_ws/install/setup.zsh'
