[0.292s] Invoking command in '/home/mihir/abb_bot_ws/build/abb_bot_msgs': CMAKE_PREFIX_PATH=/opt/ros/humble /usr/bin/cmake --build /home/mihir/abb_bot_ws/build/abb_bot_msgs -- -j8 -l8
[0.378s] [  9%] Built target abb_bot_msgs__rosidl_generator_c
[0.379s] [ 12%] Built target abb_bot_msgs__cpp
[0.401s] [ 12%] Built target ament_cmake_python_copy_abb_bot_msgs
[0.422s] [ 29%] Built target abb_bot_msgs__rosidl_typesupport_c
[0.423s] [ 32%] Built target abb_bot_msgs__rosidl_typesupport_introspection_c
[0.430s] [ 41%] Built target abb_bot_msgs__rosidl_typesupport_fastrtps_c
[0.451s] [ 51%] Built target abb_bot_msgs__rosidl_typesupport_fastrtps_cpp
[0.459s] [ 61%] Built target abb_bot_msgs__rosidl_typesupport_cpp
[0.460s] [ 70%] Built target abb_bot_msgs__rosidl_typesupport_introspection_cpp
[0.501s] [ 70%] Built target abb_bot_msgs
[0.524s] [ 74%] Built target abb_bot_msgs__py
[0.552s] [ 80%] Built target abb_bot_msgs__rosidl_generator_py
[0.579s] [100%] Built target abb_bot_msgs__rosidl_typesupport_fastrtps_c__pyext
[0.579s] [100%] Built target abb_bot_msgs__rosidl_typesupport_introspection_c__pyext
[0.579s] [100%] Built target abb_bot_msgs__rosidl_typesupport_c__pyext
[0.718s] running egg_info
[0.718s] writing abb_bot_msgs.egg-info/PKG-INFO
[0.719s] writing dependency_links to abb_bot_msgs.egg-info/dependency_links.txt
[0.719s] writing top-level names to abb_bot_msgs.egg-info/top_level.txt
[0.721s] reading manifest file 'abb_bot_msgs.egg-info/SOURCES.txt'
[0.722s] writing manifest file 'abb_bot_msgs.egg-info/SOURCES.txt'
[0.758s] [100%] Built target ament_cmake_python_build_abb_bot_msgs_egg
[1.048s] Invoked command in '/home/mihir/abb_bot_ws/build/abb_bot_msgs' returned '0': CMAKE_PREFIX_PATH=/opt/ros/humble /usr/bin/cmake --build /home/mihir/abb_bot_ws/build/abb_bot_msgs -- -j8 -l8
[1.092s] Invoking command in '/home/mihir/abb_bot_ws/build/abb_bot_msgs': CMAKE_PREFIX_PATH=/opt/ros/humble /usr/bin/cmake --install /home/mihir/abb_bot_ws/build/abb_bot_msgs
[1.098s] -- Install configuration: ""
[1.099s] -- Up-to-date: /home/mihir/abb_bot_ws/install/abb_bot_msgs/share/ament_index/resource_index/rosidl_interfaces/abb_bot_msgs
[1.099s] -- Up-to-date: /home/mihir/abb_bot_ws/install/abb_bot_msgs/include/abb_bot_msgs/abb_bot_msgs
[1.099s] -- Up-to-date: /home/mihir/abb_bot_ws/install/abb_bot_msgs/include/abb_bot_msgs/abb_bot_msgs/msg
[1.099s] -- Up-to-date: /home/mihir/abb_bot_ws/install/abb_bot_msgs/include/abb_bot_msgs/abb_bot_msgs/msg/rosidl_generator_c__visibility_control.h
[1.099s] -- Up-to-date: /home/mihir/abb_bot_ws/install/abb_bot_msgs/include/abb_bot_msgs/abb_bot_msgs/action
[1.099s] -- Up-to-date: /home/mihir/abb_bot_ws/install/abb_bot_msgs/include/abb_bot_msgs/abb_bot_msgs/action/abb_bot_task.h
[1.099s] -- Up-to-date: /home/mihir/abb_bot_ws/install/abb_bot_msgs/include/abb_bot_msgs/abb_bot_msgs/action/detail
[1.099s] -- Up-to-date: /home/mihir/abb_bot_ws/install/abb_bot_msgs/include/abb_bot_msgs/abb_bot_msgs/action/detail/abb_bot_task__struct.h
[1.100s] -- Up-to-date: /home/mihir/abb_bot_ws/install/abb_bot_msgs/include/abb_bot_msgs/abb_bot_msgs/action/detail/abb_bot_task__functions.h
[1.100s] -- Up-to-date: /home/mihir/abb_bot_ws/install/abb_bot_msgs/include/abb_bot_msgs/abb_bot_msgs/action/detail/abb_bot_task__type_support.h
[1.100s] -- Up-to-date: /home/mihir/abb_bot_ws/install/abb_bot_msgs/include/abb_bot_msgs/abb_bot_msgs/action/detail/abb_bot_task__functions.c
[1.100s] -- Up-to-date: /home/mihir/abb_bot_ws/install/abb_bot_msgs/share/abb_bot_msgs/environment/library_path.sh
[1.100s] -- Up-to-date: /home/mihir/abb_bot_ws/install/abb_bot_msgs/share/abb_bot_msgs/environment/library_path.dsv
[1.100s] -- Up-to-date: /home/mihir/abb_bot_ws/install/abb_bot_msgs/lib/libabb_bot_msgs__rosidl_generator_c.so
[1.100s] -- Up-to-date: /home/mihir/abb_bot_ws/install/abb_bot_msgs/include/abb_bot_msgs/abb_bot_msgs
[1.100s] -- Up-to-date: /home/mihir/abb_bot_ws/install/abb_bot_msgs/include/abb_bot_msgs/abb_bot_msgs/msg
[1.101s] -- Up-to-date: /home/mihir/abb_bot_ws/install/abb_bot_msgs/include/abb_bot_msgs/abb_bot_msgs/msg/rosidl_typesupport_fastrtps_c__visibility_control.h
[1.101s] -- Up-to-date: /home/mihir/abb_bot_ws/install/abb_bot_msgs/include/abb_bot_msgs/abb_bot_msgs/action
[1.101s] -- Up-to-date: /home/mihir/abb_bot_ws/install/abb_bot_msgs/include/abb_bot_msgs/abb_bot_msgs/action/detail
[1.101s] -- Up-to-date: /home/mihir/abb_bot_ws/install/abb_bot_msgs/include/abb_bot_msgs/abb_bot_msgs/action/detail/abb_bot_task__rosidl_typesupport_fastrtps_c.h
[1.101s] -- Up-to-date: /home/mihir/abb_bot_ws/install/abb_bot_msgs/lib/libabb_bot_msgs__rosidl_typesupport_fastrtps_c.so
[1.101s] -- Up-to-date: /home/mihir/abb_bot_ws/install/abb_bot_msgs/include/abb_bot_msgs/abb_bot_msgs
[1.101s] -- Up-to-date: /home/mihir/abb_bot_ws/install/abb_bot_msgs/include/abb_bot_msgs/abb_bot_msgs/action
[1.101s] -- Up-to-date: /home/mihir/abb_bot_ws/install/abb_bot_msgs/include/abb_bot_msgs/abb_bot_msgs/action/abb_bot_task.hpp
[1.101s] -- Up-to-date: /home/mihir/abb_bot_ws/install/abb_bot_msgs/include/abb_bot_msgs/abb_bot_msgs/action/detail
[1.102s] -- Up-to-date: /home/mihir/abb_bot_ws/install/abb_bot_msgs/include/abb_bot_msgs/abb_bot_msgs/action/detail/abb_bot_task__builder.hpp
[1.102s] -- Up-to-date: /home/mihir/abb_bot_ws/install/abb_bot_msgs/include/abb_bot_msgs/abb_bot_msgs/action/detail/abb_bot_task__traits.hpp
[1.102s] -- Up-to-date: /home/mihir/abb_bot_ws/install/abb_bot_msgs/include/abb_bot_msgs/abb_bot_msgs/action/detail/abb_bot_task__struct.hpp
[1.102s] -- Up-to-date: /home/mihir/abb_bot_ws/install/abb_bot_msgs/include/abb_bot_msgs/abb_bot_msgs
[1.102s] -- Up-to-date: /home/mihir/abb_bot_ws/install/abb_bot_msgs/include/abb_bot_msgs/abb_bot_msgs/msg
[1.102s] -- Up-to-date: /home/mihir/abb_bot_ws/install/abb_bot_msgs/include/abb_bot_msgs/abb_bot_msgs/msg/rosidl_typesupport_fastrtps_cpp__visibility_control.h
[1.102s] -- Up-to-date: /home/mihir/abb_bot_ws/install/abb_bot_msgs/include/abb_bot_msgs/abb_bot_msgs/action
[1.102s] -- Up-to-date: /home/mihir/abb_bot_ws/install/abb_bot_msgs/include/abb_bot_msgs/abb_bot_msgs/action/detail
[1.102s] -- Up-to-date: /home/mihir/abb_bot_ws/install/abb_bot_msgs/include/abb_bot_msgs/abb_bot_msgs/action/detail/abb_bot_task__rosidl_typesupport_fastrtps_cpp.hpp
[1.102s] -- Up-to-date: /home/mihir/abb_bot_ws/install/abb_bot_msgs/include/abb_bot_msgs/abb_bot_msgs/action/detail/dds_fastrtps
[1.103s] -- Up-to-date: /home/mihir/abb_bot_ws/install/abb_bot_msgs/lib/libabb_bot_msgs__rosidl_typesupport_fastrtps_cpp.so
[1.103s] -- Up-to-date: /home/mihir/abb_bot_ws/install/abb_bot_msgs/include/abb_bot_msgs/abb_bot_msgs
[1.103s] -- Up-to-date: /home/mihir/abb_bot_ws/install/abb_bot_msgs/include/abb_bot_msgs/abb_bot_msgs/msg
[1.103s] -- Up-to-date: /home/mihir/abb_bot_ws/install/abb_bot_msgs/include/abb_bot_msgs/abb_bot_msgs/msg/rosidl_typesupport_introspection_c__visibility_control.h
[1.103s] -- Up-to-date: /home/mihir/abb_bot_ws/install/abb_bot_msgs/include/abb_bot_msgs/abb_bot_msgs/action
[1.103s] -- Up-to-date: /home/mihir/abb_bot_ws/install/abb_bot_msgs/include/abb_bot_msgs/abb_bot_msgs/action/detail
[1.103s] -- Up-to-date: /home/mihir/abb_bot_ws/install/abb_bot_msgs/include/abb_bot_msgs/abb_bot_msgs/action/detail/abb_bot_task__type_support.c
[1.103s] -- Up-to-date: /home/mihir/abb_bot_ws/install/abb_bot_msgs/include/abb_bot_msgs/abb_bot_msgs/action/detail/abb_bot_task__rosidl_typesupport_introspection_c.h
[1.103s] -- Up-to-date: /home/mihir/abb_bot_ws/install/abb_bot_msgs/lib/libabb_bot_msgs__rosidl_typesupport_introspection_c.so
[1.103s] -- Up-to-date: /home/mihir/abb_bot_ws/install/abb_bot_msgs/lib/libabb_bot_msgs__rosidl_typesupport_c.so
[1.103s] -- Up-to-date: /home/mihir/abb_bot_ws/install/abb_bot_msgs/include/abb_bot_msgs/abb_bot_msgs
[1.103s] -- Up-to-date: /home/mihir/abb_bot_ws/install/abb_bot_msgs/include/abb_bot_msgs/abb_bot_msgs/action
[1.103s] -- Up-to-date: /home/mihir/abb_bot_ws/install/abb_bot_msgs/include/abb_bot_msgs/abb_bot_msgs/action/detail
[1.103s] -- Up-to-date: /home/mihir/abb_bot_ws/install/abb_bot_msgs/include/abb_bot_msgs/abb_bot_msgs/action/detail/abb_bot_task__rosidl_typesupport_introspection_cpp.hpp
[1.103s] -- Up-to-date: /home/mihir/abb_bot_ws/install/abb_bot_msgs/include/abb_bot_msgs/abb_bot_msgs/action/detail/abb_bot_task__type_support.cpp
[1.103s] -- Up-to-date: /home/mihir/abb_bot_ws/install/abb_bot_msgs/lib/libabb_bot_msgs__rosidl_typesupport_introspection_cpp.so
[1.103s] -- Up-to-date: /home/mihir/abb_bot_ws/install/abb_bot_msgs/lib/libabb_bot_msgs__rosidl_typesupport_cpp.so
[1.103s] -- Up-to-date: /home/mihir/abb_bot_ws/install/abb_bot_msgs/share/abb_bot_msgs/environment/pythonpath.sh
[1.103s] -- Up-to-date: /home/mihir/abb_bot_ws/install/abb_bot_msgs/share/abb_bot_msgs/environment/pythonpath.dsv
[1.103s] -- Up-to-date: /home/mihir/abb_bot_ws/install/abb_bot_msgs/local/lib/python3.10/dist-packages/abb_bot_msgs-0.0.0-py3.10.egg-info
[1.104s] -- Installing: /home/mihir/abb_bot_ws/install/abb_bot_msgs/local/lib/python3.10/dist-packages/abb_bot_msgs-0.0.0-py3.10.egg-info/SOURCES.txt
[1.104s] -- Installing: /home/mihir/abb_bot_ws/install/abb_bot_msgs/local/lib/python3.10/dist-packages/abb_bot_msgs-0.0.0-py3.10.egg-info/PKG-INFO
[1.104s] -- Installing: /home/mihir/abb_bot_ws/install/abb_bot_msgs/local/lib/python3.10/dist-packages/abb_bot_msgs-0.0.0-py3.10.egg-info/top_level.txt
[1.104s] -- Installing: /home/mihir/abb_bot_ws/install/abb_bot_msgs/local/lib/python3.10/dist-packages/abb_bot_msgs-0.0.0-py3.10.egg-info/dependency_links.txt
[1.104s] -- Up-to-date: /home/mihir/abb_bot_ws/install/abb_bot_msgs/local/lib/python3.10/dist-packages/abb_bot_msgs
[1.104s] -- Up-to-date: /home/mihir/abb_bot_ws/install/abb_bot_msgs/local/lib/python3.10/dist-packages/abb_bot_msgs/abb_bot_msgs_s__rosidl_typesupport_introspection_c.cpython-310-x86_64-linux-gnu.so
[1.104s] -- Up-to-date: /home/mihir/abb_bot_ws/install/abb_bot_msgs/local/lib/python3.10/dist-packages/abb_bot_msgs/libabb_bot_msgs__rosidl_generator_py.so
[1.104s] -- Up-to-date: /home/mihir/abb_bot_ws/install/abb_bot_msgs/local/lib/python3.10/dist-packages/abb_bot_msgs/action
[1.104s] -- Up-to-date: /home/mihir/abb_bot_ws/install/abb_bot_msgs/local/lib/python3.10/dist-packages/abb_bot_msgs/action/_abb_bot_task.py
[1.104s] -- Up-to-date: /home/mihir/abb_bot_ws/install/abb_bot_msgs/local/lib/python3.10/dist-packages/abb_bot_msgs/action/_abb_bot_task_s.c
[1.104s] -- Up-to-date: /home/mihir/abb_bot_ws/install/abb_bot_msgs/local/lib/python3.10/dist-packages/abb_bot_msgs/action/__init__.py
[1.104s] -- Up-to-date: /home/mihir/abb_bot_ws/install/abb_bot_msgs/local/lib/python3.10/dist-packages/abb_bot_msgs/abb_bot_msgs_s__rosidl_typesupport_c.cpython-310-x86_64-linux-gnu.so
[1.104s] -- Up-to-date: /home/mihir/abb_bot_ws/install/abb_bot_msgs/local/lib/python3.10/dist-packages/abb_bot_msgs/_abb_bot_msgs_s.ep.rosidl_typesupport_fastrtps_c.c
[1.104s] -- Up-to-date: /home/mihir/abb_bot_ws/install/abb_bot_msgs/local/lib/python3.10/dist-packages/abb_bot_msgs/_abb_bot_msgs_s.ep.rosidl_typesupport_introspection_c.c
[1.104s] -- Up-to-date: /home/mihir/abb_bot_ws/install/abb_bot_msgs/local/lib/python3.10/dist-packages/abb_bot_msgs/__init__.py
[1.104s] -- Up-to-date: /home/mihir/abb_bot_ws/install/abb_bot_msgs/local/lib/python3.10/dist-packages/abb_bot_msgs/abb_bot_msgs_s__rosidl_typesupport_fastrtps_c.cpython-310-x86_64-linux-gnu.so
[1.104s] -- Up-to-date: /home/mihir/abb_bot_ws/install/abb_bot_msgs/local/lib/python3.10/dist-packages/abb_bot_msgs/_abb_bot_msgs_s.ep.rosidl_typesupport_c.c
[1.142s] Listing '/home/mihir/abb_bot_ws/install/abb_bot_msgs/local/lib/python3.10/dist-packages/abb_bot_msgs'...
[1.142s] Listing '/home/mihir/abb_bot_ws/install/abb_bot_msgs/local/lib/python3.10/dist-packages/abb_bot_msgs/action'...
[1.145s] -- Up-to-date: /home/mihir/abb_bot_ws/install/abb_bot_msgs/local/lib/python3.10/dist-packages/abb_bot_msgs/abb_bot_msgs_s__rosidl_typesupport_fastrtps_c.cpython-310-x86_64-linux-gnu.so
[1.145s] -- Up-to-date: /home/mihir/abb_bot_ws/install/abb_bot_msgs/local/lib/python3.10/dist-packages/abb_bot_msgs/abb_bot_msgs_s__rosidl_typesupport_introspection_c.cpython-310-x86_64-linux-gnu.so
[1.146s] -- Up-to-date: /home/mihir/abb_bot_ws/install/abb_bot_msgs/local/lib/python3.10/dist-packages/abb_bot_msgs/abb_bot_msgs_s__rosidl_typesupport_c.cpython-310-x86_64-linux-gnu.so
[1.146s] -- Up-to-date: /home/mihir/abb_bot_ws/install/abb_bot_msgs/lib/libabb_bot_msgs__rosidl_generator_py.so
[1.146s] -- Up-to-date: /home/mihir/abb_bot_ws/install/abb_bot_msgs/share/abb_bot_msgs/action/ABBBotTask.idl
[1.146s] -- Up-to-date: /home/mihir/abb_bot_ws/install/abb_bot_msgs/share/abb_bot_msgs/action/ABBBotTask.action
[1.146s] -- Up-to-date: /home/mihir/abb_bot_ws/install/abb_bot_msgs/share/ament_index/resource_index/package_run_dependencies/abb_bot_msgs
[1.146s] -- Up-to-date: /home/mihir/abb_bot_ws/install/abb_bot_msgs/share/ament_index/resource_index/parent_prefix_path/abb_bot_msgs
[1.146s] -- Up-to-date: /home/mihir/abb_bot_ws/install/abb_bot_msgs/share/abb_bot_msgs/environment/ament_prefix_path.sh
[1.147s] -- Up-to-date: /home/mihir/abb_bot_ws/install/abb_bot_msgs/share/abb_bot_msgs/environment/ament_prefix_path.dsv
[1.147s] -- Up-to-date: /home/mihir/abb_bot_ws/install/abb_bot_msgs/share/abb_bot_msgs/environment/path.sh
[1.147s] -- Up-to-date: /home/mihir/abb_bot_ws/install/abb_bot_msgs/share/abb_bot_msgs/environment/path.dsv
[1.147s] -- Up-to-date: /home/mihir/abb_bot_ws/install/abb_bot_msgs/share/abb_bot_msgs/local_setup.bash
[1.147s] -- Up-to-date: /home/mihir/abb_bot_ws/install/abb_bot_msgs/share/abb_bot_msgs/local_setup.sh
[1.147s] -- Up-to-date: /home/mihir/abb_bot_ws/install/abb_bot_msgs/share/abb_bot_msgs/local_setup.zsh
[1.147s] -- Up-to-date: /home/mihir/abb_bot_ws/install/abb_bot_msgs/share/abb_bot_msgs/local_setup.dsv
[1.147s] -- Up-to-date: /home/mihir/abb_bot_ws/install/abb_bot_msgs/share/abb_bot_msgs/package.dsv
[1.147s] -- Up-to-date: /home/mihir/abb_bot_ws/install/abb_bot_msgs/share/ament_index/resource_index/packages/abb_bot_msgs
[1.147s] -- Up-to-date: /home/mihir/abb_bot_ws/install/abb_bot_msgs/share/abb_bot_msgs/cmake/export_abb_bot_msgs__rosidl_generator_cExport.cmake
[1.147s] -- Up-to-date: /home/mihir/abb_bot_ws/install/abb_bot_msgs/share/abb_bot_msgs/cmake/export_abb_bot_msgs__rosidl_generator_cExport-noconfig.cmake
[1.148s] -- Up-to-date: /home/mihir/abb_bot_ws/install/abb_bot_msgs/share/abb_bot_msgs/cmake/export_abb_bot_msgs__rosidl_typesupport_fastrtps_cExport.cmake
[1.148s] -- Up-to-date: /home/mihir/abb_bot_ws/install/abb_bot_msgs/share/abb_bot_msgs/cmake/export_abb_bot_msgs__rosidl_typesupport_fastrtps_cExport-noconfig.cmake
[1.148s] -- Up-to-date: /home/mihir/abb_bot_ws/install/abb_bot_msgs/share/abb_bot_msgs/cmake/export_abb_bot_msgs__rosidl_generator_cppExport.cmake
[1.148s] -- Up-to-date: /home/mihir/abb_bot_ws/install/abb_bot_msgs/share/abb_bot_msgs/cmake/export_abb_bot_msgs__rosidl_typesupport_fastrtps_cppExport.cmake
[1.148s] -- Up-to-date: /home/mihir/abb_bot_ws/install/abb_bot_msgs/share/abb_bot_msgs/cmake/export_abb_bot_msgs__rosidl_typesupport_fastrtps_cppExport-noconfig.cmake
[1.148s] -- Up-to-date: /home/mihir/abb_bot_ws/install/abb_bot_msgs/share/abb_bot_msgs/cmake/abb_bot_msgs__rosidl_typesupport_introspection_cExport.cmake
[1.148s] -- Up-to-date: /home/mihir/abb_bot_ws/install/abb_bot_msgs/share/abb_bot_msgs/cmake/abb_bot_msgs__rosidl_typesupport_introspection_cExport-noconfig.cmake
[1.148s] -- Up-to-date: /home/mihir/abb_bot_ws/install/abb_bot_msgs/share/abb_bot_msgs/cmake/abb_bot_msgs__rosidl_typesupport_cExport.cmake
[1.148s] -- Up-to-date: /home/mihir/abb_bot_ws/install/abb_bot_msgs/share/abb_bot_msgs/cmake/abb_bot_msgs__rosidl_typesupport_cExport-noconfig.cmake
[1.148s] -- Up-to-date: /home/mihir/abb_bot_ws/install/abb_bot_msgs/share/abb_bot_msgs/cmake/abb_bot_msgs__rosidl_typesupport_introspection_cppExport.cmake
[1.148s] -- Up-to-date: /home/mihir/abb_bot_ws/install/abb_bot_msgs/share/abb_bot_msgs/cmake/abb_bot_msgs__rosidl_typesupport_introspection_cppExport-noconfig.cmake
[1.148s] -- Up-to-date: /home/mihir/abb_bot_ws/install/abb_bot_msgs/share/abb_bot_msgs/cmake/abb_bot_msgs__rosidl_typesupport_cppExport.cmake
[1.148s] -- Up-to-date: /home/mihir/abb_bot_ws/install/abb_bot_msgs/share/abb_bot_msgs/cmake/abb_bot_msgs__rosidl_typesupport_cppExport-noconfig.cmake
[1.148s] -- Up-to-date: /home/mihir/abb_bot_ws/install/abb_bot_msgs/share/abb_bot_msgs/cmake/export_abb_bot_msgs__rosidl_generator_pyExport.cmake
[1.148s] -- Up-to-date: /home/mihir/abb_bot_ws/install/abb_bot_msgs/share/abb_bot_msgs/cmake/export_abb_bot_msgs__rosidl_generator_pyExport-noconfig.cmake
[1.148s] -- Up-to-date: /home/mihir/abb_bot_ws/install/abb_bot_msgs/share/abb_bot_msgs/cmake/rosidl_cmake-extras.cmake
[1.148s] -- Up-to-date: /home/mihir/abb_bot_ws/install/abb_bot_msgs/share/abb_bot_msgs/cmake/ament_cmake_export_dependencies-extras.cmake
[1.148s] -- Up-to-date: /home/mihir/abb_bot_ws/install/abb_bot_msgs/share/abb_bot_msgs/cmake/ament_cmake_export_include_directories-extras.cmake
[1.148s] -- Up-to-date: /home/mihir/abb_bot_ws/install/abb_bot_msgs/share/abb_bot_msgs/cmake/ament_cmake_export_libraries-extras.cmake
[1.148s] -- Up-to-date: /home/mihir/abb_bot_ws/install/abb_bot_msgs/share/abb_bot_msgs/cmake/ament_cmake_export_targets-extras.cmake
[1.149s] -- Up-to-date: /home/mihir/abb_bot_ws/install/abb_bot_msgs/share/abb_bot_msgs/cmake/rosidl_cmake_export_typesupport_targets-extras.cmake
[1.149s] -- Up-to-date: /home/mihir/abb_bot_ws/install/abb_bot_msgs/share/abb_bot_msgs/cmake/rosidl_cmake_export_typesupport_libraries-extras.cmake
[1.149s] -- Up-to-date: /home/mihir/abb_bot_ws/install/abb_bot_msgs/share/abb_bot_msgs/cmake/abb_bot_msgsConfig.cmake
[1.149s] -- Up-to-date: /home/mihir/abb_bot_ws/install/abb_bot_msgs/share/abb_bot_msgs/cmake/abb_bot_msgsConfig-version.cmake
[1.149s] -- Up-to-date: /home/mihir/abb_bot_ws/install/abb_bot_msgs/share/abb_bot_msgs/package.xml
[1.150s] Invoked command in '/home/mihir/abb_bot_ws/build/abb_bot_msgs' returned '0': CMAKE_PREFIX_PATH=/opt/ros/humble /usr/bin/cmake --install /home/mihir/abb_bot_ws/build/abb_bot_msgs
