[0.064s] Invoking command in '/home/mihir/abb_bot_ws/build/bot_description': CMAKE_PREFIX_PATH=/home/mihir/abb_bot_ws/install/bot_description:/opt/ros/humble /usr/bin/cmake --build /home/mihir/abb_bot_ws/build/bot_description -- -j8 -l8
[0.090s] Invoked command in '/home/mihir/abb_bot_ws/build/bot_description' returned '0': CMAKE_PREFIX_PATH=/home/mihir/abb_bot_ws/install/bot_description:/opt/ros/humble /usr/bin/cmake --build /home/mihir/abb_bot_ws/build/bot_description -- -j8 -l8
[0.111s] Invoking command in '/home/mihir/abb_bot_ws/build/bot_description': CMAKE_PREFIX_PATH=/home/mihir/abb_bot_ws/install/bot_description:/opt/ros/humble /usr/bin/cmake --install /home/mihir/abb_bot_ws/build/bot_description
[0.118s] -- Install configuration: ""
[0.118s] -- Up-to-date: /home/mihir/abb_bot_ws/install/bot_description/share/bot_description/meshes
[0.118s] -- Up-to-date: /home/mihir/abb_bot_ws/install/bot_description/share/bot_description/meshes/link2.STL
[0.118s] -- Up-to-date: /home/mihir/abb_bot_ws/install/bot_description/share/bot_description/meshes/link3.STL
[0.118s] -- Up-to-date: /home/mihir/abb_bot_ws/install/bot_description/share/bot_description/meshes/link4.STL
[0.118s] -- Up-to-date: /home/mihir/abb_bot_ws/install/bot_description/share/bot_description/meshes/link5.STL
[0.118s] -- Up-to-date: /home/mihir/abb_bot_ws/install/bot_description/share/bot_description/meshes/link1.STL
[0.118s] -- Up-to-date: /home/mihir/abb_bot_ws/install/bot_description/share/bot_description/meshes/link6.STL
[0.119s] -- Up-to-date: /home/mihir/abb_bot_ws/install/bot_description/share/bot_description/urdf
[0.119s] -- Up-to-date: /home/mihir/abb_bot_ws/install/bot_description/share/bot_description/urdf/bot.urdf.xacro
[0.119s] -- Up-to-date: /home/mihir/abb_bot_ws/install/bot_description/share/ament_index/resource_index/package_run_dependencies/bot_description
[0.119s] -- Up-to-date: /home/mihir/abb_bot_ws/install/bot_description/share/ament_index/resource_index/parent_prefix_path/bot_description
[0.119s] -- Up-to-date: /home/mihir/abb_bot_ws/install/bot_description/share/bot_description/environment/ament_prefix_path.sh
[0.119s] -- Up-to-date: /home/mihir/abb_bot_ws/install/bot_description/share/bot_description/environment/ament_prefix_path.dsv
[0.119s] -- Up-to-date: /home/mihir/abb_bot_ws/install/bot_description/share/bot_description/environment/path.sh
[0.119s] -- Up-to-date: /home/mihir/abb_bot_ws/install/bot_description/share/bot_description/environment/path.dsv
[0.119s] -- Up-to-date: /home/mihir/abb_bot_ws/install/bot_description/share/bot_description/local_setup.bash
[0.119s] -- Up-to-date: /home/mihir/abb_bot_ws/install/bot_description/share/bot_description/local_setup.sh
[0.119s] -- Up-to-date: /home/mihir/abb_bot_ws/install/bot_description/share/bot_description/local_setup.zsh
[0.119s] -- Up-to-date: /home/mihir/abb_bot_ws/install/bot_description/share/bot_description/local_setup.dsv
[0.119s] -- Installing: /home/mihir/abb_bot_ws/install/bot_description/share/bot_description/package.dsv
[0.119s] -- Up-to-date: /home/mihir/abb_bot_ws/install/bot_description/share/ament_index/resource_index/packages/bot_description
[0.119s] -- Up-to-date: /home/mihir/abb_bot_ws/install/bot_description/share/bot_description/cmake/bot_descriptionConfig.cmake
[0.119s] -- Up-to-date: /home/mihir/abb_bot_ws/install/bot_description/share/bot_description/cmake/bot_descriptionConfig-version.cmake
[0.120s] -- Up-to-date: /home/mihir/abb_bot_ws/install/bot_description/share/bot_description/package.xml
[0.120s] Invoked command in '/home/mihir/abb_bot_ws/build/bot_description' returned '0': CMAKE_PREFIX_PATH=/home/mihir/abb_bot_ws/install/bot_description:/opt/ros/humble /usr/bin/cmake --install /home/mihir/abb_bot_ws/build/bot_description
