[0.082s] Invoking command in '/home/mihir/abb_bot_ws/build/bot_remote': CMAKE_PREFIX_PATH=/opt/ros/humble /usr/bin/cmake --build /home/mihir/abb_bot_ws/build/bot_remote -- -j8 -l8
[0.114s] -- Found ament_cmake: 1.3.6 (/opt/ros/humble/share/ament_cmake/cmake)
[0.361s] -- Found rclcpp: 16.0.7 (/opt/ros/humble/share/rclcpp/cmake)
[0.398s] -- Found rosidl_generator_c: 3.1.5 (/opt/ros/humble/share/rosidl_generator_c/cmake)
[0.402s] -- Found rosidl_adapter: 3.1.5 (/opt/ros/humble/share/rosidl_adapter/cmake)
[0.412s] -- Found rosidl_generator_cpp: 3.1.5 (/opt/ros/humble/share/rosidl_generator_cpp/cmake)
[0.427s] -- Using all available rosidl_typesupport_c: rosidl_typesupport_fastrtps_c;rosidl_typesupport_introspection_c
[0.441s] -- Using all available rosidl_typesupport_cpp: rosidl_typesupport_fastrtps_cpp;rosidl_typesupport_introspection_cpp
[0.494s] -- Found rmw_implementation_cmake: 6.1.1 (/opt/ros/humble/share/rmw_implementation_cmake/cmake)
[0.495s] -- Found rmw_fastrtps_cpp: 6.2.5 (/opt/ros/humble/share/rmw_fastrtps_cpp/cmake)
[0.603s] -- Using RMW implementation 'rmw_fastrtps_cpp' as default
[0.752s] -- Found rclcpp_action: 16.0.7 (/opt/ros/humble/share/rclcpp_action/cmake)
[0.830s] -- Found rclcpp_components: 16.0.7 (/opt/ros/humble/share/rclcpp_components/cmake)
[0.895s] [31mCMake Error at CMakeLists.txt:16 (find_package):
[0.896s]   By not providing "Findbot_msgs.cmake" in CMAKE_MODULE_PATH this project has
[0.896s]   asked CMake to find a package configuration file provided by "bot_msgs",
[0.896s]   but CMake did not find one.
[0.896s] 
[0.896s]   Could not find a package configuration file provided by "bot_msgs" with any
[0.896s]   of the following names:
[0.896s] 
[0.896s]     bot_msgsConfig.cmake
[0.896s]     bot_msgs-config.cmake
[0.896s] 
[0.896s]   Add the installation prefix of "bot_msgs" to CMAKE_PREFIX_PATH or set
[0.896s]   "bot_msgs_DIR" to a directory containing one of the above files.  If
[0.896s]   "bot_msgs" provides a separate development package or SDK, be sure it has
[0.896s]   been installed.
[0.896s] 
[0.896s] [0m
[0.896s] -- Configuring incomplete, errors occurred!
[0.896s] See also "/home/mihir/abb_bot_ws/build/bot_remote/CMakeFiles/CMakeOutput.log".
[0.904s] gmake: *** [Makefile:226: cmake_check_build_system] Error 1
[0.906s] Invoked command in '/home/mihir/abb_bot_ws/build/bot_remote' returned '2': CMAKE_PREFIX_PATH=/opt/ros/humble /usr/bin/cmake --build /home/mihir/abb_bot_ws/build/bot_remote -- -j8 -l8
