-- Found ament_cmake: 1.3.6 (/opt/ros/humble/share/ament_cmake/cmake)
-- Found std_msgs: 4.2.3 (/opt/ros/humble/share/std_msgs/cmake)
-- Found rosidl_generator_c: 3.1.5 (/opt/ros/humble/share/rosidl_generator_c/cmake)
-- Found rosidl_adapter: 3.1.5 (/opt/ros/humble/share/rosidl_adapter/cmake)
-- Found rosidl_generator_cpp: 3.1.5 (/opt/ros/humble/share/rosidl_generator_cpp/cmake)
-- Using all available rosidl_typesupport_c: rosidl_typesupport_fastrtps_c;rosidl_typesupport_introspection_c
-- Using all available rosidl_typesupport_cpp: rosidl_typesupport_fastrtps_cpp;rosidl_typesupport_introspection_cpp
-- Found rosidl_default_generators: 1.2.0 (/opt/ros/humble/share/rosidl_default_generators/cmake)
-- Found ament_cmake_ros: 0.10.0 (/opt/ros/humble/share/ament_cmake_ros/cmake)
-- Using all available rosidl_typesupport_c: rosidl_typesupport_fastrtps_c;rosidl_typesupport_introspection_c
-- Using all available rosidl_typesupport_cpp: rosidl_typesupport_fastrtps_cpp;rosidl_typesupport_introspection_cpp
-- Found python_cmake_module: 0.10.0 (/opt/ros/humble/share/python_cmake_module/cmake)
-- Using PYTHON_EXECUTABLE: /usr/bin/python3
-- Using PYTHON_INCLUDE_DIRS: /usr/include/python3.10
-- Using PYTHON_LIBRARIES: /usr/lib/x86_64-linux-gnu/libpython3.10.so
-- Found ament_lint_auto: 0.12.9 (/opt/ros/humble/share/ament_lint_auto/cmake)
-- Added test 'lint_cmake' to check CMake code style
-- Added test 'xmllint' to check XML markup files
-- Configuring done
-- Generating done
-- Build files have been written to: /home/mihir/abb_bot_ws/build/abb_bot_msgs
[35m[1mConsolidate compiler generated dependencies of target abb_bot_msgs__rosidl_generator_c[0m
[ 12%] Built target abb_bot_msgs__rosidl_generator_c
[  9%] Built target abb_bot_msgs__cpp
[ 12%] Built target ament_cmake_python_copy_abb_bot_msgs
[35m[1mConsolidate compiler generated dependencies of target abb_bot_msgs__rosidl_typesupport_c[0m
[35m[1mConsolidate compiler generated dependencies of target abb_bot_msgs__rosidl_typesupport_introspection_c[0m
[35m[1mConsolidate compiler generated dependencies of target abb_bot_msgs__rosidl_typesupport_fastrtps_c[0m
[35m[1mConsolidate compiler generated dependencies of target abb_bot_msgs__rosidl_typesupport_introspection_cpp[0m
[35m[1mConsolidate compiler generated dependencies of target abb_bot_msgs__rosidl_typesupport_cpp[0m
[ 22%] Built target abb_bot_msgs__rosidl_typesupport_introspection_c
[ 32%] Built target abb_bot_msgs__rosidl_typesupport_c
[ 41%] Built target abb_bot_msgs__rosidl_typesupport_fastrtps_c
[ 51%] Built target abb_bot_msgs__rosidl_typesupport_introspection_cpp
[35m[1mConsolidate compiler generated dependencies of target abb_bot_msgs__rosidl_typesupport_fastrtps_cpp[0m
[ 61%] Built target abb_bot_msgs__rosidl_typesupport_cpp
[ 70%] Built target abb_bot_msgs__rosidl_typesupport_fastrtps_cpp
[ 70%] Built target abb_bot_msgs
[ 74%] Built target abb_bot_msgs__py
[35m[1mConsolidate compiler generated dependencies of target abb_bot_msgs__rosidl_generator_py[0m
[ 80%] Built target abb_bot_msgs__rosidl_generator_py
[35m[1mConsolidate compiler generated dependencies of target abb_bot_msgs__rosidl_typesupport_c__pyext[0m
[35m[1mConsolidate compiler generated dependencies of target abb_bot_msgs__rosidl_typesupport_introspection_c__pyext[0m
[35m[1mConsolidate compiler generated dependencies of target abb_bot_msgs__rosidl_typesupport_fastrtps_c__pyext[0m
[ 87%] Built target abb_bot_msgs__rosidl_typesupport_introspection_c__pyext
[ 93%] Built target abb_bot_msgs__rosidl_typesupport_c__pyext
[100%] Built target abb_bot_msgs__rosidl_typesupport_fastrtps_c__pyext
running egg_info
writing abb_bot_msgs.egg-info/PKG-INFO
writing dependency_links to abb_bot_msgs.egg-info/dependency_links.txt
writing top-level names to abb_bot_msgs.egg-info/top_level.txt
reading manifest file 'abb_bot_msgs.egg-info/SOURCES.txt'
writing manifest file 'abb_bot_msgs.egg-info/SOURCES.txt'
[100%] Built target ament_cmake_python_build_abb_bot_msgs_egg
-- Install configuration: ""
-- Up-to-date: /home/mihir/abb_bot_ws/install/abb_bot_msgs/share/ament_index/resource_index/rosidl_interfaces/abb_bot_msgs
-- Up-to-date: /home/mihir/abb_bot_ws/install/abb_bot_msgs/include/abb_bot_msgs/abb_bot_msgs
-- Up-to-date: /home/mihir/abb_bot_ws/install/abb_bot_msgs/include/abb_bot_msgs/abb_bot_msgs/msg
-- Up-to-date: /home/mihir/abb_bot_ws/install/abb_bot_msgs/include/abb_bot_msgs/abb_bot_msgs/msg/rosidl_generator_c__visibility_control.h
-- Up-to-date: /home/mihir/abb_bot_ws/install/abb_bot_msgs/include/abb_bot_msgs/abb_bot_msgs/action
-- Up-to-date: /home/mihir/abb_bot_ws/install/abb_bot_msgs/include/abb_bot_msgs/abb_bot_msgs/action/abb_bot_task.h
-- Up-to-date: /home/mihir/abb_bot_ws/install/abb_bot_msgs/include/abb_bot_msgs/abb_bot_msgs/action/detail
-- Up-to-date: /home/mihir/abb_bot_ws/install/abb_bot_msgs/include/abb_bot_msgs/abb_bot_msgs/action/detail/abb_bot_task__struct.h
-- Up-to-date: /home/mihir/abb_bot_ws/install/abb_bot_msgs/include/abb_bot_msgs/abb_bot_msgs/action/detail/abb_bot_task__functions.h
-- Up-to-date: /home/mihir/abb_bot_ws/install/abb_bot_msgs/include/abb_bot_msgs/abb_bot_msgs/action/detail/abb_bot_task__type_support.h
-- Up-to-date: /home/mihir/abb_bot_ws/install/abb_bot_msgs/include/abb_bot_msgs/abb_bot_msgs/action/detail/abb_bot_task__functions.c
-- Up-to-date: /home/mihir/abb_bot_ws/install/abb_bot_msgs/share/abb_bot_msgs/environment/library_path.sh
-- Installing: /home/mihir/abb_bot_ws/install/abb_bot_msgs/share/abb_bot_msgs/environment/library_path.dsv
-- Up-to-date: /home/mihir/abb_bot_ws/install/abb_bot_msgs/lib/libabb_bot_msgs__rosidl_generator_c.so
-- Up-to-date: /home/mihir/abb_bot_ws/install/abb_bot_msgs/include/abb_bot_msgs/abb_bot_msgs
-- Up-to-date: /home/mihir/abb_bot_ws/install/abb_bot_msgs/include/abb_bot_msgs/abb_bot_msgs/msg
-- Up-to-date: /home/mihir/abb_bot_ws/install/abb_bot_msgs/include/abb_bot_msgs/abb_bot_msgs/msg/rosidl_typesupport_fastrtps_c__visibility_control.h
-- Up-to-date: /home/mihir/abb_bot_ws/install/abb_bot_msgs/include/abb_bot_msgs/abb_bot_msgs/action
-- Up-to-date: /home/mihir/abb_bot_ws/install/abb_bot_msgs/include/abb_bot_msgs/abb_bot_msgs/action/detail
-- Up-to-date: /home/mihir/abb_bot_ws/install/abb_bot_msgs/include/abb_bot_msgs/abb_bot_msgs/action/detail/abb_bot_task__rosidl_typesupport_fastrtps_c.h
-- Up-to-date: /home/mihir/abb_bot_ws/install/abb_bot_msgs/lib/libabb_bot_msgs__rosidl_typesupport_fastrtps_c.so
-- Up-to-date: /home/mihir/abb_bot_ws/install/abb_bot_msgs/include/abb_bot_msgs/abb_bot_msgs
-- Up-to-date: /home/mihir/abb_bot_ws/install/abb_bot_msgs/include/abb_bot_msgs/abb_bot_msgs/action
-- Up-to-date: /home/mihir/abb_bot_ws/install/abb_bot_msgs/include/abb_bot_msgs/abb_bot_msgs/action/abb_bot_task.hpp
-- Up-to-date: /home/mihir/abb_bot_ws/install/abb_bot_msgs/include/abb_bot_msgs/abb_bot_msgs/action/detail
-- Up-to-date: /home/mihir/abb_bot_ws/install/abb_bot_msgs/include/abb_bot_msgs/abb_bot_msgs/action/detail/abb_bot_task__builder.hpp
-- Up-to-date: /home/mihir/abb_bot_ws/install/abb_bot_msgs/include/abb_bot_msgs/abb_bot_msgs/action/detail/abb_bot_task__traits.hpp
-- Up-to-date: /home/mihir/abb_bot_ws/install/abb_bot_msgs/include/abb_bot_msgs/abb_bot_msgs/action/detail/abb_bot_task__struct.hpp
-- Up-to-date: /home/mihir/abb_bot_ws/install/abb_bot_msgs/include/abb_bot_msgs/abb_bot_msgs
-- Up-to-date: /home/mihir/abb_bot_ws/install/abb_bot_msgs/include/abb_bot_msgs/abb_bot_msgs/msg
-- Up-to-date: /home/mihir/abb_bot_ws/install/abb_bot_msgs/include/abb_bot_msgs/abb_bot_msgs/msg/rosidl_typesupport_fastrtps_cpp__visibility_control.h
-- Up-to-date: /home/mihir/abb_bot_ws/install/abb_bot_msgs/include/abb_bot_msgs/abb_bot_msgs/action
-- Up-to-date: /home/mihir/abb_bot_ws/install/abb_bot_msgs/include/abb_bot_msgs/abb_bot_msgs/action/detail
-- Up-to-date: /home/mihir/abb_bot_ws/install/abb_bot_msgs/include/abb_bot_msgs/abb_bot_msgs/action/detail/abb_bot_task__rosidl_typesupport_fastrtps_cpp.hpp
-- Up-to-date: /home/mihir/abb_bot_ws/install/abb_bot_msgs/include/abb_bot_msgs/abb_bot_msgs/action/detail/dds_fastrtps
-- Up-to-date: /home/mihir/abb_bot_ws/install/abb_bot_msgs/lib/libabb_bot_msgs__rosidl_typesupport_fastrtps_cpp.so
-- Up-to-date: /home/mihir/abb_bot_ws/install/abb_bot_msgs/include/abb_bot_msgs/abb_bot_msgs
-- Up-to-date: /home/mihir/abb_bot_ws/install/abb_bot_msgs/include/abb_bot_msgs/abb_bot_msgs/msg
-- Up-to-date: /home/mihir/abb_bot_ws/install/abb_bot_msgs/include/abb_bot_msgs/abb_bot_msgs/msg/rosidl_typesupport_introspection_c__visibility_control.h
-- Up-to-date: /home/mihir/abb_bot_ws/install/abb_bot_msgs/include/abb_bot_msgs/abb_bot_msgs/action
-- Up-to-date: /home/mihir/abb_bot_ws/install/abb_bot_msgs/include/abb_bot_msgs/abb_bot_msgs/action/detail
-- Up-to-date: /home/mihir/abb_bot_ws/install/abb_bot_msgs/include/abb_bot_msgs/abb_bot_msgs/action/detail/abb_bot_task__type_support.c
-- Up-to-date: /home/mihir/abb_bot_ws/install/abb_bot_msgs/include/abb_bot_msgs/abb_bot_msgs/action/detail/abb_bot_task__rosidl_typesupport_introspection_c.h
-- Up-to-date: /home/mihir/abb_bot_ws/install/abb_bot_msgs/lib/libabb_bot_msgs__rosidl_typesupport_introspection_c.so
-- Up-to-date: /home/mihir/abb_bot_ws/install/abb_bot_msgs/lib/libabb_bot_msgs__rosidl_typesupport_c.so
-- Up-to-date: /home/mihir/abb_bot_ws/install/abb_bot_msgs/include/abb_bot_msgs/abb_bot_msgs
-- Up-to-date: /home/mihir/abb_bot_ws/install/abb_bot_msgs/include/abb_bot_msgs/abb_bot_msgs/action
-- Up-to-date: /home/mihir/abb_bot_ws/install/abb_bot_msgs/include/abb_bot_msgs/abb_bot_msgs/action/detail
-- Up-to-date: /home/mihir/abb_bot_ws/install/abb_bot_msgs/include/abb_bot_msgs/abb_bot_msgs/action/detail/abb_bot_task__rosidl_typesupport_introspection_cpp.hpp
-- Up-to-date: /home/mihir/abb_bot_ws/install/abb_bot_msgs/include/abb_bot_msgs/abb_bot_msgs/action/detail/abb_bot_task__type_support.cpp
-- Up-to-date: /home/mihir/abb_bot_ws/install/abb_bot_msgs/lib/libabb_bot_msgs__rosidl_typesupport_introspection_cpp.so
-- Up-to-date: /home/mihir/abb_bot_ws/install/abb_bot_msgs/lib/libabb_bot_msgs__rosidl_typesupport_cpp.so
-- Up-to-date: /home/mihir/abb_bot_ws/install/abb_bot_msgs/share/abb_bot_msgs/environment/pythonpath.sh
-- Installing: /home/mihir/abb_bot_ws/install/abb_bot_msgs/share/abb_bot_msgs/environment/pythonpath.dsv
-- Up-to-date: /home/mihir/abb_bot_ws/install/abb_bot_msgs/local/lib/python3.10/dist-packages/abb_bot_msgs-0.0.0-py3.10.egg-info
-- Installing: /home/mihir/abb_bot_ws/install/abb_bot_msgs/local/lib/python3.10/dist-packages/abb_bot_msgs-0.0.0-py3.10.egg-info/SOURCES.txt
-- Installing: /home/mihir/abb_bot_ws/install/abb_bot_msgs/local/lib/python3.10/dist-packages/abb_bot_msgs-0.0.0-py3.10.egg-info/PKG-INFO
-- Installing: /home/mihir/abb_bot_ws/install/abb_bot_msgs/local/lib/python3.10/dist-packages/abb_bot_msgs-0.0.0-py3.10.egg-info/top_level.txt
-- Installing: /home/mihir/abb_bot_ws/install/abb_bot_msgs/local/lib/python3.10/dist-packages/abb_bot_msgs-0.0.0-py3.10.egg-info/dependency_links.txt
-- Up-to-date: /home/mihir/abb_bot_ws/install/abb_bot_msgs/local/lib/python3.10/dist-packages/abb_bot_msgs
-- Up-to-date: /home/mihir/abb_bot_ws/install/abb_bot_msgs/local/lib/python3.10/dist-packages/abb_bot_msgs/abb_bot_msgs_s__rosidl_typesupport_introspection_c.cpython-310-x86_64-linux-gnu.so
-- Up-to-date: /home/mihir/abb_bot_ws/install/abb_bot_msgs/local/lib/python3.10/dist-packages/abb_bot_msgs/libabb_bot_msgs__rosidl_generator_py.so
-- Up-to-date: /home/mihir/abb_bot_ws/install/abb_bot_msgs/local/lib/python3.10/dist-packages/abb_bot_msgs/action
-- Up-to-date: /home/mihir/abb_bot_ws/install/abb_bot_msgs/local/lib/python3.10/dist-packages/abb_bot_msgs/action/_abb_bot_task.py
-- Up-to-date: /home/mihir/abb_bot_ws/install/abb_bot_msgs/local/lib/python3.10/dist-packages/abb_bot_msgs/action/_abb_bot_task_s.c
-- Up-to-date: /home/mihir/abb_bot_ws/install/abb_bot_msgs/local/lib/python3.10/dist-packages/abb_bot_msgs/action/__init__.py
-- Up-to-date: /home/mihir/abb_bot_ws/install/abb_bot_msgs/local/lib/python3.10/dist-packages/abb_bot_msgs/abb_bot_msgs_s__rosidl_typesupport_c.cpython-310-x86_64-linux-gnu.so
-- Up-to-date: /home/mihir/abb_bot_ws/install/abb_bot_msgs/local/lib/python3.10/dist-packages/abb_bot_msgs/_abb_bot_msgs_s.ep.rosidl_typesupport_fastrtps_c.c
-- Up-to-date: /home/mihir/abb_bot_ws/install/abb_bot_msgs/local/lib/python3.10/dist-packages/abb_bot_msgs/_abb_bot_msgs_s.ep.rosidl_typesupport_introspection_c.c
-- Installing: /home/mihir/abb_bot_ws/install/abb_bot_msgs/local/lib/python3.10/dist-packages/abb_bot_msgs/__init__.py
-- Up-to-date: /home/mihir/abb_bot_ws/install/abb_bot_msgs/local/lib/python3.10/dist-packages/abb_bot_msgs/abb_bot_msgs_s__rosidl_typesupport_fastrtps_c.cpython-310-x86_64-linux-gnu.so
-- Up-to-date: /home/mihir/abb_bot_ws/install/abb_bot_msgs/local/lib/python3.10/dist-packages/abb_bot_msgs/_abb_bot_msgs_s.ep.rosidl_typesupport_c.c
Listing '/home/mihir/abb_bot_ws/install/abb_bot_msgs/local/lib/python3.10/dist-packages/abb_bot_msgs'...
Compiling '/home/mihir/abb_bot_ws/install/abb_bot_msgs/local/lib/python3.10/dist-packages/abb_bot_msgs/__init__.py'...
Listing '/home/mihir/abb_bot_ws/install/abb_bot_msgs/local/lib/python3.10/dist-packages/abb_bot_msgs/action'...
-- Up-to-date: /home/mihir/abb_bot_ws/install/abb_bot_msgs/local/lib/python3.10/dist-packages/abb_bot_msgs/abb_bot_msgs_s__rosidl_typesupport_fastrtps_c.cpython-310-x86_64-linux-gnu.so
-- Up-to-date: /home/mihir/abb_bot_ws/install/abb_bot_msgs/local/lib/python3.10/dist-packages/abb_bot_msgs/abb_bot_msgs_s__rosidl_typesupport_introspection_c.cpython-310-x86_64-linux-gnu.so
-- Up-to-date: /home/mihir/abb_bot_ws/install/abb_bot_msgs/local/lib/python3.10/dist-packages/abb_bot_msgs/abb_bot_msgs_s__rosidl_typesupport_c.cpython-310-x86_64-linux-gnu.so
-- Up-to-date: /home/mihir/abb_bot_ws/install/abb_bot_msgs/lib/libabb_bot_msgs__rosidl_generator_py.so
-- Up-to-date: /home/mihir/abb_bot_ws/install/abb_bot_msgs/share/abb_bot_msgs/action/ABBBotTask.idl
-- Up-to-date: /home/mihir/abb_bot_ws/install/abb_bot_msgs/share/abb_bot_msgs/action/ABBBotTask.action
-- Installing: /home/mihir/abb_bot_ws/install/abb_bot_msgs/share/ament_index/resource_index/package_run_dependencies/abb_bot_msgs
-- Up-to-date: /home/mihir/abb_bot_ws/install/abb_bot_msgs/share/ament_index/resource_index/parent_prefix_path/abb_bot_msgs
-- Up-to-date: /home/mihir/abb_bot_ws/install/abb_bot_msgs/share/abb_bot_msgs/environment/ament_prefix_path.sh
-- Installing: /home/mihir/abb_bot_ws/install/abb_bot_msgs/share/abb_bot_msgs/environment/ament_prefix_path.dsv
-- Up-to-date: /home/mihir/abb_bot_ws/install/abb_bot_msgs/share/abb_bot_msgs/environment/path.sh
-- Installing: /home/mihir/abb_bot_ws/install/abb_bot_msgs/share/abb_bot_msgs/environment/path.dsv
-- Up-to-date: /home/mihir/abb_bot_ws/install/abb_bot_msgs/share/abb_bot_msgs/local_setup.bash
-- Up-to-date: /home/mihir/abb_bot_ws/install/abb_bot_msgs/share/abb_bot_msgs/local_setup.sh
-- Up-to-date: /home/mihir/abb_bot_ws/install/abb_bot_msgs/share/abb_bot_msgs/local_setup.zsh
-- Installing: /home/mihir/abb_bot_ws/install/abb_bot_msgs/share/abb_bot_msgs/local_setup.dsv
-- Installing: /home/mihir/abb_bot_ws/install/abb_bot_msgs/share/abb_bot_msgs/package.dsv
-- Up-to-date: /home/mihir/abb_bot_ws/install/abb_bot_msgs/share/ament_index/resource_index/packages/abb_bot_msgs
-- Up-to-date: /home/mihir/abb_bot_ws/install/abb_bot_msgs/share/abb_bot_msgs/cmake/export_abb_bot_msgs__rosidl_generator_cExport.cmake
-- Up-to-date: /home/mihir/abb_bot_ws/install/abb_bot_msgs/share/abb_bot_msgs/cmake/export_abb_bot_msgs__rosidl_generator_cExport-noconfig.cmake
-- Up-to-date: /home/mihir/abb_bot_ws/install/abb_bot_msgs/share/abb_bot_msgs/cmake/export_abb_bot_msgs__rosidl_typesupport_fastrtps_cExport.cmake
-- Up-to-date: /home/mihir/abb_bot_ws/install/abb_bot_msgs/share/abb_bot_msgs/cmake/export_abb_bot_msgs__rosidl_typesupport_fastrtps_cExport-noconfig.cmake
-- Up-to-date: /home/mihir/abb_bot_ws/install/abb_bot_msgs/share/abb_bot_msgs/cmake/export_abb_bot_msgs__rosidl_generator_cppExport.cmake
-- Up-to-date: /home/mihir/abb_bot_ws/install/abb_bot_msgs/share/abb_bot_msgs/cmake/export_abb_bot_msgs__rosidl_typesupport_fastrtps_cppExport.cmake
-- Up-to-date: /home/mihir/abb_bot_ws/install/abb_bot_msgs/share/abb_bot_msgs/cmake/export_abb_bot_msgs__rosidl_typesupport_fastrtps_cppExport-noconfig.cmake
-- Up-to-date: /home/mihir/abb_bot_ws/install/abb_bot_msgs/share/abb_bot_msgs/cmake/abb_bot_msgs__rosidl_typesupport_introspection_cExport.cmake
-- Up-to-date: /home/mihir/abb_bot_ws/install/abb_bot_msgs/share/abb_bot_msgs/cmake/abb_bot_msgs__rosidl_typesupport_introspection_cExport-noconfig.cmake
-- Up-to-date: /home/mihir/abb_bot_ws/install/abb_bot_msgs/share/abb_bot_msgs/cmake/abb_bot_msgs__rosidl_typesupport_cExport.cmake
-- Up-to-date: /home/mihir/abb_bot_ws/install/abb_bot_msgs/share/abb_bot_msgs/cmake/abb_bot_msgs__rosidl_typesupport_cExport-noconfig.cmake
-- Up-to-date: /home/mihir/abb_bot_ws/install/abb_bot_msgs/share/abb_bot_msgs/cmake/abb_bot_msgs__rosidl_typesupport_introspection_cppExport.cmake
-- Up-to-date: /home/mihir/abb_bot_ws/install/abb_bot_msgs/share/abb_bot_msgs/cmake/abb_bot_msgs__rosidl_typesupport_introspection_cppExport-noconfig.cmake
-- Up-to-date: /home/mihir/abb_bot_ws/install/abb_bot_msgs/share/abb_bot_msgs/cmake/abb_bot_msgs__rosidl_typesupport_cppExport.cmake
-- Up-to-date: /home/mihir/abb_bot_ws/install/abb_bot_msgs/share/abb_bot_msgs/cmake/abb_bot_msgs__rosidl_typesupport_cppExport-noconfig.cmake
-- Up-to-date: /home/mihir/abb_bot_ws/install/abb_bot_msgs/share/abb_bot_msgs/cmake/export_abb_bot_msgs__rosidl_generator_pyExport.cmake
-- Up-to-date: /home/mihir/abb_bot_ws/install/abb_bot_msgs/share/abb_bot_msgs/cmake/export_abb_bot_msgs__rosidl_generator_pyExport-noconfig.cmake
-- Up-to-date: /home/mihir/abb_bot_ws/install/abb_bot_msgs/share/abb_bot_msgs/cmake/rosidl_cmake-extras.cmake
-- Up-to-date: /home/mihir/abb_bot_ws/install/abb_bot_msgs/share/abb_bot_msgs/cmake/ament_cmake_export_dependencies-extras.cmake
-- Up-to-date: /home/mihir/abb_bot_ws/install/abb_bot_msgs/share/abb_bot_msgs/cmake/ament_cmake_export_include_directories-extras.cmake
-- Up-to-date: /home/mihir/abb_bot_ws/install/abb_bot_msgs/share/abb_bot_msgs/cmake/ament_cmake_export_libraries-extras.cmake
-- Up-to-date: /home/mihir/abb_bot_ws/install/abb_bot_msgs/share/abb_bot_msgs/cmake/ament_cmake_export_targets-extras.cmake
-- Up-to-date: /home/mihir/abb_bot_ws/install/abb_bot_msgs/share/abb_bot_msgs/cmake/rosidl_cmake_export_typesupport_targets-extras.cmake
-- Up-to-date: /home/mihir/abb_bot_ws/install/abb_bot_msgs/share/abb_bot_msgs/cmake/rosidl_cmake_export_typesupport_libraries-extras.cmake
-- Up-to-date: /home/mihir/abb_bot_ws/install/abb_bot_msgs/share/abb_bot_msgs/cmake/abb_bot_msgsConfig.cmake
-- Up-to-date: /home/mihir/abb_bot_ws/install/abb_bot_msgs/share/abb_bot_msgs/cmake/abb_bot_msgsConfig-version.cmake
-- Installing: /home/mihir/abb_bot_ws/install/abb_bot_msgs/share/abb_bot_msgs/package.xml
