[0.293s] Invoking command in '/home/mihir/abb_bot_ws/build/abb_bot_msgs': CMAKE_PREFIX_PATH=/opt/ros/humble /usr/bin/cmake --build /home/mihir/abb_bot_ws/build/abb_bot_msgs -- -j8 -l8
[0.326s] -- Found ament_cmake: 1.3.6 (/opt/ros/humble/share/ament_cmake/cmake)
[0.578s] -- Found std_msgs: 4.2.3 (/opt/ros/humble/share/std_msgs/cmake)
[0.603s] -- Found rosidl_generator_c: 3.1.5 (/opt/ros/humble/share/rosidl_generator_c/cmake)
[0.605s] -- Found rosidl_adapter: 3.1.5 (/opt/ros/humble/share/rosidl_adapter/cmake)
[0.610s] -- Found rosidl_generator_cpp: 3.1.5 (/opt/ros/humble/share/rosidl_generator_cpp/cmake)
[0.623s] -- Using all available rosidl_typesupport_c: rosidl_typesupport_fastrtps_c;rosidl_typesupport_introspection_c
[0.637s] -- Using all available rosidl_typesupport_cpp: rosidl_typesupport_fastrtps_cpp;rosidl_typesupport_introspection_cpp
[0.688s] -- Found rosidl_default_generators: 1.2.0 (/opt/ros/humble/share/rosidl_default_generators/cmake)
[0.981s] -- Found ament_cmake_ros: 0.10.0 (/opt/ros/humble/share/ament_cmake_ros/cmake)
[1.265s] -- Using all available rosidl_typesupport_c: rosidl_typesupport_fastrtps_c;rosidl_typesupport_introspection_c
[1.406s] -- Using all available rosidl_typesupport_cpp: rosidl_typesupport_fastrtps_cpp;rosidl_typesupport_introspection_cpp
[1.429s] -- Found python_cmake_module: 0.10.0 (/opt/ros/humble/share/python_cmake_module/cmake)
[1.455s] -- Using PYTHON_EXECUTABLE: /usr/bin/python3
[1.456s] -- Using PYTHON_INCLUDE_DIRS: /usr/include/python3.10
[1.456s] -- Using PYTHON_LIBRARIES: /usr/lib/x86_64-linux-gnu/libpython3.10.so
[1.481s] -- Found ament_lint_auto: 0.12.9 (/opt/ros/humble/share/ament_lint_auto/cmake)
[1.495s] -- Added test 'lint_cmake' to check CMake code style
[1.496s] -- Added test 'xmllint' to check XML markup files
[1.498s] -- Configuring done
[1.544s] -- Generating done
[1.548s] -- Build files have been written to: /home/mihir/abb_bot_ws/build/abb_bot_msgs
[1.593s] [35m[1mConsolidate compiler generated dependencies of target abb_bot_msgs__rosidl_generator_c[0m
[1.605s] [ 12%] Built target abb_bot_msgs__rosidl_generator_c
[1.606s] [  9%] Built target abb_bot_msgs__cpp
[1.625s] [ 12%] Built target ament_cmake_python_copy_abb_bot_msgs
[1.625s] [35m[1mConsolidate compiler generated dependencies of target abb_bot_msgs__rosidl_typesupport_c[0m
[1.625s] [35m[1mConsolidate compiler generated dependencies of target abb_bot_msgs__rosidl_typesupport_introspection_c[0m
[1.625s] [35m[1mConsolidate compiler generated dependencies of target abb_bot_msgs__rosidl_typesupport_fastrtps_c[0m
[1.625s] [35m[1mConsolidate compiler generated dependencies of target abb_bot_msgs__rosidl_typesupport_introspection_cpp[0m
[1.630s] [35m[1mConsolidate compiler generated dependencies of target abb_bot_msgs__rosidl_typesupport_cpp[0m
[1.644s] [ 22%] Built target abb_bot_msgs__rosidl_typesupport_introspection_c
[1.657s] [ 32%] Built target abb_bot_msgs__rosidl_typesupport_c
[1.657s] [ 41%] Built target abb_bot_msgs__rosidl_typesupport_fastrtps_c
[1.661s] [ 51%] Built target abb_bot_msgs__rosidl_typesupport_introspection_cpp
[1.662s] [35m[1mConsolidate compiler generated dependencies of target abb_bot_msgs__rosidl_typesupport_fastrtps_cpp[0m
[1.666s] [ 61%] Built target abb_bot_msgs__rosidl_typesupport_cpp
[1.684s] [ 70%] Built target abb_bot_msgs__rosidl_typesupport_fastrtps_cpp
[1.713s] [ 70%] Built target abb_bot_msgs
[1.742s] [ 74%] Built target abb_bot_msgs__py
[1.763s] [35m[1mConsolidate compiler generated dependencies of target abb_bot_msgs__rosidl_generator_py[0m
[1.791s] [ 80%] Built target abb_bot_msgs__rosidl_generator_py
[1.810s] [35m[1mConsolidate compiler generated dependencies of target abb_bot_msgs__rosidl_typesupport_c__pyext[0m
[1.813s] [35m[1mConsolidate compiler generated dependencies of target abb_bot_msgs__rosidl_typesupport_introspection_c__pyext[0m
[1.813s] [35m[1mConsolidate compiler generated dependencies of target abb_bot_msgs__rosidl_typesupport_fastrtps_c__pyext[0m
[1.832s] [ 87%] Built target abb_bot_msgs__rosidl_typesupport_introspection_c__pyext
[1.833s] [ 93%] Built target abb_bot_msgs__rosidl_typesupport_c__pyext
[1.840s] [100%] Built target abb_bot_msgs__rosidl_typesupport_fastrtps_c__pyext
[1.973s] running egg_info
[1.974s] writing abb_bot_msgs.egg-info/PKG-INFO
[1.974s] writing dependency_links to abb_bot_msgs.egg-info/dependency_links.txt
[1.974s] writing top-level names to abb_bot_msgs.egg-info/top_level.txt
[1.976s] reading manifest file 'abb_bot_msgs.egg-info/SOURCES.txt'
[1.976s] writing manifest file 'abb_bot_msgs.egg-info/SOURCES.txt'
[2.000s] [100%] Built target ament_cmake_python_build_abb_bot_msgs_egg
[2.009s] Invoked command in '/home/mihir/abb_bot_ws/build/abb_bot_msgs' returned '0': CMAKE_PREFIX_PATH=/opt/ros/humble /usr/bin/cmake --build /home/mihir/abb_bot_ws/build/abb_bot_msgs -- -j8 -l8
[2.047s] Invoking command in '/home/mihir/abb_bot_ws/build/abb_bot_msgs': CMAKE_PREFIX_PATH=/opt/ros/humble /usr/bin/cmake --install /home/mihir/abb_bot_ws/build/abb_bot_msgs
[2.054s] -- Install configuration: ""
[2.054s] -- Up-to-date: /home/mihir/abb_bot_ws/install/abb_bot_msgs/share/ament_index/resource_index/rosidl_interfaces/abb_bot_msgs
[2.054s] -- Up-to-date: /home/mihir/abb_bot_ws/install/abb_bot_msgs/include/abb_bot_msgs/abb_bot_msgs
[2.054s] -- Up-to-date: /home/mihir/abb_bot_ws/install/abb_bot_msgs/include/abb_bot_msgs/abb_bot_msgs/msg
[2.054s] -- Up-to-date: /home/mihir/abb_bot_ws/install/abb_bot_msgs/include/abb_bot_msgs/abb_bot_msgs/msg/rosidl_generator_c__visibility_control.h
[2.054s] -- Up-to-date: /home/mihir/abb_bot_ws/install/abb_bot_msgs/include/abb_bot_msgs/abb_bot_msgs/action
[2.054s] -- Up-to-date: /home/mihir/abb_bot_ws/install/abb_bot_msgs/include/abb_bot_msgs/abb_bot_msgs/action/abb_bot_task.h
[2.055s] -- Up-to-date: /home/mihir/abb_bot_ws/install/abb_bot_msgs/include/abb_bot_msgs/abb_bot_msgs/action/detail
[2.055s] -- Up-to-date: /home/mihir/abb_bot_ws/install/abb_bot_msgs/include/abb_bot_msgs/abb_bot_msgs/action/detail/abb_bot_task__struct.h
[2.055s] -- Up-to-date: /home/mihir/abb_bot_ws/install/abb_bot_msgs/include/abb_bot_msgs/abb_bot_msgs/action/detail/abb_bot_task__functions.h
[2.055s] -- Up-to-date: /home/mihir/abb_bot_ws/install/abb_bot_msgs/include/abb_bot_msgs/abb_bot_msgs/action/detail/abb_bot_task__type_support.h
[2.055s] -- Up-to-date: /home/mihir/abb_bot_ws/install/abb_bot_msgs/include/abb_bot_msgs/abb_bot_msgs/action/detail/abb_bot_task__functions.c
[2.055s] -- Up-to-date: /home/mihir/abb_bot_ws/install/abb_bot_msgs/share/abb_bot_msgs/environment/library_path.sh
[2.055s] -- Installing: /home/mihir/abb_bot_ws/install/abb_bot_msgs/share/abb_bot_msgs/environment/library_path.dsv
[2.055s] -- Up-to-date: /home/mihir/abb_bot_ws/install/abb_bot_msgs/lib/libabb_bot_msgs__rosidl_generator_c.so
[2.055s] -- Up-to-date: /home/mihir/abb_bot_ws/install/abb_bot_msgs/include/abb_bot_msgs/abb_bot_msgs
[2.055s] -- Up-to-date: /home/mihir/abb_bot_ws/install/abb_bot_msgs/include/abb_bot_msgs/abb_bot_msgs/msg
[2.056s] -- Up-to-date: /home/mihir/abb_bot_ws/install/abb_bot_msgs/include/abb_bot_msgs/abb_bot_msgs/msg/rosidl_typesupport_fastrtps_c__visibility_control.h
[2.056s] -- Up-to-date: /home/mihir/abb_bot_ws/install/abb_bot_msgs/include/abb_bot_msgs/abb_bot_msgs/action
[2.056s] -- Up-to-date: /home/mihir/abb_bot_ws/install/abb_bot_msgs/include/abb_bot_msgs/abb_bot_msgs/action/detail
[2.056s] -- Up-to-date: /home/mihir/abb_bot_ws/install/abb_bot_msgs/include/abb_bot_msgs/abb_bot_msgs/action/detail/abb_bot_task__rosidl_typesupport_fastrtps_c.h
[2.056s] -- Up-to-date: /home/mihir/abb_bot_ws/install/abb_bot_msgs/lib/libabb_bot_msgs__rosidl_typesupport_fastrtps_c.so
[2.056s] -- Up-to-date: /home/mihir/abb_bot_ws/install/abb_bot_msgs/include/abb_bot_msgs/abb_bot_msgs
[2.056s] -- Up-to-date: /home/mihir/abb_bot_ws/install/abb_bot_msgs/include/abb_bot_msgs/abb_bot_msgs/action
[2.056s] -- Up-to-date: /home/mihir/abb_bot_ws/install/abb_bot_msgs/include/abb_bot_msgs/abb_bot_msgs/action/abb_bot_task.hpp
[2.056s] -- Up-to-date: /home/mihir/abb_bot_ws/install/abb_bot_msgs/include/abb_bot_msgs/abb_bot_msgs/action/detail
[2.056s] -- Up-to-date: /home/mihir/abb_bot_ws/install/abb_bot_msgs/include/abb_bot_msgs/abb_bot_msgs/action/detail/abb_bot_task__builder.hpp
[2.057s] -- Up-to-date: /home/mihir/abb_bot_ws/install/abb_bot_msgs/include/abb_bot_msgs/abb_bot_msgs/action/detail/abb_bot_task__traits.hpp
[2.057s] -- Up-to-date: /home/mihir/abb_bot_ws/install/abb_bot_msgs/include/abb_bot_msgs/abb_bot_msgs/action/detail/abb_bot_task__struct.hpp
[2.057s] -- Up-to-date: /home/mihir/abb_bot_ws/install/abb_bot_msgs/include/abb_bot_msgs/abb_bot_msgs
[2.057s] -- Up-to-date: /home/mihir/abb_bot_ws/install/abb_bot_msgs/include/abb_bot_msgs/abb_bot_msgs/msg
[2.057s] -- Up-to-date: /home/mihir/abb_bot_ws/install/abb_bot_msgs/include/abb_bot_msgs/abb_bot_msgs/msg/rosidl_typesupport_fastrtps_cpp__visibility_control.h
[2.057s] -- Up-to-date: /home/mihir/abb_bot_ws/install/abb_bot_msgs/include/abb_bot_msgs/abb_bot_msgs/action
[2.057s] -- Up-to-date: /home/mihir/abb_bot_ws/install/abb_bot_msgs/include/abb_bot_msgs/abb_bot_msgs/action/detail
[2.057s] -- Up-to-date: /home/mihir/abb_bot_ws/install/abb_bot_msgs/include/abb_bot_msgs/abb_bot_msgs/action/detail/abb_bot_task__rosidl_typesupport_fastrtps_cpp.hpp
[2.057s] -- Up-to-date: /home/mihir/abb_bot_ws/install/abb_bot_msgs/include/abb_bot_msgs/abb_bot_msgs/action/detail/dds_fastrtps
[2.057s] -- Up-to-date: /home/mihir/abb_bot_ws/install/abb_bot_msgs/lib/libabb_bot_msgs__rosidl_typesupport_fastrtps_cpp.so
[2.058s] -- Up-to-date: /home/mihir/abb_bot_ws/install/abb_bot_msgs/include/abb_bot_msgs/abb_bot_msgs
[2.058s] -- Up-to-date: /home/mihir/abb_bot_ws/install/abb_bot_msgs/include/abb_bot_msgs/abb_bot_msgs/msg
[2.058s] -- Up-to-date: /home/mihir/abb_bot_ws/install/abb_bot_msgs/include/abb_bot_msgs/abb_bot_msgs/msg/rosidl_typesupport_introspection_c__visibility_control.h
[2.058s] -- Up-to-date: /home/mihir/abb_bot_ws/install/abb_bot_msgs/include/abb_bot_msgs/abb_bot_msgs/action
[2.058s] -- Up-to-date: /home/mihir/abb_bot_ws/install/abb_bot_msgs/include/abb_bot_msgs/abb_bot_msgs/action/detail
[2.058s] -- Up-to-date: /home/mihir/abb_bot_ws/install/abb_bot_msgs/include/abb_bot_msgs/abb_bot_msgs/action/detail/abb_bot_task__type_support.c
[2.058s] -- Up-to-date: /home/mihir/abb_bot_ws/install/abb_bot_msgs/include/abb_bot_msgs/abb_bot_msgs/action/detail/abb_bot_task__rosidl_typesupport_introspection_c.h
[2.058s] -- Up-to-date: /home/mihir/abb_bot_ws/install/abb_bot_msgs/lib/libabb_bot_msgs__rosidl_typesupport_introspection_c.so
[2.058s] -- Up-to-date: /home/mihir/abb_bot_ws/install/abb_bot_msgs/lib/libabb_bot_msgs__rosidl_typesupport_c.so
[2.058s] -- Up-to-date: /home/mihir/abb_bot_ws/install/abb_bot_msgs/include/abb_bot_msgs/abb_bot_msgs
[2.059s] -- Up-to-date: /home/mihir/abb_bot_ws/install/abb_bot_msgs/include/abb_bot_msgs/abb_bot_msgs/action
[2.059s] -- Up-to-date: /home/mihir/abb_bot_ws/install/abb_bot_msgs/include/abb_bot_msgs/abb_bot_msgs/action/detail
[2.059s] -- Up-to-date: /home/mihir/abb_bot_ws/install/abb_bot_msgs/include/abb_bot_msgs/abb_bot_msgs/action/detail/abb_bot_task__rosidl_typesupport_introspection_cpp.hpp
[2.059s] -- Up-to-date: /home/mihir/abb_bot_ws/install/abb_bot_msgs/include/abb_bot_msgs/abb_bot_msgs/action/detail/abb_bot_task__type_support.cpp
[2.059s] -- Up-to-date: /home/mihir/abb_bot_ws/install/abb_bot_msgs/lib/libabb_bot_msgs__rosidl_typesupport_introspection_cpp.so
[2.059s] -- Up-to-date: /home/mihir/abb_bot_ws/install/abb_bot_msgs/lib/libabb_bot_msgs__rosidl_typesupport_cpp.so
[2.059s] -- Up-to-date: /home/mihir/abb_bot_ws/install/abb_bot_msgs/share/abb_bot_msgs/environment/pythonpath.sh
[2.059s] -- Installing: /home/mihir/abb_bot_ws/install/abb_bot_msgs/share/abb_bot_msgs/environment/pythonpath.dsv
[2.059s] -- Up-to-date: /home/mihir/abb_bot_ws/install/abb_bot_msgs/local/lib/python3.10/dist-packages/abb_bot_msgs-0.0.0-py3.10.egg-info
[2.059s] -- Installing: /home/mihir/abb_bot_ws/install/abb_bot_msgs/local/lib/python3.10/dist-packages/abb_bot_msgs-0.0.0-py3.10.egg-info/SOURCES.txt
[2.059s] -- Installing: /home/mihir/abb_bot_ws/install/abb_bot_msgs/local/lib/python3.10/dist-packages/abb_bot_msgs-0.0.0-py3.10.egg-info/PKG-INFO
[2.059s] -- Installing: /home/mihir/abb_bot_ws/install/abb_bot_msgs/local/lib/python3.10/dist-packages/abb_bot_msgs-0.0.0-py3.10.egg-info/top_level.txt
[2.059s] -- Installing: /home/mihir/abb_bot_ws/install/abb_bot_msgs/local/lib/python3.10/dist-packages/abb_bot_msgs-0.0.0-py3.10.egg-info/dependency_links.txt
[2.059s] -- Up-to-date: /home/mihir/abb_bot_ws/install/abb_bot_msgs/local/lib/python3.10/dist-packages/abb_bot_msgs
[2.059s] -- Up-to-date: /home/mihir/abb_bot_ws/install/abb_bot_msgs/local/lib/python3.10/dist-packages/abb_bot_msgs/abb_bot_msgs_s__rosidl_typesupport_introspection_c.cpython-310-x86_64-linux-gnu.so
[2.059s] -- Up-to-date: /home/mihir/abb_bot_ws/install/abb_bot_msgs/local/lib/python3.10/dist-packages/abb_bot_msgs/libabb_bot_msgs__rosidl_generator_py.so
[2.059s] -- Up-to-date: /home/mihir/abb_bot_ws/install/abb_bot_msgs/local/lib/python3.10/dist-packages/abb_bot_msgs/action
[2.059s] -- Up-to-date: /home/mihir/abb_bot_ws/install/abb_bot_msgs/local/lib/python3.10/dist-packages/abb_bot_msgs/action/_abb_bot_task.py
[2.059s] -- Up-to-date: /home/mihir/abb_bot_ws/install/abb_bot_msgs/local/lib/python3.10/dist-packages/abb_bot_msgs/action/_abb_bot_task_s.c
[2.060s] -- Up-to-date: /home/mihir/abb_bot_ws/install/abb_bot_msgs/local/lib/python3.10/dist-packages/abb_bot_msgs/action/__init__.py
[2.060s] -- Up-to-date: /home/mihir/abb_bot_ws/install/abb_bot_msgs/local/lib/python3.10/dist-packages/abb_bot_msgs/abb_bot_msgs_s__rosidl_typesupport_c.cpython-310-x86_64-linux-gnu.so
[2.060s] -- Up-to-date: /home/mihir/abb_bot_ws/install/abb_bot_msgs/local/lib/python3.10/dist-packages/abb_bot_msgs/_abb_bot_msgs_s.ep.rosidl_typesupport_fastrtps_c.c
[2.060s] -- Up-to-date: /home/mihir/abb_bot_ws/install/abb_bot_msgs/local/lib/python3.10/dist-packages/abb_bot_msgs/_abb_bot_msgs_s.ep.rosidl_typesupport_introspection_c.c
[2.060s] -- Installing: /home/mihir/abb_bot_ws/install/abb_bot_msgs/local/lib/python3.10/dist-packages/abb_bot_msgs/__init__.py
[2.060s] -- Up-to-date: /home/mihir/abb_bot_ws/install/abb_bot_msgs/local/lib/python3.10/dist-packages/abb_bot_msgs/abb_bot_msgs_s__rosidl_typesupport_fastrtps_c.cpython-310-x86_64-linux-gnu.so
[2.060s] -- Up-to-date: /home/mihir/abb_bot_ws/install/abb_bot_msgs/local/lib/python3.10/dist-packages/abb_bot_msgs/_abb_bot_msgs_s.ep.rosidl_typesupport_c.c
[2.084s] Listing '/home/mihir/abb_bot_ws/install/abb_bot_msgs/local/lib/python3.10/dist-packages/abb_bot_msgs'...
[2.084s] Compiling '/home/mihir/abb_bot_ws/install/abb_bot_msgs/local/lib/python3.10/dist-packages/abb_bot_msgs/__init__.py'...
[2.084s] Listing '/home/mihir/abb_bot_ws/install/abb_bot_msgs/local/lib/python3.10/dist-packages/abb_bot_msgs/action'...
[2.087s] -- Up-to-date: /home/mihir/abb_bot_ws/install/abb_bot_msgs/local/lib/python3.10/dist-packages/abb_bot_msgs/abb_bot_msgs_s__rosidl_typesupport_fastrtps_c.cpython-310-x86_64-linux-gnu.so
[2.088s] -- Up-to-date: /home/mihir/abb_bot_ws/install/abb_bot_msgs/local/lib/python3.10/dist-packages/abb_bot_msgs/abb_bot_msgs_s__rosidl_typesupport_introspection_c.cpython-310-x86_64-linux-gnu.so
[2.088s] -- Up-to-date: /home/mihir/abb_bot_ws/install/abb_bot_msgs/local/lib/python3.10/dist-packages/abb_bot_msgs/abb_bot_msgs_s__rosidl_typesupport_c.cpython-310-x86_64-linux-gnu.so
[2.088s] -- Up-to-date: /home/mihir/abb_bot_ws/install/abb_bot_msgs/lib/libabb_bot_msgs__rosidl_generator_py.so
[2.088s] -- Up-to-date: /home/mihir/abb_bot_ws/install/abb_bot_msgs/share/abb_bot_msgs/action/ABBBotTask.idl
[2.088s] -- Up-to-date: /home/mihir/abb_bot_ws/install/abb_bot_msgs/share/abb_bot_msgs/action/ABBBotTask.action
[2.088s] -- Installing: /home/mihir/abb_bot_ws/install/abb_bot_msgs/share/ament_index/resource_index/package_run_dependencies/abb_bot_msgs
[2.088s] -- Up-to-date: /home/mihir/abb_bot_ws/install/abb_bot_msgs/share/ament_index/resource_index/parent_prefix_path/abb_bot_msgs
[2.089s] -- Up-to-date: /home/mihir/abb_bot_ws/install/abb_bot_msgs/share/abb_bot_msgs/environment/ament_prefix_path.sh
[2.089s] -- Installing: /home/mihir/abb_bot_ws/install/abb_bot_msgs/share/abb_bot_msgs/environment/ament_prefix_path.dsv
[2.089s] -- Up-to-date: /home/mihir/abb_bot_ws/install/abb_bot_msgs/share/abb_bot_msgs/environment/path.sh
[2.089s] -- Installing: /home/mihir/abb_bot_ws/install/abb_bot_msgs/share/abb_bot_msgs/environment/path.dsv
[2.089s] -- Up-to-date: /home/mihir/abb_bot_ws/install/abb_bot_msgs/share/abb_bot_msgs/local_setup.bash
[2.089s] -- Up-to-date: /home/mihir/abb_bot_ws/install/abb_bot_msgs/share/abb_bot_msgs/local_setup.sh
[2.089s] -- Up-to-date: /home/mihir/abb_bot_ws/install/abb_bot_msgs/share/abb_bot_msgs/local_setup.zsh
[2.089s] -- Installing: /home/mihir/abb_bot_ws/install/abb_bot_msgs/share/abb_bot_msgs/local_setup.dsv
[2.089s] -- Installing: /home/mihir/abb_bot_ws/install/abb_bot_msgs/share/abb_bot_msgs/package.dsv
[2.090s] -- Up-to-date: /home/mihir/abb_bot_ws/install/abb_bot_msgs/share/ament_index/resource_index/packages/abb_bot_msgs
[2.090s] -- Up-to-date: /home/mihir/abb_bot_ws/install/abb_bot_msgs/share/abb_bot_msgs/cmake/export_abb_bot_msgs__rosidl_generator_cExport.cmake
[2.090s] -- Up-to-date: /home/mihir/abb_bot_ws/install/abb_bot_msgs/share/abb_bot_msgs/cmake/export_abb_bot_msgs__rosidl_generator_cExport-noconfig.cmake
[2.090s] -- Up-to-date: /home/mihir/abb_bot_ws/install/abb_bot_msgs/share/abb_bot_msgs/cmake/export_abb_bot_msgs__rosidl_typesupport_fastrtps_cExport.cmake
[2.090s] -- Up-to-date: /home/mihir/abb_bot_ws/install/abb_bot_msgs/share/abb_bot_msgs/cmake/export_abb_bot_msgs__rosidl_typesupport_fastrtps_cExport-noconfig.cmake
[2.090s] -- Up-to-date: /home/mihir/abb_bot_ws/install/abb_bot_msgs/share/abb_bot_msgs/cmake/export_abb_bot_msgs__rosidl_generator_cppExport.cmake
[2.090s] -- Up-to-date: /home/mihir/abb_bot_ws/install/abb_bot_msgs/share/abb_bot_msgs/cmake/export_abb_bot_msgs__rosidl_typesupport_fastrtps_cppExport.cmake
[2.090s] -- Up-to-date: /home/mihir/abb_bot_ws/install/abb_bot_msgs/share/abb_bot_msgs/cmake/export_abb_bot_msgs__rosidl_typesupport_fastrtps_cppExport-noconfig.cmake
[2.090s] -- Up-to-date: /home/mihir/abb_bot_ws/install/abb_bot_msgs/share/abb_bot_msgs/cmake/abb_bot_msgs__rosidl_typesupport_introspection_cExport.cmake
[2.091s] -- Up-to-date: /home/mihir/abb_bot_ws/install/abb_bot_msgs/share/abb_bot_msgs/cmake/abb_bot_msgs__rosidl_typesupport_introspection_cExport-noconfig.cmake
[2.091s] -- Up-to-date: /home/mihir/abb_bot_ws/install/abb_bot_msgs/share/abb_bot_msgs/cmake/abb_bot_msgs__rosidl_typesupport_cExport.cmake
[2.091s] -- Up-to-date: /home/mihir/abb_bot_ws/install/abb_bot_msgs/share/abb_bot_msgs/cmake/abb_bot_msgs__rosidl_typesupport_cExport-noconfig.cmake
[2.091s] -- Up-to-date: /home/mihir/abb_bot_ws/install/abb_bot_msgs/share/abb_bot_msgs/cmake/abb_bot_msgs__rosidl_typesupport_introspection_cppExport.cmake
[2.091s] -- Up-to-date: /home/mihir/abb_bot_ws/install/abb_bot_msgs/share/abb_bot_msgs/cmake/abb_bot_msgs__rosidl_typesupport_introspection_cppExport-noconfig.cmake
[2.091s] -- Up-to-date: /home/mihir/abb_bot_ws/install/abb_bot_msgs/share/abb_bot_msgs/cmake/abb_bot_msgs__rosidl_typesupport_cppExport.cmake
[2.091s] -- Up-to-date: /home/mihir/abb_bot_ws/install/abb_bot_msgs/share/abb_bot_msgs/cmake/abb_bot_msgs__rosidl_typesupport_cppExport-noconfig.cmake
[2.091s] -- Up-to-date: /home/mihir/abb_bot_ws/install/abb_bot_msgs/share/abb_bot_msgs/cmake/export_abb_bot_msgs__rosidl_generator_pyExport.cmake
[2.091s] -- Up-to-date: /home/mihir/abb_bot_ws/install/abb_bot_msgs/share/abb_bot_msgs/cmake/export_abb_bot_msgs__rosidl_generator_pyExport-noconfig.cmake
[2.091s] -- Up-to-date: /home/mihir/abb_bot_ws/install/abb_bot_msgs/share/abb_bot_msgs/cmake/rosidl_cmake-extras.cmake
[2.092s] -- Up-to-date: /home/mihir/abb_bot_ws/install/abb_bot_msgs/share/abb_bot_msgs/cmake/ament_cmake_export_dependencies-extras.cmake
[2.092s] -- Up-to-date: /home/mihir/abb_bot_ws/install/abb_bot_msgs/share/abb_bot_msgs/cmake/ament_cmake_export_include_directories-extras.cmake
[2.092s] -- Up-to-date: /home/mihir/abb_bot_ws/install/abb_bot_msgs/share/abb_bot_msgs/cmake/ament_cmake_export_libraries-extras.cmake
[2.092s] -- Up-to-date: /home/mihir/abb_bot_ws/install/abb_bot_msgs/share/abb_bot_msgs/cmake/ament_cmake_export_targets-extras.cmake
[2.092s] -- Up-to-date: /home/mihir/abb_bot_ws/install/abb_bot_msgs/share/abb_bot_msgs/cmake/rosidl_cmake_export_typesupport_targets-extras.cmake
[2.092s] -- Up-to-date: /home/mihir/abb_bot_ws/install/abb_bot_msgs/share/abb_bot_msgs/cmake/rosidl_cmake_export_typesupport_libraries-extras.cmake
[2.092s] -- Up-to-date: /home/mihir/abb_bot_ws/install/abb_bot_msgs/share/abb_bot_msgs/cmake/abb_bot_msgsConfig.cmake
[2.092s] -- Up-to-date: /home/mihir/abb_bot_ws/install/abb_bot_msgs/share/abb_bot_msgs/cmake/abb_bot_msgsConfig-version.cmake
[2.092s] -- Installing: /home/mihir/abb_bot_ws/install/abb_bot_msgs/share/abb_bot_msgs/package.xml
[2.093s] Invoked command in '/home/mihir/abb_bot_ws/build/abb_bot_msgs' returned '0': CMAKE_PREFIX_PATH=/opt/ros/humble /usr/bin/cmake --install /home/mihir/abb_bot_ws/build/abb_bot_msgs
