[0.049s] Invoking command in '/home/mihir/abb_bot_ws/build/bot_description': CMAKE_PREFIX_PATH=/opt/ros/humble /usr/bin/cmake --build /home/mihir/abb_bot_ws/build/bot_description -- -j8 -l8
[0.068s] -- Found ament_cmake: 1.3.6 (/opt/ros/humble/share/ament_cmake/cmake)
[0.187s] -- Found urdf: 2.6.0 (/opt/ros/humble/share/urdf/cmake)
[0.233s] -- Found ament_lint_auto: 0.12.9 (/opt/ros/humble/share/ament_lint_auto/cmake)
[0.310s] -- Added test 'flake8' to check Python code syntax and style conventions
[0.310s] -- Added test 'lint_cmake' to check CMake code style
[0.311s] -- Added test 'pep257' to check Python code against some of the docstring style conventions in PEP 257
[0.312s] -- Added test 'xmllint' to check XML markup files
[0.313s] -- Configuring done
[0.316s] -- Generating done
[0.317s] -- Build files have been written to: /home/mihir/abb_bot_ws/build/bot_description
[0.333s] Invoked command in '/home/mihir/abb_bot_ws/build/bot_description' returned '0': CMAKE_PREFIX_PATH=/opt/ros/humble /usr/bin/cmake --build /home/mihir/abb_bot_ws/build/bot_description -- -j8 -l8
[0.353s] Invoking command in '/home/mihir/abb_bot_ws/build/bot_description': CMAKE_PREFIX_PATH=/opt/ros/humble /usr/bin/cmake --install /home/mihir/abb_bot_ws/build/bot_description
[0.359s] -- Install configuration: ""
[0.359s] -- Up-to-date: /home/mihir/abb_bot_ws/install/bot_description/share/bot_description/meshes
[0.359s] -- Up-to-date: /home/mihir/abb_bot_ws/install/bot_description/share/bot_description/meshes/Base_link.STL
[0.359s] -- Up-to-date: /home/mihir/abb_bot_ws/install/bot_description/share/bot_description/meshes/Link_5.STL
[0.359s] -- Up-to-date: /home/mihir/abb_bot_ws/install/bot_description/share/bot_description/meshes/Link_3.STL
[0.359s] -- Up-to-date: /home/mihir/abb_bot_ws/install/bot_description/share/bot_description/meshes/Link_1.STL
[0.359s] -- Up-to-date: /home/mihir/abb_bot_ws/install/bot_description/share/bot_description/meshes/Link_2.STL
[0.359s] -- Up-to-date: /home/mihir/abb_bot_ws/install/bot_description/share/bot_description/meshes/Link_6.STL
[0.359s] -- Up-to-date: /home/mihir/abb_bot_ws/install/bot_description/share/bot_description/meshes/Link_4.STL
[0.360s] -- Up-to-date: /home/mihir/abb_bot_ws/install/bot_description/share/bot_description/meshes/End_effector.STL
[0.360s] -- Up-to-date: /home/mihir/abb_bot_ws/install/bot_description/share/bot_description/urdf
[0.360s] -- Up-to-date: /home/mihir/abb_bot_ws/install/bot_description/share/bot_description/urdf/bot.urdf.xacro
[0.360s] -- Installing: /home/mihir/abb_bot_ws/install/bot_description/share/bot_description/launch
[0.360s] -- Installing: /home/mihir/abb_bot_ws/install/bot_description/share/bot_description/launch/display.launch.py
[0.360s] -- Installing: /home/mihir/abb_bot_ws/install/bot_description/share/bot_description/launch/gazebo.launch.py
[0.361s] [31mCMake Error at cmake_install.cmake:46 (file):
[0.361s]   file INSTALL cannot find "/home/mihir/abb_bot_ws/src/bot_description/rviz":
[0.361s]   No such file or directory.
[0.361s] 
[0.361s] [0m
[0.362s] Invoked command in '/home/mihir/abb_bot_ws/build/bot_description' returned '1': CMAKE_PREFIX_PATH=/opt/ros/humble /usr/bin/cmake --install /home/mihir/abb_bot_ws/build/bot_description
