[0.877s] DEBUG:colcon:Command line arguments: ['/usr/bin/colcon', 'build']
[0.877s] DEBUG:colcon:Parsed command line arguments: Namespace(log_base=None, log_level=None, verb_name='build', build_base='build', install_base='install', merge_install=False, symlink_install=False, test_result_base=None, continue_on_error=False, executor='parallel', parallel_workers=8, event_handlers=None, ignore_user_meta=False, metas=['./colcon.meta'], base_paths=['.'], packages_ignore=None, packages_ignore_regex=None, paths=None, packages_up_to=None, packages_up_to_regex=None, packages_above=None, packages_above_and_dependencies=None, packages_above_depth=None, packages_select_by_dep=None, packages_skip_by_dep=None, packages_skip_up_to=None, packages_select_build_failed=False, packages_skip_build_finished=False, packages_select_test_failures=False, packages_skip_test_passed=False, packages_select=None, packages_skip=None, packages_select_regex=None, packages_skip_regex=None, packages_start=None, packages_end=None, allow_overriding=[], cmake_args=None, cmake_target=None, cmake_target_skip_unavailable=False, cmake_clean_cache=False, cmake_clean_first=False, cmake_force_configure=False, ament_cmake_args=None, catkin_cmake_args=None, catkin_skip_building_tests=False, verb_parser=<colcon_defaults.argument_parser.defaults.DefaultArgumentsDecorator object at 0x7f8e0abd9060>, verb_extension=<colcon_core.verb.build.BuildVerb object at 0x7f8e0aff3fd0>, main=<bound method BuildVerb.main of <colcon_core.verb.build.BuildVerb object at 0x7f8e0aff3fd0>>)
[0.919s] Level 1:colcon.colcon_core.package_discovery:discover_packages(colcon_meta) check parameters
[0.919s] Level 1:colcon.colcon_core.package_discovery:discover_packages(recursive) check parameters
[0.919s] Level 1:colcon.colcon_core.package_discovery:discover_packages(ignore) check parameters
[0.919s] Level 1:colcon.colcon_core.package_discovery:discover_packages(path) check parameters
[0.919s] Level 1:colcon.colcon_core.package_discovery:discover_packages(colcon_meta) discover
[0.919s] Level 1:colcon.colcon_core.package_discovery:discover_packages(recursive) discover
[0.919s] INFO:colcon.colcon_core.package_discovery:Crawling recursively for packages in '/home/mihir/abb_bot_ws'
[0.919s] Level 1:colcon.colcon_core.package_identification:_identify(.) by extensions ['ignore', 'ignore_ament_install']
[0.919s] Level 1:colcon.colcon_core.package_identification:_identify(.) by extension 'ignore'
[0.919s] Level 1:colcon.colcon_core.package_identification:_identify(.) by extension 'ignore_ament_install'
[0.919s] Level 1:colcon.colcon_core.package_identification:_identify(.) by extensions ['colcon_pkg']
[0.919s] Level 1:colcon.colcon_core.package_identification:_identify(.) by extension 'colcon_pkg'
[0.919s] Level 1:colcon.colcon_core.package_identification:_identify(.) by extensions ['colcon_meta']
[0.919s] Level 1:colcon.colcon_core.package_identification:_identify(.) by extension 'colcon_meta'
[0.919s] Level 1:colcon.colcon_core.package_identification:_identify(.) by extensions ['ros']
[0.919s] Level 1:colcon.colcon_core.package_identification:_identify(.) by extension 'ros'
[0.927s] Level 1:colcon.colcon_core.package_identification:_identify(.) by extensions ['cmake', 'python']
[0.927s] Level 1:colcon.colcon_core.package_identification:_identify(.) by extension 'cmake'
[0.927s] Level 1:colcon.colcon_core.package_identification:_identify(.) by extension 'python'
[0.927s] Level 1:colcon.colcon_core.package_identification:_identify(.) by extensions ['python_setup_py']
[0.927s] Level 1:colcon.colcon_core.package_identification:_identify(.) by extension 'python_setup_py'
[0.928s] Level 1:colcon.colcon_core.package_identification:_identify(build) by extensions ['ignore', 'ignore_ament_install']
[0.928s] Level 1:colcon.colcon_core.package_identification:_identify(build) by extension 'ignore'
[0.928s] Level 1:colcon.colcon_core.package_identification:_identify(build) ignored
[0.928s] Level 1:colcon.colcon_core.package_identification:_identify(install) by extensions ['ignore', 'ignore_ament_install']
[0.928s] Level 1:colcon.colcon_core.package_identification:_identify(install) by extension 'ignore'
[0.928s] Level 1:colcon.colcon_core.package_identification:_identify(install) ignored
[0.928s] Level 1:colcon.colcon_core.package_identification:_identify(log) by extensions ['ignore', 'ignore_ament_install']
[0.928s] Level 1:colcon.colcon_core.package_identification:_identify(log) by extension 'ignore'
[0.928s] Level 1:colcon.colcon_core.package_identification:_identify(log) ignored
[0.928s] Level 1:colcon.colcon_core.package_identification:_identify(src) by extensions ['ignore', 'ignore_ament_install']
[0.928s] Level 1:colcon.colcon_core.package_identification:_identify(src) by extension 'ignore'
[0.928s] Level 1:colcon.colcon_core.package_identification:_identify(src) by extension 'ignore_ament_install'
[0.928s] Level 1:colcon.colcon_core.package_identification:_identify(src) by extensions ['colcon_pkg']
[0.928s] Level 1:colcon.colcon_core.package_identification:_identify(src) by extension 'colcon_pkg'
[0.929s] Level 1:colcon.colcon_core.package_identification:_identify(src) by extensions ['colcon_meta']
[0.929s] Level 1:colcon.colcon_core.package_identification:_identify(src) by extension 'colcon_meta'
[0.929s] Level 1:colcon.colcon_core.package_identification:_identify(src) by extensions ['ros']
[0.929s] Level 1:colcon.colcon_core.package_identification:_identify(src) by extension 'ros'
[0.929s] Level 1:colcon.colcon_core.package_identification:_identify(src) by extensions ['cmake', 'python']
[0.929s] Level 1:colcon.colcon_core.package_identification:_identify(src) by extension 'cmake'
[0.929s] Level 1:colcon.colcon_core.package_identification:_identify(src) by extension 'python'
[0.929s] Level 1:colcon.colcon_core.package_identification:_identify(src) by extensions ['python_setup_py']
[0.929s] Level 1:colcon.colcon_core.package_identification:_identify(src) by extension 'python_setup_py'
[0.929s] Level 1:colcon.colcon_core.package_identification:_identify(src/bot_controller) by extensions ['ignore', 'ignore_ament_install']
[0.929s] Level 1:colcon.colcon_core.package_identification:_identify(src/bot_controller) by extension 'ignore'
[0.929s] Level 1:colcon.colcon_core.package_identification:_identify(src/bot_controller) by extension 'ignore_ament_install'
[0.929s] Level 1:colcon.colcon_core.package_identification:_identify(src/bot_controller) by extensions ['colcon_pkg']
[0.929s] Level 1:colcon.colcon_core.package_identification:_identify(src/bot_controller) by extension 'colcon_pkg'
[0.929s] Level 1:colcon.colcon_core.package_identification:_identify(src/bot_controller) by extensions ['colcon_meta']
[0.929s] Level 1:colcon.colcon_core.package_identification:_identify(src/bot_controller) by extension 'colcon_meta'
[0.929s] Level 1:colcon.colcon_core.package_identification:_identify(src/bot_controller) by extensions ['ros']
[0.929s] Level 1:colcon.colcon_core.package_identification:_identify(src/bot_controller) by extension 'ros'
[0.931s] DEBUG:colcon.colcon_core.package_identification:Package 'src/bot_controller' with type 'ros.ament_cmake' and name 'bot_controller'
[0.931s] Level 1:colcon.colcon_core.package_identification:_identify(src/bot_description) by extensions ['ignore', 'ignore_ament_install']
[0.931s] Level 1:colcon.colcon_core.package_identification:_identify(src/bot_description) by extension 'ignore'
[0.931s] Level 1:colcon.colcon_core.package_identification:_identify(src/bot_description) by extension 'ignore_ament_install'
[0.931s] Level 1:colcon.colcon_core.package_identification:_identify(src/bot_description) by extensions ['colcon_pkg']
[0.931s] Level 1:colcon.colcon_core.package_identification:_identify(src/bot_description) by extension 'colcon_pkg'
[0.931s] Level 1:colcon.colcon_core.package_identification:_identify(src/bot_description) by extensions ['colcon_meta']
[0.931s] Level 1:colcon.colcon_core.package_identification:_identify(src/bot_description) by extension 'colcon_meta'
[0.931s] Level 1:colcon.colcon_core.package_identification:_identify(src/bot_description) by extensions ['ros']
[0.931s] Level 1:colcon.colcon_core.package_identification:_identify(src/bot_description) by extension 'ros'
[0.932s] DEBUG:colcon.colcon_core.package_identification:Package 'src/bot_description' with type 'ros.ament_cmake' and name 'bot_description'
[0.932s] Level 1:colcon.colcon_core.package_identification:_identify(src/bot_moveit) by extensions ['ignore', 'ignore_ament_install']
[0.932s] Level 1:colcon.colcon_core.package_identification:_identify(src/bot_moveit) by extension 'ignore'
[0.932s] Level 1:colcon.colcon_core.package_identification:_identify(src/bot_moveit) by extension 'ignore_ament_install'
[0.932s] Level 1:colcon.colcon_core.package_identification:_identify(src/bot_moveit) by extensions ['colcon_pkg']
[0.932s] Level 1:colcon.colcon_core.package_identification:_identify(src/bot_moveit) by extension 'colcon_pkg'
[0.932s] Level 1:colcon.colcon_core.package_identification:_identify(src/bot_moveit) by extensions ['colcon_meta']
[0.932s] Level 1:colcon.colcon_core.package_identification:_identify(src/bot_moveit) by extension 'colcon_meta'
[0.932s] Level 1:colcon.colcon_core.package_identification:_identify(src/bot_moveit) by extensions ['ros']
[0.932s] Level 1:colcon.colcon_core.package_identification:_identify(src/bot_moveit) by extension 'ros'
[0.933s] DEBUG:colcon.colcon_core.package_identification:Package 'src/bot_moveit' with type 'ros.ament_cmake' and name 'bot_moveit'
[0.933s] Level 1:colcon.colcon_core.package_identification:_identify(src/bot_msgs) by extensions ['ignore', 'ignore_ament_install']
[0.933s] Level 1:colcon.colcon_core.package_identification:_identify(src/bot_msgs) by extension 'ignore'
[0.933s] Level 1:colcon.colcon_core.package_identification:_identify(src/bot_msgs) by extension 'ignore_ament_install'
[0.933s] Level 1:colcon.colcon_core.package_identification:_identify(src/bot_msgs) by extensions ['colcon_pkg']
[0.933s] Level 1:colcon.colcon_core.package_identification:_identify(src/bot_msgs) by extension 'colcon_pkg'
[0.933s] Level 1:colcon.colcon_core.package_identification:_identify(src/bot_msgs) by extensions ['colcon_meta']
[0.933s] Level 1:colcon.colcon_core.package_identification:_identify(src/bot_msgs) by extension 'colcon_meta'
[0.933s] Level 1:colcon.colcon_core.package_identification:_identify(src/bot_msgs) by extensions ['ros']
[0.933s] Level 1:colcon.colcon_core.package_identification:_identify(src/bot_msgs) by extension 'ros'
[0.934s] DEBUG:colcon.colcon_core.package_identification:Package 'src/bot_msgs' with type 'ros.ament_cmake' and name 'bot_msgs'
[0.934s] Level 1:colcon.colcon_core.package_identification:_identify(src/bot_remote) by extensions ['ignore', 'ignore_ament_install']
[0.934s] Level 1:colcon.colcon_core.package_identification:_identify(src/bot_remote) by extension 'ignore'
[0.934s] Level 1:colcon.colcon_core.package_identification:_identify(src/bot_remote) by extension 'ignore_ament_install'
[0.934s] Level 1:colcon.colcon_core.package_identification:_identify(src/bot_remote) by extensions ['colcon_pkg']
[0.934s] Level 1:colcon.colcon_core.package_identification:_identify(src/bot_remote) by extension 'colcon_pkg'
[0.934s] Level 1:colcon.colcon_core.package_identification:_identify(src/bot_remote) by extensions ['colcon_meta']
[0.934s] Level 1:colcon.colcon_core.package_identification:_identify(src/bot_remote) by extension 'colcon_meta'
[0.934s] Level 1:colcon.colcon_core.package_identification:_identify(src/bot_remote) by extensions ['ros']
[0.934s] Level 1:colcon.colcon_core.package_identification:_identify(src/bot_remote) by extension 'ros'
[0.934s] DEBUG:colcon.colcon_core.package_identification:Package 'src/bot_remote' with type 'ros.ament_cmake' and name 'bot_remote'
[0.935s] Level 1:colcon.colcon_core.package_identification:_identify(src/build) by extensions ['ignore', 'ignore_ament_install']
[0.935s] Level 1:colcon.colcon_core.package_identification:_identify(src/build) by extension 'ignore'
[0.935s] Level 1:colcon.colcon_core.package_identification:_identify(src/build) ignored
[0.935s] Level 1:colcon.colcon_core.package_identification:_identify(src/install) by extensions ['ignore', 'ignore_ament_install']
[0.935s] Level 1:colcon.colcon_core.package_identification:_identify(src/install) by extension 'ignore'
[0.935s] Level 1:colcon.colcon_core.package_identification:_identify(src/install) ignored
[0.935s] Level 1:colcon.colcon_core.package_identification:_identify(src/log) by extensions ['ignore', 'ignore_ament_install']
[0.935s] Level 1:colcon.colcon_core.package_identification:_identify(src/log) by extension 'ignore'
[0.935s] Level 1:colcon.colcon_core.package_identification:_identify(src/log) ignored
[0.935s] Level 1:colcon.colcon_core.package_discovery:discover_packages(recursive) using defaults
[0.935s] Level 1:colcon.colcon_core.package_discovery:discover_packages(ignore) discover
[0.935s] Level 1:colcon.colcon_core.package_discovery:discover_packages(ignore) using defaults
[0.935s] Level 1:colcon.colcon_core.package_discovery:discover_packages(path) discover
[0.935s] Level 1:colcon.colcon_core.package_discovery:discover_packages(path) using defaults
[1.016s] Level 1:colcon.colcon_core.package_discovery:discover_packages(prefix_path) check parameters
[1.016s] Level 1:colcon.colcon_core.package_discovery:discover_packages(prefix_path) discover
[1.044s] DEBUG:colcon.colcon_installed_package_information.package_discovery:Found 360 installed packages in /opt/ros/humble
[1.045s] Level 1:colcon.colcon_core.package_discovery:discover_packages(prefix_path) using defaults
[1.150s] Level 5:colcon.colcon_core.verb:set package 'bot_controller' build argument 'cmake_args' from command line to 'None'
[1.150s] Level 5:colcon.colcon_core.verb:set package 'bot_controller' build argument 'cmake_target' from command line to 'None'
[1.150s] Level 5:colcon.colcon_core.verb:set package 'bot_controller' build argument 'cmake_target_skip_unavailable' from command line to 'False'
[1.151s] Level 5:colcon.colcon_core.verb:set package 'bot_controller' build argument 'cmake_clean_cache' from command line to 'False'
[1.151s] Level 5:colcon.colcon_core.verb:set package 'bot_controller' build argument 'cmake_clean_first' from command line to 'False'
[1.151s] Level 5:colcon.colcon_core.verb:set package 'bot_controller' build argument 'cmake_force_configure' from command line to 'False'
[1.151s] Level 5:colcon.colcon_core.verb:set package 'bot_controller' build argument 'ament_cmake_args' from command line to 'None'
[1.151s] Level 5:colcon.colcon_core.verb:set package 'bot_controller' build argument 'catkin_cmake_args' from command line to 'None'
[1.151s] Level 5:colcon.colcon_core.verb:set package 'bot_controller' build argument 'catkin_skip_building_tests' from command line to 'False'
[1.151s] DEBUG:colcon.colcon_core.verb:Building package 'bot_controller' with the following arguments: {'ament_cmake_args': None, 'build_base': '/home/mihir/abb_bot_ws/build/bot_controller', 'catkin_cmake_args': None, 'catkin_skip_building_tests': False, 'cmake_args': None, 'cmake_clean_cache': False, 'cmake_clean_first': False, 'cmake_force_configure': False, 'cmake_target': None, 'cmake_target_skip_unavailable': False, 'install_base': '/home/mihir/abb_bot_ws/install/bot_controller', 'merge_install': False, 'path': '/home/mihir/abb_bot_ws/src/bot_controller', 'symlink_install': False, 'test_result_base': None}
[1.165s] Level 5:colcon.colcon_core.verb:set package 'bot_description' build argument 'cmake_args' from command line to 'None'
[1.165s] Level 5:colcon.colcon_core.verb:set package 'bot_description' build argument 'cmake_target' from command line to 'None'
[1.165s] Level 5:colcon.colcon_core.verb:set package 'bot_description' build argument 'cmake_target_skip_unavailable' from command line to 'False'
[1.165s] Level 5:colcon.colcon_core.verb:set package 'bot_description' build argument 'cmake_clean_cache' from command line to 'False'
[1.165s] Level 5:colcon.colcon_core.verb:set package 'bot_description' build argument 'cmake_clean_first' from command line to 'False'
[1.165s] Level 5:colcon.colcon_core.verb:set package 'bot_description' build argument 'cmake_force_configure' from command line to 'False'
[1.165s] Level 5:colcon.colcon_core.verb:set package 'bot_description' build argument 'ament_cmake_args' from command line to 'None'
[1.165s] Level 5:colcon.colcon_core.verb:set package 'bot_description' build argument 'catkin_cmake_args' from command line to 'None'
[1.165s] Level 5:colcon.colcon_core.verb:set package 'bot_description' build argument 'catkin_skip_building_tests' from command line to 'False'
[1.165s] DEBUG:colcon.colcon_core.verb:Building package 'bot_description' with the following arguments: {'ament_cmake_args': None, 'build_base': '/home/mihir/abb_bot_ws/build/bot_description', 'catkin_cmake_args': None, 'catkin_skip_building_tests': False, 'cmake_args': None, 'cmake_clean_cache': False, 'cmake_clean_first': False, 'cmake_force_configure': False, 'cmake_target': None, 'cmake_target_skip_unavailable': False, 'install_base': '/home/mihir/abb_bot_ws/install/bot_description', 'merge_install': False, 'path': '/home/mihir/abb_bot_ws/src/bot_description', 'symlink_install': False, 'test_result_base': None}
[1.180s] Level 5:colcon.colcon_core.verb:set package 'bot_moveit' build argument 'cmake_args' from command line to 'None'
[1.180s] Level 5:colcon.colcon_core.verb:set package 'bot_moveit' build argument 'cmake_target' from command line to 'None'
[1.180s] Level 5:colcon.colcon_core.verb:set package 'bot_moveit' build argument 'cmake_target_skip_unavailable' from command line to 'False'
[1.180s] Level 5:colcon.colcon_core.verb:set package 'bot_moveit' build argument 'cmake_clean_cache' from command line to 'False'
[1.180s] Level 5:colcon.colcon_core.verb:set package 'bot_moveit' build argument 'cmake_clean_first' from command line to 'False'
[1.180s] Level 5:colcon.colcon_core.verb:set package 'bot_moveit' build argument 'cmake_force_configure' from command line to 'False'
[1.180s] Level 5:colcon.colcon_core.verb:set package 'bot_moveit' build argument 'ament_cmake_args' from command line to 'None'
[1.180s] Level 5:colcon.colcon_core.verb:set package 'bot_moveit' build argument 'catkin_cmake_args' from command line to 'None'
[1.180s] Level 5:colcon.colcon_core.verb:set package 'bot_moveit' build argument 'catkin_skip_building_tests' from command line to 'False'
[1.180s] DEBUG:colcon.colcon_core.verb:Building package 'bot_moveit' with the following arguments: {'ament_cmake_args': None, 'build_base': '/home/mihir/abb_bot_ws/build/bot_moveit', 'catkin_cmake_args': None, 'catkin_skip_building_tests': False, 'cmake_args': None, 'cmake_clean_cache': False, 'cmake_clean_first': False, 'cmake_force_configure': False, 'cmake_target': None, 'cmake_target_skip_unavailable': False, 'install_base': '/home/mihir/abb_bot_ws/install/bot_moveit', 'merge_install': False, 'path': '/home/mihir/abb_bot_ws/src/bot_moveit', 'symlink_install': False, 'test_result_base': None}
[1.195s] Level 5:colcon.colcon_core.verb:set package 'bot_msgs' build argument 'cmake_args' from command line to 'None'
[1.195s] Level 5:colcon.colcon_core.verb:set package 'bot_msgs' build argument 'cmake_target' from command line to 'None'
[1.195s] Level 5:colcon.colcon_core.verb:set package 'bot_msgs' build argument 'cmake_target_skip_unavailable' from command line to 'False'
[1.195s] Level 5:colcon.colcon_core.verb:set package 'bot_msgs' build argument 'cmake_clean_cache' from command line to 'False'
[1.195s] Level 5:colcon.colcon_core.verb:set package 'bot_msgs' build argument 'cmake_clean_first' from command line to 'False'
[1.195s] Level 5:colcon.colcon_core.verb:set package 'bot_msgs' build argument 'cmake_force_configure' from command line to 'False'
[1.195s] Level 5:colcon.colcon_core.verb:set package 'bot_msgs' build argument 'ament_cmake_args' from command line to 'None'
[1.195s] Level 5:colcon.colcon_core.verb:set package 'bot_msgs' build argument 'catkin_cmake_args' from command line to 'None'
[1.195s] Level 5:colcon.colcon_core.verb:set package 'bot_msgs' build argument 'catkin_skip_building_tests' from command line to 'False'
[1.195s] DEBUG:colcon.colcon_core.verb:Building package 'bot_msgs' with the following arguments: {'ament_cmake_args': None, 'build_base': '/home/mihir/abb_bot_ws/build/bot_msgs', 'catkin_cmake_args': None, 'catkin_skip_building_tests': False, 'cmake_args': None, 'cmake_clean_cache': False, 'cmake_clean_first': False, 'cmake_force_configure': False, 'cmake_target': None, 'cmake_target_skip_unavailable': False, 'install_base': '/home/mihir/abb_bot_ws/install/bot_msgs', 'merge_install': False, 'path': '/home/mihir/abb_bot_ws/src/bot_msgs', 'symlink_install': False, 'test_result_base': None}
[1.208s] Level 5:colcon.colcon_core.verb:set package 'bot_remote' build argument 'cmake_args' from command line to 'None'
[1.208s] Level 5:colcon.colcon_core.verb:set package 'bot_remote' build argument 'cmake_target' from command line to 'None'
[1.208s] Level 5:colcon.colcon_core.verb:set package 'bot_remote' build argument 'cmake_target_skip_unavailable' from command line to 'False'
[1.208s] Level 5:colcon.colcon_core.verb:set package 'bot_remote' build argument 'cmake_clean_cache' from command line to 'False'
[1.208s] Level 5:colcon.colcon_core.verb:set package 'bot_remote' build argument 'cmake_clean_first' from command line to 'False'
[1.208s] Level 5:colcon.colcon_core.verb:set package 'bot_remote' build argument 'cmake_force_configure' from command line to 'False'
[1.208s] Level 5:colcon.colcon_core.verb:set package 'bot_remote' build argument 'ament_cmake_args' from command line to 'None'
[1.208s] Level 5:colcon.colcon_core.verb:set package 'bot_remote' build argument 'catkin_cmake_args' from command line to 'None'
[1.208s] Level 5:colcon.colcon_core.verb:set package 'bot_remote' build argument 'catkin_skip_building_tests' from command line to 'False'
[1.208s] DEBUG:colcon.colcon_core.verb:Building package 'bot_remote' with the following arguments: {'ament_cmake_args': None, 'build_base': '/home/mihir/abb_bot_ws/build/bot_remote', 'catkin_cmake_args': None, 'catkin_skip_building_tests': False, 'cmake_args': None, 'cmake_clean_cache': False, 'cmake_clean_first': False, 'cmake_force_configure': False, 'cmake_target': None, 'cmake_target_skip_unavailable': False, 'install_base': '/home/mihir/abb_bot_ws/install/bot_remote', 'merge_install': False, 'path': '/home/mihir/abb_bot_ws/src/bot_remote', 'symlink_install': False, 'test_result_base': None}
[1.222s] INFO:colcon.colcon_core.executor:Executing jobs using 'parallel' executor
[1.237s] DEBUG:colcon.colcon_parallel_executor.executor.parallel:run_until_complete
[1.237s] INFO:colcon.colcon_ros.task.ament_cmake.build:Building ROS package in '/home/mihir/abb_bot_ws/src/bot_controller' with build type 'ament_cmake'
[1.237s] INFO:colcon.colcon_cmake.task.cmake.build:Building CMake package in '/home/mihir/abb_bot_ws/src/bot_controller'
[1.253s] INFO:colcon.colcon_core.plugin_system:Skipping extension 'colcon_core.shell.bat': Not used on non-Windows systems
[1.253s] INFO:colcon.colcon_core.shell:Skip shell extension 'powershell' for command environment: Not usable outside of PowerShell
[1.253s] DEBUG:colcon.colcon_core.shell:Skip shell extension 'dsv' for command environment
[1.285s] INFO:colcon.colcon_ros.task.ament_cmake.build:Building ROS package in '/home/mihir/abb_bot_ws/src/bot_description' with build type 'ament_cmake'
[1.285s] INFO:colcon.colcon_cmake.task.cmake.build:Building CMake package in '/home/mihir/abb_bot_ws/src/bot_description'
[1.300s] INFO:colcon.colcon_core.shell:Skip shell extension 'powershell' for command environment: Not usable outside of PowerShell
[1.300s] DEBUG:colcon.colcon_core.shell:Skip shell extension 'dsv' for command environment
[1.335s] INFO:colcon.colcon_ros.task.ament_cmake.build:Building ROS package in '/home/mihir/abb_bot_ws/src/bot_moveit' with build type 'ament_cmake'
[1.336s] INFO:colcon.colcon_cmake.task.cmake.build:Building CMake package in '/home/mihir/abb_bot_ws/src/bot_moveit'
[1.351s] INFO:colcon.colcon_core.shell:Skip shell extension 'powershell' for command environment: Not usable outside of PowerShell
[1.351s] DEBUG:colcon.colcon_core.shell:Skip shell extension 'dsv' for command environment
[1.385s] INFO:colcon.colcon_ros.task.ament_cmake.build:Building ROS package in '/home/mihir/abb_bot_ws/src/bot_msgs' with build type 'ament_cmake'
[1.385s] INFO:colcon.colcon_cmake.task.cmake.build:Building CMake package in '/home/mihir/abb_bot_ws/src/bot_msgs'
[1.400s] INFO:colcon.colcon_core.shell:Skip shell extension 'powershell' for command environment: Not usable outside of PowerShell
[1.401s] DEBUG:colcon.colcon_core.shell:Skip shell extension 'dsv' for command environment
[1.436s] INFO:colcon.colcon_ros.task.ament_cmake.build:Building ROS package in '/home/mihir/abb_bot_ws/src/bot_remote' with build type 'ament_cmake'
[1.436s] INFO:colcon.colcon_cmake.task.cmake.build:Building CMake package in '/home/mihir/abb_bot_ws/src/bot_remote'
[1.453s] INFO:colcon.colcon_core.shell:Skip shell extension 'powershell' for command environment: Not usable outside of PowerShell
[1.453s] DEBUG:colcon.colcon_core.shell:Skip shell extension 'dsv' for command environment
[1.495s] DEBUG:colcon.colcon_core.event_handler.log_command:Invoking command in '/home/mihir/abb_bot_ws/build/bot_controller': CMAKE_PREFIX_PATH=/opt/ros/humble /usr/bin/cmake --build /home/mihir/abb_bot_ws/build/bot_controller -- -j8 -l8
[1.499s] DEBUG:colcon.colcon_core.event_handler.log_command:Invoking command in '/home/mihir/abb_bot_ws/build/bot_description': CMAKE_PREFIX_PATH=/opt/ros/humble /usr/bin/cmake --build /home/mihir/abb_bot_ws/build/bot_description -- -j8 -l8
[1.503s] DEBUG:colcon.colcon_core.event_handler.log_command:Invoking command in '/home/mihir/abb_bot_ws/build/bot_moveit': CMAKE_PREFIX_PATH=/opt/ros/humble /usr/bin/cmake --build /home/mihir/abb_bot_ws/build/bot_moveit -- -j8 -l8
[1.510s] DEBUG:colcon.colcon_core.event_handler.log_command:Invoking command in '/home/mihir/abb_bot_ws/build/bot_msgs': CMAKE_PREFIX_PATH=/opt/ros/humble /usr/bin/cmake --build /home/mihir/abb_bot_ws/build/bot_msgs -- -j8 -l8
[1.517s] DEBUG:colcon.colcon_core.event_handler.log_command:Invoking command in '/home/mihir/abb_bot_ws/build/bot_remote': CMAKE_PREFIX_PATH=/opt/ros/humble /usr/bin/cmake --build /home/mihir/abb_bot_ws/build/bot_remote -- -j8 -l8
[1.547s] DEBUG:colcon.colcon_core.event_handler.log_command:Invoked command in '/home/mihir/abb_bot_ws/build/bot_controller' returned '0': CMAKE_PREFIX_PATH=/opt/ros/humble /usr/bin/cmake --build /home/mihir/abb_bot_ws/build/bot_controller -- -j8 -l8
[1.553s] DEBUG:colcon.colcon_core.event_handler.log_command:Invoked command in '/home/mihir/abb_bot_ws/build/bot_description' returned '0': CMAKE_PREFIX_PATH=/opt/ros/humble /usr/bin/cmake --build /home/mihir/abb_bot_ws/build/bot_description -- -j8 -l8
[1.557s] DEBUG:colcon.colcon_core.event_handler.log_command:Invoked command in '/home/mihir/abb_bot_ws/build/bot_moveit' returned '0': CMAKE_PREFIX_PATH=/opt/ros/humble /usr/bin/cmake --build /home/mihir/abb_bot_ws/build/bot_moveit -- -j8 -l8
[1.576s] DEBUG:colcon.colcon_core.event_handler.log_command:Invoked command in '/home/mihir/abb_bot_ws/build/bot_remote' returned '0': CMAKE_PREFIX_PATH=/opt/ros/humble /usr/bin/cmake --build /home/mihir/abb_bot_ws/build/bot_remote -- -j8 -l8
[1.603s] DEBUG:colcon.colcon_core.event_handler.log_command:Invoking command in '/home/mihir/abb_bot_ws/build/bot_controller': CMAKE_PREFIX_PATH=/opt/ros/humble /usr/bin/cmake --install /home/mihir/abb_bot_ws/build/bot_controller
[1.610s] DEBUG:colcon.colcon_core.event_handler.log_command:Invoking command in '/home/mihir/abb_bot_ws/build/bot_description': CMAKE_PREFIX_PATH=/opt/ros/humble /usr/bin/cmake --install /home/mihir/abb_bot_ws/build/bot_description
[1.615s] DEBUG:colcon.colcon_core.event_handler.log_command:Invoking command in '/home/mihir/abb_bot_ws/build/bot_moveit': CMAKE_PREFIX_PATH=/opt/ros/humble /usr/bin/cmake --install /home/mihir/abb_bot_ws/build/bot_moveit
[1.639s] Level 1:colcon.colcon_core.environment:create_environment_scripts_only(bot_controller)
[1.644s] DEBUG:colcon.colcon_core.event_handler.log_command:Invoking command in '/home/mihir/abb_bot_ws/build/bot_remote': CMAKE_PREFIX_PATH=/opt/ros/humble /usr/bin/cmake --install /home/mihir/abb_bot_ws/build/bot_remote
[1.653s] DEBUG:colcon.colcon_core.event_handler.log_command:Invoked command in '/home/mihir/abb_bot_ws/build/bot_controller' returned '0': CMAKE_PREFIX_PATH=/opt/ros/humble /usr/bin/cmake --install /home/mihir/abb_bot_ws/build/bot_controller
[1.673s] Level 1:colcon.colcon_core.environment:checking '/home/mihir/abb_bot_ws/install/bot_controller' for CMake module files
[1.673s] Level 1:colcon.colcon_core.environment:checking '/home/mihir/abb_bot_ws/install/bot_controller' for CMake config files
[1.674s] Level 1:colcon.colcon_core.shell:create_environment_hook('bot_controller', 'cmake_prefix_path')
[1.698s] INFO:colcon.colcon_core.shell:Creating environment hook '/home/mihir/abb_bot_ws/install/bot_controller/share/bot_controller/hook/cmake_prefix_path.ps1'
[1.699s] INFO:colcon.colcon_core.shell:Creating environment descriptor '/home/mihir/abb_bot_ws/install/bot_controller/share/bot_controller/hook/cmake_prefix_path.dsv'
[1.700s] INFO:colcon.colcon_core.shell:Creating environment hook '/home/mihir/abb_bot_ws/install/bot_controller/share/bot_controller/hook/cmake_prefix_path.sh'
[1.701s] Level 1:colcon.colcon_core.environment:checking '/home/mihir/abb_bot_ws/install/bot_controller/bin'
[1.701s] Level 1:colcon.colcon_core.environment:checking '/home/mihir/abb_bot_ws/install/bot_controller/lib/pkgconfig/bot_controller.pc'
[1.702s] Level 1:colcon.colcon_core.environment:checking '/home/mihir/abb_bot_ws/install/bot_controller/lib/python3.10/site-packages'
[1.702s] Level 1:colcon.colcon_core.environment:checking '/home/mihir/abb_bot_ws/install/bot_controller/bin'
[1.722s] INFO:colcon.colcon_core.shell:Creating package script '/home/mihir/abb_bot_ws/install/bot_controller/share/bot_controller/package.ps1'
[1.723s] INFO:colcon.colcon_core.shell:Creating package descriptor '/home/mihir/abb_bot_ws/install/bot_controller/share/bot_controller/package.dsv'
[1.724s] INFO:colcon.colcon_core.shell:Creating package script '/home/mihir/abb_bot_ws/install/bot_controller/share/bot_controller/package.sh'
[1.725s] INFO:colcon.colcon_core.shell:Creating package script '/home/mihir/abb_bot_ws/install/bot_controller/share/bot_controller/package.bash'
[1.725s] INFO:colcon.colcon_core.shell:Creating package script '/home/mihir/abb_bot_ws/install/bot_controller/share/bot_controller/package.zsh'
[1.726s] Level 1:colcon.colcon_core.environment:create_file_with_runtime_dependencies(/home/mihir/abb_bot_ws/install/bot_controller/share/colcon-core/packages/bot_controller)
[1.729s] Level 1:colcon.colcon_core.environment:create_environment_scripts_only(bot_moveit)
[1.729s] DEBUG:colcon.colcon_core.event_handler.log_command:Invoked command in '/home/mihir/abb_bot_ws/build/bot_moveit' returned '0': CMAKE_PREFIX_PATH=/opt/ros/humble /usr/bin/cmake --install /home/mihir/abb_bot_ws/build/bot_moveit
[1.753s] Level 1:colcon.colcon_core.environment:checking '/home/mihir/abb_bot_ws/install/bot_moveit' for CMake module files
[1.753s] Level 1:colcon.colcon_core.environment:checking '/home/mihir/abb_bot_ws/install/bot_moveit' for CMake config files
[1.753s] Level 1:colcon.colcon_core.shell:create_environment_hook('bot_moveit', 'cmake_prefix_path')
[1.769s] INFO:colcon.colcon_core.shell:Creating environment hook '/home/mihir/abb_bot_ws/install/bot_moveit/share/bot_moveit/hook/cmake_prefix_path.ps1'
[1.770s] INFO:colcon.colcon_core.shell:Creating environment descriptor '/home/mihir/abb_bot_ws/install/bot_moveit/share/bot_moveit/hook/cmake_prefix_path.dsv'
[1.770s] INFO:colcon.colcon_core.shell:Creating environment hook '/home/mihir/abb_bot_ws/install/bot_moveit/share/bot_moveit/hook/cmake_prefix_path.sh'
[1.771s] Level 1:colcon.colcon_core.environment:checking '/home/mihir/abb_bot_ws/install/bot_moveit/bin'
[1.771s] Level 1:colcon.colcon_core.environment:checking '/home/mihir/abb_bot_ws/install/bot_moveit/lib/pkgconfig/bot_moveit.pc'
[1.771s] Level 1:colcon.colcon_core.environment:checking '/home/mihir/abb_bot_ws/install/bot_moveit/lib/python3.10/site-packages'
[1.771s] Level 1:colcon.colcon_core.environment:checking '/home/mihir/abb_bot_ws/install/bot_moveit/bin'
[1.787s] INFO:colcon.colcon_core.shell:Creating package script '/home/mihir/abb_bot_ws/install/bot_moveit/share/bot_moveit/package.ps1'
[1.787s] INFO:colcon.colcon_core.shell:Creating package descriptor '/home/mihir/abb_bot_ws/install/bot_moveit/share/bot_moveit/package.dsv'
[1.788s] INFO:colcon.colcon_core.shell:Creating package script '/home/mihir/abb_bot_ws/install/bot_moveit/share/bot_moveit/package.sh'
[1.788s] INFO:colcon.colcon_core.shell:Creating package script '/home/mihir/abb_bot_ws/install/bot_moveit/share/bot_moveit/package.bash'
[1.788s] INFO:colcon.colcon_core.shell:Creating package script '/home/mihir/abb_bot_ws/install/bot_moveit/share/bot_moveit/package.zsh'
[1.788s] Level 1:colcon.colcon_core.environment:create_file_with_runtime_dependencies(/home/mihir/abb_bot_ws/install/bot_moveit/share/colcon-core/packages/bot_moveit)
[1.789s] Level 1:colcon.colcon_core.environment:create_environment_scripts_only(bot_description)
[1.790s] DEBUG:colcon.colcon_core.event_handler.log_command:Invoked command in '/home/mihir/abb_bot_ws/build/bot_description' returned '0': CMAKE_PREFIX_PATH=/opt/ros/humble /usr/bin/cmake --install /home/mihir/abb_bot_ws/build/bot_description
[1.804s] Level 1:colcon.colcon_core.environment:checking '/home/mihir/abb_bot_ws/install/bot_description' for CMake module files
[1.805s] Level 1:colcon.colcon_core.environment:checking '/home/mihir/abb_bot_ws/install/bot_description' for CMake config files
[1.805s] Level 1:colcon.colcon_core.shell:create_environment_hook('bot_description', 'cmake_prefix_path')
[1.819s] INFO:colcon.colcon_core.shell:Creating environment hook '/home/mihir/abb_bot_ws/install/bot_description/share/bot_description/hook/cmake_prefix_path.ps1'
[1.820s] INFO:colcon.colcon_core.shell:Creating environment descriptor '/home/mihir/abb_bot_ws/install/bot_description/share/bot_description/hook/cmake_prefix_path.dsv'
[1.820s] INFO:colcon.colcon_core.shell:Creating environment hook '/home/mihir/abb_bot_ws/install/bot_description/share/bot_description/hook/cmake_prefix_path.sh'
[1.820s] Level 1:colcon.colcon_core.environment:checking '/home/mihir/abb_bot_ws/install/bot_description/lib'
[1.820s] Level 1:colcon.colcon_core.environment:checking '/home/mihir/abb_bot_ws/install/bot_description/bin'
[1.821s] Level 1:colcon.colcon_core.environment:checking '/home/mihir/abb_bot_ws/install/bot_description/lib/pkgconfig/bot_description.pc'
[1.821s] Level 1:colcon.colcon_core.environment:checking '/home/mihir/abb_bot_ws/install/bot_description/lib/python3.10/site-packages'
[1.821s] Level 1:colcon.colcon_core.shell:create_environment_hook('bot_description', 'pythonpath')
[1.836s] INFO:colcon.colcon_core.shell:Creating environment hook '/home/mihir/abb_bot_ws/install/bot_description/share/bot_description/hook/pythonpath.ps1'
[1.837s] INFO:colcon.colcon_core.shell:Creating environment descriptor '/home/mihir/abb_bot_ws/install/bot_description/share/bot_description/hook/pythonpath.dsv'
[1.837s] INFO:colcon.colcon_core.shell:Creating environment hook '/home/mihir/abb_bot_ws/install/bot_description/share/bot_description/hook/pythonpath.sh'
[1.837s] Level 1:colcon.colcon_core.environment:checking '/home/mihir/abb_bot_ws/install/bot_description/bin'
[1.852s] INFO:colcon.colcon_core.shell:Creating package script '/home/mihir/abb_bot_ws/install/bot_description/share/bot_description/package.ps1'
[1.852s] INFO:colcon.colcon_core.shell:Creating package descriptor '/home/mihir/abb_bot_ws/install/bot_description/share/bot_description/package.dsv'
[1.853s] INFO:colcon.colcon_core.shell:Creating package script '/home/mihir/abb_bot_ws/install/bot_description/share/bot_description/package.sh'
[1.853s] INFO:colcon.colcon_core.shell:Creating package script '/home/mihir/abb_bot_ws/install/bot_description/share/bot_description/package.bash'
[1.853s] INFO:colcon.colcon_core.shell:Creating package script '/home/mihir/abb_bot_ws/install/bot_description/share/bot_description/package.zsh'
[1.853s] Level 1:colcon.colcon_core.environment:create_file_with_runtime_dependencies(/home/mihir/abb_bot_ws/install/bot_description/share/colcon-core/packages/bot_description)
[1.854s] Level 1:colcon.colcon_core.environment:create_environment_scripts_only(bot_remote)
[1.855s] DEBUG:colcon.colcon_core.event_handler.log_command:Invoked command in '/home/mihir/abb_bot_ws/build/bot_remote' returned '0': CMAKE_PREFIX_PATH=/opt/ros/humble /usr/bin/cmake --install /home/mihir/abb_bot_ws/build/bot_remote
[1.872s] Level 1:colcon.colcon_core.environment:checking '/home/mihir/abb_bot_ws/install/bot_remote' for CMake module files
[1.872s] Level 1:colcon.colcon_core.environment:checking '/home/mihir/abb_bot_ws/install/bot_remote' for CMake config files
[1.872s] Level 1:colcon.colcon_core.shell:create_environment_hook('bot_remote', 'cmake_prefix_path')
[1.889s] INFO:colcon.colcon_core.shell:Creating environment hook '/home/mihir/abb_bot_ws/install/bot_remote/share/bot_remote/hook/cmake_prefix_path.ps1'
[1.889s] INFO:colcon.colcon_core.shell:Creating environment descriptor '/home/mihir/abb_bot_ws/install/bot_remote/share/bot_remote/hook/cmake_prefix_path.dsv'
[1.890s] INFO:colcon.colcon_core.shell:Creating environment hook '/home/mihir/abb_bot_ws/install/bot_remote/share/bot_remote/hook/cmake_prefix_path.sh'
[1.890s] Level 1:colcon.colcon_core.environment:checking '/home/mihir/abb_bot_ws/install/bot_remote/bin'
[1.890s] Level 1:colcon.colcon_core.environment:checking '/home/mihir/abb_bot_ws/install/bot_remote/lib/pkgconfig/bot_remote.pc'
[1.891s] Level 1:colcon.colcon_core.environment:checking '/home/mihir/abb_bot_ws/install/bot_remote/lib/python3.10/site-packages'
[1.891s] Level 1:colcon.colcon_core.environment:checking '/home/mihir/abb_bot_ws/install/bot_remote/bin'
[1.906s] INFO:colcon.colcon_core.shell:Creating package script '/home/mihir/abb_bot_ws/install/bot_remote/share/bot_remote/package.ps1'
[1.906s] INFO:colcon.colcon_core.shell:Creating package descriptor '/home/mihir/abb_bot_ws/install/bot_remote/share/bot_remote/package.dsv'
[1.907s] INFO:colcon.colcon_core.shell:Creating package script '/home/mihir/abb_bot_ws/install/bot_remote/share/bot_remote/package.sh'
[1.907s] INFO:colcon.colcon_core.shell:Creating package script '/home/mihir/abb_bot_ws/install/bot_remote/share/bot_remote/package.bash'
[1.907s] INFO:colcon.colcon_core.shell:Creating package script '/home/mihir/abb_bot_ws/install/bot_remote/share/bot_remote/package.zsh'
[1.908s] Level 1:colcon.colcon_core.environment:create_file_with_runtime_dependencies(/home/mihir/abb_bot_ws/install/bot_remote/share/colcon-core/packages/bot_remote)
[1.925s] Level 1:colcon.colcon_core.environment:create_environment_scripts_only(bot_controller)
[1.943s] Level 1:colcon.colcon_core.environment:checking '/home/mihir/abb_bot_ws/install/bot_controller' for CMake module files
[1.944s] Level 1:colcon.colcon_core.environment:checking '/home/mihir/abb_bot_ws/install/bot_controller' for CMake config files
[1.944s] Level 1:colcon.colcon_core.shell:create_environment_hook('bot_controller', 'cmake_prefix_path')
[1.958s] INFO:colcon.colcon_core.shell:Creating environment hook '/home/mihir/abb_bot_ws/install/bot_controller/share/bot_controller/hook/cmake_prefix_path.ps1'
[1.958s] INFO:colcon.colcon_core.shell:Creating environment descriptor '/home/mihir/abb_bot_ws/install/bot_controller/share/bot_controller/hook/cmake_prefix_path.dsv'
[1.958s] INFO:colcon.colcon_core.shell:Creating environment hook '/home/mihir/abb_bot_ws/install/bot_controller/share/bot_controller/hook/cmake_prefix_path.sh'
[1.959s] Level 1:colcon.colcon_core.environment:checking '/home/mihir/abb_bot_ws/install/bot_controller/bin'
[1.959s] Level 1:colcon.colcon_core.environment:checking '/home/mihir/abb_bot_ws/install/bot_controller/lib/pkgconfig/bot_controller.pc'
[1.959s] Level 1:colcon.colcon_core.environment:checking '/home/mihir/abb_bot_ws/install/bot_controller/lib/python3.10/site-packages'
[1.959s] Level 1:colcon.colcon_core.environment:checking '/home/mihir/abb_bot_ws/install/bot_controller/bin'
[1.975s] INFO:colcon.colcon_core.shell:Creating package script '/home/mihir/abb_bot_ws/install/bot_controller/share/bot_controller/package.ps1'
[1.976s] INFO:colcon.colcon_core.shell:Creating package descriptor '/home/mihir/abb_bot_ws/install/bot_controller/share/bot_controller/package.dsv'
[1.976s] INFO:colcon.colcon_core.shell:Creating package script '/home/mihir/abb_bot_ws/install/bot_controller/share/bot_controller/package.sh'
[1.976s] INFO:colcon.colcon_core.shell:Creating package script '/home/mihir/abb_bot_ws/install/bot_controller/share/bot_controller/package.bash'
[1.977s] INFO:colcon.colcon_core.shell:Creating package script '/home/mihir/abb_bot_ws/install/bot_controller/share/bot_controller/package.zsh'
[1.977s] Level 1:colcon.colcon_core.environment:create_file_with_runtime_dependencies(/home/mihir/abb_bot_ws/install/bot_controller/share/colcon-core/packages/bot_controller)
[1.994s] Level 1:colcon.colcon_core.environment:create_environment_scripts_only(bot_moveit)
[2.008s] Level 1:colcon.colcon_core.environment:checking '/home/mihir/abb_bot_ws/install/bot_moveit' for CMake module files
[2.008s] Level 1:colcon.colcon_core.environment:checking '/home/mihir/abb_bot_ws/install/bot_moveit' for CMake config files
[2.009s] Level 1:colcon.colcon_core.shell:create_environment_hook('bot_moveit', 'cmake_prefix_path')
[2.023s] INFO:colcon.colcon_core.shell:Creating environment hook '/home/mihir/abb_bot_ws/install/bot_moveit/share/bot_moveit/hook/cmake_prefix_path.ps1'
[2.023s] INFO:colcon.colcon_core.shell:Creating environment descriptor '/home/mihir/abb_bot_ws/install/bot_moveit/share/bot_moveit/hook/cmake_prefix_path.dsv'
[2.023s] INFO:colcon.colcon_core.shell:Creating environment hook '/home/mihir/abb_bot_ws/install/bot_moveit/share/bot_moveit/hook/cmake_prefix_path.sh'
[2.024s] Level 1:colcon.colcon_core.environment:checking '/home/mihir/abb_bot_ws/install/bot_moveit/bin'
[2.024s] Level 1:colcon.colcon_core.environment:checking '/home/mihir/abb_bot_ws/install/bot_moveit/lib/pkgconfig/bot_moveit.pc'
[2.024s] Level 1:colcon.colcon_core.environment:checking '/home/mihir/abb_bot_ws/install/bot_moveit/lib/python3.10/site-packages'
[2.024s] Level 1:colcon.colcon_core.environment:checking '/home/mihir/abb_bot_ws/install/bot_moveit/bin'
[2.039s] INFO:colcon.colcon_core.shell:Creating package script '/home/mihir/abb_bot_ws/install/bot_moveit/share/bot_moveit/package.ps1'
[2.040s] INFO:colcon.colcon_core.shell:Creating package descriptor '/home/mihir/abb_bot_ws/install/bot_moveit/share/bot_moveit/package.dsv'
[2.040s] INFO:colcon.colcon_core.shell:Creating package script '/home/mihir/abb_bot_ws/install/bot_moveit/share/bot_moveit/package.sh'
[2.041s] INFO:colcon.colcon_core.shell:Creating package script '/home/mihir/abb_bot_ws/install/bot_moveit/share/bot_moveit/package.bash'
[2.041s] INFO:colcon.colcon_core.shell:Creating package script '/home/mihir/abb_bot_ws/install/bot_moveit/share/bot_moveit/package.zsh'
[2.041s] Level 1:colcon.colcon_core.environment:create_file_with_runtime_dependencies(/home/mihir/abb_bot_ws/install/bot_moveit/share/colcon-core/packages/bot_moveit)
[2.056s] Level 1:colcon.colcon_core.environment:create_environment_scripts_only(bot_description)
[2.071s] Level 1:colcon.colcon_core.environment:checking '/home/mihir/abb_bot_ws/install/bot_description' for CMake module files
[2.071s] Level 1:colcon.colcon_core.environment:checking '/home/mihir/abb_bot_ws/install/bot_description' for CMake config files
[2.072s] Level 1:colcon.colcon_core.shell:create_environment_hook('bot_description', 'cmake_prefix_path')
[2.086s] INFO:colcon.colcon_core.shell:Creating environment hook '/home/mihir/abb_bot_ws/install/bot_description/share/bot_description/hook/cmake_prefix_path.ps1'
[2.087s] INFO:colcon.colcon_core.shell:Creating environment descriptor '/home/mihir/abb_bot_ws/install/bot_description/share/bot_description/hook/cmake_prefix_path.dsv'
[2.087s] INFO:colcon.colcon_core.shell:Creating environment hook '/home/mihir/abb_bot_ws/install/bot_description/share/bot_description/hook/cmake_prefix_path.sh'
[2.087s] Level 1:colcon.colcon_core.environment:checking '/home/mihir/abb_bot_ws/install/bot_description/lib'
[2.088s] Level 1:colcon.colcon_core.environment:checking '/home/mihir/abb_bot_ws/install/bot_description/bin'
[2.088s] Level 1:colcon.colcon_core.environment:checking '/home/mihir/abb_bot_ws/install/bot_description/lib/pkgconfig/bot_description.pc'
[2.088s] Level 1:colcon.colcon_core.environment:checking '/home/mihir/abb_bot_ws/install/bot_description/lib/python3.10/site-packages'
[2.088s] Level 1:colcon.colcon_core.shell:create_environment_hook('bot_description', 'pythonpath')
[2.102s] INFO:colcon.colcon_core.shell:Creating environment hook '/home/mihir/abb_bot_ws/install/bot_description/share/bot_description/hook/pythonpath.ps1'
[2.102s] INFO:colcon.colcon_core.shell:Creating environment descriptor '/home/mihir/abb_bot_ws/install/bot_description/share/bot_description/hook/pythonpath.dsv'
[2.102s] INFO:colcon.colcon_core.shell:Creating environment hook '/home/mihir/abb_bot_ws/install/bot_description/share/bot_description/hook/pythonpath.sh'
[2.103s] Level 1:colcon.colcon_core.environment:checking '/home/mihir/abb_bot_ws/install/bot_description/bin'
[2.118s] INFO:colcon.colcon_core.shell:Creating package script '/home/mihir/abb_bot_ws/install/bot_description/share/bot_description/package.ps1'
[2.118s] INFO:colcon.colcon_core.shell:Creating package descriptor '/home/mihir/abb_bot_ws/install/bot_description/share/bot_description/package.dsv'
[2.118s] INFO:colcon.colcon_core.shell:Creating package script '/home/mihir/abb_bot_ws/install/bot_description/share/bot_description/package.sh'
[2.119s] INFO:colcon.colcon_core.shell:Creating package script '/home/mihir/abb_bot_ws/install/bot_description/share/bot_description/package.bash'
[2.119s] INFO:colcon.colcon_core.shell:Creating package script '/home/mihir/abb_bot_ws/install/bot_description/share/bot_description/package.zsh'
[2.119s] Level 1:colcon.colcon_core.environment:create_file_with_runtime_dependencies(/home/mihir/abb_bot_ws/install/bot_description/share/colcon-core/packages/bot_description)
[2.121s] DEBUG:colcon.colcon_core.event_handler.log_command:Invoked command in '/home/mihir/abb_bot_ws/build/bot_msgs' returned '0': CMAKE_PREFIX_PATH=/opt/ros/humble /usr/bin/cmake --build /home/mihir/abb_bot_ws/build/bot_msgs -- -j8 -l8
[2.141s] Level 1:colcon.colcon_core.environment:create_environment_scripts_only(bot_remote)
[2.157s] Level 1:colcon.colcon_core.environment:checking '/home/mihir/abb_bot_ws/install/bot_remote' for CMake module files
[2.157s] Level 1:colcon.colcon_core.environment:checking '/home/mihir/abb_bot_ws/install/bot_remote' for CMake config files
[2.157s] Level 1:colcon.colcon_core.shell:create_environment_hook('bot_remote', 'cmake_prefix_path')
[2.190s] INFO:colcon.colcon_core.shell:Creating environment hook '/home/mihir/abb_bot_ws/install/bot_remote/share/bot_remote/hook/cmake_prefix_path.ps1'
[2.190s] INFO:colcon.colcon_core.shell:Creating environment descriptor '/home/mihir/abb_bot_ws/install/bot_remote/share/bot_remote/hook/cmake_prefix_path.dsv'
[2.190s] INFO:colcon.colcon_core.shell:Creating environment hook '/home/mihir/abb_bot_ws/install/bot_remote/share/bot_remote/hook/cmake_prefix_path.sh'
[2.191s] Level 1:colcon.colcon_core.environment:checking '/home/mihir/abb_bot_ws/install/bot_remote/bin'
[2.191s] Level 1:colcon.colcon_core.environment:checking '/home/mihir/abb_bot_ws/install/bot_remote/lib/pkgconfig/bot_remote.pc'
[2.191s] Level 1:colcon.colcon_core.environment:checking '/home/mihir/abb_bot_ws/install/bot_remote/lib/python3.10/site-packages'
[2.191s] Level 1:colcon.colcon_core.environment:checking '/home/mihir/abb_bot_ws/install/bot_remote/bin'
[2.205s] INFO:colcon.colcon_core.shell:Creating package script '/home/mihir/abb_bot_ws/install/bot_remote/share/bot_remote/package.ps1'
[2.205s] INFO:colcon.colcon_core.shell:Creating package descriptor '/home/mihir/abb_bot_ws/install/bot_remote/share/bot_remote/package.dsv'
[2.206s] INFO:colcon.colcon_core.shell:Creating package script '/home/mihir/abb_bot_ws/install/bot_remote/share/bot_remote/package.sh'
[2.206s] INFO:colcon.colcon_core.shell:Creating package script '/home/mihir/abb_bot_ws/install/bot_remote/share/bot_remote/package.bash'
[2.206s] INFO:colcon.colcon_core.shell:Creating package script '/home/mihir/abb_bot_ws/install/bot_remote/share/bot_remote/package.zsh'
[2.206s] Level 1:colcon.colcon_core.environment:create_file_with_runtime_dependencies(/home/mihir/abb_bot_ws/install/bot_remote/share/colcon-core/packages/bot_remote)
[2.208s] DEBUG:colcon.colcon_core.event_handler.log_command:Invoking command in '/home/mihir/abb_bot_ws/build/bot_msgs': CMAKE_PREFIX_PATH=/opt/ros/humble /usr/bin/cmake --install /home/mihir/abb_bot_ws/build/bot_msgs
[2.252s] Level 1:colcon.colcon_core.environment:create_environment_scripts_only(bot_msgs)
[2.254s] DEBUG:colcon.colcon_core.event_handler.log_command:Invoked command in '/home/mihir/abb_bot_ws/build/bot_msgs' returned '0': CMAKE_PREFIX_PATH=/opt/ros/humble /usr/bin/cmake --install /home/mihir/abb_bot_ws/build/bot_msgs
[2.270s] Level 1:colcon.colcon_core.environment:checking '/home/mihir/abb_bot_ws/install/bot_msgs' for CMake module files
[2.271s] Level 1:colcon.colcon_core.environment:checking '/home/mihir/abb_bot_ws/install/bot_msgs' for CMake config files
[2.271s] Level 1:colcon.colcon_core.shell:create_environment_hook('bot_msgs', 'cmake_prefix_path')
[2.287s] INFO:colcon.colcon_core.shell:Creating environment hook '/home/mihir/abb_bot_ws/install/bot_msgs/share/bot_msgs/hook/cmake_prefix_path.ps1'
[2.288s] INFO:colcon.colcon_core.shell:Creating environment descriptor '/home/mihir/abb_bot_ws/install/bot_msgs/share/bot_msgs/hook/cmake_prefix_path.dsv'
[2.288s] INFO:colcon.colcon_core.shell:Creating environment hook '/home/mihir/abb_bot_ws/install/bot_msgs/share/bot_msgs/hook/cmake_prefix_path.sh'
[2.288s] Level 1:colcon.colcon_core.environment:checking '/home/mihir/abb_bot_ws/install/bot_msgs/lib'
[2.288s] Level 1:colcon.colcon_core.shell:create_environment_hook('bot_msgs', 'ld_library_path_lib')
[2.303s] INFO:colcon.colcon_core.shell:Creating environment hook '/home/mihir/abb_bot_ws/install/bot_msgs/share/bot_msgs/hook/ld_library_path_lib.ps1'
[2.303s] INFO:colcon.colcon_core.shell:Creating environment descriptor '/home/mihir/abb_bot_ws/install/bot_msgs/share/bot_msgs/hook/ld_library_path_lib.dsv'
[2.303s] INFO:colcon.colcon_core.shell:Creating environment hook '/home/mihir/abb_bot_ws/install/bot_msgs/share/bot_msgs/hook/ld_library_path_lib.sh'
[2.304s] Level 1:colcon.colcon_core.environment:checking '/home/mihir/abb_bot_ws/install/bot_msgs/bin'
[2.304s] Level 1:colcon.colcon_core.environment:checking '/home/mihir/abb_bot_ws/install/bot_msgs/lib/pkgconfig/bot_msgs.pc'
[2.304s] Level 1:colcon.colcon_core.environment:checking '/home/mihir/abb_bot_ws/install/bot_msgs/lib/python3.10/site-packages'
[2.304s] Level 1:colcon.colcon_core.environment:checking '/home/mihir/abb_bot_ws/install/bot_msgs/bin'
[2.319s] INFO:colcon.colcon_core.shell:Creating package script '/home/mihir/abb_bot_ws/install/bot_msgs/share/bot_msgs/package.ps1'
[2.319s] INFO:colcon.colcon_core.shell:Creating package descriptor '/home/mihir/abb_bot_ws/install/bot_msgs/share/bot_msgs/package.dsv'
[2.320s] INFO:colcon.colcon_core.shell:Creating package script '/home/mihir/abb_bot_ws/install/bot_msgs/share/bot_msgs/package.sh'
[2.320s] INFO:colcon.colcon_core.shell:Creating package script '/home/mihir/abb_bot_ws/install/bot_msgs/share/bot_msgs/package.bash'
[2.320s] INFO:colcon.colcon_core.shell:Creating package script '/home/mihir/abb_bot_ws/install/bot_msgs/share/bot_msgs/package.zsh'
[2.320s] Level 1:colcon.colcon_core.environment:create_file_with_runtime_dependencies(/home/mihir/abb_bot_ws/install/bot_msgs/share/colcon-core/packages/bot_msgs)
[2.373s] Level 1:colcon.colcon_core.environment:create_environment_scripts_only(bot_msgs)
[2.389s] Level 1:colcon.colcon_core.environment:checking '/home/mihir/abb_bot_ws/install/bot_msgs' for CMake module files
[2.389s] Level 1:colcon.colcon_core.environment:checking '/home/mihir/abb_bot_ws/install/bot_msgs' for CMake config files
[2.389s] Level 1:colcon.colcon_core.shell:create_environment_hook('bot_msgs', 'cmake_prefix_path')
[2.403s] INFO:colcon.colcon_core.shell:Creating environment hook '/home/mihir/abb_bot_ws/install/bot_msgs/share/bot_msgs/hook/cmake_prefix_path.ps1'
[2.403s] INFO:colcon.colcon_core.shell:Creating environment descriptor '/home/mihir/abb_bot_ws/install/bot_msgs/share/bot_msgs/hook/cmake_prefix_path.dsv'
[2.403s] INFO:colcon.colcon_core.shell:Creating environment hook '/home/mihir/abb_bot_ws/install/bot_msgs/share/bot_msgs/hook/cmake_prefix_path.sh'
[2.404s] Level 1:colcon.colcon_core.environment:checking '/home/mihir/abb_bot_ws/install/bot_msgs/lib'
[2.404s] Level 1:colcon.colcon_core.shell:create_environment_hook('bot_msgs', 'ld_library_path_lib')
[2.418s] INFO:colcon.colcon_core.shell:Creating environment hook '/home/mihir/abb_bot_ws/install/bot_msgs/share/bot_msgs/hook/ld_library_path_lib.ps1'
[2.418s] INFO:colcon.colcon_core.shell:Creating environment descriptor '/home/mihir/abb_bot_ws/install/bot_msgs/share/bot_msgs/hook/ld_library_path_lib.dsv'
[2.418s] INFO:colcon.colcon_core.shell:Creating environment hook '/home/mihir/abb_bot_ws/install/bot_msgs/share/bot_msgs/hook/ld_library_path_lib.sh'
[2.418s] Level 1:colcon.colcon_core.environment:checking '/home/mihir/abb_bot_ws/install/bot_msgs/bin'
[2.418s] Level 1:colcon.colcon_core.environment:checking '/home/mihir/abb_bot_ws/install/bot_msgs/lib/pkgconfig/bot_msgs.pc'
[2.419s] Level 1:colcon.colcon_core.environment:checking '/home/mihir/abb_bot_ws/install/bot_msgs/lib/python3.10/site-packages'
[2.419s] Level 1:colcon.colcon_core.environment:checking '/home/mihir/abb_bot_ws/install/bot_msgs/bin'
[2.433s] INFO:colcon.colcon_core.shell:Creating package script '/home/mihir/abb_bot_ws/install/bot_msgs/share/bot_msgs/package.ps1'
[2.434s] INFO:colcon.colcon_core.shell:Creating package descriptor '/home/mihir/abb_bot_ws/install/bot_msgs/share/bot_msgs/package.dsv'
[2.434s] INFO:colcon.colcon_core.shell:Creating package script '/home/mihir/abb_bot_ws/install/bot_msgs/share/bot_msgs/package.sh'
[2.435s] INFO:colcon.colcon_core.shell:Creating package script '/home/mihir/abb_bot_ws/install/bot_msgs/share/bot_msgs/package.bash'
[2.435s] INFO:colcon.colcon_core.shell:Creating package script '/home/mihir/abb_bot_ws/install/bot_msgs/share/bot_msgs/package.zsh'
[2.435s] Level 1:colcon.colcon_core.environment:create_file_with_runtime_dependencies(/home/mihir/abb_bot_ws/install/bot_msgs/share/colcon-core/packages/bot_msgs)
[2.435s] DEBUG:colcon.colcon_parallel_executor.executor.parallel:closing loop
[2.436s] DEBUG:colcon.colcon_parallel_executor.executor.parallel:loop closed
[2.436s] DEBUG:colcon.colcon_parallel_executor.executor.parallel:run_until_complete finished with '0'
[2.436s] DEBUG:colcon.colcon_core.event_reactor:joining thread
[2.455s] INFO:colcon.colcon_core.plugin_system:Skipping extension 'colcon_notification.desktop_notification.terminal_notifier': Not used on non-Darwin systems
[2.455s] INFO:colcon.colcon_core.plugin_system:Skipping extension 'colcon_notification.desktop_notification.win32': Not used on non-Windows systems
[2.455s] INFO:colcon.colcon_notification.desktop_notification:Sending desktop notification using 'notify2'
[2.466s] DEBUG:colcon.colcon_core.event_reactor:joined thread
[2.481s] INFO:colcon.colcon_core.shell:Creating prefix script '/home/mihir/abb_bot_ws/install/local_setup.ps1'
[2.482s] INFO:colcon.colcon_core.shell:Creating prefix util module '/home/mihir/abb_bot_ws/install/_local_setup_util_ps1.py'
[2.483s] INFO:colcon.colcon_core.shell:Creating prefix chain script '/home/mihir/abb_bot_ws/install/setup.ps1'
[2.499s] INFO:colcon.colcon_core.shell:Creating prefix script '/home/mihir/abb_bot_ws/install/local_setup.sh'
[2.499s] INFO:colcon.colcon_core.shell:Creating prefix util module '/home/mihir/abb_bot_ws/install/_local_setup_util_sh.py'
[2.500s] INFO:colcon.colcon_core.shell:Creating prefix chain script '/home/mihir/abb_bot_ws/install/setup.sh'
[2.516s] INFO:colcon.colcon_core.shell:Creating prefix script '/home/mihir/abb_bot_ws/install/local_setup.bash'
[2.517s] INFO:colcon.colcon_core.shell:Creating prefix chain script '/home/mihir/abb_bot_ws/install/setup.bash'
[2.532s] INFO:colcon.colcon_core.shell:Creating prefix script '/home/mihir/abb_bot_ws/install/local_setup.zsh'
[2.533s] INFO:colcon.colcon_core.shell:Creating prefix chain script '/home/mihir/abb_bot_ws/install/setup.zsh'
