[0.537s] Invoking command in '/home/mihir/abb_bot_ws/build/bot_controller': CMAKE_PREFIX_PATH=/opt/ros/humble /usr/bin/cmake --build /home/mihir/abb_bot_ws/build/bot_controller -- -j8 -l8
[0.598s] -- Found ament_cmake: 1.3.6 (/opt/ros/humble/share/ament_cmake/cmake)
[1.032s] -- Found ament_lint_auto: 0.12.9 (/opt/ros/humble/share/ament_lint_auto/cmake)
[1.178s] -- Added test 'flake8' to check Python code syntax and style conventions
[1.180s] -- Added test 'lint_cmake' to check CMake code style
[1.180s] -- Added test 'pep257' to check Python code against some of the docstring style conventions in PEP 257
[1.182s] -- Added test 'xmllint' to check XML markup files
[1.187s] -- Configuring done
[1.192s] -- Generating done
[1.193s] -- Build files have been written to: /home/mihir/abb_bot_ws/build/bot_controller
[1.546s] Invoked command in '/home/mihir/abb_bot_ws/build/bot_controller' returned '0': CMAKE_PREFIX_PATH=/opt/ros/humble /usr/bin/cmake --build /home/mihir/abb_bot_ws/build/bot_controller -- -j8 -l8
[1.695s] Invoking command in '/home/mihir/abb_bot_ws/build/bot_controller': CMAKE_PREFIX_PATH=/opt/ros/humble /usr/bin/cmake --install /home/mihir/abb_bot_ws/build/bot_controller
[1.716s] -- Install configuration: ""
[1.717s] -- Up-to-date: /home/mihir/abb_bot_ws/install/bot_controller/share/bot_controller/config
[1.717s] -- Up-to-date: /home/mihir/abb_bot_ws/install/bot_controller/share/bot_controller/config/bot_controllers.yaml
[1.717s] -- Up-to-date: /home/mihir/abb_bot_ws/install/bot_controller/share/bot_controller/launch
[1.717s] -- Up-to-date: /home/mihir/abb_bot_ws/install/bot_controller/share/bot_controller/launch/controller.launch.py
[1.718s] -- Up-to-date: /home/mihir/abb_bot_ws/install/bot_controller/share/ament_index/resource_index/package_run_dependencies/bot_controller
[1.718s] -- Up-to-date: /home/mihir/abb_bot_ws/install/bot_controller/share/ament_index/resource_index/parent_prefix_path/bot_controller
[1.718s] -- Up-to-date: /home/mihir/abb_bot_ws/install/bot_controller/share/bot_controller/environment/ament_prefix_path.sh
[1.718s] -- Installing: /home/mihir/abb_bot_ws/install/bot_controller/share/bot_controller/environment/ament_prefix_path.dsv
[1.719s] -- Up-to-date: /home/mihir/abb_bot_ws/install/bot_controller/share/bot_controller/environment/path.sh
[1.719s] -- Installing: /home/mihir/abb_bot_ws/install/bot_controller/share/bot_controller/environment/path.dsv
[1.719s] -- Up-to-date: /home/mihir/abb_bot_ws/install/bot_controller/share/bot_controller/local_setup.bash
[1.719s] -- Up-to-date: /home/mihir/abb_bot_ws/install/bot_controller/share/bot_controller/local_setup.sh
[1.719s] -- Up-to-date: /home/mihir/abb_bot_ws/install/bot_controller/share/bot_controller/local_setup.zsh
[1.720s] -- Installing: /home/mihir/abb_bot_ws/install/bot_controller/share/bot_controller/local_setup.dsv
[1.720s] -- Installing: /home/mihir/abb_bot_ws/install/bot_controller/share/bot_controller/package.dsv
[1.720s] -- Up-to-date: /home/mihir/abb_bot_ws/install/bot_controller/share/ament_index/resource_index/packages/bot_controller
[1.720s] -- Up-to-date: /home/mihir/abb_bot_ws/install/bot_controller/share/bot_controller/cmake/bot_controllerConfig.cmake
[1.720s] -- Up-to-date: /home/mihir/abb_bot_ws/install/bot_controller/share/bot_controller/cmake/bot_controllerConfig-version.cmake
[1.720s] -- Up-to-date: /home/mihir/abb_bot_ws/install/bot_controller/share/bot_controller/package.xml
[1.724s] Invoked command in '/home/mihir/abb_bot_ws/build/bot_controller' returned '0': CMAKE_PREFIX_PATH=/opt/ros/humble /usr/bin/cmake --install /home/mihir/abb_bot_ws/build/bot_controller
