[0.222s] Invoking command in '/home/mihir/abb_bot_ws/build/bot_remote': AMENT_PREFIX_PATH=/home/mihir/abb_bot_ws/install/bot_msgs:${AMENT_PREFIX_PATH} CMAKE_PREFIX_PATH=/home/mihir/abb_bot_ws/install/bot_msgs:/opt/ros/humble LD_LIBRARY_PATH=/home/mihir/abb_bot_ws/install/bot_msgs/lib:${LD_LIBRARY_PATH} PYTHONPATH=/home/mihir/abb_bot_ws/install/bot_msgs/local/lib/python3.10/dist-packages:${PYTHONPATH} /usr/bin/cmake --build /home/mihir/abb_bot_ws/build/bot_remote -- -j8 -l8
[0.268s] -- Found ament_cmake: 1.3.6 (/opt/ros/humble/share/ament_cmake/cmake)
[0.542s] -- Found rclcpp: 16.0.7 (/opt/ros/humble/share/rclcpp/cmake)
[0.598s] -- Found rosidl_generator_c: 3.1.5 (/opt/ros/humble/share/rosidl_generator_c/cmake)
[0.601s] -- Found rosidl_adapter: 3.1.5 (/opt/ros/humble/share/rosidl_adapter/cmake)
[0.616s] -- Found rosidl_generator_cpp: 3.1.5 (/opt/ros/humble/share/rosidl_generator_cpp/cmake)
[0.639s] -- Using all available rosidl_typesupport_c: rosidl_typesupport_fastrtps_c;rosidl_typesupport_introspection_c
[0.670s] -- Using all available rosidl_typesupport_cpp: rosidl_typesupport_fastrtps_cpp;rosidl_typesupport_introspection_cpp
[0.743s] -- Found rmw_implementation_cmake: 6.1.1 (/opt/ros/humble/share/rmw_implementation_cmake/cmake)
[0.746s] -- Found rmw_fastrtps_cpp: 6.2.5 (/opt/ros/humble/share/rmw_fastrtps_cpp/cmake)
[0.862s] -- Using RMW implementation 'rmw_fastrtps_cpp' as default
[1.044s] -- Found rclcpp_action: 16.0.7 (/opt/ros/humble/share/rclcpp_action/cmake)
[1.151s] -- Found rclcpp_components: 16.0.7 (/opt/ros/humble/share/rclcpp_components/cmake)
[1.223s] -- Found bot_msgs: 0.0.0 (/home/mihir/abb_bot_ws/install/bot_msgs/share/bot_msgs/cmake)
[1.283s] -- Found moveit_ros_planning_interface: 2.5.5 (/opt/ros/humble/share/moveit_ros_planning_interface/cmake)
[1.317s] -- Found Boost: /usr/lib/x86_64-linux-gnu/cmake/Boost-1.74.0/BoostConfig.cmake (found version "1.74.0") found components: date_time filesystem program_options system thread 
[2.207s] -- Found Boost: /usr/lib/x86_64-linux-gnu/cmake/Boost-1.74.0/BoostConfig.cmake (found version "1.74.0") found components: chrono date_time filesystem iostreams program_options regex serialization system thread 
[2.226s] -- Found parameter_traits: 0.3.6 (/opt/ros/humble/share/parameter_traits/cmake)
[2.252s] -- Found rclcpp_lifecycle: 16.0.7 (/opt/ros/humble/share/rclcpp_lifecycle/cmake)
[2.312s] -- Found Boost: /usr/lib/x86_64-linux-gnu/cmake/Boost-1.74.0/BoostConfig.cmake (found version "1.74.0") found components: filesystem 
[2.411s] -- library: /usr/lib/x86_64-linux-gnu/libcurl.so
[2.611s] -- Found Eigen3: TRUE (found version "3.4.0") 
[2.611s] -- Ensuring Eigen3 include directory is part of orocos-kdl CMake target
[3.067s] -- Found Boost: /usr/lib/x86_64-linux-gnu/cmake/Boost-1.74.0/BoostConfig.cmake (found version "1.74.0") found components: system filesystem date_time program_options thread chrono 
[3.606s] -- Found Boost: /usr/lib/x86_64-linux-gnu/cmake/Boost-1.74.0/BoostConfig.cmake (found version "1.74.0") found components: thread system filesystem regex date_time program_options 
[3.853s] -- Found Boost: /usr/lib/x86_64-linux-gnu/cmake/Boost-1.74.0/BoostConfig.cmake (found version "1.74.0") found components: system filesystem date_time program_options thread 
[4.294s] -- Found ament_lint_auto: 0.12.9 (/opt/ros/humble/share/ament_lint_auto/cmake)
[4.380s] -- Added test 'cppcheck' to perform static code analysis on C / C++ code
[4.380s] -- Configured cppcheck include dirs: $<BUILD_INTERFACE:/home/mihir/abb_bot_ws/src/bot_remote/include>
[4.380s] -- Configured cppcheck exclude dirs and/or files: 
[4.381s] -- Added test 'lint_cmake' to check CMake code style
[4.382s] -- Added test 'uncrustify' to check C / C++ code style
[4.382s] -- Configured uncrustify additional arguments: 
[4.383s] -- Added test 'xmllint' to check XML markup files
[4.384s] -- Configuring done
[4.445s] -- Generating done
[4.449s] -- Build files have been written to: /home/mihir/abb_bot_ws/build/bot_remote
[4.484s] [ 50%] [32mBuilding CXX object CMakeFiles/task_server.dir/src/task_server.cpp.o[0m
[4.484s] [ 50%] [32mBuilding CXX object CMakeFiles/task_server_node.dir/rclcpp_components/node_main_task_server_node.cpp.o[0m
[4.511s] [ 75%] [32m[1mLinking CXX shared library libtask_server.so[0m
[4.717s] [ 75%] Built target task_server
[7.839s] [100%] [32m[1mLinking CXX executable task_server_node[0m
[7.952s] [100%] Built target task_server_node
[7.963s] Invoked command in '/home/mihir/abb_bot_ws/build/bot_remote' returned '0': AMENT_PREFIX_PATH=/home/mihir/abb_bot_ws/install/bot_msgs:${AMENT_PREFIX_PATH} CMAKE_PREFIX_PATH=/home/mihir/abb_bot_ws/install/bot_msgs:/opt/ros/humble LD_LIBRARY_PATH=/home/mihir/abb_bot_ws/install/bot_msgs/lib:${LD_LIBRARY_PATH} PYTHONPATH=/home/mihir/abb_bot_ws/install/bot_msgs/local/lib/python3.10/dist-packages:${PYTHONPATH} /usr/bin/cmake --build /home/mihir/abb_bot_ws/build/bot_remote -- -j8 -l8
[7.986s] Invoking command in '/home/mihir/abb_bot_ws/build/bot_remote': AMENT_PREFIX_PATH=/home/mihir/abb_bot_ws/install/bot_msgs:${AMENT_PREFIX_PATH} CMAKE_PREFIX_PATH=/home/mihir/abb_bot_ws/install/bot_msgs:/opt/ros/humble LD_LIBRARY_PATH=/home/mihir/abb_bot_ws/install/bot_msgs/lib:${LD_LIBRARY_PATH} PYTHONPATH=/home/mihir/abb_bot_ws/install/bot_msgs/local/lib/python3.10/dist-packages:${PYTHONPATH} /usr/bin/cmake --install /home/mihir/abb_bot_ws/build/bot_remote
[7.992s] -- Install configuration: ""
[7.993s] -- Installing: /home/mihir/abb_bot_ws/install/bot_remote/lib/bot_remote/task_server_node
[7.993s] -- Set runtime path of "/home/mihir/abb_bot_ws/install/bot_remote/lib/bot_remote/task_server_node" to ""
[7.993s] -- Installing: /home/mihir/abb_bot_ws/install/bot_remote/lib/libtask_server.so
[7.994s] -- Set runtime path of "/home/mihir/abb_bot_ws/install/bot_remote/lib/libtask_server.so" to ""
[7.994s] -- Installing: /home/mihir/abb_bot_ws/install/bot_remote/share/ament_index/resource_index/package_run_dependencies/bot_remote
[7.994s] -- Installing: /home/mihir/abb_bot_ws/install/bot_remote/share/ament_index/resource_index/parent_prefix_path/bot_remote
[7.994s] -- Up-to-date: /home/mihir/abb_bot_ws/install/bot_remote/share/bot_remote/environment/ament_prefix_path.sh
[7.994s] -- Installing: /home/mihir/abb_bot_ws/install/bot_remote/share/bot_remote/environment/ament_prefix_path.dsv
[7.995s] -- Up-to-date: /home/mihir/abb_bot_ws/install/bot_remote/share/bot_remote/environment/path.sh
[7.995s] -- Installing: /home/mihir/abb_bot_ws/install/bot_remote/share/bot_remote/environment/path.dsv
[7.995s] -- Up-to-date: /home/mihir/abb_bot_ws/install/bot_remote/share/bot_remote/local_setup.bash
[7.995s] -- Up-to-date: /home/mihir/abb_bot_ws/install/bot_remote/share/bot_remote/local_setup.sh
[7.995s] -- Up-to-date: /home/mihir/abb_bot_ws/install/bot_remote/share/bot_remote/local_setup.zsh
[7.995s] -- Installing: /home/mihir/abb_bot_ws/install/bot_remote/share/bot_remote/local_setup.dsv
[7.995s] -- Installing: /home/mihir/abb_bot_ws/install/bot_remote/share/bot_remote/package.dsv
[7.995s] -- Up-to-date: /home/mihir/abb_bot_ws/install/bot_remote/share/ament_index/resource_index/packages/bot_remote
[7.996s] -- Installing: /home/mihir/abb_bot_ws/install/bot_remote/share/ament_index/resource_index/rclcpp_components/bot_remote
[7.996s] -- Up-to-date: /home/mihir/abb_bot_ws/install/bot_remote/share/bot_remote/cmake/bot_remoteConfig.cmake
[7.996s] -- Up-to-date: /home/mihir/abb_bot_ws/install/bot_remote/share/bot_remote/cmake/bot_remoteConfig-version.cmake
[7.996s] -- Installing: /home/mihir/abb_bot_ws/install/bot_remote/share/bot_remote/package.xml
[7.998s] Invoked command in '/home/mihir/abb_bot_ws/build/bot_remote' returned '0': AMENT_PREFIX_PATH=/home/mihir/abb_bot_ws/install/bot_msgs:${AMENT_PREFIX_PATH} CMAKE_PREFIX_PATH=/home/mihir/abb_bot_ws/install/bot_msgs:/opt/ros/humble LD_LIBRARY_PATH=/home/mihir/abb_bot_ws/install/bot_msgs/lib:${LD_LIBRARY_PATH} PYTHONPATH=/home/mihir/abb_bot_ws/install/bot_msgs/local/lib/python3.10/dist-packages:${PYTHONPATH} /usr/bin/cmake --install /home/mihir/abb_bot_ws/build/bot_remote
