-- Found ament_cmake: 1.3.6 (/opt/ros/humble/share/ament_cmake/cmake)
-- Found ament_lint_auto: 0.12.9 (/opt/ros/humble/share/ament_lint_auto/cmake)
-- Added test 'lint_cmake' to check CMake code style
-- Added test 'xmllint' to check XML markup files
-- Configuring done
-- Generating done
-- Build files have been written to: /home/mihir/abb_bot_ws/build/bot_msgs
-- Install configuration: ""
-- Installing: /home/mihir/abb_bot_ws/install/bot_msgs/share/ament_index/resource_index/package_run_dependencies/bot_msgs
-- Up-to-date: /home/mihir/abb_bot_ws/install/bot_msgs/share/ament_index/resource_index/parent_prefix_path/bot_msgs
-- Up-to-date: /home/mihir/abb_bot_ws/install/bot_msgs/share/bot_msgs/environment/ament_prefix_path.sh
-- Installing: /home/mihir/abb_bot_ws/install/bot_msgs/share/bot_msgs/environment/ament_prefix_path.dsv
-- Up-to-date: /home/mihir/abb_bot_ws/install/bot_msgs/share/bot_msgs/environment/path.sh
-- Installing: /home/mihir/abb_bot_ws/install/bot_msgs/share/bot_msgs/environment/path.dsv
-- Up-to-date: /home/mihir/abb_bot_ws/install/bot_msgs/share/bot_msgs/local_setup.bash
-- Installing: /home/mihir/abb_bot_ws/install/bot_msgs/share/bot_msgs/local_setup.sh
-- Up-to-date: /home/mihir/abb_bot_ws/install/bot_msgs/share/bot_msgs/local_setup.zsh
-- Installing: /home/mihir/abb_bot_ws/install/bot_msgs/share/bot_msgs/local_setup.dsv
-- Installing: /home/mihir/abb_bot_ws/install/bot_msgs/share/bot_msgs/package.dsv
-- Up-to-date: /home/mihir/abb_bot_ws/install/bot_msgs/share/ament_index/resource_index/packages/bot_msgs
-- Installing: /home/mihir/abb_bot_ws/install/bot_msgs/share/bot_msgs/cmake/bot_msgsConfig.cmake
-- Up-to-date: /home/mihir/abb_bot_ws/install/bot_msgs/share/bot_msgs/cmake/bot_msgsConfig-version.cmake
-- Installing: /home/mihir/abb_bot_ws/install/bot_msgs/share/bot_msgs/package.xml
