[0.070s] Invoking command in '/home/mihir/abb_bot_ws/build/bot_description': CMAKE_PREFIX_PATH=/home/mihir/abb_bot_ws/install/bot_description:/opt/ros/humble /usr/bin/cmake /home/mihir/abb_bot_ws/src/bot_description -DCMAKE_INSTALL_PREFIX=/home/mihir/abb_bot_ws/install/bot_description
[0.174s] -- The C compiler identification is GNU 11.4.0
[0.248s] -- The CXX compiler identification is GNU 11.4.0
[0.255s] -- Detecting C compiler ABI info
[0.309s] -- Detecting C compiler ABI info - done
[0.315s] -- Check for working C compiler: /usr/bin/cc - skipped
[0.315s] -- Detecting C compile features
[0.315s] -- Detecting C compile features - done
[0.318s] -- Detecting CXX compiler ABI info
[0.384s] -- Detecting CXX compiler ABI info - done
[0.390s] -- Check for working CXX compiler: /usr/bin/c++ - skipped
[0.390s] -- Detecting CXX compile features
[0.391s] -- Detecting CXX compile features - done
[0.393s] -- Found ament_cmake: 1.3.6 (/opt/ros/humble/share/ament_cmake/cmake)
[0.535s] -- Found Python3: /usr/bin/python3.10 (found version "3.10.12") found components: Interpreter 
[0.621s] -- Found ament_lint_auto: 0.12.9 (/opt/ros/humble/share/ament_lint_auto/cmake)
[0.712s] -- Added test 'lint_cmake' to check CMake code style
[0.713s] -- Added test 'xmllint' to check XML markup files
[0.714s] -- Configuring done
[0.715s] -- Generating done
[0.716s] -- Build files have been written to: /home/mihir/abb_bot_ws/build/bot_description
[0.721s] Invoked command in '/home/mihir/abb_bot_ws/build/bot_description' returned '0': CMAKE_PREFIX_PATH=/home/mihir/abb_bot_ws/install/bot_description:/opt/ros/humble /usr/bin/cmake /home/mihir/abb_bot_ws/src/bot_description -DCMAKE_INSTALL_PREFIX=/home/mihir/abb_bot_ws/install/bot_description
[0.722s] Invoking command in '/home/mihir/abb_bot_ws/build/bot_description': CMAKE_PREFIX_PATH=/home/mihir/abb_bot_ws/install/bot_description:/opt/ros/humble /usr/bin/cmake --build /home/mihir/abb_bot_ws/build/bot_description -- -j8 -l8
[0.754s] Invoked command in '/home/mihir/abb_bot_ws/build/bot_description' returned '0': CMAKE_PREFIX_PATH=/home/mihir/abb_bot_ws/install/bot_description:/opt/ros/humble /usr/bin/cmake --build /home/mihir/abb_bot_ws/build/bot_description -- -j8 -l8
[0.776s] Invoking command in '/home/mihir/abb_bot_ws/build/bot_description': CMAKE_PREFIX_PATH=/home/mihir/abb_bot_ws/install/bot_description:/opt/ros/humble /usr/bin/cmake --install /home/mihir/abb_bot_ws/build/bot_description
[0.782s] -- Install configuration: ""
[0.782s] -- Installing: /home/mihir/abb_bot_ws/install/bot_description/share/ament_index/resource_index/package_run_dependencies/bot_description
[0.783s] -- Installing: /home/mihir/abb_bot_ws/install/bot_description/share/ament_index/resource_index/parent_prefix_path/bot_description
[0.783s] -- Installing: /home/mihir/abb_bot_ws/install/bot_description/share/bot_description/environment/ament_prefix_path.sh
[0.783s] -- Installing: /home/mihir/abb_bot_ws/install/bot_description/share/bot_description/environment/ament_prefix_path.dsv
[0.783s] -- Installing: /home/mihir/abb_bot_ws/install/bot_description/share/bot_description/environment/path.sh
[0.783s] -- Installing: /home/mihir/abb_bot_ws/install/bot_description/share/bot_description/environment/path.dsv
[0.783s] -- Installing: /home/mihir/abb_bot_ws/install/bot_description/share/bot_description/local_setup.bash
[0.783s] -- Installing: /home/mihir/abb_bot_ws/install/bot_description/share/bot_description/local_setup.sh
[0.783s] -- Installing: /home/mihir/abb_bot_ws/install/bot_description/share/bot_description/local_setup.zsh
[0.783s] -- Installing: /home/mihir/abb_bot_ws/install/bot_description/share/bot_description/local_setup.dsv
[0.783s] -- Installing: /home/mihir/abb_bot_ws/install/bot_description/share/bot_description/package.dsv
[0.783s] -- Installing: /home/mihir/abb_bot_ws/install/bot_description/share/ament_index/resource_index/packages/bot_description
[0.783s] -- Installing: /home/mihir/abb_bot_ws/install/bot_description/share/bot_description/cmake/bot_descriptionConfig.cmake
[0.784s] -- Installing: /home/mihir/abb_bot_ws/install/bot_description/share/bot_description/cmake/bot_descriptionConfig-version.cmake
[0.784s] -- Installing: /home/mihir/abb_bot_ws/install/bot_description/share/bot_description/package.xml
[0.786s] Invoked command in '/home/mihir/abb_bot_ws/build/bot_description' returned '0': CMAKE_PREFIX_PATH=/home/mihir/abb_bot_ws/install/bot_description:/opt/ros/humble /usr/bin/cmake --install /home/mihir/abb_bot_ws/build/bot_description
