[0.055s] Invoking command in '/home/mihir/abb_bot_ws/src/build/bot_description': CMAKE_PREFIX_PATH=/opt/ros/humble /usr/bin/cmake /home/mihir/abb_bot_ws/src/bot_description -DCMAKE_INSTALL_PREFIX=/home/mihir/abb_bot_ws/src/install/bot_description
[0.136s] -- The C compiler identification is GNU 11.4.0
[0.205s] -- The CXX compiler identification is GNU 11.4.0
[0.216s] -- Detecting C compiler ABI info
[0.286s] -- Detecting C compiler ABI info - done
[0.295s] -- Check for working C compiler: /usr/bin/cc - skipped
[0.295s] -- Detecting C compile features
[0.296s] -- Detecting C compile features - done
[0.299s] -- Detecting CXX compiler ABI info
[0.373s] -- Detecting CXX compiler ABI info - done
[0.382s] -- Check for working CXX compiler: /usr/bin/c++ - skipped
[0.382s] -- Detecting CXX compile features
[0.383s] -- Detecting CXX compile features - done
[0.386s] -- Found ament_cmake: 1.3.6 (/opt/ros/humble/share/ament_cmake/cmake)
[0.547s] -- Found Python3: /usr/bin/python3.10 (found version "3.10.12") found components: Interpreter 
[0.638s] -- Found urdf: 2.6.0 (/opt/ros/humble/share/urdf/cmake)
[0.692s] -- Found ament_lint_auto: 0.12.9 (/opt/ros/humble/share/ament_lint_auto/cmake)
[0.763s] -- Added test 'flake8' to check Python code syntax and style conventions
[0.764s] -- Added test 'lint_cmake' to check CMake code style
[0.765s] -- Added test 'pep257' to check Python code against some of the docstring style conventions in PEP 257
[0.766s] -- Added test 'xmllint' to check XML markup files
[0.768s] -- Configuring done
[0.771s] -- Generating done
[0.772s] -- Build files have been written to: /home/mihir/abb_bot_ws/src/build/bot_description
[0.779s] Invoked command in '/home/mihir/abb_bot_ws/src/build/bot_description' returned '0': CMAKE_PREFIX_PATH=/opt/ros/humble /usr/bin/cmake /home/mihir/abb_bot_ws/src/bot_description -DCMAKE_INSTALL_PREFIX=/home/mihir/abb_bot_ws/src/install/bot_description
[0.780s] Invoking command in '/home/mihir/abb_bot_ws/src/build/bot_description': CMAKE_PREFIX_PATH=/opt/ros/humble /usr/bin/cmake --build /home/mihir/abb_bot_ws/src/build/bot_description -- -j8 -l8
[0.819s] Invoked command in '/home/mihir/abb_bot_ws/src/build/bot_description' returned '0': CMAKE_PREFIX_PATH=/opt/ros/humble /usr/bin/cmake --build /home/mihir/abb_bot_ws/src/build/bot_description -- -j8 -l8
[0.880s] Invoking command in '/home/mihir/abb_bot_ws/src/build/bot_description': CMAKE_PREFIX_PATH=/opt/ros/humble /usr/bin/cmake --install /home/mihir/abb_bot_ws/src/build/bot_description
[0.887s] -- Install configuration: ""
[0.887s] -- Installing: /home/mihir/abb_bot_ws/src/install/bot_description/share/bot_description/meshes
[0.887s] -- Installing: /home/mihir/abb_bot_ws/src/install/bot_description/share/bot_description/meshes/Base_link.STL
[0.910s] -- Installing: /home/mihir/abb_bot_ws/src/install/bot_description/share/bot_description/meshes/Link_5.STL
[0.912s] -- Installing: /home/mihir/abb_bot_ws/src/install/bot_description/share/bot_description/meshes/Link_3.STL
[0.914s] -- Installing: /home/mihir/abb_bot_ws/src/install/bot_description/share/bot_description/meshes/Link_1.STL
[0.919s] -- Installing: /home/mihir/abb_bot_ws/src/install/bot_description/share/bot_description/meshes/Link_2.STL
[0.924s] -- Installing: /home/mihir/abb_bot_ws/src/install/bot_description/share/bot_description/meshes/Link_6.STL
[0.925s] -- Installing: /home/mihir/abb_bot_ws/src/install/bot_description/share/bot_description/meshes/Link_4.STL
[0.931s] -- Installing: /home/mihir/abb_bot_ws/src/install/bot_description/share/bot_description/meshes/End_effector.STL
[0.931s] -- Installing: /home/mihir/abb_bot_ws/src/install/bot_description/share/bot_description/urdf
[0.932s] -- Installing: /home/mihir/abb_bot_ws/src/install/bot_description/share/bot_description/urdf/bot_ros2_control.xacro
[0.932s] -- Installing: /home/mihir/abb_bot_ws/src/install/bot_description/share/bot_description/urdf/bot_gazebo.xacro
[0.932s] -- Installing: /home/mihir/abb_bot_ws/src/install/bot_description/share/bot_description/urdf/bot.urdf.xacro
[0.932s] -- Installing: /home/mihir/abb_bot_ws/src/install/bot_description/share/bot_description/launch
[0.932s] -- Installing: /home/mihir/abb_bot_ws/src/install/bot_description/share/bot_description/launch/display.launch.py
[0.932s] -- Installing: /home/mihir/abb_bot_ws/src/install/bot_description/share/bot_description/launch/gazebo.launch.py
[0.932s] -- Installing: /home/mihir/abb_bot_ws/src/install/bot_description/share/bot_description/rviz
[0.932s] -- Installing: /home/mihir/abb_bot_ws/src/install/bot_description/share/ament_index/resource_index/package_run_dependencies/bot_description
[0.932s] -- Installing: /home/mihir/abb_bot_ws/src/install/bot_description/share/ament_index/resource_index/parent_prefix_path/bot_description
[0.932s] -- Installing: /home/mihir/abb_bot_ws/src/install/bot_description/share/bot_description/environment/ament_prefix_path.sh
[0.933s] -- Installing: /home/mihir/abb_bot_ws/src/install/bot_description/share/bot_description/environment/ament_prefix_path.dsv
[0.933s] -- Installing: /home/mihir/abb_bot_ws/src/install/bot_description/share/bot_description/environment/path.sh
[0.933s] -- Installing: /home/mihir/abb_bot_ws/src/install/bot_description/share/bot_description/environment/path.dsv
[0.933s] -- Installing: /home/mihir/abb_bot_ws/src/install/bot_description/share/bot_description/local_setup.bash
[0.933s] -- Installing: /home/mihir/abb_bot_ws/src/install/bot_description/share/bot_description/local_setup.sh
[0.933s] -- Installing: /home/mihir/abb_bot_ws/src/install/bot_description/share/bot_description/local_setup.zsh
[0.933s] -- Installing: /home/mihir/abb_bot_ws/src/install/bot_description/share/bot_description/local_setup.dsv
[0.933s] -- Installing: /home/mihir/abb_bot_ws/src/install/bot_description/share/bot_description/package.dsv
[0.933s] -- Installing: /home/mihir/abb_bot_ws/src/install/bot_description/share/ament_index/resource_index/packages/bot_description
[0.934s] -- Installing: /home/mihir/abb_bot_ws/src/install/bot_description/share/bot_description/cmake/bot_descriptionConfig.cmake
[0.934s] -- Installing: /home/mihir/abb_bot_ws/src/install/bot_description/share/bot_description/cmake/bot_descriptionConfig-version.cmake
[0.934s] -- Installing: /home/mihir/abb_bot_ws/src/install/bot_description/share/bot_description/package.xml
[0.983s] Invoked command in '/home/mihir/abb_bot_ws/src/build/bot_description' returned '0': CMAKE_PREFIX_PATH=/opt/ros/humble /usr/bin/cmake --install /home/mihir/abb_bot_ws/src/build/bot_description
