[0.107s] Invoking command in '/home/mihir/abb_bot_ws/src/build/bot_controller': CMAKE_PREFIX_PATH=/opt/ros/humble /usr/bin/cmake /home/mihir/abb_bot_ws/src/bot_controller -DCMAKE_INSTALL_PREFIX=/home/mihir/abb_bot_ws/src/install/bot_controller
[0.191s] -- The C compiler identification is GNU 11.4.0
[0.261s] -- The CXX compiler identification is GNU 11.4.0
[0.272s] -- Detecting C compiler ABI info
[0.342s] -- Detecting C compiler ABI info - done
[0.351s] -- Check for working C compiler: /usr/bin/cc - skipped
[0.351s] -- Detecting C compile features
[0.352s] -- Detecting C compile features - done
[0.356s] -- Detecting CXX compiler ABI info
[0.429s] -- Detecting CXX compiler ABI info - done
[0.438s] -- Check for working CXX compiler: /usr/bin/c++ - skipped
[0.439s] -- Detecting CXX compile features
[0.439s] -- Detecting CXX compile features - done
[0.442s] -- Found ament_cmake: 1.3.6 (/opt/ros/humble/share/ament_cmake/cmake)
[0.607s] -- Found Python3: /usr/bin/python3.10 (found version "3.10.12") found components: Interpreter 
[0.693s] -- Found ament_lint_auto: 0.12.9 (/opt/ros/humble/share/ament_lint_auto/cmake)
[0.787s] -- Added test 'lint_cmake' to check CMake code style
[0.788s] -- Added test 'xmllint' to check XML markup files
[0.790s] -- Configuring done
[0.793s] -- Generating done
[0.794s] -- Build files have been written to: /home/mihir/abb_bot_ws/src/build/bot_controller
[0.798s] Invoked command in '/home/mihir/abb_bot_ws/src/build/bot_controller' returned '0': CMAKE_PREFIX_PATH=/opt/ros/humble /usr/bin/cmake /home/mihir/abb_bot_ws/src/bot_controller -DCMAKE_INSTALL_PREFIX=/home/mihir/abb_bot_ws/src/install/bot_controller
[0.801s] Invoking command in '/home/mihir/abb_bot_ws/src/build/bot_controller': CMAKE_PREFIX_PATH=/opt/ros/humble /usr/bin/cmake --build /home/mihir/abb_bot_ws/src/build/bot_controller -- -j8 -l8
[0.839s] Invoked command in '/home/mihir/abb_bot_ws/src/build/bot_controller' returned '0': CMAKE_PREFIX_PATH=/opt/ros/humble /usr/bin/cmake --build /home/mihir/abb_bot_ws/src/build/bot_controller -- -j8 -l8
[0.866s] Invoking command in '/home/mihir/abb_bot_ws/src/build/bot_controller': CMAKE_PREFIX_PATH=/opt/ros/humble /usr/bin/cmake --install /home/mihir/abb_bot_ws/src/build/bot_controller
[0.873s] -- Install configuration: ""
[0.874s] -- Installing: /home/mihir/abb_bot_ws/src/install/bot_controller/share/ament_index/resource_index/package_run_dependencies/bot_controller
[0.874s] -- Installing: /home/mihir/abb_bot_ws/src/install/bot_controller/share/ament_index/resource_index/parent_prefix_path/bot_controller
[0.874s] -- Installing: /home/mihir/abb_bot_ws/src/install/bot_controller/share/bot_controller/environment/ament_prefix_path.sh
[0.874s] -- Installing: /home/mihir/abb_bot_ws/src/install/bot_controller/share/bot_controller/environment/ament_prefix_path.dsv
[0.874s] -- Installing: /home/mihir/abb_bot_ws/src/install/bot_controller/share/bot_controller/environment/path.sh
[0.874s] -- Installing: /home/mihir/abb_bot_ws/src/install/bot_controller/share/bot_controller/environment/path.dsv
[0.875s] -- Installing: /home/mihir/abb_bot_ws/src/install/bot_controller/share/bot_controller/local_setup.bash
[0.875s] -- Installing: /home/mihir/abb_bot_ws/src/install/bot_controller/share/bot_controller/local_setup.sh
[0.875s] -- Installing: /home/mihir/abb_bot_ws/src/install/bot_controller/share/bot_controller/local_setup.zsh
[0.875s] -- Installing: /home/mihir/abb_bot_ws/src/install/bot_controller/share/bot_controller/local_setup.dsv
[0.876s] -- Installing: /home/mihir/abb_bot_ws/src/install/bot_controller/share/bot_controller/package.dsv
[0.876s] -- Installing: /home/mihir/abb_bot_ws/src/install/bot_controller/share/ament_index/resource_index/packages/bot_controller
[0.876s] -- Installing: /home/mihir/abb_bot_ws/src/install/bot_controller/share/bot_controller/cmake/bot_controllerConfig.cmake
[0.876s] -- Installing: /home/mihir/abb_bot_ws/src/install/bot_controller/share/bot_controller/cmake/bot_controllerConfig-version.cmake
[0.876s] -- Installing: /home/mihir/abb_bot_ws/src/install/bot_controller/share/bot_controller/package.xml
[0.878s] Invoked command in '/home/mihir/abb_bot_ws/src/build/bot_controller' returned '0': CMAKE_PREFIX_PATH=/opt/ros/humble /usr/bin/cmake --install /home/mihir/abb_bot_ws/src/build/bot_controller
